2024/05/28 18:18:05 Received {c2 n1 {"type":"init","node_id":"n1","node_ids":["n0","n1","n2","n3","n4"],"msg_id":1}}
2024/05/28 18:18:05 Node n1 initialized
2024/05/28 18:18:05 Sent {"src":"n1","dest":"c2","body":{"in_reply_to":1,"type":"init_ok"}}
2024/05/28 18:18:05 Received {c6 n1 {"type":"topology","topology":{"n0":["n3","n1"],"n1":["n4","n2","n0"],"n2":["n1"],"n3":["n0","n4"],"n4":["n1","n3"]},"msg_id":1}}
2024/05/28 18:18:05 Sent {"src":"n1","dest":"c6","body":{"in_reply_to":1,"type":"topology_ok"}}
2024/05/28 18:18:05 Received {c11 n1 {"type":"broadcast","message":0,"msg_id":1}}
2024/05/28 18:18:05 Sent {"src":"n1","dest":"n0","body":{"src":"n1","dest":"n0","body":{"type":"broadcast","message":0,"msg_id":1}}}
2024/05/28 18:18:05 Sent {"src":"n1","dest":"n2","body":{"src":"n1","dest":"n2","body":{"type":"broadcast","message":0,"msg_id":1}}}
2024/05/28 18:18:05 Sent {"src":"n1","dest":"n3","body":{"src":"n1","dest":"n3","body":{"type":"broadcast","message":0,"msg_id":1}}}
2024/05/28 18:18:05 Sent {"src":"n1","dest":"n4","body":{"src":"n1","dest":"n4","body":{"type":"broadcast","message":0,"msg_id":1}}}
2024/05/28 18:18:05 Sent {"src":"n1","dest":"n1","body":{"in_reply_to":1,"type":"broadcast_ok"}}
2024/05/28 18:18:05 Received {n1 n1 {"in_reply_to":1,"type":"broadcast_ok"}}
2024/05/28 18:18:05 Ignoring reply to 1 with no callback
2024/05/28 18:18:10 Received {c15 n1 {"type":"broadcast","message":1,"msg_id":1}}
2024/05/28 18:18:10 Sent {"src":"n1","dest":"n0","body":{"src":"n1","dest":"n0","body":{"type":"broadcast","message":1,"msg_id":1}}}
2024/05/28 18:18:10 Sent {"src":"n1","dest":"n2","body":{"src":"n1","dest":"n2","body":{"type":"broadcast","message":1,"msg_id":1}}}
2024/05/28 18:18:10 Sent {"src":"n1","dest":"n3","body":{"src":"n1","dest":"n3","body":{"type":"broadcast","message":1,"msg_id":1}}}
2024/05/28 18:18:10 Sent {"src":"n1","dest":"n4","body":{"src":"n1","dest":"n4","body":{"type":"broadcast","message":1,"msg_id":1}}}
2024/05/28 18:18:10 Sent {"src":"n1","dest":"n1","body":{"in_reply_to":1,"type":"broadcast_ok"}}
2024/05/28 18:18:10 Received {n1 n1 {"in_reply_to":1,"type":"broadcast_ok"}}
2024/05/28 18:18:10 Ignoring reply to 1 with no callback
2024/05/28 18:18:15 Received {c16 n1 {"type":"read","msg_id":1}}
2024/05/28 18:18:15 Sent {"src":"n1","dest":"c16","body":{"in_reply_to":1,"messages":[0,1],"type":"read_ok"}}
2024/05/28 18:18:15 Received {c16 n1 {"type":"broadcast","message":4,"msg_id":2}}
2024/05/28 18:18:15 Sent {"src":"n1","dest":"n0","body":{"src":"n1","dest":"n0","body":{"type":"broadcast","message":4,"msg_id":2}}}
2024/05/28 18:18:15 Sent {"src":"n1","dest":"n2","body":{"src":"n1","dest":"n2","body":{"type":"broadcast","message":4,"msg_id":2}}}
2024/05/28 18:18:15 Sent {"src":"n1","dest":"n3","body":{"src":"n1","dest":"n3","body":{"type":"broadcast","message":4,"msg_id":2}}}
2024/05/28 18:18:15 Sent {"src":"n1","dest":"n4","body":{"src":"n1","dest":"n4","body":{"type":"broadcast","message":4,"msg_id":2}}}
2024/05/28 18:18:15 Sent {"src":"n1","dest":"n1","body":{"in_reply_to":2,"type":"broadcast_ok"}}
2024/05/28 18:18:15 Received {n1 n1 {"in_reply_to":2,"type":"broadcast_ok"}}
2024/05/28 18:18:15 Ignoring reply to 2 with no callback
2024/05/28 18:18:20 Received {c19 n1 {"type":"broadcast","message":8,"msg_id":1}}
2024/05/28 18:18:20 Sent {"src":"n1","dest":"n0","body":{"src":"n1","dest":"n0","body":{"type":"broadcast","message":8,"msg_id":1}}}
2024/05/28 18:18:20 Sent {"src":"n1","dest":"n2","body":{"src":"n1","dest":"n2","body":{"type":"broadcast","message":8,"msg_id":1}}}
2024/05/28 18:18:20 Sent {"src":"n1","dest":"n3","body":{"src":"n1","dest":"n3","body":{"type":"broadcast","message":8,"msg_id":1}}}
2024/05/28 18:18:20 Sent {"src":"n1","dest":"n4","body":{"src":"n1","dest":"n4","body":{"type":"broadcast","message":8,"msg_id":1}}}
2024/05/28 18:18:20 Sent {"src":"n1","dest":"n1","body":{"in_reply_to":1,"type":"broadcast_ok"}}
2024/05/28 18:18:20 Received {n1 n1 {"in_reply_to":1,"type":"broadcast_ok"}}
2024/05/28 18:18:20 Ignoring reply to 1 with no callback
2024/05/28 18:18:36 Received {c24 n1 {"type":"read","msg_id":1}}
2024/05/28 18:18:36 Sent {"src":"n1","dest":"c24","body":{"in_reply_to":1,"messages":[1,4,8,0],"type":"read_ok"}}
