2024-05-28 13:09:03,548{GMT}	INFO	[jepsen test runner] jepsen.core: Test version e062acb3c28c8e365040becc9065228d9eece76c (plus uncommitted changes)
2024-05-28 13:09:03,548{GMT}	INFO	[jepsen test runner] jepsen.core: Command line:
lein run test -w echo --bin demo/ruby/echo.rb --time-limit 5
2024-05-28 13:09:03,590{GMT}	INFO	[jepsen test runner] jepsen.core: Running test:
{:args []
 :remote
 #jepsen.control.retry.Remote{:remote #jepsen.control.scp.Remote{:cmd-remote #jepsen.control.sshj.SSHJRemote{:concurrency-limit 6,
                                                                                                             :conn-spec nil,
                                                                                                             :client nil,
                                                                                                             :semaphore nil},
                                                                 :conn-spec nil},
                              :conn nil}
 :log-net-send false
 :node-count nil
 :availability nil
 :max-txn-length 4
 :concurrency 5
 :db
 #object[maelstrom.db$db$reify__16142
         "0x704c3ca2"
         "maelstrom.db$db$reify__16142@704c3ca2"]
 :max-writes-per-key 16
 :leave-db-running? false
 :name "echo"
 :logging-json? false
 :start-time
 #object[org.joda.time.DateTime "0x196c8b93" "2024-05-28T13:09:03.519-04:00"]
 :nemesis-interval 10
 :net
 #object[maelstrom.net$jepsen_net$reify__15251
         "0x307ca947"
         "maelstrom.net$jepsen_net$reify__15251@307ca947"]
 :client
 #object[maelstrom.workload.echo$client$reify__16863
         "0x61d1315b"
         "maelstrom.workload.echo$client$reify__16863@61d1315b"]
 :barrier
 #object[java.util.concurrent.CyclicBarrier
         "0x49d5b651"
         "java.util.concurrent.CyclicBarrier@49d5b651"]
 :log-stderr false
 :pure-generators true
 :ssh {:dummy? true}
 :rate 5
 :checker
 #object[jepsen.checker$compose$reify__11881
         "0x34989ceb"
         "jepsen.checker$compose$reify__11881@34989ceb"]
 :argv ("test" "-w" "echo" "--bin" "demo/ruby/echo.rb" "--time-limit" "5")
 :nemesis
 (jepsen.nemesis.ReflCompose
  {:fm {:start-partition 0,
        :stop-partition 0,
        :kill 1,
        :start 1,
        :pause 1,
        :resume 1},
   :nemeses [#unprintable "jepsen.nemesis.combined$partition_nemesis$reify__16416@61fb3dae"
             #unprintable "jepsen.nemesis.combined$db_nemesis$reify__16397@9c88323"]})
 :nodes ["n1" "n2" "n3" "n4" "n5"]
 :test-count 1
 :latency {:mean 0, :dist :constant}
 :bin "demo/ruby/echo.rb"
 :generator
 (jepsen.generator.TimeLimit
  {:limit 5000000000,
   :cutoff nil,
   :gen (jepsen.generator.Any
         {:gens [(jepsen.generator.OnThreads
                  {:f #{:nemesis},
                   :context-filter #object[jepsen.generator.context$make_thread_filter$lazy_filter__9167
                                           "0x50a1c2f3"
                                           "jepsen.generator.context$make_thread_filter$lazy_filter__9167@50a1c2f3"],
                   :gen nil})
                 (jepsen.generator.OnThreads
                  {:f #jepsen.generator.context.AllBut{:element :nemesis},
                   :context-filter #object[jepsen.generator.context$make_thread_filter$lazy_filter__9167
                                           "0x453ca7f"
                                           "jepsen.generator.context$make_thread_filter$lazy_filter__9167@453ca7f"],
                   :gen (jepsen.generator.Stagger
                         {:dt 400000000,
                          :next-time nil,
                          :gen (jepsen.generator.EachThread
                                {:fresh-gen #object[maelstrom.workload.echo$workload$fn__16882
                                                    "0x5d41b929"
                                                    "maelstrom.workload.echo$workload$fn__16882@5d41b929"],
                                 :context-filters #object[clojure.core$promise$reify__8591
                                                          "0x6dd0e2f4"
                                                          {:status :pending,
                                                           :val nil}],
                                 :gens {}})})})]})})
 :log-net-recv false
 :os
 #object[maelstrom.net$jepsen_os$reify__15254
         "0x333813e7"
         "maelstrom.net$jepsen_os$reify__15254@333813e7"]
 :time-limit 5
 :workload :echo
 :consistency-models [:strict-serializable]
 :topology :grid}

2024-05-28 13:09:04,884{GMT}	INFO	[jepsen node n1] maelstrom.net: Starting Maelstrom network
2024-05-28 13:09:04,885{GMT}	INFO	[jepsen test runner] jepsen.db: Tearing down DB
2024-05-28 13:09:04,887{GMT}	INFO	[jepsen test runner] jepsen.db: Setting up DB
2024-05-28 13:09:04,887{GMT}	INFO	[jepsen node n5] maelstrom.db: Setting up n5
2024-05-28 13:09:04,887{GMT}	INFO	[jepsen node n2] maelstrom.db: Setting up n2
2024-05-28 13:09:04,887{GMT}	INFO	[jepsen node n3] maelstrom.db: Setting up n3
2024-05-28 13:09:04,887{GMT}	INFO	[jepsen node n4] maelstrom.db: Setting up n4
2024-05-28 13:09:04,887{GMT}	INFO	[jepsen node n5] maelstrom.process: launching demo/ruby/echo.rb []
2024-05-28 13:09:04,888{GMT}	INFO	[jepsen node n4] maelstrom.process: launching demo/ruby/echo.rb []
2024-05-28 13:09:04,888{GMT}	INFO	[jepsen node n2] maelstrom.process: launching demo/ruby/echo.rb []
2024-05-28 13:09:04,888{GMT}	INFO	[jepsen node n3] maelstrom.process: launching demo/ruby/echo.rb []
2024-05-28 13:09:04,889{GMT}	INFO	[jepsen node n1] maelstrom.service: Starting services: (lin-kv lin-tso lww-kv seq-kv)
2024-05-28 13:09:04,891{GMT}	INFO	[jepsen node n1] maelstrom.db: Setting up n1
2024-05-28 13:09:04,891{GMT}	INFO	[jepsen node n1] maelstrom.process: launching demo/ruby/echo.rb []
2024-05-28 13:09:05,104{GMT}	INFO	[jepsen test runner] jepsen.core: Relative time begins now
2024-05-28 13:09:05,116{GMT}	INFO	[jepsen worker 2] jepsen.util: 2	:invoke	:echo	"Please echo 104"
2024-05-28 13:09:05,120{GMT}	INFO	[jepsen worker 2] jepsen.util: 2	:ok	:echo	{:type "echo_ok", :echo "Please echo 104", :msg_id 2, :in_reply_to 1}
2024-05-28 13:09:05,281{GMT}	INFO	[jepsen worker 0] jepsen.util: 0	:invoke	:echo	"Please echo 105"
2024-05-28 13:09:05,283{GMT}	INFO	[jepsen worker 0] jepsen.util: 0	:ok	:echo	{:type "echo_ok", :echo "Please echo 105", :msg_id 2, :in_reply_to 1}
2024-05-28 13:09:05,514{GMT}	INFO	[jepsen worker 0] jepsen.util: 0	:invoke	:echo	"Please echo 58"
2024-05-28 13:09:05,517{GMT}	INFO	[jepsen worker 0] jepsen.util: 0	:ok	:echo	{:type "echo_ok", :echo "Please echo 58", :msg_id 3, :in_reply_to 2}
2024-05-28 13:09:05,817{GMT}	INFO	[jepsen worker 2] jepsen.util: 2	:invoke	:echo	"Please echo 72"
2024-05-28 13:09:05,819{GMT}	INFO	[jepsen worker 2] jepsen.util: 2	:ok	:echo	{:type "echo_ok", :echo "Please echo 72", :msg_id 3, :in_reply_to 2}
2024-05-28 13:09:05,962{GMT}	INFO	[jepsen worker 3] jepsen.util: 3	:invoke	:echo	"Please echo 30"
2024-05-28 13:09:05,964{GMT}	INFO	[jepsen worker 3] jepsen.util: 3	:ok	:echo	{:type "echo_ok", :echo "Please echo 30", :msg_id 2, :in_reply_to 1}
2024-05-28 13:09:06,273{GMT}	INFO	[jepsen worker 0] jepsen.util: 0	:invoke	:echo	"Please echo 93"
2024-05-28 13:09:06,276{GMT}	INFO	[jepsen worker 0] jepsen.util: 0	:ok	:echo	{:type "echo_ok", :echo "Please echo 93", :msg_id 4, :in_reply_to 3}
2024-05-28 13:09:06,439{GMT}	INFO	[jepsen worker 1] jepsen.util: 1	:invoke	:echo	"Please echo 4"
2024-05-28 13:09:06,444{GMT}	INFO	[jepsen worker 1] jepsen.util: 1	:ok	:echo	{:type "echo_ok", :echo "Please echo 4", :msg_id 2, :in_reply_to 1}
2024-05-28 13:09:06,453{GMT}	INFO	[jepsen worker 2] jepsen.util: 2	:invoke	:echo	"Please echo 70"
2024-05-28 13:09:06,455{GMT}	INFO	[jepsen worker 2] jepsen.util: 2	:ok	:echo	{:type "echo_ok", :echo "Please echo 70", :msg_id 4, :in_reply_to 3}
2024-05-28 13:09:06,533{GMT}	INFO	[jepsen worker 0] jepsen.util: 0	:invoke	:echo	"Please echo 89"
2024-05-28 13:09:06,535{GMT}	INFO	[jepsen worker 0] jepsen.util: 0	:ok	:echo	{:type "echo_ok", :echo "Please echo 89", :msg_id 5, :in_reply_to 4}
2024-05-28 13:09:06,840{GMT}	INFO	[jepsen worker 4] jepsen.util: 4	:invoke	:echo	"Please echo 56"
2024-05-28 13:09:06,844{GMT}	INFO	[jepsen worker 4] jepsen.util: 4	:ok	:echo	{:type "echo_ok", :echo "Please echo 56", :msg_id 2, :in_reply_to 1}
2024-05-28 13:09:07,193{GMT}	INFO	[jepsen worker 1] jepsen.util: 1	:invoke	:echo	"Please echo 18"
2024-05-28 13:09:07,195{GMT}	INFO	[jepsen worker 1] jepsen.util: 1	:ok	:echo	{:type "echo_ok", :echo "Please echo 18", :msg_id 3, :in_reply_to 2}
2024-05-28 13:09:07,595{GMT}	INFO	[jepsen worker 0] jepsen.util: 0	:invoke	:echo	"Please echo 49"
2024-05-28 13:09:07,598{GMT}	INFO	[jepsen worker 0] jepsen.util: 0	:ok	:echo	{:type "echo_ok", :echo "Please echo 49", :msg_id 6, :in_reply_to 5}
2024-05-28 13:09:07,817{GMT}	INFO	[jepsen worker 3] jepsen.util: 3	:invoke	:echo	"Please echo 60"
2024-05-28 13:09:07,820{GMT}	INFO	[jepsen worker 3] jepsen.util: 3	:ok	:echo	{:type "echo_ok", :echo "Please echo 60", :msg_id 3, :in_reply_to 2}
2024-05-28 13:09:08,052{GMT}	INFO	[jepsen worker 1] jepsen.util: 1	:invoke	:echo	"Please echo 27"
2024-05-28 13:09:08,055{GMT}	INFO	[jepsen worker 1] jepsen.util: 1	:ok	:echo	{:type "echo_ok", :echo "Please echo 27", :msg_id 4, :in_reply_to 3}
2024-05-28 13:09:08,137{GMT}	INFO	[jepsen worker 0] jepsen.util: 0	:invoke	:echo	"Please echo 97"
2024-05-28 13:09:08,140{GMT}	INFO	[jepsen worker 0] jepsen.util: 0	:ok	:echo	{:type "echo_ok", :echo "Please echo 97", :msg_id 7, :in_reply_to 6}
2024-05-28 13:09:08,153{GMT}	INFO	[jepsen worker 4] jepsen.util: 4	:invoke	:echo	"Please echo 59"
2024-05-28 13:09:08,155{GMT}	INFO	[jepsen worker 4] jepsen.util: 4	:ok	:echo	{:type "echo_ok", :echo "Please echo 59", :msg_id 3, :in_reply_to 2}
2024-05-28 13:09:08,458{GMT}	INFO	[jepsen worker 4] jepsen.util: 4	:invoke	:echo	"Please echo 66"
2024-05-28 13:09:08,462{GMT}	INFO	[jepsen worker 4] jepsen.util: 4	:ok	:echo	{:type "echo_ok", :echo "Please echo 66", :msg_id 4, :in_reply_to 3}
2024-05-28 13:09:08,637{GMT}	INFO	[jepsen worker 4] jepsen.util: 4	:invoke	:echo	"Please echo 2"
2024-05-28 13:09:08,639{GMT}	INFO	[jepsen worker 4] jepsen.util: 4	:ok	:echo	{:type "echo_ok", :echo "Please echo 2", :msg_id 5, :in_reply_to 4}
2024-05-28 13:09:08,745{GMT}	INFO	[jepsen worker 4] jepsen.util: 4	:invoke	:echo	"Please echo 71"
2024-05-28 13:09:08,748{GMT}	INFO	[jepsen worker 4] jepsen.util: 4	:ok	:echo	{:type "echo_ok", :echo "Please echo 71", :msg_id 6, :in_reply_to 5}
2024-05-28 13:09:09,037{GMT}	INFO	[jepsen worker 4] jepsen.util: 4	:invoke	:echo	"Please echo 9"
2024-05-28 13:09:09,039{GMT}	INFO	[jepsen worker 4] jepsen.util: 4	:ok	:echo	{:type "echo_ok", :echo "Please echo 9", :msg_id 7, :in_reply_to 6}
2024-05-28 13:09:09,265{GMT}	INFO	[jepsen worker 4] jepsen.util: 4	:invoke	:echo	"Please echo 84"
2024-05-28 13:09:09,268{GMT}	INFO	[jepsen worker 4] jepsen.util: 4	:ok	:echo	{:type "echo_ok", :echo "Please echo 84", :msg_id 8, :in_reply_to 7}
2024-05-28 13:09:09,575{GMT}	INFO	[jepsen worker 3] jepsen.util: 3	:invoke	:echo	"Please echo 19"
2024-05-28 13:09:09,578{GMT}	INFO	[jepsen worker 3] jepsen.util: 3	:ok	:echo	{:type "echo_ok", :echo "Please echo 19", :msg_id 4, :in_reply_to 3}
2024-05-28 13:09:09,619{GMT}	INFO	[jepsen worker 0] jepsen.util: 0	:invoke	:echo	"Please echo 25"
2024-05-28 13:09:09,621{GMT}	INFO	[jepsen worker 0] jepsen.util: 0	:ok	:echo	{:type "echo_ok", :echo "Please echo 25", :msg_id 8, :in_reply_to 7}
2024-05-28 13:09:09,855{GMT}	INFO	[jepsen worker 2] jepsen.util: 2	:invoke	:echo	"Please echo 119"
2024-05-28 13:09:09,857{GMT}	INFO	[jepsen worker 2] jepsen.util: 2	:ok	:echo	{:type "echo_ok", :echo "Please echo 119", :msg_id 5, :in_reply_to 4}
2024-05-28 13:09:09,881{GMT}	INFO	[jepsen test runner] jepsen.core: Run complete, writing
2024-05-28 13:09:09,925{GMT}	INFO	[jepsen node n1] maelstrom.db: Tearing down n1
2024-05-28 13:09:09,925{GMT}	INFO	[jepsen node n3] maelstrom.db: Tearing down n3
2024-05-28 13:09:09,925{GMT}	INFO	[jepsen node n4] maelstrom.db: Tearing down n4
2024-05-28 13:09:09,925{GMT}	INFO	[jepsen node n5] maelstrom.db: Tearing down n5
2024-05-28 13:09:09,925{GMT}	INFO	[jepsen node n2] maelstrom.db: Tearing down n2
2024-05-28 13:09:10,918{GMT}	INFO	[jepsen node n1] maelstrom.net: Shutting down Maelstrom network
2024-05-28 13:09:10,922{GMT}	INFO	[jepsen test runner] jepsen.core: Analyzing...
2024-05-28 13:09:14,377{GMT}	INFO	[jepsen test runner] jepsen.core: Analysis complete
2024-05-28 13:09:14,384{GMT}	INFO	[jepsen results] jepsen.store: Wrote /Users/garrettbodley/Code/gossip-glomers/maelstrom/store/echo/20240528T130903.519-0400/results.edn
2024-05-28 13:09:14,404{GMT}	INFO	[jepsen test runner] jepsen.core: {:perf {:latency-graph {:valid? true},
        :rate-graph {:valid? true},
        :valid? true},
 :timeline {:valid? true},
 :exceptions {:valid? true},
 :stats {:valid? true,
         :count 24,
         :ok-count 24,
         :fail-count 0,
         :info-count 0,
         :by-f {:echo {:valid? true,
                       :count 24,
                       :ok-count 24,
                       :fail-count 0,
                       :info-count 0}}},
 :availability {:valid? true, :ok-fraction 1.0},
 :net {:all {:send-count 58,
             :recv-count 58,
             :msg-count 58,
             :msgs-per-op 2.4166667},
       :clients {:send-count 58, :recv-count 58, :msg-count 58},
       :servers {:send-count 0,
                 :recv-count 0,
                 :msg-count 0,
                 :msgs-per-op 0.0},
       :valid? true},
 :workload {:valid? true, :errors ()},
 :valid? true}


Everything looks good! ヽ(‘ー`)ノ
