2024-05-29 14:20:35,312{GMT}	INFO	[jepsen test runner] jepsen.core: Test version 1f8a2ae4719124693c00f261fb6c9301f22be7f2 (plus uncommitted changes)
2024-05-29 14:20:35,313{GMT}	INFO	[jepsen test runner] jepsen.core: Command line:
lein run test -w broadcast --bin /Users/garrettbodley/go/bin/maelstrom-broadcast --node-count 5 --time-limit 20 --rate 10
2024-05-29 14:20:35,419{GMT}	INFO	[jepsen test runner] jepsen.core: Running test:
{:args []
 :remote
 #jepsen.control.retry.Remote{:remote #jepsen.control.scp.Remote{:cmd-remote #jepsen.control.sshj.SSHJRemote{:concurrency-limit 6,
                                                                                                             :conn-spec nil,
                                                                                                             :client nil,
                                                                                                             :semaphore nil},
                                                                 :conn-spec nil},
                              :conn nil}
 :log-net-send false
 :node-count 5
 :availability nil
 :max-txn-length 4
 :concurrency 5
 :db
 #object[maelstrom.db$db$reify__16142
         "0x8d40f07"
         "maelstrom.db$db$reify__16142@8d40f07"]
 :max-writes-per-key 16
 :leave-db-running? false
 :name "broadcast"
 :logging-json? false
 :start-time
 #object[org.joda.time.DateTime "0x49d5b651" "2024-05-29T14:20:35.250-04:00"]
 :nemesis-interval 10
 :net
 #object[maelstrom.net$jepsen_net$reify__15251
         "0x34989ceb"
         "maelstrom.net$jepsen_net$reify__15251@34989ceb"]
 :client
 #object[maelstrom.workload.broadcast$client$reify__16644
         "0x61fb3dae"
         "maelstrom.workload.broadcast$client$reify__16644@61fb3dae"]
 :barrier
 #object[java.util.concurrent.CyclicBarrier
         "0x9c88323"
         "java.util.concurrent.CyclicBarrier@9c88323"]
 :log-stderr false
 :pure-generators true
 :ssh {:dummy? true}
 :rate 10.0
 :checker
 #object[jepsen.checker$compose$reify__11881
         "0x6d4bdb75"
         "jepsen.checker$compose$reify__11881@6d4bdb75"]
 :argv
 ("test"
  "-w"
  "broadcast"
  "--bin"
  "/Users/garrettbodley/go/bin/maelstrom-broadcast"
  "--node-count"
  "5"
  "--time-limit"
  "20"
  "--rate"
  "10")
 :nemesis
 (jepsen.nemesis.ReflCompose
  {:fm {:start-partition 0,
        :stop-partition 0,
        :kill 1,
        :start 1,
        :pause 1,
        :resume 1},
   :nemeses [#unprintable "jepsen.nemesis.combined$partition_nemesis$reify__16416@1dc47df3"
             #unprintable "jepsen.nemesis.combined$db_nemesis$reify__16397@256a25a8"]})
 :nodes ["n0" "n1" "n2" "n3" "n4"]
 :test-count 1
 :latency {:mean 0, :dist :constant}
 :bin "/Users/garrettbodley/go/bin/maelstrom-broadcast"
 :generator
 ((jepsen.generator.Synchronize
   {:gen (jepsen.generator.TimeLimit
          {:limit 20000000000,
           :cutoff nil,
           :gen (jepsen.generator.Any
                 {:gens [(jepsen.generator.OnThreads
                          {:f #{:nemesis},
                           :context-filter #object[jepsen.generator.context$make_thread_filter$lazy_filter__9167
                                                   "0x6dd0e2f4"
                                                   "jepsen.generator.context$make_thread_filter$lazy_filter__9167@6dd0e2f4"],
                           :gen nil})
                         (jepsen.generator.OnThreads
                          {:f #jepsen.generator.context.AllBut{:element :nemesis},
                           :context-filter #object[jepsen.generator.context$make_thread_filter$lazy_filter__9167
                                                   "0x333813e7"
                                                   "jepsen.generator.context$make_thread_filter$lazy_filter__9167@333813e7"],
                           :gen (jepsen.generator.Stagger
                                 {:dt 200000000,
                                  :next-time nil,
                                  :gen (jepsen.generator.Mix
                                        {:i 1,
                                         :gens [({:f :broadcast, :value 0}
                                                 {:f :broadcast, :value 1}
                                                 {:f :broadcast, :value 2}
                                                 {:f :broadcast, :value 3}
                                                 {:f :broadcast, :value 4}
                                                 {:f :broadcast, :value 5}
                                                 {:f :broadcast, :value 6}
                                                 {:f :broadcast, :value 7}
                                                 ...)
                                                ({:f :read}
                                                 {:f :read}
                                                 {:f :read}
                                                 {:f :read}
                                                 {:f :read}
                                                 {:f :read}
                                                 {:f :read}
                                                 {:f :read}
                                                 ...)]})})})]})})})
  (jepsen.generator.Synchronize
   {:gen (jepsen.generator.OnThreads
          {:f #{:nemesis},
           :context-filter #object[jepsen.generator.context$make_thread_filter$lazy_filter__9167
                                   "0x797a5b31"
                                   "jepsen.generator.context$make_thread_filter$lazy_filter__9167@797a5b31"],
           :gen ()})})
  (jepsen.generator.Synchronize
   {:gen {:type :log, :value "Waiting for recovery..."}})
  (jepsen.generator.Synchronize {:gen {:type :sleep, :value 10}})
  (jepsen.generator.Synchronize
   {:gen (jepsen.generator.OnThreads
          {:f #jepsen.generator.context.AllBut{:element :nemesis},
           :context-filter #object[jepsen.generator.context$make_thread_filter$lazy_filter__9167
                                   "0x13d7d1a8"
                                   "jepsen.generator.context$make_thread_filter$lazy_filter__9167@13d7d1a8"],
           :gen (jepsen.generator.EachThread
                 {:fresh-gen {:f :read, :final? true},
                  :context-filters #object[clojure.core$promise$reify__8591
                                           "0x60035f1e"
                                           {:status :pending, :val nil}],
                  :gens {}})})}))
 :log-net-recv false
 :os
 #object[maelstrom.net$jepsen_os$reify__15254
         "0x5827908c"
         "maelstrom.net$jepsen_os$reify__15254@5827908c"]
 :time-limit 20
 :workload :broadcast
 :consistency-models [:strict-serializable]
 :topology :grid}

2024-05-29 14:20:37,143{GMT}	INFO	[jepsen node n0] maelstrom.net: Starting Maelstrom network
2024-05-29 14:20:37,144{GMT}	INFO	[jepsen test runner] jepsen.db: Tearing down DB
2024-05-29 14:20:37,145{GMT}	INFO	[jepsen test runner] jepsen.db: Setting up DB
2024-05-29 14:20:37,146{GMT}	INFO	[jepsen node n1] maelstrom.db: Setting up n1
2024-05-29 14:20:37,146{GMT}	INFO	[jepsen node n2] maelstrom.db: Setting up n2
2024-05-29 14:20:37,146{GMT}	INFO	[jepsen node n3] maelstrom.db: Setting up n3
2024-05-29 14:20:37,146{GMT}	INFO	[jepsen node n4] maelstrom.db: Setting up n4
2024-05-29 14:20:37,146{GMT}	INFO	[jepsen node n1] maelstrom.process: launching /Users/garrettbodley/go/bin/maelstrom-broadcast []
2024-05-29 14:20:37,146{GMT}	INFO	[jepsen node n2] maelstrom.process: launching /Users/garrettbodley/go/bin/maelstrom-broadcast []
2024-05-29 14:20:37,146{GMT}	INFO	[jepsen node n4] maelstrom.process: launching /Users/garrettbodley/go/bin/maelstrom-broadcast []
2024-05-29 14:20:37,146{GMT}	INFO	[jepsen node n3] maelstrom.process: launching /Users/garrettbodley/go/bin/maelstrom-broadcast []
2024-05-29 14:20:37,148{GMT}	INFO	[jepsen node n0] maelstrom.service: Starting services: (lin-kv lin-tso lww-kv seq-kv)
2024-05-29 14:20:37,149{GMT}	INFO	[jepsen node n0] maelstrom.db: Setting up n0
2024-05-29 14:20:37,150{GMT}	INFO	[jepsen node n0] maelstrom.process: launching /Users/garrettbodley/go/bin/maelstrom-broadcast []
2024-05-29 14:20:37,308{GMT}	INFO	[jepsen test runner] jepsen.core: Relative time begins now
2024-05-29 14:20:37,323{GMT}	INFO	[jepsen worker 0] jepsen.util: 0	:invoke	:read	nil
2024-05-29 14:20:37,325{GMT}	INFO	[jepsen worker 0] jepsen.util: 0	:ok	:read	[]
2024-05-29 14:20:37,357{GMT}	INFO	[jepsen worker 1] jepsen.util: 1	:invoke	:read	nil
2024-05-29 14:20:37,358{GMT}	INFO	[jepsen worker 1] jepsen.util: 1	:ok	:read	[]
2024-05-29 14:20:37,445{GMT}	INFO	[jepsen worker 2] jepsen.util: 2	:invoke	:broadcast	0
2024-05-29 14:20:37,449{GMT}	INFO	[jepsen worker 2] jepsen.util: 2	:ok	:broadcast	0
2024-05-29 14:20:37,598{GMT}	INFO	[jepsen worker 3] jepsen.util: 3	:invoke	:broadcast	1
2024-05-29 14:20:37,633{GMT}	INFO	[jepsen worker 4] jepsen.util: 4	:invoke	:read	nil
2024-05-29 14:20:37,730{GMT}	INFO	[jepsen worker 3] jepsen.util: 3	:ok	:broadcast	1
2024-05-29 14:20:37,793{GMT}	INFO	[jepsen worker 0] jepsen.util: 0	:invoke	:broadcast	2
2024-05-29 14:20:37,801{GMT}	INFO	[jepsen worker 4] jepsen.util: 4	:ok	:read	[0]
2024-05-29 14:20:37,986{GMT}	INFO	[jepsen worker 1] jepsen.util: 1	:invoke	:read	nil
2024-05-29 14:20:38,007{GMT}	INFO	[jepsen worker 2] jepsen.util: 2	:invoke	:broadcast	3
2024-05-29 14:20:38,197{GMT}	INFO	[jepsen worker 3] jepsen.util: 3	:invoke	:read	nil
2024-05-29 14:20:38,278{GMT}	INFO	[jepsen worker 0] jepsen.util: 0	:ok	:broadcast	2
2024-05-29 14:20:38,381{GMT}	INFO	[jepsen worker 4] jepsen.util: 4	:invoke	:read	nil
2024-05-29 14:20:38,400{GMT}	INFO	[jepsen worker 0] jepsen.util: 0	:invoke	:read	nil
2024-05-29 14:20:38,682{GMT}	INFO	[jepsen worker 1] jepsen.util: 1	:ok	:read	[0 1]
2024-05-29 14:20:38,682{GMT}	INFO	[jepsen worker 1] jepsen.util: 1	:invoke	:read	nil
2024-05-29 14:20:38,749{GMT}	INFO	[jepsen worker 2] jepsen.util: 2	:ok	:broadcast	3
2024-05-29 14:20:38,752{GMT}	INFO	[jepsen worker 2] jepsen.util: 2	:invoke	:read	nil
2024-05-29 14:20:39,190{GMT}	INFO	[jepsen worker 3] jepsen.util: 3	:ok	:read	[0 1]
2024-05-29 14:20:39,191{GMT}	INFO	[jepsen worker 3] jepsen.util: 3	:invoke	:read	nil
2024-05-29 14:20:39,445{GMT}	INFO	[jepsen worker 4] jepsen.util: 4	:ok	:read	[0 1 2]
2024-05-29 14:20:39,446{GMT}	INFO	[jepsen worker 4] jepsen.util: 4	:invoke	:broadcast	4
2024-05-29 14:20:39,643{GMT}	INFO	[jepsen worker 0] jepsen.util: 0	:ok	:read	[1 2 0]
2024-05-29 14:20:39,643{GMT}	INFO	[jepsen worker 0] jepsen.util: 0	:invoke	:broadcast	5
2024-05-29 14:20:40,182{GMT}	INFO	[jepsen worker 1] jepsen.util: 1	:ok	:read	[0 1 2]
2024-05-29 14:20:40,183{GMT}	INFO	[jepsen worker 1] jepsen.util: 1	:invoke	:read	nil
2024-05-29 14:20:40,475{GMT}	INFO	[jepsen worker 2] jepsen.util: 2	:ok	:read	[2 0 1 3]
2024-05-29 14:20:40,482{GMT}	INFO	[jepsen worker 2] jepsen.util: 2	:invoke	:read	nil
2024-05-29 14:20:41,695{GMT}	INFO	[jepsen worker 3] jepsen.util: 3	:ok	:read	[0 1 2 3]
2024-05-29 14:20:41,698{GMT}	INFO	[jepsen worker 3] jepsen.util: 3	:invoke	:broadcast	6
2024-05-29 14:20:42,083{GMT}	INFO	[jepsen worker 4] jepsen.util: 4	:ok	:broadcast	4
2024-05-29 14:20:42,093{GMT}	INFO	[jepsen worker 4] jepsen.util: 4	:invoke	:read	nil
2024-05-29 14:20:42,348{GMT}	INFO	[jepsen worker 0] jepsen.util: 0	:ok	:broadcast	5
2024-05-29 14:20:42,350{GMT}	INFO	[jepsen worker 0] jepsen.util: 0	:invoke	:broadcast	7
2024-05-29 14:20:43,838{GMT}	INFO	[jepsen worker 1] jepsen.util: 1	:ok	:read	[0 1 2 3]
2024-05-29 14:20:43,839{GMT}	INFO	[jepsen worker 1] jepsen.util: 1	:invoke	:broadcast	8
2024-05-29 14:20:44,551{GMT}	INFO	[jepsen worker 2] jepsen.util: 2	:ok	:read	[0 1 3 2]
2024-05-29 14:20:44,552{GMT}	INFO	[jepsen worker 2] jepsen.util: 2	:invoke	:read	nil
2024-05-29 14:20:46,701{GMT}	INFO	[jepsen worker 3] jepsen.util: 3	:info	:broadcast	6	:net-timeout
2024-05-29 14:20:46,702{GMT}	INFO	[jepsen worker 3] jepsen.util: 8	:invoke	:read	nil
2024-05-29 14:20:47,113{GMT}	INFO	[jepsen worker 4] jepsen.util: 4	:fail	:read	nil	:net-timeout
2024-05-29 14:20:47,114{GMT}	INFO	[jepsen worker 4] jepsen.util: 4	:invoke	:read	nil
2024-05-29 14:20:47,254{GMT}	WARN	[n3 stdout] maelstrom.process: Error!
java.lang.AssertionError: Assert failed: Invalid dest for message #maelstrom.net.message.Message{:id 644804, :src "n3", :dest "c13", :body {:in_reply_to 4, :type "broadcast_ok"}}
(get queues (:dest m))
	at maelstrom.net$validate_msg.invokeStatic(net.clj:173)
	at maelstrom.net$validate_msg.invoke(net.clj:165)
	at maelstrom.net$send_BANG_.invokeStatic(net.clj:200)
	at maelstrom.net$send_BANG_.invoke(net.clj:188)
	at maelstrom.process$stdout_thread$fn__15878$fn__15879$fn__15881.invoke(process.clj:147)
	at maelstrom.process$stdout_thread$fn__15878$fn__15879.invoke(process.clj:146)
	at maelstrom.process$stdout_thread$fn__15878.invoke(process.clj:140)
	at clojure.core$binding_conveyor_fn$fn__5823.invoke(core.clj:2047)
	at clojure.lang.AFn.call(AFn.java:18)
	at java.base/java.util.concurrent.FutureTask.run(FutureTask.java:317)
	at java.base/java.util.concurrent.ThreadPoolExecutor.runWorker(ThreadPoolExecutor.java:1144)
	at java.base/java.util.concurrent.ThreadPoolExecutor$Worker.run(ThreadPoolExecutor.java:642)
	at java.base/java.lang.Thread.run(Thread.java:1623)
2024-05-29 14:20:47,352{GMT}	INFO	[jepsen worker 0] jepsen.util: 0	:info	:broadcast	7	:net-timeout
2024-05-29 14:20:47,352{GMT}	INFO	[jepsen worker 0] jepsen.util: 5	:invoke	:read	nil
2024-05-29 14:20:47,449{GMT}	WARN	[n0 stdout] maelstrom.process: Error!
java.lang.AssertionError: Assert failed: Invalid dest for message #maelstrom.net.message.Message{:id 661269, :src "n0", :dest "c10", :body {:in_reply_to 5, :type "broadcast_ok"}}
(get queues (:dest m))
	at maelstrom.net$validate_msg.invokeStatic(net.clj:173)
	at maelstrom.net$validate_msg.invoke(net.clj:165)
	at maelstrom.net$send_BANG_.invokeStatic(net.clj:200)
	at maelstrom.net$send_BANG_.invoke(net.clj:188)
	at maelstrom.process$stdout_thread$fn__15878$fn__15879$fn__15881.invoke(process.clj:147)
	at maelstrom.process$stdout_thread$fn__15878$fn__15879.invoke(process.clj:146)
	at maelstrom.process$stdout_thread$fn__15878.invoke(process.clj:140)
	at clojure.core$binding_conveyor_fn$fn__5823.invoke(core.clj:2047)
	at clojure.lang.AFn.call(AFn.java:18)
	at java.base/java.util.concurrent.FutureTask.run(FutureTask.java:317)
	at java.base/java.util.concurrent.ThreadPoolExecutor.runWorker(ThreadPoolExecutor.java:1144)
	at java.base/java.util.concurrent.ThreadPoolExecutor$Worker.run(ThreadPoolExecutor.java:642)
	at java.base/java.lang.Thread.run(Thread.java:1623)
2024-05-29 14:20:48,843{GMT}	INFO	[jepsen worker 1] jepsen.util: 1	:info	:broadcast	8	:net-timeout
2024-05-29 14:20:48,845{GMT}	INFO	[jepsen worker 1] jepsen.util: 6	:invoke	:read	nil
2024-05-29 14:20:49,556{GMT}	INFO	[jepsen worker 2] jepsen.util: 2	:fail	:read	nil	:net-timeout
2024-05-29 14:20:49,557{GMT}	INFO	[jepsen worker 2] jepsen.util: 2	:invoke	:read	nil
2024-05-29 14:20:49,585{GMT}	WARN	[n1 stdout] maelstrom.process: Error!
java.lang.AssertionError: Assert failed: Invalid dest for message #maelstrom.net.message.Message{:id 827089, :src "n1", :dest "c11", :body {:in_reply_to 5, :type "broadcast_ok"}}
(get queues (:dest m))
	at maelstrom.net$validate_msg.invokeStatic(net.clj:173)
	at maelstrom.net$validate_msg.invoke(net.clj:165)
	at maelstrom.net$send_BANG_.invokeStatic(net.clj:200)
	at maelstrom.net$send_BANG_.invoke(net.clj:188)
	at maelstrom.process$stdout_thread$fn__15878$fn__15879$fn__15881.invoke(process.clj:147)
	at maelstrom.process$stdout_thread$fn__15878$fn__15879.invoke(process.clj:146)
	at maelstrom.process$stdout_thread$fn__15878.invoke(process.clj:140)
	at clojure.core$binding_conveyor_fn$fn__5823.invoke(core.clj:2047)
	at clojure.lang.AFn.call(AFn.java:18)
	at java.base/java.util.concurrent.FutureTask.run(FutureTask.java:317)
	at java.base/java.util.concurrent.ThreadPoolExecutor.runWorker(ThreadPoolExecutor.java:1144)
	at java.base/java.util.concurrent.ThreadPoolExecutor$Worker.run(ThreadPoolExecutor.java:642)
	at java.base/java.lang.Thread.run(Thread.java:1623)
2024-05-29 14:20:51,704{GMT}	INFO	[jepsen worker 3] jepsen.util: 8	:fail	:read	nil	:net-timeout
2024-05-29 14:20:51,705{GMT}	INFO	[jepsen worker 3] jepsen.util: 8	:invoke	:broadcast	9
2024-05-29 14:20:52,114{GMT}	INFO	[jepsen worker 4] jepsen.util: 4	:fail	:read	nil	:net-timeout
2024-05-29 14:20:52,114{GMT}	INFO	[jepsen worker 4] jepsen.util: 4	:invoke	:read	nil
2024-05-29 14:20:52,353{GMT}	INFO	[jepsen worker 0] jepsen.util: 5	:fail	:read	nil	:net-timeout
2024-05-29 14:20:52,354{GMT}	INFO	[jepsen worker 0] jepsen.util: 5	:invoke	:read	nil
2024-05-29 14:20:53,847{GMT}	INFO	[jepsen worker 1] jepsen.util: 6	:fail	:read	nil	:net-timeout
2024-05-29 14:20:53,848{GMT}	INFO	[jepsen worker 1] jepsen.util: 6	:invoke	:broadcast	10
2024-05-29 14:20:54,569{GMT}	INFO	[jepsen worker 2] jepsen.util: 2	:fail	:read	nil	:net-timeout
2024-05-29 14:20:54,569{GMT}	INFO	[jepsen worker 2] jepsen.util: 2	:invoke	:read	nil
2024-05-29 14:20:56,716{GMT}	INFO	[jepsen worker 3] jepsen.util: 8	:info	:broadcast	9	:net-timeout
2024-05-29 14:20:56,717{GMT}	INFO	[jepsen worker 3] jepsen.util: 13	:invoke	:read	nil
2024-05-29 14:20:57,118{GMT}	INFO	[jepsen worker 4] jepsen.util: 4	:fail	:read	nil	:net-timeout
2024-05-29 14:20:57,118{GMT}	INFO	[jepsen worker 4] jepsen.util: 4	:invoke	:broadcast	11
2024-05-29 14:20:57,356{GMT}	INFO	[jepsen worker 0] jepsen.util: 5	:fail	:read	nil	:net-timeout
2024-05-29 14:20:58,852{GMT}	INFO	[jepsen worker 1] jepsen.util: 6	:info	:broadcast	10	:net-timeout
2024-05-29 14:20:59,620{GMT}	INFO	[jepsen worker 2] jepsen.util: 2	:fail	:read	nil	:net-timeout
2024-05-29 14:21:01,720{GMT}	INFO	[jepsen worker 3] jepsen.util: 13	:fail	:read	nil	:net-timeout
2024-05-29 14:21:02,120{GMT}	INFO	[jepsen worker 4] jepsen.util: 4	:info	:broadcast	11	:net-timeout
2024-05-29 14:21:02,121{GMT}	INFO	[jepsen worker nemesis] jepsen.generator.interpreter: Waiting for recovery...
2024-05-29 14:21:12,127{GMT}	INFO	[jepsen worker 0] jepsen.util: 5	:invoke	:read	nil
2024-05-29 14:21:12,128{GMT}	INFO	[jepsen worker 1] jepsen.util: 11	:invoke	:read	nil
2024-05-29 14:21:12,128{GMT}	INFO	[jepsen worker 2] jepsen.util: 2	:invoke	:read	nil
2024-05-29 14:21:12,128{GMT}	INFO	[jepsen worker 4] jepsen.util: 9	:invoke	:read	nil
2024-05-29 14:21:12,128{GMT}	INFO	[jepsen worker 3] jepsen.util: 13	:invoke	:read	nil
2024-05-29 14:21:12,130{GMT}	INFO	[jepsen worker 4] jepsen.util: 9	:ok	:read	[2 4 5 6 7 0 1 3 8 11]
2024-05-29 14:21:12,130{GMT}	INFO	[jepsen worker 2] jepsen.util: 2	:ok	:read	[3 5 11 6 7 8 0 1 2 4]
2024-05-29 14:21:17,129{GMT}	INFO	[jepsen worker 0] jepsen.util: 5	:fail	:read	nil	:net-timeout
2024-05-29 14:21:17,134{GMT}	INFO	[jepsen worker 3] jepsen.util: 13	:fail	:read	nil	:net-timeout
2024-05-29 14:21:17,134{GMT}	INFO	[jepsen worker 1] jepsen.util: 11	:fail	:read	nil	:net-timeout
2024-05-29 14:21:17,170{GMT}	INFO	[jepsen test runner] jepsen.core: Run complete, writing
2024-05-29 14:21:17,301{GMT}	INFO	[jepsen node n1] maelstrom.db: Tearing down n1
2024-05-29 14:21:17,301{GMT}	INFO	[jepsen node n2] maelstrom.db: Tearing down n2
2024-05-29 14:21:17,301{GMT}	INFO	[jepsen node n0] maelstrom.db: Tearing down n0
2024-05-29 14:21:17,301{GMT}	INFO	[jepsen node n3] maelstrom.db: Tearing down n3
2024-05-29 14:21:17,303{GMT}	INFO	[jepsen node n4] maelstrom.db: Tearing down n4
2024-05-29 14:21:18,156{GMT}	INFO	[jepsen node n0] maelstrom.net: Shutting down Maelstrom network
2024-05-29 14:21:18,159{GMT}	INFO	[jepsen test runner] jepsen.core: Analyzing...
2024-05-29 14:21:23,527{GMT}	INFO	[jepsen test runner] jepsen.core: Analysis complete
2024-05-29 14:21:23,557{GMT}	INFO	[jepsen results] jepsen.store: Wrote /Users/garrettbodley/Code/gossip-glomers/maelstrom/store/broadcast/20240529T142035.250-0400/results.edn
2024-05-29 14:21:23,573{GMT}	INFO	[jepsen test runner] jepsen.core: {:perf {:latency-graph {:valid? true},
        :rate-graph {:valid? true},
        :valid? true},
 :timeline {:valid? true},
 :exceptions {:valid? true},
 :stats {:valid? true,
         :count 40,
         :ok-count 20,
         :fail-count 14,
         :info-count 6,
         :by-f {:broadcast {:valid? true,
                            :count 12,
                            :ok-count 6,
                            :fail-count 0,
                            :info-count 6},
                :read {:valid? true,
                       :count 28,
                       :ok-count 14,
                       :fail-count 14,
                       :info-count 0}}},
 :availability {:valid? true, :ok-fraction 0.5},
 :net {:all {:send-count 1811867,
             :recv-count 721801,
             :msg-count 1811867,
             :msgs-per-op 45296.676},
       :clients {:send-count 87, :recv-count 76, :msg-count 87},
       :servers {:send-count 1811780,
                 :recv-count 721725,
                 :msg-count 1811780,
                 :msgs-per-op 45294.5},
       :valid? true},
 :workload {:worst-stale (),
            :duplicated-count 0,
            :valid? true,
            :lost-count 0,
            :lost (),
            :stable-count 10,
            :stale-count 0,
            :stale (),
            :never-read-count 2,
            :stable-latencies {0 0, 0.5 0, 0.95 0, 0.99 0, 1 0},
            :attempt-count 12,
            :never-read (9 10),
            :duplicated {}},
 :valid? true}


Everything looks good! ヽ(‘ー`)ノ
