2024/05/28 16:04:13 Received {c0 n0 {"type":"init","node_id":"n0","node_ids":["n0"],"msg_id":1}}
2024/05/28 16:04:13 Node n0 initialized
2024/05/28 16:04:13 Sent {"src":"n0","dest":"c0","body":{"in_reply_to":1,"type":"init_ok"}}
2024/05/28 16:04:13 Received {c1 n0 {"type":"topology","topology":{"n0":[]},"msg_id":1}}
2024/05/28 16:04:13 Sent {"src":"n0","dest":"c1","body":{"in_reply_to":1,"type":"topology_ok"}}
2024/05/28 16:04:13 Received {c2 n0 {"type":"broadcast","message":0,"msg_id":1}}
2024/05/28 16:04:13 Got the message 0
2024/05/28 16:04:13 Sent {"src":"n0","dest":"c2","body":{"in_reply_to":1,"type":"broadcast_ok"}}
2024/05/28 16:04:13 Received {c2 n0 {"type":"broadcast","message":1,"msg_id":2}}
2024/05/28 16:04:13 Got the message 1
2024/05/28 16:04:13 Sent {"src":"n0","dest":"c2","body":{"in_reply_to":2,"type":"broadcast_ok"}}
2024/05/28 16:04:13 Received {c2 n0 {"type":"read","msg_id":3}}
2024/05/28 16:04:13 Sent {"src":"n0","dest":"c2","body":{"in_reply_to":3,"messages":[0,1],"type":"read_ok"}}
2024/05/28 16:04:13 Received {c2 n0 {"type":"broadcast","message":2,"msg_id":4}}
2024/05/28 16:04:13 Got the message 2
2024/05/28 16:04:13 Sent {"src":"n0","dest":"c2","body":{"in_reply_to":4,"type":"broadcast_ok"}}
2024/05/28 16:04:13 Received {c2 n0 {"type":"read","msg_id":5}}
2024/05/28 16:04:13 Sent {"src":"n0","dest":"c2","body":{"in_reply_to":5,"messages":[2,0,1],"type":"read_ok"}}
2024/05/28 16:04:13 Received {c2 n0 {"type":"read","msg_id":6}}
2024/05/28 16:04:13 Sent {"src":"n0","dest":"c2","body":{"in_reply_to":6,"messages":[0,1,2],"type":"read_ok"}}
2024/05/28 16:04:14 Received {c2 n0 {"type":"broadcast","message":3,"msg_id":7}}
2024/05/28 16:04:14 Got the message 3
2024/05/28 16:04:14 Sent {"src":"n0","dest":"c2","body":{"in_reply_to":7,"type":"broadcast_ok"}}
2024/05/28 16:04:14 Received {c2 n0 {"type":"broadcast","message":4,"msg_id":8}}
2024/05/28 16:04:14 Got the message 4
2024/05/28 16:04:14 Sent {"src":"n0","dest":"c2","body":{"in_reply_to":8,"type":"broadcast_ok"}}
2024/05/28 16:04:14 Received {c2 n0 {"type":"broadcast","message":5,"msg_id":9}}
2024/05/28 16:04:14 Got the message 5
2024/05/28 16:04:14 Sent {"src":"n0","dest":"c2","body":{"in_reply_to":9,"type":"broadcast_ok"}}
2024/05/28 16:04:14 Received {c2 n0 {"type":"broadcast","message":6,"msg_id":10}}
2024/05/28 16:04:14 Got the message 6
2024/05/28 16:04:14 Sent {"src":"n0","dest":"c2","body":{"in_reply_to":10,"type":"broadcast_ok"}}
2024/05/28 16:04:14 Received {c2 n0 {"type":"broadcast","message":7,"msg_id":11}}
2024/05/28 16:04:14 Got the message 7
2024/05/28 16:04:14 Sent {"src":"n0","dest":"c2","body":{"in_reply_to":11,"type":"broadcast_ok"}}
2024/05/28 16:04:14 Received {c2 n0 {"type":"read","msg_id":12}}
2024/05/28 16:04:14 Sent {"src":"n0","dest":"c2","body":{"in_reply_to":12,"messages":[3,4,5,6,7,0,1,2],"type":"read_ok"}}
2024/05/28 16:04:14 Received {c2 n0 {"type":"read","msg_id":13}}
2024/05/28 16:04:14 Sent {"src":"n0","dest":"c2","body":{"in_reply_to":13,"messages":[5,6,7,0,1,2,3,4],"type":"read_ok"}}
2024/05/28 16:04:14 Received {c2 n0 {"type":"broadcast","message":8,"msg_id":14}}
2024/05/28 16:04:14 Got the message 8
2024/05/28 16:04:14 Sent {"src":"n0","dest":"c2","body":{"in_reply_to":14,"type":"broadcast_ok"}}
2024/05/28 16:04:14 Received {c2 n0 {"type":"read","msg_id":15}}
2024/05/28 16:04:14 Sent {"src":"n0","dest":"c2","body":{"in_reply_to":15,"messages":[1,4,6,0,3,5,7,8,2],"type":"read_ok"}}
2024/05/28 16:04:14 Received {c2 n0 {"type":"read","msg_id":16}}
2024/05/28 16:04:14 Sent {"src":"n0","dest":"c2","body":{"in_reply_to":16,"messages":[6,0,1,4,7,8,2,3,5],"type":"read_ok"}}
2024/05/28 16:04:15 Received {c2 n0 {"type":"read","msg_id":17}}
2024/05/28 16:04:15 Sent {"src":"n0","dest":"c2","body":{"in_reply_to":17,"messages":[0,1,4,6,8,2,3,5,7],"type":"read_ok"}}
2024/05/28 16:04:15 Received {c2 n0 {"type":"broadcast","message":9,"msg_id":18}}
2024/05/28 16:04:15 Got the message 9
2024/05/28 16:04:15 Sent {"src":"n0","dest":"c2","body":{"in_reply_to":18,"type":"broadcast_ok"}}
2024/05/28 16:04:15 Received {c2 n0 {"type":"read","msg_id":19}}
2024/05/28 16:04:15 Sent {"src":"n0","dest":"c2","body":{"in_reply_to":19,"messages":[3,5,7,8,9,2,1,4,6,0],"type":"read_ok"}}
2024/05/28 16:04:15 Received {c2 n0 {"type":"broadcast","message":10,"msg_id":20}}
2024/05/28 16:04:15 Got the message 10
2024/05/28 16:04:15 Sent {"src":"n0","dest":"c2","body":{"in_reply_to":20,"type":"broadcast_ok"}}
2024/05/28 16:04:15 Received {c2 n0 {"type":"read","msg_id":21}}
2024/05/28 16:04:15 Sent {"src":"n0","dest":"c2","body":{"in_reply_to":21,"messages":[0,1,4,6,10,2,3,5,7,8,9],"type":"read_ok"}}
2024/05/28 16:04:15 Received {c2 n0 {"type":"broadcast","message":11,"msg_id":22}}
2024/05/28 16:04:15 Got the message 11
2024/05/28 16:04:15 Sent {"src":"n0","dest":"c2","body":{"in_reply_to":22,"type":"broadcast_ok"}}
2024/05/28 16:04:15 Received {c2 n0 {"type":"read","msg_id":23}}
2024/05/28 16:04:15 Sent {"src":"n0","dest":"c2","body":{"in_reply_to":23,"messages":[9,10,11,2,3,5,7,8,0,1,4,6],"type":"read_ok"}}
2024/05/28 16:04:15 Received {c2 n0 {"type":"read","msg_id":24}}
2024/05/28 16:04:15 Sent {"src":"n0","dest":"c2","body":{"in_reply_to":24,"messages":[2,3,5,7,8,9,10,11,0,1,4,6],"type":"read_ok"}}
2024/05/28 16:04:15 Received {c2 n0 {"type":"read","msg_id":25}}
2024/05/28 16:04:15 Sent {"src":"n0","dest":"c2","body":{"in_reply_to":25,"messages":[0,1,4,6,11,2,3,5,7,8,9,10],"type":"read_ok"}}
2024/05/28 16:04:15 Received {c2 n0 {"type":"broadcast","message":12,"msg_id":26}}
2024/05/28 16:04:15 Got the message 12
2024/05/28 16:04:15 Sent {"src":"n0","dest":"c2","body":{"in_reply_to":26,"type":"broadcast_ok"}}
2024/05/28 16:04:15 Received {c2 n0 {"type":"read","msg_id":27}}
2024/05/28 16:04:15 Sent {"src":"n0","dest":"c2","body":{"in_reply_to":27,"messages":[9,10,11,2,3,5,7,8,12,0,1,4,6],"type":"read_ok"}}
2024/05/28 16:04:15 Received {c2 n0 {"type":"broadcast","message":13,"msg_id":28}}
2024/05/28 16:04:15 Got the message 13
2024/05/28 16:04:15 Sent {"src":"n0","dest":"c2","body":{"in_reply_to":28,"type":"broadcast_ok"}}
2024/05/28 16:04:16 Received {c2 n0 {"type":"read","msg_id":29}}
2024/05/28 16:04:16 Sent {"src":"n0","dest":"c2","body":{"in_reply_to":29,"messages":[2,5,9,10,11,13,1,4,3,7,8,12,0,6],"type":"read_ok"}}
2024/05/28 16:04:16 Received {c2 n0 {"type":"read","msg_id":30}}
2024/05/28 16:04:16 Sent {"src":"n0","dest":"c2","body":{"in_reply_to":30,"messages":[3,7,8,12,0,6,13,2,5,9,10,11,1,4],"type":"read_ok"}}
2024/05/28 16:04:16 Received {c2 n0 {"type":"read","msg_id":31}}
2024/05/28 16:04:16 Sent {"src":"n0","dest":"c2","body":{"in_reply_to":31,"messages":[6,0,5,9,10,11,13,2,4,1,7,8,12,3],"type":"read_ok"}}
2024/05/28 16:04:16 Received {c2 n0 {"type":"read","msg_id":32}}
2024/05/28 16:04:16 Sent {"src":"n0","dest":"c2","body":{"in_reply_to":32,"messages":[0,6,9,10,11,13,2,5,1,4,8,12,3,7],"type":"read_ok"}}
2024/05/28 16:04:16 Received {c2 n0 {"type":"read","msg_id":33}}
2024/05/28 16:04:16 Sent {"src":"n0","dest":"c2","body":{"in_reply_to":33,"messages":[10,11,13,2,5,9,1,4,12,3,7,8,0,6],"type":"read_ok"}}
2024/05/28 16:04:16 Received {c2 n0 {"type":"read","msg_id":34}}
2024/05/28 16:04:16 Sent {"src":"n0","dest":"c2","body":{"in_reply_to":34,"messages":[1,4,3,7,8,12,0,6,11,13,2,5,9,10],"type":"read_ok"}}
2024/05/28 16:04:16 Received {c2 n0 {"type":"broadcast","message":14,"msg_id":35}}
2024/05/28 16:04:16 Got the message 14
2024/05/28 16:04:16 Sent {"src":"n0","dest":"c2","body":{"in_reply_to":35,"type":"broadcast_ok"}}
2024/05/28 16:04:16 Received {c2 n0 {"type":"read","msg_id":36}}
2024/05/28 16:04:16 Sent {"src":"n0","dest":"c2","body":{"in_reply_to":36,"messages":[6,14,0,5,9,10,11,13,2,4,1,7,8,12,3],"type":"read_ok"}}
2024/05/28 16:04:16 Received {c2 n0 {"type":"broadcast","message":15,"msg_id":37}}
2024/05/28 16:04:16 Got the message 15
2024/05/28 16:04:16 Sent {"src":"n0","dest":"c2","body":{"in_reply_to":37,"type":"broadcast_ok"}}
2024/05/28 16:04:16 Received {c2 n0 {"type":"read","msg_id":38}}
2024/05/28 16:04:16 Sent {"src":"n0","dest":"c2","body":{"in_reply_to":38,"messages":[15,2,5,9,10,11,13,1,4,3,7,8,12,0,6,14],"type":"read_ok"}}
2024/05/28 16:04:16 Received {c2 n0 {"type":"broadcast","message":16,"msg_id":39}}
2024/05/28 16:04:16 Got the message 16
2024/05/28 16:04:16 Sent {"src":"n0","dest":"c2","body":{"in_reply_to":39,"type":"broadcast_ok"}}
2024/05/28 16:04:16 Received {c2 n0 {"type":"read","msg_id":40}}
2024/05/28 16:04:16 Sent {"src":"n0","dest":"c2","body":{"in_reply_to":40,"messages":[1,4,3,7,8,12,0,6,14,16,13,15,2,5,9,10,11],"type":"read_ok"}}
2024/05/28 16:04:17 Received {c2 n0 {"type":"broadcast","message":17,"msg_id":41}}
2024/05/28 16:04:17 Got the message 17
2024/05/28 16:04:17 Sent {"src":"n0","dest":"c2","body":{"in_reply_to":41,"type":"broadcast_ok"}}
2024/05/28 16:04:17 Received {c2 n0 {"type":"broadcast","message":18,"msg_id":42}}
2024/05/28 16:04:17 Got the message 18
2024/05/28 16:04:17 Sent {"src":"n0","dest":"c2","body":{"in_reply_to":42,"type":"broadcast_ok"}}
2024/05/28 16:04:17 Received {c2 n0 {"type":"broadcast","message":19,"msg_id":43}}
2024/05/28 16:04:17 Got the message 19
2024/05/28 16:04:17 Sent {"src":"n0","dest":"c2","body":{"in_reply_to":43,"type":"broadcast_ok"}}
2024/05/28 16:04:17 Received {c2 n0 {"type":"broadcast","message":20,"msg_id":44}}
2024/05/28 16:04:17 Got the message 20
2024/05/28 16:04:17 Sent {"src":"n0","dest":"c2","body":{"in_reply_to":44,"type":"broadcast_ok"}}
2024/05/28 16:04:17 Received {c2 n0 {"type":"read","msg_id":45}}
2024/05/28 16:04:17 Sent {"src":"n0","dest":"c2","body":{"in_reply_to":45,"messages":[1,4,20,3,7,8,12,19,0,6,14,16,2,5,9,10,11,13,15,17,18],"type":"read_ok"}}
2024/05/28 16:04:17 Received {c2 n0 {"type":"broadcast","message":21,"msg_id":46}}
2024/05/28 16:04:17 Got the message 21
2024/05/28 16:04:17 Sent {"src":"n0","dest":"c2","body":{"in_reply_to":46,"type":"broadcast_ok"}}
2024/05/28 16:04:17 Received {c2 n0 {"type":"read","msg_id":47}}
2024/05/28 16:04:17 Sent {"src":"n0","dest":"c2","body":{"in_reply_to":47,"messages":[19,21,3,7,8,12,0,6,14,16,11,13,15,17,2,5,9,10,18,1,4,20],"type":"read_ok"}}
2024/05/28 16:04:17 Received {c2 n0 {"type":"broadcast","message":22,"msg_id":48}}
2024/05/28 16:04:17 Got the message 22
2024/05/28 16:04:17 Sent {"src":"n0","dest":"c2","body":{"in_reply_to":48,"type":"broadcast_ok"}}
2024/05/28 16:04:18 Received {c2 n0 {"type":"broadcast","message":23,"msg_id":49}}
2024/05/28 16:04:18 Got the message 23
2024/05/28 16:04:18 Sent {"src":"n0","dest":"c2","body":{"in_reply_to":49,"type":"broadcast_ok"}}
2024/05/28 16:04:18 Received {c2 n0 {"type":"read","msg_id":50}}
2024/05/28 16:04:18 Sent {"src":"n0","dest":"c2","body":{"in_reply_to":50,"messages":[5,9,10,11,13,15,17,2,18,4,20,1,7,8,12,19,21,22,3,6,14,16,23,0],"type":"read_ok"}}
2024/05/28 16:04:18 Received {c2 n0 {"type":"broadcast","message":24,"msg_id":51}}
2024/05/28 16:04:18 Got the message 24
2024/05/28 16:04:18 Sent {"src":"n0","dest":"c2","body":{"in_reply_to":51,"type":"broadcast_ok"}}
2024/05/28 16:04:18 Received {c2 n0 {"type":"broadcast","message":25,"msg_id":52}}
2024/05/28 16:04:18 Got the message 25
2024/05/28 16:04:18 Sent {"src":"n0","dest":"c2","body":{"in_reply_to":52,"type":"broadcast_ok"}}
2024/05/28 16:04:18 Received {c2 n0 {"type":"read","msg_id":53}}
2024/05/28 16:04:18 Sent {"src":"n0","dest":"c2","body":{"in_reply_to":53,"messages":[3,7,8,12,19,21,22,25,0,6,14,16,23,2,5,9,10,11,13,15,17,18,24,1,4,20],"type":"read_ok"}}
2024/05/28 16:04:18 Received {c2 n0 {"type":"broadcast","message":26,"msg_id":54}}
2024/05/28 16:04:18 Got the message 26
2024/05/28 16:04:18 Sent {"src":"n0","dest":"c2","body":{"in_reply_to":54,"type":"broadcast_ok"}}
2024/05/28 16:04:18 Received {c2 n0 {"type":"broadcast","message":27,"msg_id":55}}
2024/05/28 16:04:18 Got the message 27
2024/05/28 16:04:18 Sent {"src":"n0","dest":"c2","body":{"in_reply_to":55,"type":"broadcast_ok"}}
2024/05/28 16:04:18 Received {c2 n0 {"type":"read","msg_id":56}}
2024/05/28 16:04:18 Sent {"src":"n0","dest":"c2","body":{"in_reply_to":56,"messages":[6,9,17,24,2,5,4,8,21,26,3,7,16,23,27,0,14,13,15,18,10,11,20,1,22,25,12,19],"type":"read_ok"}}
2024/05/28 16:04:18 Received {c2 n0 {"type":"read","msg_id":57}}
2024/05/28 16:04:18 Sent {"src":"n0","dest":"c2","body":{"in_reply_to":57,"messages":[2,5,9,17,24,4,3,7,8,21,26,0,14,16,23,27,10,11,13,15,18,1,20,12,19,22,25,6],"type":"read_ok"}}
2024/05/28 16:04:18 Received {c2 n0 {"type":"read","msg_id":58}}
2024/05/28 16:04:18 Sent {"src":"n0","dest":"c2","body":{"in_reply_to":58,"messages":[14,16,23,27,0,11,13,15,18,10,20,1,19,22,25,12,6,5,9,17,24,2,4,7,8,21,26,3],"type":"read_ok"}}
2024/05/28 16:04:18 Received {c2 n0 {"type":"broadcast","message":28,"msg_id":59}}
2024/05/28 16:04:18 Got the message 28
2024/05/28 16:04:18 Sent {"src":"n0","dest":"c2","body":{"in_reply_to":59,"type":"broadcast_ok"}}
2024/05/28 16:04:18 Received {c2 n0 {"type":"broadcast","message":29,"msg_id":60}}
2024/05/28 16:04:18 Got the message 29
2024/05/28 16:04:18 Sent {"src":"n0","dest":"c2","body":{"in_reply_to":60,"type":"broadcast_ok"}}
2024/05/28 16:04:19 Received {c2 n0 {"type":"read","msg_id":61}}
2024/05/28 16:04:19 Sent {"src":"n0","dest":"c2","body":{"in_reply_to":61,"messages":[6,2,5,9,17,24,4,3,7,8,21,26,0,14,16,23,27,10,11,13,15,18,1,20,28,12,19,22,25,29],"type":"read_ok"}}
2024/05/28 16:04:19 Received {c2 n0 {"type":"broadcast","message":30,"msg_id":62}}
2024/05/28 16:04:19 Got the message 30
2024/05/28 16:04:19 Sent {"src":"n0","dest":"c2","body":{"in_reply_to":62,"type":"broadcast_ok"}}
2024/05/28 16:04:19 Received {c2 n0 {"type":"read","msg_id":63}}
2024/05/28 16:04:19 Sent {"src":"n0","dest":"c2","body":{"in_reply_to":63,"messages":[10,11,13,15,18,1,20,28,30,12,19,22,25,29,6,2,5,9,17,24,4,3,7,8,21,26,0,14,16,23,27],"type":"read_ok"}}
2024/05/28 16:04:19 Received {c2 n0 {"type":"broadcast","message":31,"msg_id":64}}
2024/05/28 16:04:19 Got the message 31
2024/05/28 16:04:19 Sent {"src":"n0","dest":"c2","body":{"in_reply_to":64,"type":"broadcast_ok"}}
2024/05/28 16:04:19 Received {c2 n0 {"type":"broadcast","message":32,"msg_id":65}}
2024/05/28 16:04:19 Got the message 32
2024/05/28 16:04:19 Sent {"src":"n0","dest":"c2","body":{"in_reply_to":65,"type":"broadcast_ok"}}
2024/05/28 16:04:19 Received {c2 n0 {"type":"broadcast","message":33,"msg_id":66}}
2024/05/28 16:04:19 Got the message 33
2024/05/28 16:04:19 Sent {"src":"n0","dest":"c2","body":{"in_reply_to":66,"type":"broadcast_ok"}}
2024/05/28 16:04:19 Received {c2 n0 {"type":"broadcast","message":34,"msg_id":67}}
2024/05/28 16:04:19 Got the message 34
2024/05/28 16:04:19 Sent {"src":"n0","dest":"c2","body":{"in_reply_to":67,"type":"broadcast_ok"}}
2024/05/28 16:04:19 Received {c2 n0 {"type":"read","msg_id":68}}
2024/05/28 16:04:19 Sent {"src":"n0","dest":"c2","body":{"in_reply_to":68,"messages":[4,33,26,3,7,8,21,27,0,14,16,23,18,32,10,11,13,15,1,20,28,30,29,12,19,22,25,6,31,34,24,2,5,9,17],"type":"read_ok"}}
2024/05/28 16:04:19 Received {c2 n0 {"type":"broadcast","message":35,"msg_id":69}}
2024/05/28 16:04:19 Got the message 35
2024/05/28 16:04:19 Sent {"src":"n0","dest":"c2","body":{"in_reply_to":69,"type":"broadcast_ok"}}
2024/05/28 16:04:20 Received {c2 n0 {"type":"read","msg_id":70}}
2024/05/28 16:04:20 Sent {"src":"n0","dest":"c2","body":{"in_reply_to":70,"messages":[2,5,9,17,24,4,33,3,7,8,21,26,0,14,16,23,27,10,11,13,15,18,32,1,20,28,30,12,19,22,25,29,35,6,31,34],"type":"read_ok"}}
2024/05/28 16:04:20 Received {c2 n0 {"type":"broadcast","message":36,"msg_id":71}}
2024/05/28 16:04:20 Got the message 36
2024/05/28 16:04:20 Sent {"src":"n0","dest":"c2","body":{"in_reply_to":71,"type":"broadcast_ok"}}
2024/05/28 16:04:20 Received {c2 n0 {"type":"read","msg_id":72}}
2024/05/28 16:04:20 Sent {"src":"n0","dest":"c2","body":{"in_reply_to":72,"messages":[2,5,9,17,24,4,33,3,7,8,21,26,36,0,14,16,23,27,10,11,13,15,18,32,1,20,28,30,12,19,22,25,29,35,6,31,34],"type":"read_ok"}}
2024/05/28 16:04:20 Received {c2 n0 {"type":"broadcast","message":37,"msg_id":73}}
2024/05/28 16:04:20 Got the message 37
2024/05/28 16:04:20 Sent {"src":"n0","dest":"c2","body":{"in_reply_to":73,"type":"broadcast_ok"}}
2024/05/28 16:04:20 Received {c2 n0 {"type":"read","msg_id":74}}
2024/05/28 16:04:20 Sent {"src":"n0","dest":"c2","body":{"in_reply_to":74,"messages":[1,20,28,30,29,35,12,19,22,25,6,31,34,24,2,5,9,17,4,33,26,36,37,3,7,8,21,27,0,14,16,23,18,32,10,11,13,15],"type":"read_ok"}}
2024/05/28 16:04:20 Received {c2 n0 {"type":"read","msg_id":75}}
2024/05/28 16:04:20 Sent {"src":"n0","dest":"c2","body":{"in_reply_to":75,"messages":[6,31,34,17,24,2,5,9,4,33,21,26,36,37,3,7,8,23,27,0,14,16,15,18,32,10,11,13,30,1,20,28,25,29,35,12,19,22],"type":"read_ok"}}
2024/05/28 16:04:20 Received {c2 n0 {"type":"broadcast","message":38,"msg_id":76}}
2024/05/28 16:04:20 Got the message 38
2024/05/28 16:04:20 Sent {"src":"n0","dest":"c2","body":{"in_reply_to":76,"type":"broadcast_ok"}}
2024/05/28 16:04:20 Received {c2 n0 {"type":"broadcast","message":39,"msg_id":77}}
2024/05/28 16:04:20 Got the message 39
2024/05/28 16:04:20 Sent {"src":"n0","dest":"c2","body":{"in_reply_to":77,"type":"broadcast_ok"}}
2024/05/28 16:04:20 Received {c2 n0 {"type":"read","msg_id":78}}
2024/05/28 16:04:20 Sent {"src":"n0","dest":"c2","body":{"in_reply_to":78,"messages":[1,20,28,30,12,19,22,25,29,35,6,31,34,2,5,9,17,24,4,33,3,7,8,21,26,36,37,0,14,16,23,27,38,10,11,13,15,18,32,39],"type":"read_ok"}}
2024/05/28 16:04:20 Received {c2 n0 {"type":"read","msg_id":79}}
2024/05/28 16:04:20 Sent {"src":"n0","dest":"c2","body":{"in_reply_to":79,"messages":[17,24,2,5,9,4,33,21,26,36,37,3,7,8,23,27,38,0,14,16,15,18,32,39,10,11,13,30,1,20,28,25,29,35,12,19,22,6,31,34],"type":"read_ok"}}
2024/05/28 16:04:20 Received {c2 n0 {"type":"read","msg_id":80}}
2024/05/28 16:04:20 Sent {"src":"n0","dest":"c2","body":{"in_reply_to":80,"messages":[12,19,22,25,29,35,6,31,34,2,5,9,17,24,4,33,3,7,8,21,26,36,37,0,14,16,23,27,38,10,11,13,15,18,32,39,1,20,28,30],"type":"read_ok"}}
2024/05/28 16:04:21 Received {c2 n0 {"type":"read","msg_id":81}}
2024/05/28 16:04:21 Sent {"src":"n0","dest":"c2","body":{"in_reply_to":81,"messages":[2,5,9,17,24,4,33,3,7,8,21,26,36,37,0,14,16,23,27,38,10,11,13,15,18,32,39,1,20,28,30,12,19,22,25,29,35,6,31,34],"type":"read_ok"}}
2024/05/28 16:04:21 Received {c2 n0 {"type":"read","msg_id":82}}
2024/05/28 16:04:21 Sent {"src":"n0","dest":"c2","body":{"in_reply_to":82,"messages":[2,5,9,17,24,4,33,3,7,8,21,26,36,37,0,14,16,23,27,38,10,11,13,15,18,32,39,1,20,28,30,12,19,22,25,29,35,6,31,34],"type":"read_ok"}}
2024/05/28 16:04:21 Received {c2 n0 {"type":"broadcast","message":40,"msg_id":83}}
2024/05/28 16:04:21 Got the message 40
2024/05/28 16:04:21 Sent {"src":"n0","dest":"c2","body":{"in_reply_to":83,"type":"broadcast_ok"}}
2024/05/28 16:04:21 Received {c2 n0 {"type":"read","msg_id":84}}
2024/05/28 16:04:21 Sent {"src":"n0","dest":"c2","body":{"in_reply_to":84,"messages":[4,33,3,7,8,21,26,36,37,0,14,16,23,27,38,10,11,13,15,18,32,39,1,20,28,30,12,19,22,25,29,35,6,31,34,2,5,9,17,24,40],"type":"read_ok"}}
2024/05/28 16:04:21 Received {c2 n0 {"type":"read","msg_id":85}}
2024/05/28 16:04:21 Sent {"src":"n0","dest":"c2","body":{"in_reply_to":85,"messages":[4,33,37,3,7,8,21,26,36,0,14,16,23,27,38,39,10,11,13,15,18,32,1,20,28,30,12,19,22,25,29,35,6,31,34,2,5,9,17,24,40],"type":"read_ok"}}
2024/05/28 16:04:21 Received {c2 n0 {"type":"broadcast","message":41,"msg_id":86}}
2024/05/28 16:04:21 Got the message 41
2024/05/28 16:04:21 Sent {"src":"n0","dest":"c2","body":{"in_reply_to":86,"type":"broadcast_ok"}}
2024/05/28 16:04:21 Received {c2 n0 {"type":"broadcast","message":42,"msg_id":87}}
2024/05/28 16:04:21 Got the message 42
2024/05/28 16:04:21 Sent {"src":"n0","dest":"c2","body":{"in_reply_to":87,"type":"broadcast_ok"}}
2024/05/28 16:04:21 Received {c2 n0 {"type":"broadcast","message":43,"msg_id":88}}
2024/05/28 16:04:21 Got the message 43
2024/05/28 16:04:21 Sent {"src":"n0","dest":"c2","body":{"in_reply_to":88,"type":"broadcast_ok"}}
2024/05/28 16:04:21 Received {c2 n0 {"type":"read","msg_id":89}}
2024/05/28 16:04:21 Sent {"src":"n0","dest":"c2","body":{"in_reply_to":89,"messages":[0,14,16,23,27,38,39,10,11,13,15,18,32,1,20,28,30,42,41,12,19,22,25,29,35,6,31,34,43,2,5,9,17,24,40,4,33,37,3,7,8,21,26,36],"type":"read_ok"}}
2024/05/28 16:04:22 Received {c2 n0 {"type":"read","msg_id":90}}
2024/05/28 16:04:22 Sent {"src":"n0","dest":"c2","body":{"in_reply_to":90,"messages":[6,31,34,43,2,5,9,17,24,40,4,33,37,3,7,8,21,26,36,0,14,16,23,27,38,39,10,11,13,15,18,32,1,20,28,30,42,41,12,19,22,25,29,35],"type":"read_ok"}}
2024/05/28 16:04:22 Received {c2 n0 {"type":"read","msg_id":91}}
2024/05/28 16:04:22 Sent {"src":"n0","dest":"c2","body":{"in_reply_to":91,"messages":[0,14,16,23,27,38,39,10,11,13,15,18,32,1,20,28,30,42,41,12,19,22,25,29,35,6,31,34,43,2,5,9,17,24,40,4,33,37,3,7,8,21,26,36],"type":"read_ok"}}
2024/05/28 16:04:22 Received {c2 n0 {"type":"read","msg_id":92}}
2024/05/28 16:04:22 Sent {"src":"n0","dest":"c2","body":{"in_reply_to":92,"messages":[5,9,17,24,40,43,2,33,4,7,8,21,26,36,37,3,14,16,23,27,38,0,11,13,15,18,32,39,10,20,28,30,42,1,19,22,25,29,35,41,12,31,34,6],"type":"read_ok"}}
2024/05/28 16:04:22 Received {c2 n0 {"type":"broadcast","message":44,"msg_id":93}}
2024/05/28 16:04:22 Got the message 44
2024/05/28 16:04:22 Sent {"src":"n0","dest":"c2","body":{"in_reply_to":93,"type":"broadcast_ok"}}
2024/05/28 16:04:22 Received {c2 n0 {"type":"broadcast","message":45,"msg_id":94}}
2024/05/28 16:04:22 Got the message 45
2024/05/28 16:04:22 Sent {"src":"n0","dest":"c2","body":{"in_reply_to":94,"type":"broadcast_ok"}}
2024/05/28 16:04:22 Received {c2 n0 {"type":"read","msg_id":95}}
2024/05/28 16:04:22 Sent {"src":"n0","dest":"c2","body":{"in_reply_to":95,"messages":[4,33,36,37,45,3,7,8,21,26,38,0,14,16,23,27,32,39,10,11,13,15,18,1,20,28,30,42,35,41,12,19,22,25,29,6,31,34,44,40,43,2,5,9,17,24],"type":"read_ok"}}
2024/05/28 16:04:22 Received {c2 n0 {"type":"read","msg_id":96}}
2024/05/28 16:04:22 Sent {"src":"n0","dest":"c2","body":{"in_reply_to":96,"messages":[6,31,34,44,24,40,43,2,5,9,17,4,33,26,36,37,45,3,7,8,21,27,38,0,14,16,23,18,32,39,10,11,13,15,42,1,20,28,30,29,35,41,12,19,22,25],"type":"read_ok"}}
2024/05/28 16:04:22 Received {c2 n0 {"type":"broadcast","message":46,"msg_id":97}}
2024/05/28 16:04:22 Got the message 46
2024/05/28 16:04:22 Sent {"src":"n0","dest":"c2","body":{"in_reply_to":97,"type":"broadcast_ok"}}
2024/05/28 16:04:22 Received {c2 n0 {"type":"read","msg_id":98}}
2024/05/28 16:04:22 Sent {"src":"n0","dest":"c2","body":{"in_reply_to":98,"messages":[4,33,46,3,7,8,21,26,36,37,45,0,14,16,23,27,38,10,11,13,15,18,32,39,1,20,28,30,42,12,19,22,25,29,35,41,6,31,34,44,2,5,9,17,24,40,43],"type":"read_ok"}}
2024/05/28 16:04:23 Received {c2 n0 {"type":"broadcast","message":47,"msg_id":99}}
2024/05/28 16:04:23 Got the message 47
2024/05/28 16:04:23 Sent {"src":"n0","dest":"c2","body":{"in_reply_to":99,"type":"broadcast_ok"}}
2024/05/28 16:04:23 Received {c2 n0 {"type":"read","msg_id":100}}
2024/05/28 16:04:23 Sent {"src":"n0","dest":"c2","body":{"in_reply_to":100,"messages":[11,13,15,18,32,39,10,20,28,30,42,1,19,22,25,29,35,41,12,31,34,44,47,6,5,9,17,24,40,43,2,33,46,4,7,8,21,26,36,37,45,3,14,16,23,27,38,0],"type":"read_ok"}}
2024/05/28 16:04:23 Received {c2 n0 {"type":"read","msg_id":101}}
2024/05/28 16:04:23 Sent {"src":"n0","dest":"c2","body":{"in_reply_to":101,"messages":[36,37,45,3,7,8,21,26,38,0,14,16,23,27,32,39,10,11,13,15,18,1,20,28,30,42,35,41,12,19,22,25,29,6,31,34,44,47,40,43,2,5,9,17,24,4,33,46],"type":"read_ok"}}
2024/05/28 16:04:23 Received {c2 n0 {"type":"read","msg_id":102}}
2024/05/28 16:04:23 Sent {"src":"n0","dest":"c2","body":{"in_reply_to":102,"messages":[3,7,8,21,26,36,37,45,0,14,16,23,27,38,10,11,13,15,18,32,39,1,20,28,30,42,12,19,22,25,29,35,41,6,31,34,44,47,2,5,9,17,24,40,43,4,33,46],"type":"read_ok"}}
2024/05/28 16:04:23 Received {c2 n0 {"type":"read","msg_id":103}}
2024/05/28 16:04:23 Sent {"src":"n0","dest":"c2","body":{"in_reply_to":103,"messages":[40,43,2,5,9,17,24,4,33,46,36,37,45,3,7,8,21,26,38,0,14,16,23,27,32,39,10,11,13,15,18,1,20,28,30,42,35,41,12,19,22,25,29,6,31,34,44,47],"type":"read_ok"}}
2024/05/28 16:04:23 Received {c2 n0 {"type":"read","msg_id":104}}
2024/05/28 16:04:23 Sent {"src":"n0","dest":"c2","body":{"in_reply_to":104,"messages":[12,19,22,25,29,35,41,6,31,34,44,47,2,5,9,17,24,40,43,4,33,46,3,7,8,21,26,36,37,45,0,14,16,23,27,38,10,11,13,15,18,32,39,1,20,28,30,42],"type":"read_ok"}}
2024/05/28 16:04:23 Received {c2 n0 {"type":"read","msg_id":105}}
2024/05/28 16:04:23 Sent {"src":"n0","dest":"c2","body":{"in_reply_to":105,"messages":[9,17,24,40,43,2,5,46,4,33,8,21,26,36,37,45,3,7,16,23,27,38,0,14,13,15,18,32,39,10,11,28,30,42,1,20,22,25,29,35,41,12,19,34,44,47,6,31],"type":"read_ok"}}
2024/05/28 16:04:23 Received {c2 n0 {"type":"broadcast","message":48,"msg_id":106}}
2024/05/28 16:04:23 Got the message 48
2024/05/28 16:04:23 Sent {"src":"n0","dest":"c2","body":{"in_reply_to":106,"type":"broadcast_ok"}}
2024/05/28 16:04:23 Received {c2 n0 {"type":"read","msg_id":107}}
2024/05/28 16:04:23 Sent {"src":"n0","dest":"c2","body":{"in_reply_to":107,"messages":[46,4,33,8,21,26,36,37,45,3,7,16,23,27,38,0,14,13,15,18,32,39,10,11,28,30,42,1,20,22,25,29,35,41,48,12,19,34,44,47,6,31,9,17,24,40,43,2,5],"type":"read_ok"}}
2024/05/28 16:04:24 Received {c2 n0 {"type":"broadcast","message":49,"msg_id":108}}
2024/05/28 16:04:24 Got the message 49
2024/05/28 16:04:24 Sent {"src":"n0","dest":"c2","body":{"in_reply_to":108,"type":"broadcast_ok"}}
2024/05/28 16:04:24 Received {c2 n0 {"type":"read","msg_id":109}}
2024/05/28 16:04:24 Sent {"src":"n0","dest":"c2","body":{"in_reply_to":109,"messages":[25,29,35,41,48,12,19,22,44,47,6,31,34,17,24,40,43,49,2,5,9,4,33,46,21,26,36,37,45,3,7,8,23,27,38,0,14,16,15,18,32,39,10,11,13,30,42,1,20,28],"type":"read_ok"}}
2024/05/28 16:04:24 Received {c2 n0 {"type":"broadcast","message":50,"msg_id":110}}
2024/05/28 16:04:24 Got the message 50
2024/05/28 16:04:24 Sent {"src":"n0","dest":"c2","body":{"in_reply_to":110,"type":"broadcast_ok"}}
2024/05/28 16:04:24 Received {c2 n0 {"type":"broadcast","message":51,"msg_id":111}}
2024/05/28 16:04:24 Got the message 51
2024/05/28 16:04:24 Sent {"src":"n0","dest":"c2","body":{"in_reply_to":111,"type":"broadcast_ok"}}
2024/05/28 16:04:24 Received {c2 n0 {"type":"broadcast","message":52,"msg_id":112}}
2024/05/28 16:04:24 Got the message 52
2024/05/28 16:04:24 Sent {"src":"n0","dest":"c2","body":{"in_reply_to":112,"type":"broadcast_ok"}}
2024/05/28 16:04:24 Received {c2 n0 {"type":"read","msg_id":113}}
2024/05/28 16:04:24 Sent {"src":"n0","dest":"c2","body":{"in_reply_to":113,"messages":[20,28,42,12,22,25,29,35,6,31,44,50,17,24,40,33,45,7,8,26,36,16,23,27,52,10,15,18,39,1,30,48,19,41,34,47,49,2,5,9,43,4,46,3,21,37,51,0,14,38,11,13,32],"type":"read_ok"}}
2024/05/28 16:04:24 Received {c2 n0 {"type":"broadcast","message":53,"msg_id":114}}
2024/05/28 16:04:24 Got the message 53
2024/05/28 16:04:24 Sent {"src":"n0","dest":"c2","body":{"in_reply_to":114,"type":"broadcast_ok"}}
2024/05/28 16:04:24 Received {c2 n0 {"type":"broadcast","message":54,"msg_id":115}}
2024/05/28 16:04:24 Got the message 54
2024/05/28 16:04:24 Sent {"src":"n0","dest":"c2","body":{"in_reply_to":115,"type":"broadcast_ok"}}
2024/05/28 16:04:24 Received {c2 n0 {"type":"read","msg_id":116}}
2024/05/28 16:04:24 Sent {"src":"n0","dest":"c2","body":{"in_reply_to":116,"messages":[0,14,38,32,11,13,42,20,28,25,29,35,12,22,50,6,31,44,17,24,40,33,53,36,45,7,8,26,52,16,23,27,15,18,39,10,30,1,41,48,19,34,47,43,49,54,2,5,9,4,46,51,3,21,37],"type":"read_ok"}}
2024/05/28 16:04:25 Received {c2 n0 {"type":"read","msg_id":117}}
2024/05/28 16:04:25 Sent {"src":"n0","dest":"c2","body":{"in_reply_to":117,"messages":[20,28,42,12,22,25,29,35,6,31,44,50,17,24,40,33,53,7,8,26,36,45,16,23,27,52,10,15,18,39,1,30,19,41,48,34,47,2,5,9,43,49,54,4,46,3,21,37,51,0,14,38,11,13,32],"type":"read_ok"}}
2024/05/28 16:04:25 Received {c2 n0 {"type":"broadcast","message":55,"msg_id":118}}
2024/05/28 16:04:25 Got the message 55
2024/05/28 16:04:25 Sent {"src":"n0","dest":"c2","body":{"in_reply_to":118,"type":"broadcast_ok"}}
2024/05/28 16:04:25 Received {c2 n0 {"type":"broadcast","message":56,"msg_id":119}}
2024/05/28 16:04:25 Got the message 56
2024/05/28 16:04:25 Sent {"src":"n0","dest":"c2","body":{"in_reply_to":119,"type":"broadcast_ok"}}
2024/05/28 16:04:25 Received {c2 n0 {"type":"read","msg_id":120}}
2024/05/28 16:04:25 Sent {"src":"n0","dest":"c2","body":{"in_reply_to":120,"messages":[29,35,55,12,22,25,50,6,31,44,17,24,40,33,53,36,45,7,8,26,52,16,23,27,39,10,15,18,1,30,19,41,48,34,47,43,49,54,2,5,9,4,46,56,51,3,21,37,0,14,38,11,13,32,20,28,42],"type":"read_ok"}}
2024/05/28 16:04:25 Received {c2 n0 {"type":"read","msg_id":121}}
2024/05/28 16:04:25 Sent {"src":"n0","dest":"c2","body":{"in_reply_to":121,"messages":[19,41,48,34,47,2,5,9,43,49,54,4,46,56,3,21,37,51,0,14,38,11,13,32,20,28,42,12,22,25,29,35,55,6,31,44,50,17,24,40,33,53,7,8,26,36,45,16,23,27,52,10,15,18,39,1,30],"type":"read_ok"}}
2024/05/28 16:04:25 Received {c2 n0 {"type":"read","msg_id":122}}
2024/05/28 16:04:25 Sent {"src":"n0","dest":"c2","body":{"in_reply_to":122,"messages":[2,5,9,43,49,54,4,46,56,3,21,37,51,0,14,38,11,13,32,20,28,42,12,22,25,29,35,55,6,31,44,50,17,24,40,33,53,7,8,26,36,45,16,23,27,52,10,15,18,39,1,30,19,41,48,34,47],"type":"read_ok"}}
2024/05/28 16:04:25 Received {c2 n0 {"type":"read","msg_id":123}}
2024/05/28 16:04:25 Sent {"src":"n0","dest":"c2","body":{"in_reply_to":123,"messages":[1,30,19,41,48,34,47,2,5,9,43,49,54,4,46,56,3,21,37,51,0,14,38,11,13,32,20,28,42,12,22,25,29,35,55,6,31,44,50,17,24,40,33,53,7,8,26,36,45,16,23,27,52,10,15,18,39],"type":"read_ok"}}
2024/05/28 16:04:26 Received {c2 n0 {"type":"broadcast","message":57,"msg_id":124}}
2024/05/28 16:04:26 Got the message 57
2024/05/28 16:04:26 Sent {"src":"n0","dest":"c2","body":{"in_reply_to":124,"type":"broadcast_ok"}}
2024/05/28 16:04:26 Received {c2 n0 {"type":"read","msg_id":125}}
2024/05/28 16:04:26 Sent {"src":"n0","dest":"c2","body":{"in_reply_to":125,"messages":[16,23,27,52,10,15,18,39,1,30,19,41,48,34,47,54,57,2,5,9,43,49,4,46,56,3,21,37,51,0,14,38,11,13,32,20,28,42,55,12,22,25,29,35,6,31,44,50,17,24,40,33,53,7,8,26,36,45],"type":"read_ok"}}
2024/05/28 16:04:26 Received {c2 n0 {"type":"read","msg_id":126}}
2024/05/28 16:04:26 Sent {"src":"n0","dest":"c2","body":{"in_reply_to":126,"messages":[34,47,49,54,57,2,5,9,43,4,46,56,3,21,37,51,0,14,38,11,13,32,20,28,42,35,55,12,22,25,29,6,31,44,50,17,24,40,33,53,45,7,8,26,36,16,23,27,52,10,15,18,39,1,30,19,41,48],"type":"read_ok"}}
2024/05/28 16:04:26 Received {c2 n0 {"type":"read","msg_id":127}}
2024/05/28 16:04:26 Sent {"src":"n0","dest":"c2","body":{"in_reply_to":127,"messages":[3,21,37,51,0,14,38,11,13,32,20,28,42,35,55,12,22,25,29,6,31,44,50,17,24,40,33,53,45,7,8,26,36,16,23,27,52,10,15,18,39,1,30,19,41,48,34,47,49,54,57,2,5,9,43,4,46,56],"type":"read_ok"}}
2024/05/28 16:04:26 Received {c2 n0 {"type":"broadcast","message":58,"msg_id":128}}
2024/05/28 16:04:26 Got the message 58
2024/05/28 16:04:26 Sent {"src":"n0","dest":"c2","body":{"in_reply_to":128,"type":"broadcast_ok"}}
2024/05/28 16:04:26 Received {c2 n0 {"type":"read","msg_id":129}}
2024/05/28 16:04:26 Sent {"src":"n0","dest":"c2","body":{"in_reply_to":129,"messages":[54,57,2,5,9,43,49,4,46,56,3,21,37,51,0,14,38,11,13,32,20,28,42,55,12,22,25,29,35,6,31,44,50,17,24,40,33,53,7,8,26,36,45,16,23,27,52,58,10,15,18,39,1,30,19,41,48,34,47],"type":"read_ok"}}
2024/05/28 16:04:26 Received {c2 n0 {"type":"read","msg_id":130}}
2024/05/28 16:04:26 Sent {"src":"n0","dest":"c2","body":{"in_reply_to":130,"messages":[4,46,56,51,3,21,37,0,14,38,11,13,32,20,28,42,29,35,55,12,22,25,50,6,31,44,17,24,40,33,53,36,45,7,8,26,52,58,16,23,27,39,10,15,18,1,30,19,41,48,34,47,43,49,54,57,2,5,9],"type":"read_ok"}}
2024/05/28 16:04:26 Received {c2 n0 {"type":"read","msg_id":131}}
2024/05/28 16:04:26 Sent {"src":"n0","dest":"c2","body":{"in_reply_to":131,"messages":[1,30,19,41,48,34,47,2,5,9,43,49,54,57,4,46,56,3,21,37,51,0,14,38,11,13,32,20,28,42,12,22,25,29,35,55,6,31,44,50,17,24,40,33,53,7,8,26,36,45,16,23,27,52,58,10,15,18,39],"type":"read_ok"}}
2024/05/28 16:04:26 Received {c2 n0 {"type":"broadcast","message":59,"msg_id":132}}
2024/05/28 16:04:26 Got the message 59
2024/05/28 16:04:26 Sent {"src":"n0","dest":"c2","body":{"in_reply_to":132,"type":"broadcast_ok"}}
2024/05/28 16:04:26 Received {c2 n0 {"type":"read","msg_id":133}}
2024/05/28 16:04:26 Sent {"src":"n0","dest":"c2","body":{"in_reply_to":133,"messages":[41,48,19,47,34,5,9,43,49,54,57,2,46,56,4,21,37,51,3,14,38,0,13,32,11,28,42,20,22,25,29,35,55,12,31,44,50,6,24,40,17,53,33,8,26,36,45,59,7,23,27,52,58,16,15,18,39,10,30,1],"type":"read_ok"}}
2024/05/28 16:04:27 Received {c2 n0 {"type":"broadcast","message":60,"msg_id":134}}
2024/05/28 16:04:27 Got the message 60
2024/05/28 16:04:27 Sent {"src":"n0","dest":"c2","body":{"in_reply_to":134,"type":"broadcast_ok"}}
2024/05/28 16:04:27 Received {c2 n0 {"type":"broadcast","message":61,"msg_id":135}}
2024/05/28 16:04:27 Got the message 61
2024/05/28 16:04:27 Sent {"src":"n0","dest":"c2","body":{"in_reply_to":135,"type":"broadcast_ok"}}
2024/05/28 16:04:27 Received {c2 n0 {"type":"read","msg_id":136}}
2024/05/28 16:04:27 Sent {"src":"n0","dest":"c2","body":{"in_reply_to":136,"messages":[1,30,19,41,48,34,47,61,54,57,2,5,9,43,49,4,46,56,3,21,37,51,0,14,38,11,13,32,20,28,42,55,12,22,25,29,35,6,31,44,50,17,24,40,33,53,59,7,8,26,36,45,60,16,23,27,52,58,10,15,18,39],"type":"read_ok"}}
2024/05/28 16:04:27 Received {c2 n0 {"type":"broadcast","message":62,"msg_id":137}}
2024/05/28 16:04:27 Got the message 62
2024/05/28 16:04:27 Sent {"src":"n0","dest":"c2","body":{"in_reply_to":137,"type":"broadcast_ok"}}
2024/05/28 16:04:27 Received {c2 n0 {"type":"broadcast","message":63,"msg_id":138}}
2024/05/28 16:04:27 Got the message 63
2024/05/28 16:04:27 Sent {"src":"n0","dest":"c2","body":{"in_reply_to":138,"type":"broadcast_ok"}}
2024/05/28 16:04:27 Received {c2 n0 {"type":"read","msg_id":139}}
2024/05/28 16:04:27 Sent {"src":"n0","dest":"c2","body":{"in_reply_to":139,"messages":[5,9,43,49,54,57,2,46,56,63,4,21,37,51,3,14,38,0,13,32,62,11,28,42,20,22,25,29,35,55,12,31,44,50,6,24,40,17,53,33,8,26,36,45,59,7,23,27,52,58,60,16,15,18,39,10,30,1,41,48,19,47,61,34],"type":"read_ok"}}
2024/05/28 16:04:27 Received {c2 n0 {"type":"read","msg_id":140}}
2024/05/28 16:04:27 Sent {"src":"n0","dest":"c2","body":{"in_reply_to":140,"messages":[20,28,42,29,35,55,12,22,25,50,6,31,44,17,24,40,33,53,36,45,59,7,8,26,52,58,60,16,23,27,39,10,15,18,1,30,19,41,48,34,47,61,43,49,54,57,2,5,9,63,4,46,56,51,3,21,37,0,14,38,62,11,13,32],"type":"read_ok"}}
2024/05/28 16:04:27 Received {c2 n0 {"type":"broadcast","message":64,"msg_id":141}}
2024/05/28 16:04:27 Got the message 64
2024/05/28 16:04:27 Sent {"src":"n0","dest":"c2","body":{"in_reply_to":141,"type":"broadcast_ok"}}
2024/05/28 16:04:27 Received {c2 n0 {"type":"read","msg_id":142}}
2024/05/28 16:04:27 Sent {"src":"n0","dest":"c2","body":{"in_reply_to":142,"messages":[51,3,21,37,0,14,38,62,11,13,32,20,28,42,29,35,55,12,22,25,50,64,6,31,44,17,24,40,33,53,36,45,59,7,8,26,52,58,60,16,23,27,39,10,15,18,1,30,19,41,48,34,47,61,43,49,54,57,2,5,9,63,4,46,56],"type":"read_ok"}}
2024/05/28 16:04:27 Received {c2 n0 {"type":"broadcast","message":65,"msg_id":143}}
2024/05/28 16:04:27 Got the message 65
2024/05/28 16:04:27 Sent {"src":"n0","dest":"c2","body":{"in_reply_to":143,"type":"broadcast_ok"}}
2024/05/28 16:04:28 Received {c2 n0 {"type":"broadcast","message":66,"msg_id":144}}
2024/05/28 16:04:28 Got the message 66
2024/05/28 16:04:28 Sent {"src":"n0","dest":"c2","body":{"in_reply_to":144,"type":"broadcast_ok"}}
2024/05/28 16:04:28 Received {c2 n0 {"type":"read","msg_id":145}}
2024/05/28 16:04:28 Sent {"src":"n0","dest":"c2","body":{"in_reply_to":145,"messages":[11,13,32,62,20,28,42,35,55,12,22,25,29,64,6,31,44,50,17,24,40,65,33,53,45,59,7,8,26,36,58,60,66,16,23,27,52,10,15,18,39,1,30,19,41,48,34,47,61,49,54,57,2,5,9,43,4,46,56,63,3,21,37,51,0,14,38],"type":"read_ok"}}
2024/05/28 16:04:28 Received {c2 n0 {"type":"broadcast","message":67,"msg_id":146}}
2024/05/28 16:04:28 Got the message 67
2024/05/28 16:04:28 Sent {"src":"n0","dest":"c2","body":{"in_reply_to":146,"type":"broadcast_ok"}}
2024/05/28 16:04:28 Received {c2 n0 {"type":"broadcast","message":68,"msg_id":147}}
2024/05/28 16:04:28 Got the message 68
2024/05/28 16:04:28 Sent {"src":"n0","dest":"c2","body":{"in_reply_to":147,"type":"broadcast_ok"}}
2024/05/28 16:04:28 Received {c2 n0 {"type":"broadcast","message":69,"msg_id":148}}
2024/05/28 16:04:28 Got the message 69
2024/05/28 16:04:28 Sent {"src":"n0","dest":"c2","body":{"in_reply_to":148,"type":"broadcast_ok"}}
2024/05/28 16:04:28 Received {c2 n0 {"type":"broadcast","message":70,"msg_id":149}}
2024/05/28 16:04:28 Got the message 70
2024/05/28 16:04:28 Sent {"src":"n0","dest":"c2","body":{"in_reply_to":149,"type":"broadcast_ok"}}
2024/05/28 16:04:28 Received {c2 n0 {"type":"broadcast","message":71,"msg_id":150}}
2024/05/28 16:04:28 Got the message 71
2024/05/28 16:04:28 Sent {"src":"n0","dest":"c2","body":{"in_reply_to":150,"type":"broadcast_ok"}}
2024/05/28 16:04:28 Received {c2 n0 {"type":"broadcast","message":72,"msg_id":151}}
2024/05/28 16:04:28 Got the message 72
2024/05/28 16:04:28 Sent {"src":"n0","dest":"c2","body":{"in_reply_to":151,"type":"broadcast_ok"}}
2024/05/28 16:04:28 Received {c2 n0 {"type":"broadcast","message":73,"msg_id":152}}
2024/05/28 16:04:28 Got the message 73
2024/05/28 16:04:28 Sent {"src":"n0","dest":"c2","body":{"in_reply_to":152,"type":"broadcast_ok"}}
2024/05/28 16:04:28 Received {c2 n0 {"type":"read","msg_id":153}}
2024/05/28 16:04:28 Sent {"src":"n0","dest":"c2","body":{"in_reply_to":153,"messages":[11,13,32,62,20,28,42,12,22,25,29,35,55,67,6,31,44,50,64,68,70,17,24,40,65,33,53,73,7,8,26,36,45,59,16,23,27,52,58,60,66,10,15,18,39,1,30,71,19,41,48,69,34,47,61,2,5,9,43,49,54,57,4,46,56,63,72,3,21,37,51,0,14,38],"type":"read_ok"}}
2024/05/28 16:04:28 Received {c2 n0 {"type":"broadcast","message":74,"msg_id":154}}
2024/05/28 16:04:28 Got the message 74
2024/05/28 16:04:28 Sent {"src":"n0","dest":"c2","body":{"in_reply_to":154,"type":"broadcast_ok"}}
2024/05/28 16:04:28 Received {c2 n0 {"type":"broadcast","message":75,"msg_id":155}}
2024/05/28 16:04:28 Got the message 75
2024/05/28 16:04:28 Sent {"src":"n0","dest":"c2","body":{"in_reply_to":155,"type":"broadcast_ok"}}
2024/05/28 16:04:29 Received {c2 n0 {"type":"broadcast","message":76,"msg_id":156}}
2024/05/28 16:04:29 Got the message 76
2024/05/28 16:04:29 Sent {"src":"n0","dest":"c2","body":{"in_reply_to":156,"type":"broadcast_ok"}}
2024/05/28 16:04:29 Received {c2 n0 {"type":"broadcast","message":77,"msg_id":157}}
2024/05/28 16:04:29 Got the message 77
2024/05/28 16:04:29 Sent {"src":"n0","dest":"c2","body":{"in_reply_to":157,"type":"broadcast_ok"}}
2024/05/28 16:04:29 Received {c2 n0 {"type":"broadcast","message":78,"msg_id":158}}
2024/05/28 16:04:29 Got the message 78
2024/05/28 16:04:29 Sent {"src":"n0","dest":"c2","body":{"in_reply_to":158,"type":"broadcast_ok"}}
2024/05/28 16:04:29 Received {c2 n0 {"type":"read","msg_id":159}}
2024/05/28 16:04:29 Sent {"src":"n0","dest":"c2","body":{"in_reply_to":159,"messages":[11,13,32,62,74,20,28,42,78,67,12,22,25,29,35,55,70,6,31,44,50,64,68,17,24,40,65,33,53,73,75,7,8,26,36,45,59,66,16,23,27,52,58,60,10,15,18,39,1,30,71,77,19,41,48,69,76,34,47,61,57,2,5,9,43,49,54,4,46,56,63,72,3,21,37,51,0,14,38],"type":"read_ok"}}
2024/05/28 16:04:29 Received {c2 n0 {"type":"broadcast","message":79,"msg_id":160}}
2024/05/28 16:04:29 Got the message 79
2024/05/28 16:04:29 Sent {"src":"n0","dest":"c2","body":{"in_reply_to":160,"type":"broadcast_ok"}}
2024/05/28 16:04:29 Received {c2 n0 {"type":"broadcast","message":80,"msg_id":161}}
2024/05/28 16:04:29 Got the message 80
2024/05/28 16:04:29 Sent {"src":"n0","dest":"c2","body":{"in_reply_to":161,"type":"broadcast_ok"}}
2024/05/28 16:04:29 Received {c2 n0 {"type":"broadcast","message":81,"msg_id":162}}
2024/05/28 16:04:29 Got the message 81
2024/05/28 16:04:29 Sent {"src":"n0","dest":"c2","body":{"in_reply_to":162,"type":"broadcast_ok"}}
2024/05/28 16:04:29 Received {c2 n0 {"type":"broadcast","message":82,"msg_id":163}}
2024/05/28 16:04:29 Got the message 82
2024/05/28 16:04:29 Sent {"src":"n0","dest":"c2","body":{"in_reply_to":163,"type":"broadcast_ok"}}
2024/05/28 16:04:29 Received {c2 n0 {"type":"read","msg_id":164}}
2024/05/28 16:04:29 Sent {"src":"n0","dest":"c2","body":{"in_reply_to":164,"messages":[54,57,2,5,9,43,49,4,46,56,63,72,3,21,37,51,0,14,38,11,13,32,62,74,20,28,42,78,79,55,67,80,12,22,25,29,35,68,70,6,31,44,50,64,17,24,40,65,81,33,53,73,75,59,82,7,8,26,36,45,60,66,16,23,27,52,58,10,15,18,39,1,30,71,77,19,41,48,69,76,34,47,61],"type":"read_ok"}}
2024/05/28 16:04:29 Received {c2 n0 {"type":"broadcast","message":83,"msg_id":165}}
2024/05/28 16:04:29 Got the message 83
2024/05/28 16:04:29 Sent {"src":"n0","dest":"c2","body":{"in_reply_to":165,"type":"broadcast_ok"}}
2024/05/28 16:04:29 Received {c2 n0 {"type":"broadcast","message":84,"msg_id":166}}
2024/05/28 16:04:29 Got the message 84
2024/05/28 16:04:29 Sent {"src":"n0","dest":"c2","body":{"in_reply_to":166,"type":"broadcast_ok"}}
2024/05/28 16:04:29 Received {c2 n0 {"type":"read","msg_id":167}}
2024/05/28 16:04:29 Sent {"src":"n0","dest":"c2","body":{"in_reply_to":167,"messages":[1,30,71,77,19,41,48,69,76,34,47,61,54,57,83,2,5,9,43,49,4,46,56,63,72,3,21,37,51,0,14,38,11,13,32,62,74,20,28,42,78,79,55,67,80,12,22,25,29,35,68,70,84,6,31,44,50,64,17,24,40,65,81,33,53,73,75,59,82,7,8,26,36,45,60,66,16,23,27,52,58,10,15,18,39],"type":"read_ok"}}
2024/05/28 16:04:30 Received {c2 n0 {"type":"broadcast","message":85,"msg_id":168}}
2024/05/28 16:04:30 Got the message 85
2024/05/28 16:04:30 Sent {"src":"n0","dest":"c2","body":{"in_reply_to":168,"type":"broadcast_ok"}}
2024/05/28 16:04:30 Received {c2 n0 {"type":"broadcast","message":86,"msg_id":169}}
2024/05/28 16:04:30 Got the message 86
2024/05/28 16:04:30 Sent {"src":"n0","dest":"c2","body":{"in_reply_to":169,"type":"broadcast_ok"}}
2024/05/28 16:04:30 Received {c2 n0 {"type":"broadcast","message":87,"msg_id":170}}
2024/05/28 16:04:30 Got the message 87
2024/05/28 16:04:30 Sent {"src":"n0","dest":"c2","body":{"in_reply_to":170,"type":"broadcast_ok"}}
2024/05/28 16:04:30 Received {c2 n0 {"type":"broadcast","message":88,"msg_id":171}}
2024/05/28 16:04:30 Got the message 88
2024/05/28 16:04:30 Sent {"src":"n0","dest":"c2","body":{"in_reply_to":171,"type":"broadcast_ok"}}
2024/05/28 16:04:30 Received {c2 n0 {"type":"broadcast","message":89,"msg_id":172}}
2024/05/28 16:04:30 Got the message 89
2024/05/28 16:04:30 Sent {"src":"n0","dest":"c2","body":{"in_reply_to":172,"type":"broadcast_ok"}}
2024/05/28 16:04:30 Received {c2 n0 {"type":"read","msg_id":173}}
2024/05/28 16:04:30 Sent {"src":"n0","dest":"c2","body":{"in_reply_to":173,"messages":[20,28,42,78,79,55,67,80,12,22,25,29,35,68,70,84,6,31,44,50,64,17,24,40,65,81,33,53,73,75,89,59,82,85,7,8,26,36,45,60,66,16,23,27,52,58,10,15,18,39,88,1,30,71,77,19,41,48,69,76,34,47,61,54,57,83,2,5,9,43,49,86,4,46,56,63,72,3,21,37,51,0,14,38,87,11,13,32,62,74],"type":"read_ok"}}
2024/05/28 16:04:30 Received {c2 n0 {"type":"read","msg_id":174}}
2024/05/28 16:04:30 Sent {"src":"n0","dest":"c2","body":{"in_reply_to":174,"messages":[20,28,42,78,79,80,12,22,25,29,35,55,67,84,6,31,44,50,64,68,70,17,24,40,65,81,33,53,73,75,89,85,7,8,26,36,45,59,82,16,23,27,52,58,60,66,10,15,18,39,88,1,30,71,77,19,41,48,69,76,34,47,61,83,2,5,9,43,49,54,57,86,4,46,56,63,72,3,21,37,51,0,14,38,11,13,32,62,74,87],"type":"read_ok"}}
2024/05/28 16:04:30 Received {c2 n0 {"type":"broadcast","message":90,"msg_id":175}}
2024/05/28 16:04:30 Got the message 90
2024/05/28 16:04:30 Sent {"src":"n0","dest":"c2","body":{"in_reply_to":175,"type":"broadcast_ok"}}
2024/05/28 16:04:31 Received {c2 n0 {"type":"broadcast","message":91,"msg_id":176}}
2024/05/28 16:04:31 Got the message 91
2024/05/28 16:04:31 Sent {"src":"n0","dest":"c2","body":{"in_reply_to":176,"type":"broadcast_ok"}}
2024/05/28 16:04:31 Received {c2 n0 {"type":"broadcast","message":92,"msg_id":177}}
2024/05/28 16:04:31 Got the message 92
2024/05/28 16:04:31 Sent {"src":"n0","dest":"c2","body":{"in_reply_to":177,"type":"broadcast_ok"}}
2024/05/28 16:04:31 Received {c2 n0 {"type":"broadcast","message":93,"msg_id":178}}
2024/05/28 16:04:31 Got the message 93
2024/05/28 16:04:31 Sent {"src":"n0","dest":"c2","body":{"in_reply_to":178,"type":"broadcast_ok"}}
2024/05/28 16:04:31 Received {c2 n0 {"type":"broadcast","message":94,"msg_id":179}}
2024/05/28 16:04:31 Got the message 94
2024/05/28 16:04:31 Sent {"src":"n0","dest":"c2","body":{"in_reply_to":179,"type":"broadcast_ok"}}
2024/05/28 16:04:31 Received {c2 n0 {"type":"read","msg_id":180}}
2024/05/28 16:04:31 Sent {"src":"n0","dest":"c2","body":{"in_reply_to":180,"messages":[84,6,31,44,50,64,68,70,17,24,40,65,81,94,33,53,73,75,89,91,92,85,7,8,26,36,45,59,82,16,23,27,52,58,60,66,10,15,18,39,88,1,30,71,77,19,41,48,69,76,34,47,61,90,83,2,5,9,43,49,54,57,86,4,46,56,63,72,3,21,37,51,0,14,38,93,11,13,32,62,74,87,20,28,42,78,79,80,12,22,25,29,35,55,67],"type":"read_ok"}}
2024/05/28 16:04:31 Received {c2 n0 {"type":"read","msg_id":181}}
2024/05/28 16:04:31 Sent {"src":"n0","dest":"c2","body":{"in_reply_to":181,"messages":[93,0,14,38,62,74,87,11,13,32,78,79,20,28,42,29,35,55,67,80,12,22,25,50,64,68,70,84,6,31,44,65,81,17,24,40,75,89,91,92,94,33,53,73,36,45,59,82,85,7,8,26,52,58,60,66,16,23,27,39,88,10,15,18,77,1,30,71,69,76,19,41,48,90,34,47,61,43,49,54,57,83,2,5,9,86,63,72,4,46,56,51,3,21,37],"type":"read_ok"}}
2024/05/28 16:04:31 Received {c2 n0 {"type":"broadcast","message":95,"msg_id":182}}
2024/05/28 16:04:31 Got the message 95
2024/05/28 16:04:31 Sent {"src":"n0","dest":"c2","body":{"in_reply_to":182,"type":"broadcast_ok"}}
2024/05/28 16:04:31 Received {c2 n0 {"type":"broadcast","message":96,"msg_id":183}}
2024/05/28 16:04:31 Got the message 96
2024/05/28 16:04:31 Sent {"src":"n0","dest":"c2","body":{"in_reply_to":183,"type":"broadcast_ok"}}
2024/05/28 16:04:31 Received {c2 n0 {"type":"read","msg_id":184}}
2024/05/28 16:04:31 Sent {"src":"n0","dest":"c2","body":{"in_reply_to":184,"messages":[3,21,37,51,0,14,38,93,74,87,11,13,32,62,79,20,28,42,78,35,55,67,80,12,22,25,29,64,68,70,84,6,31,44,50,81,95,17,24,40,65,89,91,92,94,33,53,73,75,45,59,82,85,7,8,26,36,58,60,66,96,16,23,27,52,88,10,15,18,39,1,30,71,77,76,19,41,48,69,34,47,61,90,49,54,57,83,2,5,9,43,86,72,4,46,56,63],"type":"read_ok"}}
2024/05/28 16:04:32 Received {c2 n0 {"type":"broadcast","message":97,"msg_id":185}}
2024/05/28 16:04:32 Got the message 97
2024/05/28 16:04:32 Sent {"src":"n0","dest":"c2","body":{"in_reply_to":185,"type":"broadcast_ok"}}
2024/05/28 16:04:32 Received {c2 n0 {"type":"broadcast","message":98,"msg_id":186}}
2024/05/28 16:04:32 Got the message 98
2024/05/28 16:04:32 Sent {"src":"n0","dest":"c2","body":{"in_reply_to":186,"type":"broadcast_ok"}}
2024/05/28 16:04:32 Received {c2 n0 {"type":"read","msg_id":187}}
2024/05/28 16:04:32 Sent {"src":"n0","dest":"c2","body":{"in_reply_to":187,"messages":[33,53,73,75,89,91,92,94,7,8,26,36,45,59,82,85,16,23,27,52,58,60,66,96,10,15,18,39,88,1,30,71,77,19,41,48,69,76,98,34,47,61,90,2,5,9,43,49,54,57,83,86,4,46,56,63,72,3,21,37,51,0,14,38,93,11,13,32,62,74,87,97,20,28,42,78,79,12,22,25,29,35,55,67,80,6,31,44,50,64,68,70,84,17,24,40,65,81,95],"type":"read_ok"}}
2024/05/28 16:04:32 Received {c2 n0 {"type":"read","msg_id":188}}
2024/05/28 16:04:32 Sent {"src":"n0","dest":"c2","body":{"in_reply_to":188,"messages":[94,33,53,73,75,89,91,92,85,7,8,26,36,45,59,82,96,16,23,27,52,58,60,66,10,15,18,39,88,1,30,71,77,19,41,48,69,76,98,34,47,61,90,83,2,5,9,43,49,54,57,86,4,46,56,63,72,3,21,37,51,0,14,38,93,11,13,32,62,74,87,97,20,28,42,78,79,80,12,22,25,29,35,55,67,84,6,31,44,50,64,68,70,17,24,40,65,81,95],"type":"read_ok"}}
2024/05/28 16:04:32 Received {c2 n0 {"type":"broadcast","message":99,"msg_id":189}}
2024/05/28 16:04:32 Got the message 99
2024/05/28 16:04:32 Sent {"src":"n0","dest":"c2","body":{"in_reply_to":189,"type":"broadcast_ok"}}
2024/05/28 16:04:32 Received {c2 n0 {"type":"broadcast","message":100,"msg_id":190}}
2024/05/28 16:04:32 Got the message 100
2024/05/28 16:04:32 Sent {"src":"n0","dest":"c2","body":{"in_reply_to":190,"type":"broadcast_ok"}}
2024/05/28 16:04:32 Received {c2 n0 {"type":"read","msg_id":191}}
2024/05/28 16:04:32 Sent {"src":"n0","dest":"c2","body":{"in_reply_to":191,"messages":[20,28,42,78,79,100,12,22,25,29,35,55,67,80,6,31,44,50,64,68,70,84,17,24,40,65,81,95,33,53,73,75,89,91,92,94,7,8,26,36,45,59,82,85,16,23,27,52,58,60,66,96,10,15,18,39,88,1,30,71,77,19,41,48,69,76,98,34,47,61,90,2,5,9,43,49,54,57,83,86,4,46,56,63,72,3,21,37,51,0,14,38,93,99,11,13,32,62,74,87,97],"type":"read_ok"}}
2024/05/28 16:04:32 Received {c2 n0 {"type":"broadcast","message":101,"msg_id":192}}
2024/05/28 16:04:32 Got the message 101
2024/05/28 16:04:32 Sent {"src":"n0","dest":"c2","body":{"in_reply_to":192,"type":"broadcast_ok"}}
2024/05/28 16:04:32 Received {c2 n0 {"type":"broadcast","message":102,"msg_id":193}}
2024/05/28 16:04:32 Got the message 102
2024/05/28 16:04:32 Sent {"src":"n0","dest":"c2","body":{"in_reply_to":193,"type":"broadcast_ok"}}
2024/05/28 16:04:32 Received {c2 n0 {"type":"read","msg_id":194}}
2024/05/28 16:04:32 Sent {"src":"n0","dest":"c2","body":{"in_reply_to":194,"messages":[37,51,3,21,38,93,99,0,14,32,62,74,87,97,101,11,13,42,78,79,100,20,28,25,29,35,55,67,80,12,22,102,44,50,64,68,70,84,6,31,40,65,81,95,17,24,73,75,89,91,92,94,33,53,26,36,45,59,82,85,7,8,27,52,58,60,66,96,16,23,18,39,88,10,15,71,77,1,30,48,69,76,98,19,41,61,90,34,47,9,43,49,54,57,83,2,5,86,56,63,72,4,46],"type":"read_ok"}}
2024/05/28 16:04:32 Received {c2 n0 {"type":"read","msg_id":195}}
2024/05/28 16:04:32 Sent {"src":"n0","dest":"c2","body":{"in_reply_to":195,"messages":[0,14,38,93,99,87,97,101,11,13,32,62,74,100,20,28,42,78,79,55,67,80,12,22,25,29,35,102,68,70,84,6,31,44,50,64,95,17,24,40,65,81,91,92,94,33,53,73,75,89,59,82,85,7,8,26,36,45,60,66,96,16,23,27,52,58,10,15,18,39,88,1,30,71,77,98,19,41,48,69,76,34,47,61,90,54,57,83,2,5,9,43,49,86,4,46,56,63,72,3,21,37,51],"type":"read_ok"}}
2024/05/28 16:04:32 Received {c2 n0 {"type":"read","msg_id":196}}
2024/05/28 16:04:32 Sent {"src":"n0","dest":"c2","body":{"in_reply_to":196,"messages":[56,63,72,4,46,37,51,3,21,38,93,99,0,14,32,62,74,87,97,101,11,13,42,78,79,100,20,28,25,29,35,55,67,80,12,22,102,44,50,64,68,70,84,6,31,40,65,81,95,17,24,73,75,89,91,92,94,33,53,26,36,45,59,82,85,7,8,27,52,58,60,66,96,16,23,18,39,88,10,15,71,77,1,30,48,69,76,98,19,41,61,90,34,47,9,43,49,54,57,83,2,5,86],"type":"read_ok"}}
2024/05/28 16:04:32 Received {c2 n0 {"type":"broadcast","message":103,"msg_id":197}}
2024/05/28 16:04:32 Got the message 103
2024/05/28 16:04:32 Sent {"src":"n0","dest":"c2","body":{"in_reply_to":197,"type":"broadcast_ok"}}
2024/05/28 16:04:33 Received {c2 n0 {"type":"read","msg_id":198}}
2024/05/28 16:04:33 Sent {"src":"n0","dest":"c2","body":{"in_reply_to":198,"messages":[3,21,37,51,0,14,38,93,99,11,13,32,62,74,87,97,101,20,28,42,78,79,100,12,22,25,29,35,55,67,80,102,6,31,44,50,64,68,70,84,17,24,40,65,81,95,33,53,73,75,89,91,92,94,7,8,26,36,45,59,82,85,103,16,23,27,52,58,60,66,96,10,15,18,39,88,1,30,71,77,19,41,48,69,76,98,34,47,61,90,2,5,9,43,49,54,57,83,86,4,46,56,63,72],"type":"read_ok"}}
2024/05/28 16:04:33 Received {c2 n0 {"type":"read","msg_id":199}}
2024/05/28 16:04:33 Sent {"src":"n0","dest":"c2","body":{"in_reply_to":199,"messages":[94,33,53,73,75,89,91,92,85,7,8,26,36,45,59,82,103,96,16,23,27,52,58,60,66,10,15,18,39,88,1,30,71,77,19,41,48,69,76,98,34,47,61,90,83,2,5,9,43,49,54,57,86,4,46,56,63,72,3,21,37,51,0,14,38,93,99,101,11,13,32,62,74,87,97,20,28,42,78,79,100,80,12,22,25,29,35,55,67,102,84,6,31,44,50,64,68,70,17,24,40,65,81,95],"type":"read_ok"}}
2024/05/28 16:04:33 Received {c2 n0 {"type":"broadcast","message":104,"msg_id":200}}
2024/05/28 16:04:33 Got the message 104
2024/05/28 16:04:33 Sent {"src":"n0","dest":"c2","body":{"in_reply_to":200,"type":"broadcast_ok"}}
2024/05/28 16:04:33 Received {c2 n0 {"type":"read","msg_id":201}}
2024/05/28 16:04:33 Sent {"src":"n0","dest":"c2","body":{"in_reply_to":201,"messages":[37,3,38,93,99,0,62,74,87,97,11,78,79,100,20,25,67,12,102,44,68,70,6,24,40,95,53,75,94,33,8,26,45,103,52,58,66,16,15,18,10,71,77,1,69,76,47,61,90,43,54,83,86,56,72,21,51,14,13,32,101,28,42,22,29,35,55,80,50,64,84,31,65,81,17,89,91,92,104,73,36,59,82,85,7,23,27,60,96,39,88,30,41,48,98,19,34,5,9,49,57,2,46,63,4],"type":"read_ok"}}
2024/05/28 16:04:43 Received {c2 n0 {"type":"read","msg_id":202}}
2024/05/28 16:04:43 Sent {"src":"n0","dest":"c2","body":{"in_reply_to":202,"messages":[34,2,5,9,49,57,4,46,63,3,37,0,38,93,99,11,62,74,87,97,20,78,79,100,12,25,67,102,6,44,68,70,24,40,95,33,53,75,94,8,26,45,103,16,52,58,66,10,15,18,1,71,77,69,76,47,61,90,83,43,54,86,56,72,21,51,14,101,13,32,28,42,80,22,29,35,55,31,50,64,84,17,65,81,73,89,91,92,104,85,7,36,59,82,96,23,27,60,39,88,30,19,41,48,98],"type":"read_ok"}}
