2024-05-28 18:24:19,830{GMT}	INFO	[jepsen test runner] jepsen.core: Test version f19d6895eaa3eba773e51eb5b24e354b1e4d4246 (plus uncommitted changes)
2024-05-28 18:24:19,830{GMT}	INFO	[jepsen test runner] jepsen.core: Command line:
lein run test -w broadcast --bin /Users/garrettbodley/go/bin/maelstrom-broadcast --node-count 5 --time-limit 20 --rate 10
2024-05-28 18:24:19,922{GMT}	INFO	[jepsen test runner] jepsen.core: Running test:
{:args []
 :remote
 #jepsen.control.retry.Remote{:remote #jepsen.control.scp.Remote{:cmd-remote #jepsen.control.sshj.SSHJRemote{:concurrency-limit 6,
                                                                                                             :conn-spec nil,
                                                                                                             :client nil,
                                                                                                             :semaphore nil},
                                                                 :conn-spec nil},
                              :conn nil}
 :log-net-send false
 :node-count 5
 :availability nil
 :max-txn-length 4
 :concurrency 5
 :db
 #object[maelstrom.db$db$reify__16142
         "0x307ca947"
         "maelstrom.db$db$reify__16142@307ca947"]
 :max-writes-per-key 16
 :leave-db-running? false
 :name "broadcast"
 :logging-json? false
 :start-time
 #object[org.joda.time.DateTime "0x61fb3dae" "2024-05-28T18:24:19.792-04:00"]
 :nemesis-interval 10
 :net
 #object[maelstrom.net$jepsen_net$reify__15251
         "0x9c88323"
         "maelstrom.net$jepsen_net$reify__15251@9c88323"]
 :client
 #object[maelstrom.workload.broadcast$client$reify__16644
         "0x6d4bdb75"
         "maelstrom.workload.broadcast$client$reify__16644@6d4bdb75"]
 :barrier
 #object[java.util.concurrent.CyclicBarrier
         "0x1dc47df3"
         "java.util.concurrent.CyclicBarrier@1dc47df3"]
 :log-stderr false
 :pure-generators true
 :ssh {:dummy? true}
 :rate 10.0
 :checker
 #object[jepsen.checker$compose$reify__11881
         "0x256a25a8"
         "jepsen.checker$compose$reify__11881@256a25a8"]
 :argv
 ("test"
  "-w"
  "broadcast"
  "--bin"
  "/Users/garrettbodley/go/bin/maelstrom-broadcast"
  "--node-count"
  "5"
  "--time-limit"
  "20"
  "--rate"
  "10")
 :nemesis
 (jepsen.nemesis.ReflCompose
  {:fm {:start-partition 0,
        :stop-partition 0,
        :kill 1,
        :start 1,
        :pause 1,
        :resume 1},
   :nemeses [#unprintable "jepsen.nemesis.combined$partition_nemesis$reify__16416@68f67bbd"
             #unprintable "jepsen.nemesis.combined$db_nemesis$reify__16397@5bd585a5"]})
 :nodes ["n0" "n1" "n2" "n3" "n4"]
 :test-count 1
 :latency {:mean 0, :dist :constant}
 :bin "/Users/garrettbodley/go/bin/maelstrom-broadcast"
 :generator
 ((jepsen.generator.Synchronize
   {:gen (jepsen.generator.TimeLimit
          {:limit 20000000000,
           :cutoff nil,
           :gen (jepsen.generator.Any
                 {:gens [(jepsen.generator.OnThreads
                          {:f #{:nemesis},
                           :context-filter #object[jepsen.generator.context$make_thread_filter$lazy_filter__9167
                                                   "0x292237cd"
                                                   "jepsen.generator.context$make_thread_filter$lazy_filter__9167@292237cd"],
                           :gen nil})
                         (jepsen.generator.OnThreads
                          {:f #jepsen.generator.context.AllBut{:element :nemesis},
                           :context-filter #object[jepsen.generator.context$make_thread_filter$lazy_filter__9167
                                                   "0x797a5b31"
                                                   "jepsen.generator.context$make_thread_filter$lazy_filter__9167@797a5b31"],
                           :gen (jepsen.generator.Stagger
                                 {:dt 200000000,
                                  :next-time nil,
                                  :gen (jepsen.generator.Mix
                                        {:i 0,
                                         :gens [({:f :broadcast, :value 0}
                                                 {:f :broadcast, :value 1}
                                                 {:f :broadcast, :value 2}
                                                 {:f :broadcast, :value 3}
                                                 {:f :broadcast, :value 4}
                                                 {:f :broadcast, :value 5}
                                                 {:f :broadcast, :value 6}
                                                 {:f :broadcast, :value 7}
                                                 ...)
                                                ({:f :read}
                                                 {:f :read}
                                                 {:f :read}
                                                 {:f :read}
                                                 {:f :read}
                                                 {:f :read}
                                                 {:f :read}
                                                 {:f :read}
                                                 ...)]})})})]})})})
  (jepsen.generator.Synchronize
   {:gen (jepsen.generator.OnThreads
          {:f #{:nemesis},
           :context-filter #object[jepsen.generator.context$make_thread_filter$lazy_filter__9167
                                   "0x60035f1e"
                                   "jepsen.generator.context$make_thread_filter$lazy_filter__9167@60035f1e"],
           :gen ()})})
  (jepsen.generator.Synchronize
   {:gen {:type :log, :value "Waiting for recovery..."}})
  (jepsen.generator.Synchronize {:gen {:type :sleep, :value 10}})
  (jepsen.generator.Synchronize
   {:gen (jepsen.generator.OnThreads
          {:f #jepsen.generator.context.AllBut{:element :nemesis},
           :context-filter #object[jepsen.generator.context$make_thread_filter$lazy_filter__9167
                                   "0x5827908c"
                                   "jepsen.generator.context$make_thread_filter$lazy_filter__9167@5827908c"],
           :gen (jepsen.generator.EachThread
                 {:fresh-gen {:f :read, :final? true},
                  :context-filters #object[clojure.core$promise$reify__8591
                                           "0x732ffb6a"
                                           {:status :pending, :val nil}],
                  :gens {}})})}))
 :log-net-recv false
 :os
 #object[maelstrom.net$jepsen_os$reify__15254
         "0x5ed83e36"
         "maelstrom.net$jepsen_os$reify__15254@5ed83e36"]
 :time-limit 20
 :workload :broadcast
 :consistency-models [:strict-serializable]
 :topology :grid}

2024-05-28 18:24:21,370{GMT}	INFO	[jepsen node n0] maelstrom.net: Starting Maelstrom network
2024-05-28 18:24:21,371{GMT}	INFO	[jepsen test runner] jepsen.db: Tearing down DB
2024-05-28 18:24:21,372{GMT}	INFO	[jepsen test runner] jepsen.db: Setting up DB
2024-05-28 18:24:21,372{GMT}	INFO	[jepsen node n4] maelstrom.db: Setting up n4
2024-05-28 18:24:21,372{GMT}	INFO	[jepsen node n1] maelstrom.db: Setting up n1
2024-05-28 18:24:21,372{GMT}	INFO	[jepsen node n3] maelstrom.db: Setting up n3
2024-05-28 18:24:21,372{GMT}	INFO	[jepsen node n2] maelstrom.db: Setting up n2
2024-05-28 18:24:21,373{GMT}	INFO	[jepsen node n1] maelstrom.process: launching /Users/garrettbodley/go/bin/maelstrom-broadcast []
2024-05-28 18:24:21,373{GMT}	INFO	[jepsen node n3] maelstrom.process: launching /Users/garrettbodley/go/bin/maelstrom-broadcast []
2024-05-28 18:24:21,373{GMT}	INFO	[jepsen node n4] maelstrom.process: launching /Users/garrettbodley/go/bin/maelstrom-broadcast []
2024-05-28 18:24:21,373{GMT}	INFO	[jepsen node n2] maelstrom.process: launching /Users/garrettbodley/go/bin/maelstrom-broadcast []
2024-05-28 18:24:21,374{GMT}	INFO	[jepsen node n0] maelstrom.service: Starting services: (lin-kv lin-tso lww-kv seq-kv)
2024-05-28 18:24:21,376{GMT}	INFO	[jepsen node n0] maelstrom.db: Setting up n0
2024-05-28 18:24:21,377{GMT}	INFO	[jepsen node n0] maelstrom.process: launching /Users/garrettbodley/go/bin/maelstrom-broadcast []
2024-05-28 18:24:21,516{GMT}	INFO	[jepsen test runner] jepsen.core: Relative time begins now
2024-05-28 18:24:21,530{GMT}	INFO	[jepsen worker 0] jepsen.util: 0	:invoke	:broadcast	0
2024-05-28 18:24:21,534{GMT}	INFO	[jepsen worker 0] jepsen.util: 0	:ok	:broadcast	0
2024-05-28 18:24:21,575{GMT}	INFO	[jepsen worker 1] jepsen.util: 1	:invoke	:read	nil
2024-05-28 18:24:21,653{GMT}	INFO	[jepsen worker 1] jepsen.util: 1	:ok	:read	[0]
2024-05-28 18:24:21,668{GMT}	INFO	[jepsen worker 2] jepsen.util: 2	:invoke	:broadcast	1
2024-05-28 18:24:21,719{GMT}	INFO	[jepsen worker 3] jepsen.util: 3	:invoke	:read	nil
2024-05-28 18:24:21,750{GMT}	INFO	[jepsen worker 4] jepsen.util: 4	:invoke	:read	nil
2024-05-28 18:24:21,784{GMT}	INFO	[jepsen worker 2] jepsen.util: 2	:ok	:broadcast	1
2024-05-28 18:24:21,924{GMT}	INFO	[jepsen worker 0] jepsen.util: 0	:invoke	:broadcast	2
2024-05-28 18:24:21,942{GMT}	INFO	[jepsen worker 1] jepsen.util: 1	:invoke	:read	nil
2024-05-28 18:24:22,039{GMT}	INFO	[jepsen worker 2] jepsen.util: 2	:invoke	:broadcast	3
2024-05-28 18:24:22,096{GMT}	INFO	[jepsen worker 3] jepsen.util: 3	:ok	:read	[0]
2024-05-28 18:24:22,107{GMT}	INFO	[jepsen worker 3] jepsen.util: 3	:invoke	:broadcast	4
2024-05-28 18:24:26,753{GMT}	INFO	[jepsen worker 4] jepsen.util: 4	:fail	:read	nil	:net-timeout
2024-05-28 18:24:26,755{GMT}	INFO	[jepsen worker 4] jepsen.util: 4	:invoke	:broadcast	5
2024-05-28 18:24:26,926{GMT}	INFO	[jepsen worker 0] jepsen.util: 0	:info	:broadcast	2	:net-timeout
2024-05-28 18:24:26,927{GMT}	INFO	[jepsen worker 0] jepsen.util: 5	:invoke	:broadcast	6
2024-05-28 18:24:26,944{GMT}	INFO	[jepsen worker 1] jepsen.util: 1	:fail	:read	nil	:net-timeout
2024-05-28 18:24:27,035{GMT}	INFO	[jepsen worker 1] jepsen.util: 1	:invoke	:broadcast	7
2024-05-28 18:24:27,041{GMT}	INFO	[jepsen worker 2] jepsen.util: 2	:info	:broadcast	3	:net-timeout
2024-05-28 18:24:27,113{GMT}	INFO	[jepsen worker 3] jepsen.util: 3	:info	:broadcast	4	:net-timeout
2024-05-28 18:24:27,225{GMT}	INFO	[jepsen worker 2] jepsen.util: 7	:invoke	:read	nil
2024-05-28 18:24:27,359{GMT}	INFO	[jepsen worker 3] jepsen.util: 8	:invoke	:read	nil
2024-05-28 18:24:31,760{GMT}	INFO	[jepsen worker 4] jepsen.util: 4	:info	:broadcast	5	:net-timeout
2024-05-28 18:24:31,761{GMT}	INFO	[jepsen worker 4] jepsen.util: 9	:invoke	:broadcast	8
2024-05-28 18:24:31,932{GMT}	INFO	[jepsen worker 0] jepsen.util: 5	:info	:broadcast	6	:net-timeout
2024-05-28 18:24:31,933{GMT}	INFO	[jepsen worker 0] jepsen.util: 10	:invoke	:read	nil
2024-05-28 18:24:32,035{GMT}	INFO	[jepsen worker 1] jepsen.util: 1	:info	:broadcast	7	:net-timeout
2024-05-28 18:24:32,133{GMT}	INFO	[jepsen worker 1] jepsen.util: 6	:invoke	:read	nil
2024-05-28 18:24:32,226{GMT}	INFO	[jepsen worker 2] jepsen.util: 7	:fail	:read	nil	:net-timeout
2024-05-28 18:24:32,226{GMT}	INFO	[jepsen worker 2] jepsen.util: 7	:invoke	:broadcast	9
2024-05-28 18:24:32,359{GMT}	INFO	[jepsen worker 3] jepsen.util: 8	:fail	:read	nil	:net-timeout
2024-05-28 18:24:32,431{GMT}	INFO	[jepsen worker 3] jepsen.util: 8	:invoke	:read	nil
2024-05-28 18:24:36,761{GMT}	INFO	[jepsen worker 4] jepsen.util: 9	:info	:broadcast	8	:net-timeout
2024-05-28 18:24:36,762{GMT}	INFO	[jepsen worker 4] jepsen.util: 14	:invoke	:broadcast	10
2024-05-28 18:24:36,936{GMT}	INFO	[jepsen worker 0] jepsen.util: 10	:fail	:read	nil	:net-timeout
2024-05-28 18:24:36,937{GMT}	INFO	[jepsen worker 0] jepsen.util: 10	:invoke	:broadcast	11
2024-05-28 18:24:37,139{GMT}	INFO	[jepsen worker 1] jepsen.util: 6	:fail	:read	nil	:net-timeout
2024-05-28 18:24:37,140{GMT}	INFO	[jepsen worker 1] jepsen.util: 6	:invoke	:read	nil
2024-05-28 18:24:37,231{GMT}	INFO	[jepsen worker 2] jepsen.util: 7	:info	:broadcast	9	:net-timeout
2024-05-28 18:24:37,269{GMT}	INFO	[jepsen worker 2] jepsen.util: 12	:invoke	:broadcast	12
2024-05-28 18:24:37,435{GMT}	INFO	[jepsen worker 3] jepsen.util: 8	:fail	:read	nil	:net-timeout
2024-05-28 18:24:37,436{GMT}	INFO	[jepsen worker 3] jepsen.util: 8	:invoke	:read	nil
2024-05-28 18:24:41,767{GMT}	INFO	[jepsen worker 4] jepsen.util: 14	:info	:broadcast	10	:net-timeout
2024-05-28 18:24:41,940{GMT}	INFO	[jepsen worker 0] jepsen.util: 10	:info	:broadcast	11	:net-timeout
2024-05-28 18:24:42,142{GMT}	INFO	[jepsen worker 1] jepsen.util: 6	:fail	:read	nil	:net-timeout
2024-05-28 18:24:42,272{GMT}	INFO	[jepsen worker 2] jepsen.util: 12	:info	:broadcast	12	:net-timeout
2024-05-28 18:24:42,439{GMT}	INFO	[jepsen worker 3] jepsen.util: 8	:fail	:read	nil	:net-timeout
2024-05-28 18:24:42,440{GMT}	INFO	[jepsen worker 0] jepsen.generator.interpreter: Waiting for recovery...
2024-05-28 18:24:52,444{GMT}	INFO	[jepsen worker 3] jepsen.util: 8	:invoke	:read	nil
2024-05-28 18:24:52,445{GMT}	INFO	[jepsen worker 4] jepsen.util: 19	:invoke	:read	nil
2024-05-28 18:24:52,445{GMT}	INFO	[jepsen worker 1] jepsen.util: 6	:invoke	:read	nil
2024-05-28 18:24:52,445{GMT}	INFO	[jepsen worker 2] jepsen.util: 17	:invoke	:read	nil
2024-05-28 18:24:52,445{GMT}	INFO	[jepsen worker 0] jepsen.util: 15	:invoke	:read	nil
2024-05-28 18:24:57,447{GMT}	INFO	[jepsen worker 2] jepsen.util: 17	:fail	:read	nil	:net-timeout
2024-05-28 18:24:57,447{GMT}	INFO	[jepsen worker 0] jepsen.util: 15	:fail	:read	nil	:net-timeout
2024-05-28 18:24:57,448{GMT}	INFO	[jepsen worker 4] jepsen.util: 19	:fail	:read	nil	:net-timeout
2024-05-28 18:24:57,448{GMT}	INFO	[jepsen worker 1] jepsen.util: 6	:fail	:read	nil	:net-timeout
2024-05-28 18:24:57,449{GMT}	INFO	[jepsen worker 3] jepsen.util: 8	:fail	:read	nil	:net-timeout
2024-05-28 18:24:57,475{GMT}	INFO	[jepsen test runner] jepsen.core: Run complete, writing
2024-05-28 18:24:57,578{GMT}	INFO	[jepsen node n1] maelstrom.db: Tearing down n1
2024-05-28 18:24:57,578{GMT}	INFO	[jepsen node n2] maelstrom.db: Tearing down n2
2024-05-28 18:24:57,578{GMT}	INFO	[jepsen node n0] maelstrom.db: Tearing down n0
2024-05-28 18:24:57,578{GMT}	INFO	[jepsen node n3] maelstrom.db: Tearing down n3
2024-05-28 18:24:57,578{GMT}	INFO	[jepsen node n4] maelstrom.db: Tearing down n4
2024-05-28 18:24:58,470{GMT}	INFO	[jepsen node n0] maelstrom.net: Shutting down Maelstrom network
2024-05-28 18:24:58,476{GMT}	WARN	[jepsen test runner] jepsen.core: Test crashed!
clojure.lang.ExceptionInfo: Node n0 crashed with exit status 2. Before crashing, it wrote to STDOUT:

{"src":"n0","dest":"n4","body":{"type":"broadcast","message":0,"msg_id":1}}
{"src":"n0","dest":"n1","body":{"type":"broadcast","message":0,"msg_id":1}}
{"src":"n0","dest":"n3","body":{"type":"broadcast","message":0,"msg_id":1}}
{"src":"n0","dest":"n4","body":{"type":"broadcast","message":0,"msg_id":1}}
{"src":"n0","dest":"n4","body":{"type":"broadcast","message":0,"msg_id":1}}
{"src":"n0","dest":"n2","body":{"in_reply_to":1,"type":"broadcast_ok"}}
{"src":"n0","dest":"n1","body":{"in_reply_to":1,"type":"broadcast_ok"}}
{"src":"n0","dest":"n1","body":{"in_reply_to":1,"type":"broadcast_ok"}}
{"src":"n0","dest":"n1","body":{"type":"broadcast","message":0,"msg_id":1}}
{"src":"n0","dest":"n3","body":{"type":"broadcast","message":0,"msg_id":1}}
{"src":"n0","dest":"n3","body":{"type":"broadcast","message":0,"msg_id":1}}
{"src":"n0","dest":"n1","body":{"type":"broadcast","message":0,"msg_id":1}}
{"src":"n0","dest":"n4","body":{"type":"broadcast","message":0,"msg_id":1}}
{"src":"n0","dest":"n4","body":{"type":"broadcast","message":0,"msg_id":1}}
{"src":"n0","dest":"n3","body":{"type":"broadcast","message":0,"msg_id":1}}
{"src":"n0","dest":"n1","body":{"in_reply_to":1,"type":"broadcast_ok"}}
{"src":"n0","dest":"n2","body":{"in_reply_to":1,"type":"broadcast_ok"}}
{"src":"n0","dest":"n2","body":{"type":"broadcast","message":0,"msg_id":1}}
{"src":"n0","dest":"n3","body":{"type":"broadcast","message":0,"msg_id":1}}
{"src":"n0","dest":"n4","body":{"type":"broadcast","message":0,"msg_id":1}}
{"src":"n0","dest":"n2","body":{"in_reply_to":1,"type":"broadcast_ok"}}
{"src":"n0","dest":"n4","body":{"type":"broadcast","message":0,"msg_id":1}}
{"src":"n0","dest":"n2","body":{"in_reply_to":1,"type":"broadcast_ok"}}
{"src":"n0","dest":"n2","body":{"in_reply_to":1,"type":"broadcast_ok"}}
{"src":"n0","dest":"n2","body":{"in_reply_to":1,"type":"broadcast_ok"}}
{"src":"n0","dest":"n4","body":{"type":"broadcast","message":0,"msg_id":1}}
{"src":"n0","dest":"n2","body":{"in_reply_to":1,"type":"broadcast_ok"}}
{"src":"n0","dest":"n3","body":{"type":"broadcast","message":0,"msg_id":1}}
{"src":"n0","dest":"n1","body":{"in_reply_to":1,"type":"broadcast_ok"}}
{"src":"n0","dest":"n4","body":{"type":"broadcast","message":0,"msg_id":1}}
{"src":"n0","dest":"n2","body":{"in_reply_to":1,"type":"broadcast_ok"}}
{"src":"n0","dest":"n1","body":{"type":"broadcast","message":0,"msg_id":1}}

And to STDERR:

main.main()
	/Users/garrettbodley/Code/gossip-glomers/maelstrom-broadcast/main.go:94 +0x20c

goroutine 789 [sync.Mutex.Lock]:
sync.runtime_SemacquireMutex(0x50?, 0x0?, 0x140003edb80?)
	/usr/local/go/src/runtime/sema.go:77 +0x28
sync.(*Mutex).lockSlow(0x140000ba000)
	/usr/local/go/src/sync/mutex.go:171 +0x174
sync.(*Mutex).Lock(...)
	/usr/local/go/src/sync/mutex.go:90
github.com/jepsen-io/maelstrom/demo/go.(*Node).Send(0x140000ba000, {0x1400000e32a, 0x2}, {0x1047e5060?, 0x140003f0dc8?})
	/Users/garrettbodley/go/pkg/mod/github.com/jepsen-io/maelstrom/demo/go@v0.0.0-20240408130303-0186f398f965/node.go:222 +0x11c
main.main.func1({{0x140004933c0, 0x2}, {0x140004933c2, 0x2}, {0x14000497950, 0x2b, 0x30}})
	/Users/garrettbodley/Code/gossip-glomers/maelstrom-broadcast/main.go:41 +0x1c0
github.com/jepsen-io/maelstrom/demo/go.(*Node).handleMessage(0x140000ba000, 0x0?, {{0x140004933c0, 0x2}, {0x140004933c2, 0x2}, {0x14000497950, 0x2b, 0x30}})
	/Users/garrettbodley/go/pkg/mod/github.com/jepsen-io/maelstrom/demo/go@v0.0.0-20240408130303-0186f398f965/node.go:151 +0x6c
github.com/jepsen-io/maelstrom/demo/go.(*Node).Run.func2()
	/Users/garrettbodley/go/pkg/mod/github.com/jepsen-io/maelstrom/demo/go@v0.0.0-20240408130303-0186f398f965/node.go:129 +0x78
created by github.com/jepsen-io/maelstrom/demo/go.(*Node).Run in goroutine 1
	/Users/garrettbodley/go/pkg/mod/github.com/jepsen-io/maelstrom/demo/go@v0.0.0-20240408130303-0186f398f965/node.go:127 +0x468

goroutine 788 [runnable]:
github.com/jepsen-io/maelstrom/demo/go.(*Node).Send(0x140000ba000, {0x1400000e328, 0x2}, {0x1047e5060?, 0x140002eac60?})
	/Users/garrettbodley/go/pkg/mod/github.com/jepsen-io/maelstrom/demo/go@v0.0.0-20240408130303-0186f398f965/node.go:230 +0x21c
main.main.func1({{0x14000493378, 0x2}, {0x1400049337a, 0x2}, {0x14000497920, 0x2b, 0x30}})
	/Users/garrettbodley/Code/gossip-glomers/maelstrom-broadcast/main.go:41 +0x1c0
github.com/jepsen-io/maelstrom/demo/go.(*Node).handleMessage(0x140000ba000, 0x0?, {{0x14000493378, 0x2}, {0x1400049337a, 0x2}, {0x14000497920, 0x2b, 0x30}})
	/Users/garrettbodley/go/pkg/mod/github.com/jepsen-io/maelstrom/demo/go@v0.0.0-20240408130303-0186f398f965/node.go:151 +0x6c
github.com/jepsen-io/maelstrom/demo/go.(*Node).Run.func2()
	/Users/garrettbodley/go/pkg/mod/github.com/jepsen-io/maelstrom/demo/go@v0.0.0-20240408130303-0186f398f965/node.go:129 +0x78
created by github.com/jepsen-io/maelstrom/demo/go.(*Node).Run in goroutine 1
	/Users/garrettbodley/go/pkg/mod/github.com/jepsen-io/maelstrom/demo/go@v0.0.0-20240408130303-0186f398f965/node.go:127 +0x468

Full STDERR logs are available in /Users/garrettbodley/Code/gossip-glomers/maelstrom/store/broadcast/20240528T182419.792-0400/node-logs/n0.log
	at slingshot.support$stack_trace.invoke(support.clj:201)
	at maelstrom.process$stop_node_BANG_.invokeStatic(process.clj:239)
	at maelstrom.process$stop_node_BANG_.invoke(process.clj:217)
	at maelstrom.db$db$reify__16142.teardown_BANG_(db.clj:75)
	at jepsen.db$fn__8744$G__8725__8748.invoke(db.clj:12)
	at jepsen.db$fn__8744$G__8724__8753.invoke(db.clj:12)
	at clojure.core$partial$fn__5908.invoke(core.clj:2642)
	at jepsen.control$on_nodes$fn__8599.invoke(control.clj:314)
	at clojure.lang.AFn.applyToHelper(AFn.java:154)
	at clojure.lang.AFn.applyTo(AFn.java:144)
	at clojure.core$apply.invokeStatic(core.clj:667)
	at clojure.core$with_bindings_STAR_.invokeStatic(core.clj:1990)
	at clojure.core$with_bindings_STAR_.doInvoke(core.clj:1990)
	at clojure.lang.RestFn.applyTo(RestFn.java:142)
	at clojure.core$apply.invokeStatic(core.clj:671)
	at clojure.core$bound_fn_STAR_$fn__5818.doInvoke(core.clj:2020)
	at clojure.lang.RestFn.invoke(RestFn.java:408)
	at dom_top.core$real_pmap_helper$build_thread__211$fn__212.invoke(core.clj:163)
	at clojure.lang.AFn.applyToHelper(AFn.java:152)
	at clojure.lang.AFn.applyTo(AFn.java:144)
	at clojure.core$apply.invokeStatic(core.clj:667)
	at clojure.core$with_bindings_STAR_.invokeStatic(core.clj:1990)
	at clojure.core$with_bindings_STAR_.doInvoke(core.clj:1990)
	at clojure.lang.RestFn.invoke(RestFn.java:425)
	at clojure.lang.AFn.applyToHelper(AFn.java:156)
	at clojure.lang.RestFn.applyTo(RestFn.java:132)
	at clojure.core$apply.invokeStatic(core.clj:671)
	at clojure.core$bound_fn_STAR_$fn__5818.doInvoke(core.clj:2020)
	at clojure.lang.RestFn.invoke(RestFn.java:397)
	at clojure.lang.AFn.run(AFn.java:22)
	at java.base/java.lang.Thread.run(Thread.java:1623)
