2024-05-28 13:56:43,972{GMT}	INFO	[jepsen test runner] jepsen.core: Test version e062acb3c28c8e365040becc9065228d9eece76c (plus uncommitted changes)
2024-05-28 13:56:43,973{GMT}	INFO	[jepsen test runner] jepsen.core: Command line:
lein run test -w echo --bin /Users/garrettbodley/go/bin/maelstrom-echo --node-count 1 --time-limit 10
2024-05-28 13:56:44,032{GMT}	INFO	[jepsen test runner] jepsen.core: Running test:
{:args []
 :remote
 #jepsen.control.retry.Remote{:remote #jepsen.control.scp.Remote{:cmd-remote #jepsen.control.sshj.SSHJRemote{:concurrency-limit 6,
                                                                                                             :conn-spec nil,
                                                                                                             :client nil,
                                                                                                             :semaphore nil},
                                                                 :conn-spec nil},
                              :conn nil}
 :log-net-send false
 :node-count 1
 :availability nil
 :max-txn-length 4
 :concurrency 1
 :db
 #object[maelstrom.db$db$reify__16142
         "0x27aa700"
         "maelstrom.db$db$reify__16142@27aa700"]
 :max-writes-per-key 16
 :leave-db-running? false
 :name "echo"
 :logging-json? false
 :start-time
 #object[org.joda.time.DateTime "0x2a2f7a61" "2024-05-28T13:56:43.927-04:00"]
 :nemesis-interval 10
 :net
 #object[maelstrom.net$jepsen_net$reify__15251
         "0x8d40f07"
         "maelstrom.net$jepsen_net$reify__15251@8d40f07"]
 :client
 #object[maelstrom.workload.echo$client$reify__16863
         "0x196c8b93"
         "maelstrom.workload.echo$client$reify__16863@196c8b93"]
 :barrier
 #object[java.util.concurrent.CyclicBarrier
         "0x307ca947"
         "java.util.concurrent.CyclicBarrier@307ca947"]
 :log-stderr false
 :pure-generators true
 :ssh {:dummy? true}
 :rate 5
 :checker
 #object[jepsen.checker$compose$reify__11881
         "0x61d1315b"
         "jepsen.checker$compose$reify__11881@61d1315b"]
 :argv
 ("test"
  "-w"
  "echo"
  "--bin"
  "/Users/garrettbodley/go/bin/maelstrom-echo"
  "--node-count"
  "1"
  "--time-limit"
  "10")
 :nemesis
 (jepsen.nemesis.ReflCompose
  {:fm {:start-partition 0,
        :stop-partition 0,
        :kill 1,
        :start 1,
        :pause 1,
        :resume 1},
   :nemeses [#unprintable "jepsen.nemesis.combined$partition_nemesis$reify__16416@49d5b651"
             #unprintable "jepsen.nemesis.combined$db_nemesis$reify__16397@34989ceb"]})
 :nodes ["n0"]
 :test-count 1
 :latency {:mean 0, :dist :constant}
 :bin "/Users/garrettbodley/go/bin/maelstrom-echo"
 :generator
 (jepsen.generator.TimeLimit
  {:limit 10000000000,
   :cutoff nil,
   :gen (jepsen.generator.Any
         {:gens [(jepsen.generator.OnThreads
                  {:f #{:nemesis},
                   :context-filter #object[jepsen.generator.context$make_thread_filter$lazy_filter__9167
                                           "0x3d0c88f4"
                                           "jepsen.generator.context$make_thread_filter$lazy_filter__9167@3d0c88f4"],
                   :gen nil})
                 (jepsen.generator.OnThreads
                  {:f #jepsen.generator.context.AllBut{:element :nemesis},
                   :context-filter #object[jepsen.generator.context$make_thread_filter$lazy_filter__9167
                                           "0x5aad4194"
                                           "jepsen.generator.context$make_thread_filter$lazy_filter__9167@5aad4194"],
                   :gen (jepsen.generator.Stagger
                         {:dt 400000000,
                          :next-time nil,
                          :gen (jepsen.generator.EachThread
                                {:fresh-gen #object[maelstrom.workload.echo$workload$fn__16882
                                                    "0x50a1c2f3"
                                                    "maelstrom.workload.echo$workload$fn__16882@50a1c2f3"],
                                 :context-filters #object[clojure.core$promise$reify__8591
                                                          "0x453ca7f"
                                                          {:status :pending,
                                                           :val nil}],
                                 :gens {}})})})]})})
 :log-net-recv false
 :os
 #object[maelstrom.net$jepsen_os$reify__15254
         "0x5d41b929"
         "maelstrom.net$jepsen_os$reify__15254@5d41b929"]
 :time-limit 10
 :workload :echo
 :consistency-models [:strict-serializable]
 :topology :grid}

2024-05-28 13:56:45,377{GMT}	INFO	[jepsen node n0] maelstrom.net: Starting Maelstrom network
2024-05-28 13:56:45,378{GMT}	INFO	[jepsen test runner] jepsen.db: Tearing down DB
2024-05-28 13:56:45,379{GMT}	INFO	[jepsen test runner] jepsen.db: Setting up DB
2024-05-28 13:56:45,381{GMT}	INFO	[jepsen node n0] maelstrom.service: Starting services: (lin-kv lin-tso lww-kv seq-kv)
2024-05-28 13:56:45,381{GMT}	INFO	[jepsen node n0] maelstrom.db: Setting up n0
2024-05-28 13:56:45,382{GMT}	INFO	[jepsen node n0] maelstrom.process: launching /Users/garrettbodley/go/bin/maelstrom-echo []
2024-05-28 13:56:45,524{GMT}	INFO	[jepsen test runner] jepsen.core: Relative time begins now
2024-05-28 13:56:45,534{GMT}	INFO	[jepsen worker 0] jepsen.util: 0	:invoke	:echo	"Please echo 20"
2024-05-28 13:56:45,540{GMT}	INFO	[jepsen worker 0] jepsen.util: 0	:ok	:echo	{:echo "Please echo 20", :in_reply_to 1, :msg_id 1, :type "echo_ok"}
2024-05-28 13:56:45,773{GMT}	INFO	[jepsen worker 0] jepsen.util: 0	:invoke	:echo	"Please echo 47"
2024-05-28 13:56:45,775{GMT}	INFO	[jepsen worker 0] jepsen.util: 0	:ok	:echo	{:echo "Please echo 47", :in_reply_to 2, :msg_id 2, :type "echo_ok"}
2024-05-28 13:56:45,821{GMT}	INFO	[jepsen worker 0] jepsen.util: 0	:invoke	:echo	"Please echo 29"
2024-05-28 13:56:45,823{GMT}	INFO	[jepsen worker 0] jepsen.util: 0	:ok	:echo	{:echo "Please echo 29", :in_reply_to 3, :msg_id 3, :type "echo_ok"}
2024-05-28 13:56:46,176{GMT}	INFO	[jepsen worker 0] jepsen.util: 0	:invoke	:echo	"Please echo 73"
2024-05-28 13:56:46,179{GMT}	INFO	[jepsen worker 0] jepsen.util: 0	:ok	:echo	{:echo "Please echo 73", :in_reply_to 4, :msg_id 4, :type "echo_ok"}
2024-05-28 13:56:46,442{GMT}	INFO	[jepsen worker 0] jepsen.util: 0	:invoke	:echo	"Please echo 89"
2024-05-28 13:56:46,444{GMT}	INFO	[jepsen worker 0] jepsen.util: 0	:ok	:echo	{:echo "Please echo 89", :in_reply_to 5, :msg_id 5, :type "echo_ok"}
2024-05-28 13:56:46,615{GMT}	INFO	[jepsen worker 0] jepsen.util: 0	:invoke	:echo	"Please echo 43"
2024-05-28 13:56:46,617{GMT}	INFO	[jepsen worker 0] jepsen.util: 0	:ok	:echo	{:echo "Please echo 43", :in_reply_to 6, :msg_id 6, :type "echo_ok"}
2024-05-28 13:56:46,678{GMT}	INFO	[jepsen worker 0] jepsen.util: 0	:invoke	:echo	"Please echo 109"
2024-05-28 13:56:46,680{GMT}	INFO	[jepsen worker 0] jepsen.util: 0	:ok	:echo	{:echo "Please echo 109", :in_reply_to 7, :msg_id 7, :type "echo_ok"}
2024-05-28 13:56:46,914{GMT}	INFO	[jepsen worker 0] jepsen.util: 0	:invoke	:echo	"Please echo 127"
2024-05-28 13:56:46,916{GMT}	INFO	[jepsen worker 0] jepsen.util: 0	:ok	:echo	{:echo "Please echo 127", :in_reply_to 8, :msg_id 8, :type "echo_ok"}
2024-05-28 13:56:46,926{GMT}	INFO	[jepsen worker 0] jepsen.util: 0	:invoke	:echo	"Please echo 91"
2024-05-28 13:56:46,928{GMT}	INFO	[jepsen worker 0] jepsen.util: 0	:ok	:echo	{:echo "Please echo 91", :in_reply_to 9, :msg_id 9, :type "echo_ok"}
2024-05-28 13:56:47,013{GMT}	INFO	[jepsen worker 0] jepsen.util: 0	:invoke	:echo	"Please echo 47"
2024-05-28 13:56:47,026{GMT}	INFO	[jepsen worker 0] jepsen.util: 0	:ok	:echo	{:echo "Please echo 47", :in_reply_to 10, :msg_id 10, :type "echo_ok"}
2024-05-28 13:56:47,278{GMT}	INFO	[jepsen worker 0] jepsen.util: 0	:invoke	:echo	"Please echo 29"
2024-05-28 13:56:47,280{GMT}	INFO	[jepsen worker 0] jepsen.util: 0	:ok	:echo	{:echo "Please echo 29", :in_reply_to 11, :msg_id 11, :type "echo_ok"}
2024-05-28 13:56:47,441{GMT}	INFO	[jepsen worker 0] jepsen.util: 0	:invoke	:echo	"Please echo 8"
2024-05-28 13:56:47,442{GMT}	INFO	[jepsen worker 0] jepsen.util: 0	:ok	:echo	{:echo "Please echo 8", :in_reply_to 12, :msg_id 12, :type "echo_ok"}
2024-05-28 13:56:47,770{GMT}	INFO	[jepsen worker 0] jepsen.util: 0	:invoke	:echo	"Please echo 36"
2024-05-28 13:56:47,771{GMT}	INFO	[jepsen worker 0] jepsen.util: 0	:ok	:echo	{:echo "Please echo 36", :in_reply_to 13, :msg_id 13, :type "echo_ok"}
2024-05-28 13:56:48,127{GMT}	INFO	[jepsen worker 0] jepsen.util: 0	:invoke	:echo	"Please echo 46"
2024-05-28 13:56:48,129{GMT}	INFO	[jepsen worker 0] jepsen.util: 0	:ok	:echo	{:echo "Please echo 46", :in_reply_to 14, :msg_id 14, :type "echo_ok"}
2024-05-28 13:56:48,208{GMT}	INFO	[jepsen worker 0] jepsen.util: 0	:invoke	:echo	"Please echo 35"
2024-05-28 13:56:48,210{GMT}	INFO	[jepsen worker 0] jepsen.util: 0	:ok	:echo	{:echo "Please echo 35", :in_reply_to 15, :msg_id 15, :type "echo_ok"}
2024-05-28 13:56:48,598{GMT}	INFO	[jepsen worker 0] jepsen.util: 0	:invoke	:echo	"Please echo 121"
2024-05-28 13:56:48,601{GMT}	INFO	[jepsen worker 0] jepsen.util: 0	:ok	:echo	{:echo "Please echo 121", :in_reply_to 16, :msg_id 16, :type "echo_ok"}
2024-05-28 13:56:48,853{GMT}	INFO	[jepsen worker 0] jepsen.util: 0	:invoke	:echo	"Please echo 89"
2024-05-28 13:56:48,853{GMT}	INFO	[jepsen worker 0] jepsen.util: 0	:ok	:echo	{:echo "Please echo 89", :in_reply_to 17, :msg_id 17, :type "echo_ok"}
2024-05-28 13:56:49,102{GMT}	INFO	[jepsen worker 0] jepsen.util: 0	:invoke	:echo	"Please echo 124"
2024-05-28 13:56:49,104{GMT}	INFO	[jepsen worker 0] jepsen.util: 0	:ok	:echo	{:echo "Please echo 124", :in_reply_to 18, :msg_id 18, :type "echo_ok"}
2024-05-28 13:56:49,168{GMT}	INFO	[jepsen worker 0] jepsen.util: 0	:invoke	:echo	"Please echo 114"
2024-05-28 13:56:49,170{GMT}	INFO	[jepsen worker 0] jepsen.util: 0	:ok	:echo	{:echo "Please echo 114", :in_reply_to 19, :msg_id 19, :type "echo_ok"}
2024-05-28 13:56:49,562{GMT}	INFO	[jepsen worker 0] jepsen.util: 0	:invoke	:echo	"Please echo 124"
2024-05-28 13:56:49,565{GMT}	INFO	[jepsen worker 0] jepsen.util: 0	:ok	:echo	{:echo "Please echo 124", :in_reply_to 20, :msg_id 20, :type "echo_ok"}
2024-05-28 13:56:49,942{GMT}	INFO	[jepsen worker 0] jepsen.util: 0	:invoke	:echo	"Please echo 125"
2024-05-28 13:56:49,944{GMT}	INFO	[jepsen worker 0] jepsen.util: 0	:ok	:echo	{:echo "Please echo 125", :in_reply_to 21, :msg_id 21, :type "echo_ok"}
2024-05-28 13:56:50,249{GMT}	INFO	[jepsen worker 0] jepsen.util: 0	:invoke	:echo	"Please echo 87"
2024-05-28 13:56:50,251{GMT}	INFO	[jepsen worker 0] jepsen.util: 0	:ok	:echo	{:echo "Please echo 87", :in_reply_to 22, :msg_id 22, :type "echo_ok"}
2024-05-28 13:56:50,471{GMT}	INFO	[jepsen worker 0] jepsen.util: 0	:invoke	:echo	"Please echo 63"
2024-05-28 13:56:50,473{GMT}	INFO	[jepsen worker 0] jepsen.util: 0	:ok	:echo	{:echo "Please echo 63", :in_reply_to 23, :msg_id 23, :type "echo_ok"}
2024-05-28 13:56:50,848{GMT}	INFO	[jepsen worker 0] jepsen.util: 0	:invoke	:echo	"Please echo 75"
2024-05-28 13:56:50,850{GMT}	INFO	[jepsen worker 0] jepsen.util: 0	:ok	:echo	{:echo "Please echo 75", :in_reply_to 24, :msg_id 24, :type "echo_ok"}
2024-05-28 13:56:51,011{GMT}	INFO	[jepsen worker 0] jepsen.util: 0	:invoke	:echo	"Please echo 27"
2024-05-28 13:56:51,014{GMT}	INFO	[jepsen worker 0] jepsen.util: 0	:ok	:echo	{:echo "Please echo 27", :in_reply_to 25, :msg_id 25, :type "echo_ok"}
2024-05-28 13:56:51,188{GMT}	INFO	[jepsen worker 0] jepsen.util: 0	:invoke	:echo	"Please echo 90"
2024-05-28 13:56:51,190{GMT}	INFO	[jepsen worker 0] jepsen.util: 0	:ok	:echo	{:echo "Please echo 90", :in_reply_to 26, :msg_id 26, :type "echo_ok"}
2024-05-28 13:56:51,330{GMT}	INFO	[jepsen worker 0] jepsen.util: 0	:invoke	:echo	"Please echo 82"
2024-05-28 13:56:51,332{GMT}	INFO	[jepsen worker 0] jepsen.util: 0	:ok	:echo	{:echo "Please echo 82", :in_reply_to 27, :msg_id 27, :type "echo_ok"}
2024-05-28 13:56:51,382{GMT}	INFO	[jepsen worker 0] jepsen.util: 0	:invoke	:echo	"Please echo 65"
2024-05-28 13:56:51,384{GMT}	INFO	[jepsen worker 0] jepsen.util: 0	:ok	:echo	{:echo "Please echo 65", :in_reply_to 28, :msg_id 28, :type "echo_ok"}
2024-05-28 13:56:51,388{GMT}	INFO	[jepsen worker 0] jepsen.util: 0	:invoke	:echo	"Please echo 53"
2024-05-28 13:56:51,390{GMT}	INFO	[jepsen worker 0] jepsen.util: 0	:ok	:echo	{:echo "Please echo 53", :in_reply_to 29, :msg_id 29, :type "echo_ok"}
2024-05-28 13:56:51,574{GMT}	INFO	[jepsen worker 0] jepsen.util: 0	:invoke	:echo	"Please echo 119"
2024-05-28 13:56:51,576{GMT}	INFO	[jepsen worker 0] jepsen.util: 0	:ok	:echo	{:echo "Please echo 119", :in_reply_to 30, :msg_id 30, :type "echo_ok"}
2024-05-28 13:56:51,895{GMT}	INFO	[jepsen worker 0] jepsen.util: 0	:invoke	:echo	"Please echo 92"
2024-05-28 13:56:51,898{GMT}	INFO	[jepsen worker 0] jepsen.util: 0	:ok	:echo	{:echo "Please echo 92", :in_reply_to 31, :msg_id 31, :type "echo_ok"}
2024-05-28 13:56:52,050{GMT}	INFO	[jepsen worker 0] jepsen.util: 0	:invoke	:echo	"Please echo 21"
2024-05-28 13:56:52,052{GMT}	INFO	[jepsen worker 0] jepsen.util: 0	:ok	:echo	{:echo "Please echo 21", :in_reply_to 32, :msg_id 32, :type "echo_ok"}
2024-05-28 13:56:52,148{GMT}	INFO	[jepsen worker 0] jepsen.util: 0	:invoke	:echo	"Please echo 59"
2024-05-28 13:56:52,150{GMT}	INFO	[jepsen worker 0] jepsen.util: 0	:ok	:echo	{:echo "Please echo 59", :in_reply_to 33, :msg_id 33, :type "echo_ok"}
2024-05-28 13:56:52,278{GMT}	INFO	[jepsen worker 0] jepsen.util: 0	:invoke	:echo	"Please echo 78"
2024-05-28 13:56:52,280{GMT}	INFO	[jepsen worker 0] jepsen.util: 0	:ok	:echo	{:echo "Please echo 78", :in_reply_to 34, :msg_id 34, :type "echo_ok"}
2024-05-28 13:56:52,405{GMT}	INFO	[jepsen worker 0] jepsen.util: 0	:invoke	:echo	"Please echo 17"
2024-05-28 13:56:52,407{GMT}	INFO	[jepsen worker 0] jepsen.util: 0	:ok	:echo	{:echo "Please echo 17", :in_reply_to 35, :msg_id 35, :type "echo_ok"}
2024-05-28 13:56:52,628{GMT}	INFO	[jepsen worker 0] jepsen.util: 0	:invoke	:echo	"Please echo 59"
2024-05-28 13:56:52,630{GMT}	INFO	[jepsen worker 0] jepsen.util: 0	:ok	:echo	{:echo "Please echo 59", :in_reply_to 36, :msg_id 36, :type "echo_ok"}
2024-05-28 13:56:52,727{GMT}	INFO	[jepsen worker 0] jepsen.util: 0	:invoke	:echo	"Please echo 22"
2024-05-28 13:56:52,728{GMT}	INFO	[jepsen worker 0] jepsen.util: 0	:ok	:echo	{:echo "Please echo 22", :in_reply_to 37, :msg_id 37, :type "echo_ok"}
2024-05-28 13:56:53,019{GMT}	INFO	[jepsen worker 0] jepsen.util: 0	:invoke	:echo	"Please echo 51"
2024-05-28 13:56:53,021{GMT}	INFO	[jepsen worker 0] jepsen.util: 0	:ok	:echo	{:echo "Please echo 51", :in_reply_to 38, :msg_id 38, :type "echo_ok"}
2024-05-28 13:56:53,418{GMT}	INFO	[jepsen worker 0] jepsen.util: 0	:invoke	:echo	"Please echo 81"
2024-05-28 13:56:53,421{GMT}	INFO	[jepsen worker 0] jepsen.util: 0	:ok	:echo	{:echo "Please echo 81", :in_reply_to 39, :msg_id 39, :type "echo_ok"}
2024-05-28 13:56:53,477{GMT}	INFO	[jepsen worker 0] jepsen.util: 0	:invoke	:echo	"Please echo 64"
2024-05-28 13:56:53,479{GMT}	INFO	[jepsen worker 0] jepsen.util: 0	:ok	:echo	{:echo "Please echo 64", :in_reply_to 40, :msg_id 40, :type "echo_ok"}
2024-05-28 13:56:53,820{GMT}	INFO	[jepsen worker 0] jepsen.util: 0	:invoke	:echo	"Please echo 109"
2024-05-28 13:56:53,821{GMT}	INFO	[jepsen worker 0] jepsen.util: 0	:ok	:echo	{:echo "Please echo 109", :in_reply_to 41, :msg_id 41, :type "echo_ok"}
2024-05-28 13:56:53,908{GMT}	INFO	[jepsen worker 0] jepsen.util: 0	:invoke	:echo	"Please echo 6"
2024-05-28 13:56:53,909{GMT}	INFO	[jepsen worker 0] jepsen.util: 0	:ok	:echo	{:echo "Please echo 6", :in_reply_to 42, :msg_id 42, :type "echo_ok"}
2024-05-28 13:56:54,187{GMT}	INFO	[jepsen worker 0] jepsen.util: 0	:invoke	:echo	"Please echo 80"
2024-05-28 13:56:54,188{GMT}	INFO	[jepsen worker 0] jepsen.util: 0	:ok	:echo	{:echo "Please echo 80", :in_reply_to 43, :msg_id 43, :type "echo_ok"}
2024-05-28 13:56:54,315{GMT}	INFO	[jepsen worker 0] jepsen.util: 0	:invoke	:echo	"Please echo 91"
2024-05-28 13:56:54,316{GMT}	INFO	[jepsen worker 0] jepsen.util: 0	:ok	:echo	{:echo "Please echo 91", :in_reply_to 44, :msg_id 44, :type "echo_ok"}
2024-05-28 13:56:54,695{GMT}	INFO	[jepsen worker 0] jepsen.util: 0	:invoke	:echo	"Please echo 77"
2024-05-28 13:56:54,698{GMT}	INFO	[jepsen worker 0] jepsen.util: 0	:ok	:echo	{:echo "Please echo 77", :in_reply_to 45, :msg_id 45, :type "echo_ok"}
2024-05-28 13:56:54,907{GMT}	INFO	[jepsen worker 0] jepsen.util: 0	:invoke	:echo	"Please echo 104"
2024-05-28 13:56:54,909{GMT}	INFO	[jepsen worker 0] jepsen.util: 0	:ok	:echo	{:echo "Please echo 104", :in_reply_to 46, :msg_id 46, :type "echo_ok"}
2024-05-28 13:56:55,019{GMT}	INFO	[jepsen worker 0] jepsen.util: 0	:invoke	:echo	"Please echo 72"
2024-05-28 13:56:55,021{GMT}	INFO	[jepsen worker 0] jepsen.util: 0	:ok	:echo	{:echo "Please echo 72", :in_reply_to 47, :msg_id 47, :type "echo_ok"}
2024-05-28 13:56:55,049{GMT}	INFO	[jepsen worker 0] jepsen.util: 0	:invoke	:echo	"Please echo 65"
2024-05-28 13:56:55,050{GMT}	INFO	[jepsen worker 0] jepsen.util: 0	:ok	:echo	{:echo "Please echo 65", :in_reply_to 48, :msg_id 48, :type "echo_ok"}
2024-05-28 13:56:55,218{GMT}	INFO	[jepsen worker 0] jepsen.util: 0	:invoke	:echo	"Please echo 52"
2024-05-28 13:56:55,220{GMT}	INFO	[jepsen worker 0] jepsen.util: 0	:ok	:echo	{:echo "Please echo 52", :in_reply_to 49, :msg_id 49, :type "echo_ok"}
2024-05-28 13:56:55,396{GMT}	INFO	[jepsen worker 0] jepsen.util: 0	:invoke	:echo	"Please echo 46"
2024-05-28 13:56:55,397{GMT}	INFO	[jepsen worker 0] jepsen.util: 0	:ok	:echo	{:echo "Please echo 46", :in_reply_to 50, :msg_id 50, :type "echo_ok"}
2024-05-28 13:56:55,418{GMT}	INFO	[jepsen test runner] jepsen.core: Run complete, writing
2024-05-28 13:56:55,459{GMT}	INFO	[jepsen node n0] maelstrom.db: Tearing down n0
2024-05-28 13:56:56,428{GMT}	INFO	[jepsen node n0] maelstrom.net: Shutting down Maelstrom network
2024-05-28 13:56:56,429{GMT}	INFO	[jepsen test runner] jepsen.core: Analyzing...
2024-05-28 13:56:56,709{GMT}	INFO	[jepsen test runner] jepsen.core: Analysis complete
2024-05-28 13:56:56,715{GMT}	INFO	[jepsen results] jepsen.store: Wrote /Users/garrettbodley/Code/gossip-glomers/maelstrom/store/echo/20240528T135643.927-0400/results.edn
2024-05-28 13:56:56,735{GMT}	INFO	[jepsen test runner] jepsen.core: {:perf {:latency-graph {:valid? true},
        :rate-graph {:valid? true},
        :valid? true},
 :timeline {:valid? true},
 :exceptions {:valid? true},
 :stats {:valid? true,
         :count 50,
         :ok-count 50,
         :fail-count 0,
         :info-count 0,
         :by-f {:echo {:valid? true,
                       :count 50,
                       :ok-count 50,
                       :fail-count 0,
                       :info-count 0}}},
 :availability {:valid? true, :ok-fraction 1.0},
 :net {:all {:send-count 102,
             :recv-count 102,
             :msg-count 102,
             :msgs-per-op 2.04},
       :clients {:send-count 102, :recv-count 102, :msg-count 102},
       :servers {:send-count 0,
                 :recv-count 0,
                 :msg-count 0,
                 :msgs-per-op 0.0},
       :valid? true},
 :workload {:valid? true, :errors ()},
 :valid? true}


Everything looks good! ヽ(‘ー`)ノ
