2024-05-28 18:10:28,593{GMT}	INFO	[jepsen test runner] jepsen.core: Test version f19d6895eaa3eba773e51eb5b24e354b1e4d4246 (plus uncommitted changes)
2024-05-28 18:10:28,594{GMT}	INFO	[jepsen test runner] jepsen.core: Command line:
lein run test -w broadcast --bin /Users/garrettbodley/go/bin/maelstrom-broadcast --node-count 1 --time-limit 20 --rate 10
2024-05-28 18:10:28,664{GMT}	INFO	[jepsen test runner] jepsen.core: Running test:
{:args []
 :remote
 #jepsen.control.retry.Remote{:remote #jepsen.control.scp.Remote{:cmd-remote #jepsen.control.sshj.SSHJRemote{:concurrency-limit 6,
                                                                                                             :conn-spec nil,
                                                                                                             :client nil,
                                                                                                             :semaphore nil},
                                                                 :conn-spec nil},
                              :conn nil}
 :log-net-send false
 :node-count 1
 :availability nil
 :max-txn-length 4
 :concurrency 1
 :db
 #object[maelstrom.db$db$reify__16142
         "0x7d3a9061"
         "maelstrom.db$db$reify__16142@7d3a9061"]
 :max-writes-per-key 16
 :leave-db-running? false
 :name "broadcast"
 :logging-json? false
 :start-time
 #object[org.joda.time.DateTime "0x307ca947" "2024-05-28T18:10:28.559-04:00"]
 :nemesis-interval 10
 :net
 #object[maelstrom.net$jepsen_net$reify__15251
         "0x61d1315b"
         "maelstrom.net$jepsen_net$reify__15251@61d1315b"]
 :client
 #object[maelstrom.workload.broadcast$client$reify__16644
         "0x49d5b651"
         "maelstrom.workload.broadcast$client$reify__16644@49d5b651"]
 :barrier
 #object[java.util.concurrent.CyclicBarrier
         "0x34989ceb"
         "java.util.concurrent.CyclicBarrier@34989ceb"]
 :log-stderr false
 :pure-generators true
 :ssh {:dummy? true}
 :rate 10.0
 :checker
 #object[jepsen.checker$compose$reify__11881
         "0x61fb3dae"
         "jepsen.checker$compose$reify__11881@61fb3dae"]
 :argv
 ("test"
  "-w"
  "broadcast"
  "--bin"
  "/Users/garrettbodley/go/bin/maelstrom-broadcast"
  "--node-count"
  "1"
  "--time-limit"
  "20"
  "--rate"
  "10")
 :nemesis
 (jepsen.nemesis.ReflCompose
  {:fm {:start-partition 0,
        :stop-partition 0,
        :kill 1,
        :start 1,
        :pause 1,
        :resume 1},
   :nemeses [#unprintable "jepsen.nemesis.combined$partition_nemesis$reify__16416@9c88323"
             #unprintable "jepsen.nemesis.combined$db_nemesis$reify__16397@6d4bdb75"]})
 :nodes ["n0"]
 :test-count 1
 :latency {:mean 0, :dist :constant}
 :bin "/Users/garrettbodley/go/bin/maelstrom-broadcast"
 :generator
 ((jepsen.generator.Synchronize
   {:gen (jepsen.generator.TimeLimit
          {:limit 20000000000,
           :cutoff nil,
           :gen (jepsen.generator.Any
                 {:gens [(jepsen.generator.OnThreads
                          {:f #{:nemesis},
                           :context-filter #object[jepsen.generator.context$make_thread_filter$lazy_filter__9167
                                                   "0x453ca7f"
                                                   "jepsen.generator.context$make_thread_filter$lazy_filter__9167@453ca7f"],
                           :gen nil})
                         (jepsen.generator.OnThreads
                          {:f #jepsen.generator.context.AllBut{:element :nemesis},
                           :context-filter #object[jepsen.generator.context$make_thread_filter$lazy_filter__9167
                                                   "0x5d41b929"
                                                   "jepsen.generator.context$make_thread_filter$lazy_filter__9167@5d41b929"],
                           :gen (jepsen.generator.Stagger
                                 {:dt 200000000,
                                  :next-time nil,
                                  :gen (jepsen.generator.Mix
                                        {:i 1,
                                         :gens [({:f :broadcast, :value 0}
                                                 {:f :broadcast, :value 1}
                                                 {:f :broadcast, :value 2}
                                                 {:f :broadcast, :value 3}
                                                 {:f :broadcast, :value 4}
                                                 {:f :broadcast, :value 5}
                                                 {:f :broadcast, :value 6}
                                                 {:f :broadcast, :value 7}
                                                 ...)
                                                ({:f :read}
                                                 {:f :read}
                                                 {:f :read}
                                                 {:f :read}
                                                 {:f :read}
                                                 {:f :read}
                                                 {:f :read}
                                                 {:f :read}
                                                 ...)]})})})]})})})
  (jepsen.generator.Synchronize
   {:gen (jepsen.generator.OnThreads
          {:f #{:nemesis},
           :context-filter #object[jepsen.generator.context$make_thread_filter$lazy_filter__9167
                                   "0x333813e7"
                                   "jepsen.generator.context$make_thread_filter$lazy_filter__9167@333813e7"],
           :gen ()})})
  (jepsen.generator.Synchronize
   {:gen {:type :log, :value "Waiting for recovery..."}})
  (jepsen.generator.Synchronize {:gen {:type :sleep, :value 10}})
  (jepsen.generator.Synchronize
   {:gen (jepsen.generator.OnThreads
          {:f #jepsen.generator.context.AllBut{:element :nemesis},
           :context-filter #object[jepsen.generator.context$make_thread_filter$lazy_filter__9167
                                   "0x292237cd"
                                   "jepsen.generator.context$make_thread_filter$lazy_filter__9167@292237cd"],
           :gen (jepsen.generator.EachThread
                 {:fresh-gen {:f :read, :final? true},
                  :context-filters #object[clojure.core$promise$reify__8591
                                           "0x797a5b31"
                                           {:status :pending, :val nil}],
                  :gens {}})})}))
 :log-net-recv false
 :os
 #object[maelstrom.net$jepsen_os$reify__15254
         "0x13d7d1a8"
         "maelstrom.net$jepsen_os$reify__15254@13d7d1a8"]
 :time-limit 20
 :workload :broadcast
 :consistency-models [:strict-serializable]
 :topology :grid}

2024-05-28 18:10:30,210{GMT}	INFO	[jepsen node n0] maelstrom.net: Starting Maelstrom network
2024-05-28 18:10:30,211{GMT}	INFO	[jepsen test runner] jepsen.db: Tearing down DB
2024-05-28 18:10:30,212{GMT}	INFO	[jepsen test runner] jepsen.db: Setting up DB
2024-05-28 18:10:30,214{GMT}	INFO	[jepsen node n0] maelstrom.service: Starting services: (lin-kv lin-tso lww-kv seq-kv)
2024-05-28 18:10:30,214{GMT}	INFO	[jepsen node n0] maelstrom.db: Setting up n0
2024-05-28 18:10:30,215{GMT}	INFO	[jepsen node n0] maelstrom.process: launching /Users/garrettbodley/go/bin/maelstrom-broadcast []
2024-05-28 18:10:30,353{GMT}	INFO	[jepsen test runner] jepsen.core: Relative time begins now
2024-05-28 18:10:30,366{GMT}	INFO	[jepsen worker 0] jepsen.util: 0	:invoke	:read	nil
2024-05-28 18:10:30,368{GMT}	INFO	[jepsen worker 0] jepsen.util: 0	:ok	:read	[]
2024-05-28 18:10:30,448{GMT}	INFO	[jepsen worker 0] jepsen.util: 0	:invoke	:read	nil
2024-05-28 18:10:30,449{GMT}	INFO	[jepsen worker 0] jepsen.util: 0	:ok	:read	[]
2024-05-28 18:10:30,630{GMT}	INFO	[jepsen worker 0] jepsen.util: 0	:invoke	:broadcast	0
2024-05-28 18:10:30,632{GMT}	INFO	[jepsen worker 0] jepsen.util: 0	:ok	:broadcast	0
2024-05-28 18:10:30,777{GMT}	INFO	[jepsen worker 0] jepsen.util: 0	:invoke	:read	nil
2024-05-28 18:10:30,779{GMT}	INFO	[jepsen worker 0] jepsen.util: 0	:ok	:read	[0]
2024-05-28 18:10:30,945{GMT}	INFO	[jepsen worker 0] jepsen.util: 0	:invoke	:broadcast	1
2024-05-28 18:10:30,947{GMT}	INFO	[jepsen worker 0] jepsen.util: 0	:ok	:broadcast	1
2024-05-28 18:10:31,061{GMT}	INFO	[jepsen worker 0] jepsen.util: 0	:invoke	:broadcast	2
2024-05-28 18:10:31,065{GMT}	INFO	[jepsen worker 0] jepsen.util: 0	:ok	:broadcast	2
2024-05-28 18:10:31,191{GMT}	INFO	[jepsen worker 0] jepsen.util: 0	:invoke	:read	nil
2024-05-28 18:10:31,193{GMT}	INFO	[jepsen worker 0] jepsen.util: 0	:ok	:read	[0 1 2]
2024-05-28 18:10:31,248{GMT}	INFO	[jepsen worker 0] jepsen.util: 0	:invoke	:read	nil
2024-05-28 18:10:31,250{GMT}	INFO	[jepsen worker 0] jepsen.util: 0	:ok	:read	[0 1 2]
2024-05-28 18:10:31,397{GMT}	INFO	[jepsen worker 0] jepsen.util: 0	:invoke	:read	nil
2024-05-28 18:10:31,398{GMT}	INFO	[jepsen worker 0] jepsen.util: 0	:ok	:read	[2 0 1]
2024-05-28 18:10:31,458{GMT}	INFO	[jepsen worker 0] jepsen.util: 0	:invoke	:broadcast	3
2024-05-28 18:10:31,461{GMT}	INFO	[jepsen worker 0] jepsen.util: 0	:ok	:broadcast	3
2024-05-28 18:10:31,639{GMT}	INFO	[jepsen worker 0] jepsen.util: 0	:invoke	:broadcast	4
2024-05-28 18:10:31,642{GMT}	INFO	[jepsen worker 0] jepsen.util: 0	:ok	:broadcast	4
2024-05-28 18:10:31,814{GMT}	INFO	[jepsen worker 0] jepsen.util: 0	:invoke	:broadcast	5
2024-05-28 18:10:31,817{GMT}	INFO	[jepsen worker 0] jepsen.util: 0	:ok	:broadcast	5
2024-05-28 18:10:31,970{GMT}	INFO	[jepsen worker 0] jepsen.util: 0	:invoke	:broadcast	6
2024-05-28 18:10:31,972{GMT}	INFO	[jepsen worker 0] jepsen.util: 0	:ok	:broadcast	6
2024-05-28 18:10:31,985{GMT}	INFO	[jepsen worker 0] jepsen.util: 0	:invoke	:read	nil
2024-05-28 18:10:31,988{GMT}	INFO	[jepsen worker 0] jepsen.util: 0	:ok	:read	[0 1 2 3 4 5 6]
2024-05-28 18:10:32,110{GMT}	INFO	[jepsen worker 0] jepsen.util: 0	:invoke	:broadcast	7
2024-05-28 18:10:32,112{GMT}	INFO	[jepsen worker 0] jepsen.util: 0	:ok	:broadcast	7
2024-05-28 18:10:32,268{GMT}	INFO	[jepsen worker 0] jepsen.util: 0	:invoke	:read	nil
2024-05-28 18:10:32,270{GMT}	INFO	[jepsen worker 0] jepsen.util: 0	:ok	:read	[0 1 2 3 4 5 6 7]
2024-05-28 18:10:32,422{GMT}	INFO	[jepsen worker 0] jepsen.util: 0	:invoke	:broadcast	8
2024-05-28 18:10:32,424{GMT}	INFO	[jepsen worker 0] jepsen.util: 0	:ok	:broadcast	8
2024-05-28 18:10:32,549{GMT}	INFO	[jepsen worker 0] jepsen.util: 0	:invoke	:broadcast	9
2024-05-28 18:10:32,550{GMT}	INFO	[jepsen worker 0] jepsen.util: 0	:ok	:broadcast	9
2024-05-28 18:10:32,650{GMT}	INFO	[jepsen worker 0] jepsen.util: 0	:invoke	:broadcast	10
2024-05-28 18:10:32,651{GMT}	INFO	[jepsen worker 0] jepsen.util: 0	:ok	:broadcast	10
2024-05-28 18:10:32,834{GMT}	INFO	[jepsen worker 0] jepsen.util: 0	:invoke	:read	nil
2024-05-28 18:10:32,836{GMT}	INFO	[jepsen worker 0] jepsen.util: 0	:ok	:read	[10 1 8 9 4 5 6 7 0 2 3]
2024-05-28 18:10:32,944{GMT}	INFO	[jepsen worker 0] jepsen.util: 0	:invoke	:broadcast	11
2024-05-28 18:10:32,946{GMT}	INFO	[jepsen worker 0] jepsen.util: 0	:ok	:broadcast	11
2024-05-28 18:10:33,106{GMT}	INFO	[jepsen worker 0] jepsen.util: 0	:invoke	:read	nil
2024-05-28 18:10:33,108{GMT}	INFO	[jepsen worker 0] jepsen.util: 0	:ok	:read	[1 8 9 10 7 11 0 2 3 4 5 6]
2024-05-28 18:10:33,154{GMT}	INFO	[jepsen worker 0] jepsen.util: 0	:invoke	:broadcast	12
2024-05-28 18:10:33,156{GMT}	INFO	[jepsen worker 0] jepsen.util: 0	:ok	:broadcast	12
2024-05-28 18:10:33,297{GMT}	INFO	[jepsen worker 0] jepsen.util: 0	:invoke	:read	nil
2024-05-28 18:10:33,298{GMT}	INFO	[jepsen worker 0] jepsen.util: 0	:ok	:read	[12 1 8 9 10 5 6 7 11 0 2 3 4]
2024-05-28 18:10:33,423{GMT}	INFO	[jepsen worker 0] jepsen.util: 0	:invoke	:read	nil
2024-05-28 18:10:33,425{GMT}	INFO	[jepsen worker 0] jepsen.util: 0	:ok	:read	[2 3 4 5 6 7 11 0 8 9 10 12 1]
2024-05-28 18:10:33,578{GMT}	INFO	[jepsen worker 0] jepsen.util: 0	:invoke	:broadcast	13
2024-05-28 18:10:33,581{GMT}	INFO	[jepsen worker 0] jepsen.util: 0	:ok	:broadcast	13
2024-05-28 18:10:33,700{GMT}	INFO	[jepsen worker 0] jepsen.util: 0	:invoke	:read	nil
2024-05-28 18:10:33,702{GMT}	INFO	[jepsen worker 0] jepsen.util: 0	:ok	:read	[3 4 6 0 9 10 12 13 1 5 7 11 2 8]
2024-05-28 18:10:33,838{GMT}	INFO	[jepsen worker 0] jepsen.util: 0	:invoke	:read	nil
2024-05-28 18:10:33,840{GMT}	INFO	[jepsen worker 0] jepsen.util: 0	:ok	:read	[0 3 4 6 1 9 10 12 13 2 5 7 11 8]
2024-05-28 18:10:33,914{GMT}	INFO	[jepsen worker 0] jepsen.util: 0	:invoke	:broadcast	14
2024-05-28 18:10:33,916{GMT}	INFO	[jepsen worker 0] jepsen.util: 0	:ok	:broadcast	14
2024-05-28 18:10:34,122{GMT}	INFO	[jepsen worker 0] jepsen.util: 0	:invoke	:read	nil
2024-05-28 18:10:34,130{GMT}	INFO	[jepsen worker 0] jepsen.util: 0	:ok	:read	[10 12 13 1 9 7 11 2 5 8 14 4 6 0 3]
2024-05-28 18:10:34,303{GMT}	INFO	[jepsen worker 0] jepsen.util: 0	:invoke	:broadcast	15
2024-05-28 18:10:34,305{GMT}	INFO	[jepsen worker 0] jepsen.util: 0	:ok	:broadcast	15
2024-05-28 18:10:34,447{GMT}	INFO	[jepsen worker 0] jepsen.util: 0	:invoke	:broadcast	16
2024-05-28 18:10:34,450{GMT}	INFO	[jepsen worker 0] jepsen.util: 0	:ok	:broadcast	16
2024-05-28 18:10:34,517{GMT}	INFO	[jepsen worker 0] jepsen.util: 0	:invoke	:read	nil
2024-05-28 18:10:34,519{GMT}	INFO	[jepsen worker 0] jepsen.util: 0	:ok	:read	[1 9 10 12 13 2 5 7 11 15 16 8 14 0 3 4 6]
2024-05-28 18:10:34,655{GMT}	INFO	[jepsen worker 0] jepsen.util: 0	:invoke	:broadcast	17
2024-05-28 18:10:34,658{GMT}	INFO	[jepsen worker 0] jepsen.util: 0	:ok	:broadcast	17
2024-05-28 18:10:34,823{GMT}	INFO	[jepsen worker 0] jepsen.util: 0	:invoke	:read	nil
2024-05-28 18:10:34,828{GMT}	INFO	[jepsen worker 0] jepsen.util: 0	:ok	:read	[4 6 0 3 10 12 13 1 9 7 11 15 16 17 2 5 8 14]
2024-05-28 18:10:34,969{GMT}	INFO	[jepsen worker 0] jepsen.util: 0	:invoke	:broadcast	18
2024-05-28 18:10:34,971{GMT}	INFO	[jepsen worker 0] jepsen.util: 0	:ok	:broadcast	18
2024-05-28 18:10:34,972{GMT}	INFO	[jepsen worker 0] jepsen.util: 0	:invoke	:read	nil
2024-05-28 18:10:34,973{GMT}	INFO	[jepsen worker 0] jepsen.util: 0	:ok	:read	[0 3 4 6 1 9 10 12 13 2 5 7 11 15 16 17 8 14 18]
2024-05-28 18:10:35,007{GMT}	INFO	[jepsen worker 0] jepsen.util: 0	:invoke	:broadcast	19
2024-05-28 18:10:35,009{GMT}	INFO	[jepsen worker 0] jepsen.util: 0	:ok	:broadcast	19
2024-05-28 18:10:35,192{GMT}	INFO	[jepsen worker 0] jepsen.util: 0	:invoke	:broadcast	20
2024-05-28 18:10:35,193{GMT}	INFO	[jepsen worker 0] jepsen.util: 0	:ok	:broadcast	20
2024-05-28 18:10:35,228{GMT}	INFO	[jepsen worker 0] jepsen.util: 0	:invoke	:broadcast	21
2024-05-28 18:10:35,230{GMT}	INFO	[jepsen worker 0] jepsen.util: 0	:ok	:broadcast	21
2024-05-28 18:10:35,271{GMT}	INFO	[jepsen worker 0] jepsen.util: 0	:invoke	:read	nil
2024-05-28 18:10:35,273{GMT}	INFO	[jepsen worker 0] jepsen.util: 0	:ok	:read	[1 9 10 12 13 19 20 2 5 7 11 15 16 17 21 8 14 18 0 3 4 6]
2024-05-28 18:10:35,325{GMT}	INFO	[jepsen worker 0] jepsen.util: 0	:invoke	:broadcast	22
2024-05-28 18:10:35,328{GMT}	INFO	[jepsen worker 0] jepsen.util: 0	:ok	:broadcast	22
2024-05-28 18:10:35,329{GMT}	INFO	[jepsen worker 0] jepsen.util: 0	:invoke	:broadcast	23
2024-05-28 18:10:35,331{GMT}	INFO	[jepsen worker 0] jepsen.util: 0	:ok	:broadcast	23
2024-05-28 18:10:35,508{GMT}	INFO	[jepsen worker 0] jepsen.util: 0	:invoke	:read	nil
2024-05-28 18:10:35,510{GMT}	INFO	[jepsen worker 0] jepsen.util: 0	:ok	:read	[6 22 0 3 4 12 13 19 20 23 1 9 10 11 15 16 17 21 2 5 7 8 14 18]
2024-05-28 18:10:35,550{GMT}	INFO	[jepsen worker 0] jepsen.util: 0	:invoke	:read	nil
2024-05-28 18:10:35,552{GMT}	INFO	[jepsen worker 0] jepsen.util: 0	:ok	:read	[10 12 13 19 20 23 1 9 7 11 15 16 17 21 2 5 18 8 14 4 6 22 0 3]
2024-05-28 18:10:35,712{GMT}	INFO	[jepsen worker 0] jepsen.util: 0	:invoke	:read	nil
2024-05-28 18:10:35,714{GMT}	INFO	[jepsen worker 0] jepsen.util: 0	:ok	:read	[22 0 3 4 6 13 19 20 23 1 9 10 12 15 16 17 21 2 5 7 11 8 14 18]
2024-05-28 18:10:35,844{GMT}	INFO	[jepsen worker 0] jepsen.util: 0	:invoke	:broadcast	24
2024-05-28 18:10:35,846{GMT}	INFO	[jepsen worker 0] jepsen.util: 0	:ok	:broadcast	24
2024-05-28 18:10:36,025{GMT}	INFO	[jepsen worker 0] jepsen.util: 0	:invoke	:broadcast	25
2024-05-28 18:10:36,026{GMT}	INFO	[jepsen worker 0] jepsen.util: 0	:ok	:broadcast	25
2024-05-28 18:10:36,191{GMT}	INFO	[jepsen worker 0] jepsen.util: 0	:invoke	:broadcast	26
2024-05-28 18:10:36,192{GMT}	INFO	[jepsen worker 0] jepsen.util: 0	:ok	:broadcast	26
2024-05-28 18:10:36,382{GMT}	INFO	[jepsen worker 0] jepsen.util: 0	:invoke	:broadcast	27
2024-05-28 18:10:36,383{GMT}	INFO	[jepsen worker 0] jepsen.util: 0	:ok	:broadcast	27
2024-05-28 18:10:36,525{GMT}	INFO	[jepsen worker 0] jepsen.util: 0	:invoke	:read	nil
2024-05-28 18:10:36,527{GMT}	INFO	[jepsen worker 0] jepsen.util: 0	:ok	:read	[2 7 15 24 26 8 18 0 25 27 1 10 12 20 23 5 11 16 17 21 14 3 4 6 22 9 13 19]
2024-05-28 18:10:36,532{GMT}	INFO	[jepsen worker 0] jepsen.util: 0	:invoke	:broadcast	28
2024-05-28 18:10:36,533{GMT}	INFO	[jepsen worker 0] jepsen.util: 0	:ok	:broadcast	28
2024-05-28 18:10:36,559{GMT}	INFO	[jepsen worker 0] jepsen.util: 0	:invoke	:broadcast	29
2024-05-28 18:10:36,560{GMT}	INFO	[jepsen worker 0] jepsen.util: 0	:ok	:broadcast	29
2024-05-28 18:10:36,723{GMT}	INFO	[jepsen worker 0] jepsen.util: 0	:invoke	:broadcast	30
2024-05-28 18:10:36,724{GMT}	INFO	[jepsen worker 0] jepsen.util: 0	:ok	:broadcast	30
2024-05-28 18:10:36,871{GMT}	INFO	[jepsen worker 0] jepsen.util: 0	:invoke	:read	nil
2024-05-28 18:10:36,873{GMT}	INFO	[jepsen worker 0] jepsen.util: 0	:ok	:read	[27 0 25 12 20 23 1 10 16 17 21 30 5 11 14 6 22 28 3 4 19 9 13 15 24 26 29 2 7 8 18]
2024-05-28 18:10:36,967{GMT}	INFO	[jepsen worker 0] jepsen.util: 0	:invoke	:read	nil
2024-05-28 18:10:36,969{GMT}	INFO	[jepsen worker 0] jepsen.util: 0	:ok	:read	[8 18 0 25 27 1 10 12 20 23 5 11 16 17 21 30 14 3 4 6 22 28 9 13 19 2 7 15 24 26 29]
2024-05-28 18:10:37,025{GMT}	INFO	[jepsen worker 0] jepsen.util: 0	:invoke	:broadcast	31
2024-05-28 18:10:37,027{GMT}	INFO	[jepsen worker 0] jepsen.util: 0	:ok	:broadcast	31
2024-05-28 18:10:37,187{GMT}	INFO	[jepsen worker 0] jepsen.util: 0	:invoke	:read	nil
2024-05-28 18:10:37,188{GMT}	INFO	[jepsen worker 0] jepsen.util: 0	:ok	:read	[14 3 4 6 22 28 9 13 19 2 7 15 24 26 29 8 18 0 25 27 1 10 12 20 23 5 11 16 17 21 30 31]
2024-05-28 18:10:37,335{GMT}	INFO	[jepsen worker 0] jepsen.util: 0	:invoke	:read	nil
2024-05-28 18:10:37,337{GMT}	INFO	[jepsen worker 0] jepsen.util: 0	:ok	:read	[2 7 15 24 26 29 8 18 0 25 27 1 10 12 20 23 5 11 16 17 21 30 31 14 3 4 6 22 28 9 13 19]
2024-05-28 18:10:37,442{GMT}	INFO	[jepsen worker 0] jepsen.util: 0	:invoke	:broadcast	32
2024-05-28 18:10:37,443{GMT}	INFO	[jepsen worker 0] jepsen.util: 0	:ok	:broadcast	32
2024-05-28 18:10:37,604{GMT}	INFO	[jepsen worker 0] jepsen.util: 0	:invoke	:broadcast	33
2024-05-28 18:10:37,606{GMT}	INFO	[jepsen worker 0] jepsen.util: 0	:ok	:broadcast	33
2024-05-28 18:10:37,690{GMT}	INFO	[jepsen worker 0] jepsen.util: 0	:invoke	:broadcast	34
2024-05-28 18:10:37,691{GMT}	INFO	[jepsen worker 0] jepsen.util: 0	:ok	:broadcast	34
2024-05-28 18:10:37,712{GMT}	INFO	[jepsen worker 0] jepsen.util: 0	:invoke	:read	nil
2024-05-28 18:10:37,713{GMT}	INFO	[jepsen worker 0] jepsen.util: 0	:ok	:read	[14 3 4 6 22 28 32 9 13 19 2 7 15 24 26 29 8 18 0 25 27 1 10 12 20 23 5 11 16 17 21 30 31 33 34]
2024-05-28 18:10:37,749{GMT}	INFO	[jepsen worker 0] jepsen.util: 0	:invoke	:broadcast	35
2024-05-28 18:10:37,750{GMT}	INFO	[jepsen worker 0] jepsen.util: 0	:ok	:broadcast	35
2024-05-28 18:10:37,901{GMT}	INFO	[jepsen worker 0] jepsen.util: 0	:invoke	:broadcast	36
2024-05-28 18:10:37,902{GMT}	INFO	[jepsen worker 0] jepsen.util: 0	:ok	:broadcast	36
2024-05-28 18:10:38,057{GMT}	INFO	[jepsen worker 0] jepsen.util: 0	:invoke	:read	nil
2024-05-28 18:10:38,058{GMT}	INFO	[jepsen worker 0] jepsen.util: 0	:ok	:read	[13 19 9 7 15 24 26 29 2 18 35 8 25 27 0 10 12 20 23 1 11 16 17 21 30 31 33 5 36 34 14 4 6 22 28 32 3]
2024-05-28 18:10:38,158{GMT}	INFO	[jepsen worker 0] jepsen.util: 0	:invoke	:broadcast	37
2024-05-28 18:10:38,159{GMT}	INFO	[jepsen worker 0] jepsen.util: 0	:ok	:broadcast	37
2024-05-28 18:10:38,243{GMT}	INFO	[jepsen worker 0] jepsen.util: 0	:invoke	:read	nil
2024-05-28 18:10:38,245{GMT}	INFO	[jepsen worker 0] jepsen.util: 0	:ok	:read	[27 0 25 12 20 23 37 1 10 16 17 21 30 31 33 5 11 34 36 14 6 22 28 32 3 4 19 9 13 15 24 26 29 2 7 35 8 18]
2024-05-28 18:10:38,344{GMT}	INFO	[jepsen worker 0] jepsen.util: 0	:invoke	:broadcast	38
2024-05-28 18:10:38,345{GMT}	INFO	[jepsen worker 0] jepsen.util: 0	:ok	:broadcast	38
2024-05-28 18:10:38,480{GMT}	INFO	[jepsen worker 0] jepsen.util: 0	:invoke	:read	nil
2024-05-28 18:10:38,483{GMT}	INFO	[jepsen worker 0] jepsen.util: 0	:ok	:read	[8 18 35 0 25 27 38 37 1 10 12 20 23 30 31 33 5 11 16 17 21 34 36 14 32 3 4 6 22 28 9 13 19 29 2 7 15 24 26]
2024-05-28 18:10:38,531{GMT}	INFO	[jepsen worker 0] jepsen.util: 0	:invoke	:broadcast	39
2024-05-28 18:10:38,532{GMT}	INFO	[jepsen worker 0] jepsen.util: 0	:ok	:broadcast	39
2024-05-28 18:10:38,692{GMT}	INFO	[jepsen worker 0] jepsen.util: 0	:invoke	:read	nil
2024-05-28 18:10:38,693{GMT}	INFO	[jepsen worker 0] jepsen.util: 0	:ok	:read	[26 29 2 7 15 24 8 18 35 39 0 25 27 38 23 37 1 10 12 20 21 30 31 33 5 11 16 17 34 36 14 28 32 3 4 6 22 9 13 19]
2024-05-28 18:10:38,894{GMT}	INFO	[jepsen worker 0] jepsen.util: 0	:invoke	:broadcast	40
2024-05-28 18:10:38,895{GMT}	INFO	[jepsen worker 0] jepsen.util: 0	:ok	:broadcast	40
2024-05-28 18:10:38,936{GMT}	INFO	[jepsen worker 0] jepsen.util: 0	:invoke	:broadcast	41
2024-05-28 18:10:38,937{GMT}	INFO	[jepsen worker 0] jepsen.util: 0	:ok	:broadcast	41
2024-05-28 18:10:39,028{GMT}	INFO	[jepsen worker 0] jepsen.util: 0	:invoke	:read	nil
2024-05-28 18:10:39,029{GMT}	INFO	[jepsen worker 0] jepsen.util: 0	:ok	:read	[14 3 4 6 22 28 32 9 13 19 2 7 15 24 26 29 8 18 35 0 25 27 38 39 1 10 12 20 23 37 40 41 5 11 16 17 21 30 31 33 34 36]
2024-05-28 18:10:39,106{GMT}	INFO	[jepsen worker 0] jepsen.util: 0	:invoke	:broadcast	42
2024-05-28 18:10:39,106{GMT}	INFO	[jepsen worker 0] jepsen.util: 0	:ok	:broadcast	42
2024-05-28 18:10:39,177{GMT}	INFO	[jepsen worker 0] jepsen.util: 0	:invoke	:broadcast	43
2024-05-28 18:10:39,178{GMT}	INFO	[jepsen worker 0] jepsen.util: 0	:ok	:broadcast	43
2024-05-28 18:10:39,333{GMT}	INFO	[jepsen worker 0] jepsen.util: 0	:invoke	:broadcast	44
2024-05-28 18:10:39,334{GMT}	INFO	[jepsen worker 0] jepsen.util: 0	:ok	:broadcast	44
2024-05-28 18:10:39,397{GMT}	INFO	[jepsen worker 0] jepsen.util: 0	:invoke	:broadcast	45
2024-05-28 18:10:39,398{GMT}	INFO	[jepsen worker 0] jepsen.util: 0	:ok	:broadcast	45
2024-05-28 18:10:39,476{GMT}	INFO	[jepsen worker 0] jepsen.util: 0	:invoke	:broadcast	46
2024-05-28 18:10:39,478{GMT}	INFO	[jepsen worker 0] jepsen.util: 0	:ok	:broadcast	46
2024-05-28 18:10:39,649{GMT}	INFO	[jepsen worker 0] jepsen.util: 0	:invoke	:broadcast	47
2024-05-28 18:10:39,651{GMT}	INFO	[jepsen worker 0] jepsen.util: 0	:ok	:broadcast	47
2024-05-28 18:10:39,678{GMT}	INFO	[jepsen worker 0] jepsen.util: 0	:invoke	:read	nil
2024-05-28 18:10:39,680{GMT}	INFO	[jepsen worker 0] jepsen.util: 0	:ok	:read	[14 44 45 22 28 32 3 4 6 9 13 19 24 26 29 2 7 15 43 8 18 35 38 39 42 0 25 27 20 23 37 40 41 1 10 12 46 17 21 30 31 33 5 11 16 34 36 47]
2024-05-28 18:10:39,725{GMT}	INFO	[jepsen worker 0] jepsen.util: 0	:invoke	:read	nil
2024-05-28 18:10:39,727{GMT}	INFO	[jepsen worker 0] jepsen.util: 0	:ok	:read	[3 4 6 22 28 32 9 13 19 2 7 15 24 26 29 8 18 35 43 0 25 27 38 39 42 41 1 10 12 20 23 37 40 46 33 5 11 16 17 21 30 31 34 36 47 14 44 45]
2024-05-28 18:10:39,774{GMT}	INFO	[jepsen worker 0] jepsen.util: 0	:invoke	:broadcast	48
2024-05-28 18:10:39,775{GMT}	INFO	[jepsen worker 0] jepsen.util: 0	:ok	:broadcast	48
2024-05-28 18:10:39,862{GMT}	INFO	[jepsen worker 0] jepsen.util: 0	:invoke	:broadcast	49
2024-05-28 18:10:39,863{GMT}	INFO	[jepsen worker 0] jepsen.util: 0	:ok	:broadcast	49
2024-05-28 18:10:40,011{GMT}	INFO	[jepsen worker 0] jepsen.util: 0	:invoke	:read	nil
2024-05-28 18:10:40,012{GMT}	INFO	[jepsen worker 0] jepsen.util: 0	:ok	:read	[9 13 19 2 7 15 24 26 29 49 8 18 35 43 48 0 25 27 38 39 42 1 10 12 20 23 37 40 41 46 5 11 16 17 21 30 31 33 34 36 47 14 44 45 3 4 6 22 28 32]
2024-05-28 18:10:40,050{GMT}	INFO	[jepsen worker 0] jepsen.util: 0	:invoke	:read	nil
2024-05-28 18:10:40,051{GMT}	INFO	[jepsen worker 0] jepsen.util: 0	:ok	:read	[9 13 19 2 7 15 24 26 29 49 8 18 35 43 48 0 25 27 38 39 42 41 1 10 12 20 23 37 40 46 33 5 11 16 17 21 30 31 34 36 47 14 44 45 3 4 6 22 28 32]
2024-05-28 18:10:40,223{GMT}	INFO	[jepsen worker 0] jepsen.util: 0	:invoke	:broadcast	50
2024-05-28 18:10:40,225{GMT}	INFO	[jepsen worker 0] jepsen.util: 0	:ok	:broadcast	50
2024-05-28 18:10:40,277{GMT}	INFO	[jepsen worker 0] jepsen.util: 0	:invoke	:read	nil
2024-05-28 18:10:40,279{GMT}	INFO	[jepsen worker 0] jepsen.util: 0	:ok	:read	[40 41 1 10 12 20 23 37 46 31 33 5 11 16 17 21 30 34 36 47 14 44 45 50 3 4 6 22 28 32 9 13 19 49 2 7 15 24 26 29 8 18 35 43 48 0 25 27 38 39 42]
2024-05-28 18:10:40,319{GMT}	INFO	[jepsen worker 0] jepsen.util: 0	:invoke	:broadcast	51
2024-05-28 18:10:40,320{GMT}	INFO	[jepsen worker 0] jepsen.util: 0	:ok	:broadcast	51
2024-05-28 18:10:40,351{GMT}	INFO	[jepsen worker 0] jepsen.util: 0	:invoke	:broadcast	52
2024-05-28 18:10:40,352{GMT}	INFO	[jepsen worker 0] jepsen.util: 0	:ok	:broadcast	52
2024-05-28 18:10:40,409{GMT}	INFO	[jepsen worker 0] jepsen.util: 0	:invoke	:read	nil
2024-05-28 18:10:40,411{GMT}	INFO	[jepsen worker 0] jepsen.util: 0	:ok	:read	[27 42 0 20 41 16 17 31 33 47 45 50 6 22 32 3 13 9 24 29 7 18 25 38 39 10 12 23 37 40 1 46 11 21 30 5 36 34 44 51 14 28 4 19 15 26 49 52 2 35 43 48 8]
2024-05-28 18:10:40,604{GMT}	INFO	[jepsen worker 0] jepsen.util: 0	:invoke	:read	nil
2024-05-28 18:10:40,606{GMT}	INFO	[jepsen worker 0] jepsen.util: 0	:ok	:read	[3 6 22 32 9 13 7 24 29 18 25 38 39 40 1 10 12 23 37 46 5 11 21 30 34 36 14 44 51 4 28 19 2 15 26 49 52 8 35 43 48 0 27 42 41 20 31 33 16 17 47 45 50]
2024-05-28 18:10:40,662{GMT}	INFO	[jepsen worker 0] jepsen.util: 0	:invoke	:broadcast	53
2024-05-28 18:10:40,663{GMT}	INFO	[jepsen worker 0] jepsen.util: 0	:ok	:broadcast	53
2024-05-28 18:10:40,827{GMT}	INFO	[jepsen worker 0] jepsen.util: 0	:invoke	:read	nil
2024-05-28 18:10:40,829{GMT}	INFO	[jepsen worker 0] jepsen.util: 0	:ok	:read	[8 35 43 48 0 27 42 41 20 33 16 17 31 47 45 50 3 6 22 32 9 13 7 24 29 18 25 38 39 1 10 12 23 37 40 46 5 11 21 30 34 36 14 44 51 53 4 28 19 2 15 26 49 52]
2024-05-28 18:10:40,955{GMT}	INFO	[jepsen worker 0] jepsen.util: 0	:invoke	:broadcast	54
2024-05-28 18:10:40,957{GMT}	INFO	[jepsen worker 0] jepsen.util: 0	:ok	:broadcast	54
2024-05-28 18:10:40,969{GMT}	INFO	[jepsen worker 0] jepsen.util: 0	:invoke	:broadcast	55
2024-05-28 18:10:40,970{GMT}	INFO	[jepsen worker 0] jepsen.util: 0	:ok	:broadcast	55
2024-05-28 18:10:41,060{GMT}	INFO	[jepsen worker 0] jepsen.util: 0	:invoke	:read	nil
2024-05-28 18:10:41,062{GMT}	INFO	[jepsen worker 0] jepsen.util: 0	:ok	:read	[3 6 22 32 9 13 7 24 29 55 18 25 38 39 1 10 12 23 37 40 46 5 11 21 30 34 36 14 44 51 53 54 4 28 19 2 15 26 49 52 8 35 43 48 0 27 42 41 20 33 16 17 31 47 45 50]
2024-05-28 18:10:41,154{GMT}	INFO	[jepsen worker 0] jepsen.util: 0	:invoke	:read	nil
2024-05-28 18:10:41,156{GMT}	INFO	[jepsen worker 0] jepsen.util: 0	:ok	:read	[54 14 44 51 53 4 28 19 52 2 15 26 49 8 35 43 48 0 27 42 41 20 31 33 16 17 47 45 50 3 6 22 32 9 13 7 24 29 55 18 25 38 39 23 37 40 1 10 12 46 21 30 5 11 34 36]
2024-05-28 18:10:41,246{GMT}	INFO	[jepsen worker 0] jepsen.util: 0	:invoke	:read	nil
2024-05-28 18:10:41,248{GMT}	INFO	[jepsen worker 0] jepsen.util: 0	:ok	:read	[43 48 8 35 42 0 27 20 41 16 17 31 33 47 45 50 22 32 3 6 9 13 29 55 7 24 18 39 25 38 12 23 37 40 1 10 46 21 30 5 11 34 36 51 53 54 14 44 4 28 19 26 49 52 2 15]
2024-05-28 18:10:41,444{GMT}	INFO	[jepsen worker 0] jepsen.util: 0	:invoke	:read	nil
2024-05-28 18:10:41,446{GMT}	INFO	[jepsen worker 0] jepsen.util: 0	:ok	:read	[20 41 16 17 31 33 47 45 50 3 6 22 32 9 13 7 24 29 55 18 25 38 39 1 10 12 23 37 40 46 5 11 21 30 34 36 14 44 51 53 54 4 28 19 2 15 26 49 52 8 35 43 48 0 27 42]
2024-05-28 18:10:41,533{GMT}	INFO	[jepsen worker 0] jepsen.util: 0	:invoke	:broadcast	56
2024-05-28 18:10:41,534{GMT}	INFO	[jepsen worker 0] jepsen.util: 0	:ok	:broadcast	56
2024-05-28 18:10:41,643{GMT}	INFO	[jepsen worker 0] jepsen.util: 0	:invoke	:read	nil
2024-05-28 18:10:41,644{GMT}	INFO	[jepsen worker 0] jepsen.util: 0	:ok	:read	[46 1 10 12 23 37 40 5 11 21 30 34 36 14 44 51 53 54 4 28 19 2 15 26 49 52 8 35 43 48 0 27 42 56 20 41 31 33 16 17 47 45 50 3 6 22 32 9 13 7 24 29 55 18 25 38 39]
2024-05-28 18:10:41,704{GMT}	INFO	[jepsen worker 0] jepsen.util: 0	:invoke	:read	nil
2024-05-28 18:10:41,706{GMT}	INFO	[jepsen worker 0] jepsen.util: 0	:ok	:read	[9 13 7 24 29 55 18 25 38 39 40 46 1 10 12 23 37 30 5 11 21 34 36 14 44 51 53 54 4 28 19 2 15 26 49 52 8 35 43 48 0 27 42 56 20 41 31 33 16 17 47 45 50 3 6 22 32]
2024-05-28 18:10:41,869{GMT}	INFO	[jepsen worker 0] jepsen.util: 0	:invoke	:broadcast	57
2024-05-28 18:10:41,870{GMT}	INFO	[jepsen worker 0] jepsen.util: 0	:ok	:broadcast	57
2024-05-28 18:10:41,956{GMT}	INFO	[jepsen worker 0] jepsen.util: 0	:invoke	:read	nil
2024-05-28 18:10:41,958{GMT}	INFO	[jepsen worker 0] jepsen.util: 0	:ok	:read	[19 52 2 15 26 49 8 35 43 48 0 27 42 56 20 41 47 16 17 31 33 45 50 3 6 22 32 9 13 7 24 29 55 18 57 25 38 39 37 40 46 1 10 12 23 34 36 5 11 21 30 54 14 44 51 53 4 28]
2024-05-28 18:10:42,049{GMT}	INFO	[jepsen worker 0] jepsen.util: 0	:invoke	:read	nil
2024-05-28 18:10:42,051{GMT}	INFO	[jepsen worker 0] jepsen.util: 0	:ok	:read	[3 6 22 32 9 13 7 24 29 55 18 57 25 38 39 1 10 12 23 37 40 46 5 11 21 30 34 36 14 44 51 53 54 4 28 19 2 15 26 49 52 8 35 43 48 0 27 42 56 20 41 16 17 31 33 47 45 50]
2024-05-28 18:10:42,141{GMT}	INFO	[jepsen worker 0] jepsen.util: 0	:invoke	:broadcast	58
2024-05-28 18:10:42,142{GMT}	INFO	[jepsen worker 0] jepsen.util: 0	:ok	:broadcast	58
2024-05-28 18:10:42,266{GMT}	INFO	[jepsen worker 0] jepsen.util: 0	:invoke	:broadcast	59
2024-05-28 18:10:42,268{GMT}	INFO	[jepsen worker 0] jepsen.util: 0	:ok	:broadcast	59
2024-05-28 18:10:42,389{GMT}	INFO	[jepsen worker 0] jepsen.util: 0	:invoke	:broadcast	60
2024-05-28 18:10:42,391{GMT}	INFO	[jepsen worker 0] jepsen.util: 0	:ok	:broadcast	60
2024-05-28 18:10:42,512{GMT}	INFO	[jepsen worker 0] jepsen.util: 0	:invoke	:broadcast	61
2024-05-28 18:10:42,514{GMT}	INFO	[jepsen worker 0] jepsen.util: 0	:ok	:broadcast	61
2024-05-28 18:10:42,617{GMT}	INFO	[jepsen worker 0] jepsen.util: 0	:invoke	:read	nil
2024-05-28 18:10:42,618{GMT}	INFO	[jepsen worker 0] jepsen.util: 0	:ok	:read	[4 28 19 2 15 26 49 52 8 35 43 48 61 0 27 42 56 20 41 16 17 31 33 47 58 45 50 59 3 6 22 32 9 13 60 7 24 29 55 18 57 25 38 39 46 1 10 12 23 37 40 5 11 21 30 34 36 14 44 51 53 54]
2024-05-28 18:10:42,691{GMT}	INFO	[jepsen worker 0] jepsen.util: 0	:invoke	:read	nil
2024-05-28 18:10:42,693{GMT}	INFO	[jepsen worker 0] jepsen.util: 0	:ok	:read	[18 57 25 38 39 37 40 46 1 10 12 23 34 36 5 11 21 30 54 14 44 51 53 4 28 19 52 2 15 26 49 61 8 35 43 48 0 27 42 56 20 41 47 58 16 17 31 33 45 50 59 3 6 22 32 9 13 60 7 24 29 55]
2024-05-28 18:10:42,806{GMT}	INFO	[jepsen worker 0] jepsen.util: 0	:invoke	:broadcast	62
2024-05-28 18:10:42,807{GMT}	INFO	[jepsen worker 0] jepsen.util: 0	:ok	:broadcast	62
2024-05-28 18:10:42,865{GMT}	INFO	[jepsen worker 0] jepsen.util: 0	:invoke	:broadcast	63
2024-05-28 18:10:42,867{GMT}	INFO	[jepsen worker 0] jepsen.util: 0	:ok	:broadcast	63
2024-05-28 18:10:42,939{GMT}	INFO	[jepsen worker 0] jepsen.util: 0	:invoke	:broadcast	64
2024-05-28 18:10:42,940{GMT}	INFO	[jepsen worker 0] jepsen.util: 0	:ok	:broadcast	64
2024-05-28 18:10:42,989{GMT}	INFO	[jepsen worker 0] jepsen.util: 0	:invoke	:broadcast	65
2024-05-28 18:10:42,991{GMT}	INFO	[jepsen worker 0] jepsen.util: 0	:ok	:broadcast	65
2024-05-28 18:10:43,054{GMT}	INFO	[jepsen worker 0] jepsen.util: 0	:invoke	:broadcast	66
2024-05-28 18:10:43,055{GMT}	INFO	[jepsen worker 0] jepsen.util: 0	:ok	:broadcast	66
2024-05-28 18:10:43,076{GMT}	INFO	[jepsen worker 0] jepsen.util: 0	:invoke	:read	nil
2024-05-28 18:10:43,078{GMT}	INFO	[jepsen worker 0] jepsen.util: 0	:ok	:read	[8 35 43 48 61 0 27 42 56 20 41 63 16 17 31 33 47 58 45 50 59 3 6 22 32 66 9 13 60 7 24 29 55 18 57 25 38 39 1 10 12 23 37 40 46 65 5 11 21 30 34 36 62 14 44 51 53 54 4 28 64 19 2 15 26 49 52]
2024-05-28 18:10:43,133{GMT}	INFO	[jepsen worker 0] jepsen.util: 0	:invoke	:broadcast	67
2024-05-28 18:10:43,134{GMT}	INFO	[jepsen worker 0] jepsen.util: 0	:ok	:broadcast	67
2024-05-28 18:10:43,242{GMT}	INFO	[jepsen worker 0] jepsen.util: 0	:invoke	:read	nil
2024-05-28 18:10:43,243{GMT}	INFO	[jepsen worker 0] jepsen.util: 0	:ok	:read	[9 13 60 7 24 29 55 18 57 25 38 39 65 1 10 12 23 37 40 46 5 11 21 30 34 36 62 14 44 51 53 54 4 28 64 19 2 15 26 49 52 8 35 43 48 61 0 27 42 56 67 20 41 63 16 17 31 33 47 58 45 50 59 3 6 22 32 66]
2024-05-28 18:10:43,399{GMT}	INFO	[jepsen worker 0] jepsen.util: 0	:invoke	:broadcast	68
2024-05-28 18:10:43,400{GMT}	INFO	[jepsen worker 0] jepsen.util: 0	:ok	:broadcast	68
2024-05-28 18:10:43,487{GMT}	INFO	[jepsen worker 0] jepsen.util: 0	:invoke	:read	nil
2024-05-28 18:10:43,489{GMT}	INFO	[jepsen worker 0] jepsen.util: 0	:ok	:read	[19 49 52 2 15 26 48 61 8 35 43 56 67 0 27 42 20 41 63 33 47 58 16 17 31 45 50 59 32 66 3 6 22 9 13 60 55 68 7 24 29 18 57 25 38 39 23 37 40 46 65 1 10 12 30 34 36 62 5 11 21 53 54 14 44 51 4 28 64]
2024-05-28 18:10:43,530{GMT}	INFO	[jepsen worker 0] jepsen.util: 0	:invoke	:read	nil
2024-05-28 18:10:43,532{GMT}	INFO	[jepsen worker 0] jepsen.util: 0	:ok	:read	[18 57 25 38 39 37 40 46 65 1 10 12 23 34 36 62 5 11 21 30 54 14 44 51 53 4 28 64 19 52 2 15 26 49 61 8 35 43 48 67 0 27 42 56 20 41 63 47 58 16 17 31 33 45 50 59 66 3 6 22 32 9 13 60 68 7 24 29 55]
2024-05-28 18:10:43,620{GMT}	INFO	[jepsen worker 0] jepsen.util: 0	:invoke	:read	nil
2024-05-28 18:10:43,621{GMT}	INFO	[jepsen worker 0] jepsen.util: 0	:ok	:read	[32 66 3 6 22 9 13 60 55 68 7 24 29 18 57 25 38 39 23 37 40 46 65 1 10 12 30 34 36 62 5 11 21 53 54 14 44 51 4 28 64 19 49 52 2 15 26 48 61 8 35 43 56 67 0 27 42 20 41 63 33 47 58 16 17 31 45 50 59]
2024-05-28 18:10:43,658{GMT}	INFO	[jepsen worker 0] jepsen.util: 0	:invoke	:broadcast	69
2024-05-28 18:10:43,659{GMT}	INFO	[jepsen worker 0] jepsen.util: 0	:ok	:broadcast	69
2024-05-28 18:10:43,697{GMT}	INFO	[jepsen worker 0] jepsen.util: 0	:invoke	:read	nil
2024-05-28 18:10:43,699{GMT}	INFO	[jepsen worker 0] jepsen.util: 0	:ok	:read	[16 17 31 33 47 58 45 50 59 3 6 22 32 66 9 13 60 7 24 29 55 68 18 57 25 38 39 46 65 1 10 12 23 37 40 62 5 11 21 30 34 36 14 44 51 53 54 4 28 64 19 2 15 26 49 52 69 8 35 43 48 61 0 27 42 56 67 20 41 63]
2024-05-28 18:10:43,699{GMT}	INFO	[jepsen worker 0] jepsen.util: 0	:invoke	:read	nil
2024-05-28 18:10:43,700{GMT}	INFO	[jepsen worker 0] jepsen.util: 0	:ok	:read	[59 45 50 22 32 66 3 6 60 9 13 29 55 68 7 24 18 57 39 25 38 12 23 37 40 46 65 1 10 21 30 34 36 62 5 11 51 53 54 14 44 64 4 28 19 26 49 52 69 2 15 43 48 61 8 35 42 56 67 0 27 63 20 41 31 33 47 58 16 17]
2024-05-28 18:10:43,744{GMT}	INFO	[jepsen worker 0] jepsen.util: 0	:invoke	:broadcast	70
2024-05-28 18:10:43,745{GMT}	INFO	[jepsen worker 0] jepsen.util: 0	:ok	:broadcast	70
2024-05-28 18:10:43,874{GMT}	INFO	[jepsen worker 0] jepsen.util: 0	:invoke	:broadcast	71
2024-05-28 18:10:43,875{GMT}	INFO	[jepsen worker 0] jepsen.util: 0	:ok	:broadcast	71
2024-05-28 18:10:44,035{GMT}	INFO	[jepsen worker 0] jepsen.util: 0	:invoke	:broadcast	72
2024-05-28 18:10:44,036{GMT}	INFO	[jepsen worker 0] jepsen.util: 0	:ok	:broadcast	72
2024-05-28 18:10:44,149{GMT}	INFO	[jepsen worker 0] jepsen.util: 0	:invoke	:read	nil
2024-05-28 18:10:44,151{GMT}	INFO	[jepsen worker 0] jepsen.util: 0	:ok	:read	[55 68 7 24 29 18 57 25 38 39 23 37 40 46 65 1 10 12 30 34 36 62 5 11 21 53 54 72 14 44 51 4 28 64 19 49 52 69 2 15 26 48 61 71 8 35 43 56 67 0 27 42 20 41 63 33 47 58 70 16 17 31 45 50 59 32 66 3 6 22 9 13 60]
2024-05-28 18:10:44,223{GMT}	INFO	[jepsen worker 0] jepsen.util: 0	:invoke	:read	nil
2024-05-28 18:10:44,225{GMT}	INFO	[jepsen worker 0] jepsen.util: 0	:ok	:read	[46 65 1 10 12 23 37 40 62 5 11 21 30 34 36 14 44 51 53 54 72 4 28 64 19 2 15 26 49 52 69 8 35 43 48 61 71 0 27 42 56 67 20 41 63 70 16 17 31 33 47 58 45 50 59 3 6 22 32 66 9 13 60 7 24 29 55 68 18 57 25 38 39]
2024-05-28 18:10:44,336{GMT}	INFO	[jepsen worker 0] jepsen.util: 0	:invoke	:read	nil
2024-05-28 18:10:44,338{GMT}	INFO	[jepsen worker 0] jepsen.util: 0	:ok	:read	[4 28 64 19 69 2 15 26 49 52 71 8 35 43 48 61 0 27 42 56 67 20 41 63 58 70 16 17 31 33 47 45 50 59 3 6 22 32 66 9 13 60 7 24 29 55 68 18 57 25 38 39 40 46 65 1 10 12 23 37 36 62 5 11 21 30 34 72 14 44 51 53 54]
2024-05-28 18:10:44,338{GMT}	INFO	[jepsen worker 0] jepsen.util: 0	:invoke	:broadcast	73
2024-05-28 18:10:44,339{GMT}	INFO	[jepsen worker 0] jepsen.util: 0	:ok	:broadcast	73
2024-05-28 18:10:44,505{GMT}	INFO	[jepsen worker 0] jepsen.util: 0	:invoke	:read	nil
2024-05-28 18:10:44,506{GMT}	INFO	[jepsen worker 0] jepsen.util: 0	:ok	:read	[6 22 32 66 3 13 60 9 24 29 55 68 7 57 18 38 39 25 10 12 23 37 40 46 65 1 11 21 30 34 36 62 73 5 44 51 53 54 72 14 28 64 4 19 15 26 49 52 69 2 35 43 48 61 71 8 27 42 56 67 0 41 63 20 17 31 33 47 58 70 16 50 59 45]
2024-05-28 18:10:44,547{GMT}	INFO	[jepsen worker 0] jepsen.util: 0	:invoke	:broadcast	74
2024-05-28 18:10:44,548{GMT}	INFO	[jepsen worker 0] jepsen.util: 0	:ok	:broadcast	74
2024-05-28 18:10:44,590{GMT}	INFO	[jepsen worker 0] jepsen.util: 0	:invoke	:broadcast	75
2024-05-28 18:10:44,591{GMT}	INFO	[jepsen worker 0] jepsen.util: 0	:ok	:broadcast	75
2024-05-28 18:10:44,747{GMT}	INFO	[jepsen worker 0] jepsen.util: 0	:invoke	:read	nil
2024-05-28 18:10:44,749{GMT}	INFO	[jepsen worker 0] jepsen.util: 0	:ok	:read	[68 7 24 29 55 18 57 25 38 39 74 37 40 46 65 1 10 12 23 34 36 62 73 5 11 21 30 54 72 14 44 51 53 4 28 64 19 52 69 2 15 26 49 61 71 8 35 43 48 67 0 27 42 56 20 41 63 75 47 58 70 16 17 31 33 45 50 59 66 3 6 22 32 9 13 60]
2024-05-28 18:10:44,945{GMT}	INFO	[jepsen worker 0] jepsen.util: 0	:invoke	:read	nil
2024-05-28 18:10:44,946{GMT}	INFO	[jepsen worker 0] jepsen.util: 0	:ok	:read	[37 40 46 65 1 10 12 23 34 36 62 73 5 11 21 30 54 72 14 44 51 53 4 28 64 19 52 69 2 15 26 49 61 71 8 35 43 48 67 0 27 42 56 20 41 63 75 47 58 70 16 17 31 33 45 50 59 66 3 6 22 32 9 13 60 68 7 24 29 55 18 57 25 38 39 74]
2024-05-28 18:10:45,031{GMT}	INFO	[jepsen worker 0] jepsen.util: 0	:invoke	:broadcast	76
2024-05-28 18:10:45,032{GMT}	INFO	[jepsen worker 0] jepsen.util: 0	:ok	:broadcast	76
2024-05-28 18:10:45,068{GMT}	INFO	[jepsen worker 0] jepsen.util: 0	:invoke	:read	nil
2024-05-28 18:10:45,069{GMT}	INFO	[jepsen worker 0] jepsen.util: 0	:ok	:read	[24 29 55 68 76 7 57 18 38 39 74 25 10 12 23 37 40 46 65 1 11 21 30 34 36 62 73 5 44 51 53 54 72 14 28 64 4 19 15 26 49 52 69 2 35 43 48 61 71 8 27 42 56 67 0 41 63 75 20 17 31 33 47 58 70 16 50 59 45 6 22 32 66 3 13 60 9]
2024-05-28 18:10:45,218{GMT}	INFO	[jepsen worker 0] jepsen.util: 0	:invoke	:broadcast	77
2024-05-28 18:10:45,220{GMT}	INFO	[jepsen worker 0] jepsen.util: 0	:ok	:broadcast	77
2024-05-28 18:10:45,364{GMT}	INFO	[jepsen worker 0] jepsen.util: 0	:invoke	:broadcast	78
2024-05-28 18:10:45,366{GMT}	INFO	[jepsen worker 0] jepsen.util: 0	:ok	:broadcast	78
2024-05-28 18:10:45,447{GMT}	INFO	[jepsen worker 0] jepsen.util: 0	:invoke	:broadcast	79
2024-05-28 18:10:45,448{GMT}	INFO	[jepsen worker 0] jepsen.util: 0	:ok	:broadcast	79
2024-05-28 18:10:45,541{GMT}	INFO	[jepsen worker 0] jepsen.util: 0	:invoke	:read	nil
2024-05-28 18:10:45,543{GMT}	INFO	[jepsen worker 0] jepsen.util: 0	:ok	:read	[8 35 43 48 61 71 0 27 42 56 67 20 41 63 75 77 16 17 31 33 47 58 70 45 50 59 3 6 22 32 66 9 13 60 7 24 29 55 68 76 18 57 25 38 39 74 1 10 12 23 37 40 46 65 5 11 21 30 34 36 62 73 14 44 51 53 54 72 4 28 64 79 19 2 15 26 49 52 69 78]
2024-05-28 18:10:45,703{GMT}	INFO	[jepsen worker 0] jepsen.util: 0	:invoke	:broadcast	80
2024-05-28 18:10:45,705{GMT}	INFO	[jepsen worker 0] jepsen.util: 0	:ok	:broadcast	80
2024-05-28 18:10:45,736{GMT}	INFO	[jepsen worker 0] jepsen.util: 0	:invoke	:broadcast	81
2024-05-28 18:10:45,737{GMT}	INFO	[jepsen worker 0] jepsen.util: 0	:ok	:broadcast	81
2024-05-28 18:10:45,742{GMT}	INFO	[jepsen worker 0] jepsen.util: 0	:invoke	:read	nil
2024-05-28 18:10:45,743{GMT}	INFO	[jepsen worker 0] jepsen.util: 0	:ok	:read	[19 49 52 69 78 2 15 26 48 61 71 8 35 43 56 67 0 27 42 75 77 20 41 63 33 47 58 70 16 17 31 45 50 59 32 66 3 6 22 9 13 60 55 68 76 7 24 29 18 57 81 74 25 38 39 23 37 40 46 65 1 10 12 30 34 36 62 73 5 11 21 53 54 72 80 14 44 51 79 4 28 64]
2024-05-28 18:10:45,802{GMT}	INFO	[jepsen worker 0] jepsen.util: 0	:invoke	:read	nil
2024-05-28 18:10:45,804{GMT}	INFO	[jepsen worker 0] jepsen.util: 0	:ok	:read	[74 25 38 39 23 37 40 46 65 1 10 12 30 34 36 62 73 5 11 21 53 54 72 80 14 44 51 79 4 28 64 19 49 52 69 78 2 15 26 48 61 71 8 35 43 56 67 0 27 42 75 77 20 41 63 33 47 58 70 16 17 31 45 50 59 32 66 3 6 22 9 13 60 55 68 76 7 24 29 18 57 81]
2024-05-28 18:10:45,826{GMT}	INFO	[jepsen worker 0] jepsen.util: 0	:invoke	:read	nil
2024-05-28 18:10:45,829{GMT}	INFO	[jepsen worker 0] jepsen.util: 0	:ok	:read	[55 68 76 7 24 29 18 57 81 74 25 38 39 23 37 40 46 65 1 10 12 30 34 36 62 73 5 11 21 53 54 72 80 14 44 51 79 4 28 64 19 49 52 69 78 2 15 26 48 61 71 8 35 43 56 67 0 27 42 75 77 20 41 63 33 47 58 70 16 17 31 45 50 59 32 66 3 6 22 9 13 60]
2024-05-28 18:10:45,848{GMT}	INFO	[jepsen worker 0] jepsen.util: 0	:invoke	:read	nil
2024-05-28 18:10:45,849{GMT}	INFO	[jepsen worker 0] jepsen.util: 0	:ok	:read	[48 61 71 8 35 43 56 67 0 27 42 75 77 20 41 63 33 47 58 70 16 17 31 45 50 59 32 66 3 6 22 9 13 60 55 68 76 7 24 29 18 57 81 74 25 38 39 23 37 40 46 65 1 10 12 30 34 36 62 73 5 11 21 53 54 72 80 14 44 51 79 4 28 64 19 49 52 69 78 2 15 26]
2024-05-28 18:10:45,997{GMT}	INFO	[jepsen worker 0] jepsen.util: 0	:invoke	:broadcast	82
2024-05-28 18:10:45,999{GMT}	INFO	[jepsen worker 0] jepsen.util: 0	:ok	:broadcast	82
2024-05-28 18:10:46,132{GMT}	INFO	[jepsen worker 0] jepsen.util: 0	:invoke	:read	nil
2024-05-28 18:10:46,134{GMT}	INFO	[jepsen worker 0] jepsen.util: 0	:ok	:read	[78 2 15 26 49 52 69 8 35 43 48 61 71 0 27 42 56 67 20 41 63 75 77 70 16 17 31 33 47 58 45 50 59 3 6 22 32 66 82 9 13 60 7 24 29 55 68 76 18 57 81 25 38 39 74 46 65 1 10 12 23 37 40 62 73 5 11 21 30 34 36 80 14 44 51 53 54 72 4 28 64 79 19]
2024-05-28 18:10:46,302{GMT}	INFO	[jepsen worker 0] jepsen.util: 0	:invoke	:broadcast	83
2024-05-28 18:10:46,303{GMT}	INFO	[jepsen worker 0] jepsen.util: 0	:ok	:broadcast	83
2024-05-28 18:10:46,359{GMT}	INFO	[jepsen worker 0] jepsen.util: 0	:invoke	:read	nil
2024-05-28 18:10:46,361{GMT}	INFO	[jepsen worker 0] jepsen.util: 0	:ok	:read	[16 17 31 33 47 58 70 45 50 59 3 6 22 32 66 82 83 9 13 60 7 24 29 55 68 76 18 57 81 25 38 39 74 65 1 10 12 23 37 40 46 73 5 11 21 30 34 36 62 14 44 51 53 54 72 80 4 28 64 79 19 2 15 26 49 52 69 78 8 35 43 48 61 71 0 27 42 56 67 20 41 63 75 77]
2024-05-28 18:10:46,523{GMT}	INFO	[jepsen worker 0] jepsen.util: 0	:invoke	:broadcast	84
2024-05-28 18:10:46,524{GMT}	INFO	[jepsen worker 0] jepsen.util: 0	:ok	:broadcast	84
2024-05-28 18:10:46,697{GMT}	INFO	[jepsen worker 0] jepsen.util: 0	:invoke	:read	nil
2024-05-28 18:10:46,700{GMT}	INFO	[jepsen worker 0] jepsen.util: 0	:ok	:read	[15 26 49 52 69 78 2 35 43 48 61 71 8 27 42 56 67 0 41 63 75 77 20 17 31 33 47 58 70 16 50 59 45 6 22 32 66 82 83 3 13 60 9 24 29 55 68 76 7 57 81 18 38 39 74 84 25 10 12 23 37 40 46 65 1 11 21 30 34 36 62 73 5 44 51 53 54 72 80 14 28 64 79 4 19]
2024-05-28 18:10:46,889{GMT}	INFO	[jepsen worker 0] jepsen.util: 0	:invoke	:read	nil
2024-05-28 18:10:46,892{GMT}	INFO	[jepsen worker 0] jepsen.util: 0	:ok	:read	[14 44 51 53 54 72 80 4 28 64 79 19 2 15 26 49 52 69 78 8 35 43 48 61 71 0 27 42 56 67 20 41 63 75 77 16 17 31 33 47 58 70 45 50 59 3 6 22 32 66 82 83 9 13 60 7 24 29 55 68 76 18 57 81 25 38 39 74 84 65 1 10 12 23 37 40 46 73 5 11 21 30 34 36 62]
2024-05-28 18:10:47,090{GMT}	INFO	[jepsen worker 0] jepsen.util: 0	:invoke	:broadcast	85
2024-05-28 18:10:47,092{GMT}	INFO	[jepsen worker 0] jepsen.util: 0	:ok	:broadcast	85
2024-05-28 18:10:47,199{GMT}	INFO	[jepsen worker 0] jepsen.util: 0	:invoke	:read	nil
2024-05-28 18:10:47,201{GMT}	INFO	[jepsen worker 0] jepsen.util: 0	:ok	:read	[47 58 70 16 17 31 33 45 50 59 66 82 83 3 6 22 32 9 13 60 68 76 7 24 29 55 18 57 81 84 85 25 38 39 74 37 40 46 65 1 10 12 23 34 36 62 73 5 11 21 30 54 72 80 14 44 51 53 4 28 64 79 19 52 69 78 2 15 26 49 61 71 8 35 43 48 67 0 27 42 56 77 20 41 63 75]
2024-05-28 18:10:47,273{GMT}	INFO	[jepsen worker 0] jepsen.util: 0	:invoke	:broadcast	86
2024-05-28 18:10:47,275{GMT}	INFO	[jepsen worker 0] jepsen.util: 0	:ok	:broadcast	86
2024-05-28 18:10:47,328{GMT}	INFO	[jepsen worker 0] jepsen.util: 0	:invoke	:read	nil
2024-05-28 18:10:47,329{GMT}	INFO	[jepsen worker 0] jepsen.util: 0	:ok	:read	[32 66 82 83 3 6 22 9 13 60 55 68 76 7 24 29 18 57 81 74 84 85 25 38 39 23 37 40 46 65 1 10 12 30 34 36 62 73 5 11 21 86 53 54 72 80 14 44 51 79 4 28 64 19 49 52 69 78 2 15 26 48 61 71 8 35 43 56 67 0 27 42 75 77 20 41 63 33 47 58 70 16 17 31 45 50 59]
2024-05-28 18:10:47,488{GMT}	INFO	[jepsen worker 0] jepsen.util: 0	:invoke	:broadcast	87
2024-05-28 18:10:47,489{GMT}	INFO	[jepsen worker 0] jepsen.util: 0	:ok	:broadcast	87
2024-05-28 18:10:47,659{GMT}	INFO	[jepsen worker 0] jepsen.util: 0	:invoke	:broadcast	88
2024-05-28 18:10:47,660{GMT}	INFO	[jepsen worker 0] jepsen.util: 0	:ok	:broadcast	88
2024-05-28 18:10:47,824{GMT}	INFO	[jepsen worker 0] jepsen.util: 0	:invoke	:read	nil
2024-05-28 18:10:47,826{GMT}	INFO	[jepsen worker 0] jepsen.util: 0	:ok	:read	[9 13 60 7 24 29 55 68 76 18 57 81 87 25 38 39 74 84 85 46 65 1 10 12 23 37 40 62 73 5 11 21 30 34 36 86 80 14 44 51 53 54 72 4 28 64 79 19 78 2 15 26 49 52 69 88 8 35 43 48 61 71 0 27 42 56 67 20 41 63 75 77 70 16 17 31 33 47 58 45 50 59 83 3 6 22 32 66 82]
2024-05-28 18:10:47,889{GMT}	INFO	[jepsen worker 0] jepsen.util: 0	:invoke	:broadcast	89
2024-05-28 18:10:47,890{GMT}	INFO	[jepsen worker 0] jepsen.util: 0	:ok	:broadcast	89
2024-05-28 18:10:48,031{GMT}	INFO	[jepsen worker 0] jepsen.util: 0	:invoke	:read	nil
2024-05-28 18:10:48,033{GMT}	INFO	[jepsen worker 0] jepsen.util: 0	:ok	:read	[28 64 79 4 19 15 26 49 52 69 78 2 35 43 48 61 71 88 8 27 42 56 67 0 41 63 75 77 20 17 31 33 47 58 70 16 50 59 45 6 22 32 66 82 83 3 13 60 9 24 29 55 68 76 89 7 57 81 18 38 39 74 84 85 87 25 10 12 23 37 40 46 65 1 11 21 30 34 36 62 73 5 86 44 51 53 54 72 80 14]
2024-05-28 18:10:48,194{GMT}	INFO	[jepsen worker 0] jepsen.util: 0	:invoke	:broadcast	90
2024-05-28 18:10:48,195{GMT}	INFO	[jepsen worker 0] jepsen.util: 0	:ok	:broadcast	90
2024-05-28 18:10:48,249{GMT}	INFO	[jepsen worker 0] jepsen.util: 0	:invoke	:broadcast	91
2024-05-28 18:10:48,250{GMT}	INFO	[jepsen worker 0] jepsen.util: 0	:ok	:broadcast	91
2024-05-28 18:10:48,252{GMT}	INFO	[jepsen worker 0] jepsen.util: 0	:invoke	:broadcast	92
2024-05-28 18:10:48,253{GMT}	INFO	[jepsen worker 0] jepsen.util: 0	:ok	:broadcast	92
2024-05-28 18:10:48,257{GMT}	INFO	[jepsen worker 0] jepsen.util: 0	:invoke	:broadcast	93
2024-05-28 18:10:48,258{GMT}	INFO	[jepsen worker 0] jepsen.util: 0	:ok	:broadcast	93
2024-05-28 18:10:48,456{GMT}	INFO	[jepsen worker 0] jepsen.util: 0	:invoke	:broadcast	94
2024-05-28 18:10:48,457{GMT}	INFO	[jepsen worker 0] jepsen.util: 0	:ok	:broadcast	94
2024-05-28 18:10:48,639{GMT}	INFO	[jepsen worker 0] jepsen.util: 0	:invoke	:broadcast	95
2024-05-28 18:10:48,640{GMT}	INFO	[jepsen worker 0] jepsen.util: 0	:ok	:broadcast	95
2024-05-28 18:10:48,814{GMT}	INFO	[jepsen worker 0] jepsen.util: 0	:invoke	:broadcast	96
2024-05-28 18:10:48,816{GMT}	INFO	[jepsen worker 0] jepsen.util: 0	:ok	:broadcast	96
2024-05-28 18:10:48,859{GMT}	INFO	[jepsen worker 0] jepsen.util: 0	:invoke	:broadcast	97
2024-05-28 18:10:48,860{GMT}	INFO	[jepsen worker 0] jepsen.util: 0	:ok	:broadcast	97
2024-05-28 18:10:49,007{GMT}	INFO	[jepsen worker 0] jepsen.util: 0	:invoke	:read	nil
2024-05-28 18:10:49,008{GMT}	INFO	[jepsen worker 0] jepsen.util: 0	:ok	:read	[90 91 97 18 57 81 74 84 85 87 95 25 38 39 23 37 40 46 65 1 10 12 30 34 36 62 73 5 11 21 86 94 53 54 72 80 93 14 44 51 79 4 28 64 19 49 52 69 78 2 15 26 48 61 71 88 92 8 35 43 56 67 0 27 42 75 77 20 41 63 33 47 58 70 16 17 31 96 45 50 59 32 66 82 83 3 6 22 9 13 60 55 68 76 89 7 24 29]
2024-05-28 18:10:49,097{GMT}	INFO	[jepsen worker 0] jepsen.util: 0	:invoke	:read	nil
2024-05-28 18:10:49,099{GMT}	INFO	[jepsen worker 0] jepsen.util: 0	:ok	:read	[60 9 13 29 55 68 76 89 7 24 81 90 91 97 18 57 39 74 84 85 87 95 25 38 12 23 37 40 46 65 1 10 21 30 34 36 62 73 5 11 86 94 51 53 54 72 80 93 14 44 64 79 4 28 19 26 49 52 69 78 2 15 43 48 61 71 88 92 8 35 42 56 67 0 27 63 75 77 20 41 31 33 47 58 70 16 17 59 96 45 50 22 32 66 82 83 3 6]
2024-05-28 18:10:49,295{GMT}	INFO	[jepsen worker 0] jepsen.util: 0	:invoke	:read	nil
2024-05-28 18:10:49,296{GMT}	INFO	[jepsen worker 0] jepsen.util: 0	:ok	:read	[28 64 79 4 19 15 26 49 52 69 78 2 35 43 48 61 71 88 92 8 27 42 56 67 0 41 63 75 77 20 17 31 33 47 58 70 16 50 59 96 45 6 22 32 66 82 83 3 13 60 9 24 29 55 68 76 89 7 57 81 90 91 97 18 38 39 74 84 85 87 95 25 10 12 23 37 40 46 65 1 11 21 30 34 36 62 73 5 94 86 44 51 53 54 72 80 93 14]
2024-05-28 18:10:49,422{GMT}	INFO	[jepsen worker 0] jepsen.util: 0	:invoke	:broadcast	98
2024-05-28 18:10:49,423{GMT}	INFO	[jepsen worker 0] jepsen.util: 0	:ok	:broadcast	98
2024-05-28 18:10:49,468{GMT}	INFO	[jepsen worker 0] jepsen.util: 0	:invoke	:read	nil
2024-05-28 18:10:49,470{GMT}	INFO	[jepsen worker 0] jepsen.util: 0	:ok	:read	[97 18 57 81 90 91 85 87 95 25 38 39 74 84 40 46 65 1 10 12 23 37 98 36 62 73 5 11 21 30 34 86 94 72 80 93 14 44 51 53 54 4 28 64 79 19 69 78 2 15 26 49 52 71 88 92 8 35 43 48 61 0 27 42 56 67 20 41 63 75 77 58 70 16 17 31 33 47 45 50 59 96 82 83 3 6 22 32 66 9 13 60 76 89 7 24 29 55 68]
2024-05-28 18:10:49,503{GMT}	INFO	[jepsen worker 0] jepsen.util: 0	:invoke	:read	nil
2024-05-28 18:10:49,504{GMT}	INFO	[jepsen worker 0] jepsen.util: 0	:ok	:read	[45 50 59 96 3 6 22 32 66 82 83 9 13 60 7 24 29 55 68 76 89 18 57 81 90 91 97 25 38 39 74 84 85 87 95 1 10 12 23 37 40 46 65 98 5 11 21 30 34 36 62 73 86 94 14 44 51 53 54 72 80 93 4 28 64 79 19 2 15 26 49 52 69 78 8 35 43 48 61 71 88 92 0 27 42 56 67 20 41 63 75 77 16 17 31 33 47 58 70]
2024-05-28 18:10:49,535{GMT}	INFO	[jepsen worker 0] jepsen.util: 0	:invoke	:broadcast	99
2024-05-28 18:10:49,536{GMT}	INFO	[jepsen worker 0] jepsen.util: 0	:ok	:broadcast	99
2024-05-28 18:10:49,587{GMT}	INFO	[jepsen worker 0] jepsen.util: 0	:invoke	:broadcast	100
2024-05-28 18:10:49,587{GMT}	INFO	[jepsen worker 0] jepsen.util: 0	:ok	:broadcast	100
2024-05-28 18:10:49,633{GMT}	INFO	[jepsen worker 0] jepsen.util: 0	:invoke	:read	nil
2024-05-28 18:10:49,633{GMT}	INFO	[jepsen worker 0] jepsen.util: 0	:ok	:read	[7 24 29 55 68 76 89 18 57 81 90 91 97 25 38 39 74 84 85 87 95 1 10 12 23 37 40 46 65 98 5 11 21 30 34 36 62 73 86 94 14 44 51 53 54 72 80 93 4 28 64 79 100 19 2 15 26 49 52 69 78 8 35 43 48 61 71 88 92 0 27 42 56 67 20 41 63 75 77 99 16 17 31 33 47 58 70 45 50 59 96 3 6 22 32 66 82 83 9 13 60]
2024-05-28 18:10:49,660{GMT}	INFO	[jepsen worker 0] jepsen.util: 0	:invoke	:read	nil
2024-05-28 18:10:49,661{GMT}	INFO	[jepsen worker 0] jepsen.util: 0	:ok	:read	[9 13 60 89 7 24 29 55 68 76 18 57 81 90 91 97 87 95 25 38 39 74 84 85 46 65 1 10 12 23 37 40 98 62 73 5 11 21 30 34 36 86 94 80 93 14 44 51 53 54 72 4 28 64 79 100 19 78 2 15 26 49 52 69 88 92 8 35 43 48 61 71 0 27 42 56 67 20 41 63 75 77 99 70 16 17 31 33 47 58 45 50 59 96 83 3 6 22 32 66 82]
2024-05-28 18:10:49,683{GMT}	INFO	[jepsen worker 0] jepsen.util: 0	:invoke	:read	nil
2024-05-28 18:10:49,684{GMT}	INFO	[jepsen worker 0] jepsen.util: 0	:ok	:read	[7 24 29 55 68 76 89 18 57 81 90 91 97 25 38 39 74 84 85 87 95 1 10 12 23 37 40 46 65 98 5 11 21 30 34 36 62 73 86 94 14 44 51 53 54 72 80 93 4 28 64 79 100 19 2 15 26 49 52 69 78 8 35 43 48 61 71 88 92 0 27 42 56 67 20 41 63 75 77 99 16 17 31 33 47 58 70 45 50 59 96 3 6 22 32 66 82 83 9 13 60]
2024-05-28 18:10:49,815{GMT}	INFO	[jepsen worker 0] jepsen.util: 0	:invoke	:broadcast	101
2024-05-28 18:10:49,815{GMT}	INFO	[jepsen worker 0] jepsen.util: 0	:ok	:broadcast	101
2024-05-28 18:10:49,916{GMT}	INFO	[jepsen worker 0] jepsen.util: 0	:invoke	:broadcast	102
2024-05-28 18:10:49,917{GMT}	INFO	[jepsen worker 0] jepsen.util: 0	:ok	:broadcast	102
2024-05-28 18:10:49,964{GMT}	INFO	[jepsen worker 0] jepsen.util: 0	:invoke	:read	nil
2024-05-28 18:10:49,966{GMT}	INFO	[jepsen worker 0] jepsen.util: 0	:ok	:read	[32 66 82 83 3 6 22 9 13 60 55 68 76 89 7 24 29 90 91 97 18 57 81 74 84 85 87 95 25 38 39 23 37 40 46 65 1 10 12 98 30 34 36 62 73 5 11 21 86 94 53 54 72 80 93 14 44 51 79 100 4 28 64 19 101 102 49 52 69 78 2 15 26 48 61 71 88 92 8 35 43 56 67 0 27 42 75 77 99 20 41 63 33 47 58 70 16 17 31 96 45 50 59]
2024-05-28 18:10:49,991{GMT}	INFO	[jepsen worker 0] jepsen.util: 0	:invoke	:read	nil
2024-05-28 18:10:49,993{GMT}	INFO	[jepsen worker 0] jepsen.util: 0	:ok	:read	[64 79 100 4 28 102 19 101 26 49 52 69 78 2 15 43 48 61 71 88 92 8 35 42 56 67 0 27 63 75 77 99 20 41 31 33 47 58 70 16 17 59 96 45 50 22 32 66 82 83 3 6 60 9 13 29 55 68 76 89 7 24 81 90 91 97 18 57 39 74 84 85 87 95 25 38 12 23 37 40 46 65 1 10 98 21 30 34 36 62 73 5 11 86 94 51 53 54 72 80 93 14 44]
2024-05-28 18:10:50,055{GMT}	INFO	[jepsen worker 0] jepsen.util: 0	:invoke	:read	nil
2024-05-28 18:10:50,057{GMT}	INFO	[jepsen worker 0] jepsen.util: 0	:ok	:read	[4 28 64 79 100 19 101 102 2 15 26 49 52 69 78 92 8 35 43 48 61 71 88 0 27 42 56 67 20 41 63 75 77 99 16 17 31 33 47 58 70 45 50 59 96 3 6 22 32 66 82 83 9 13 60 7 24 29 55 68 76 89 18 57 81 90 91 97 95 25 38 39 74 84 85 87 65 1 10 12 23 37 40 46 98 73 5 11 21 30 34 36 62 86 94 93 14 44 51 53 54 72 80]
2024-05-28 18:10:50,067{GMT}	INFO	[jepsen worker 0] jepsen.util: 0	:invoke	:read	nil
2024-05-28 18:10:50,068{GMT}	INFO	[jepsen worker 0] jepsen.util: 0	:ok	:read	[45 50 59 96 83 3 6 22 32 66 82 9 13 60 89 7 24 29 55 68 76 18 57 81 90 91 97 87 95 25 38 39 74 84 85 46 65 1 10 12 23 37 40 98 62 73 5 11 21 30 34 36 86 94 80 93 14 44 51 53 54 72 4 28 64 79 100 19 101 102 78 2 15 26 49 52 69 88 92 8 35 43 48 61 71 0 27 42 56 67 20 41 63 75 77 99 70 16 17 31 33 47 58]
2024-05-28 18:10:50,113{GMT}	INFO	[jepsen worker 0] jepsen.util: 0	:invoke	:broadcast	103
2024-05-28 18:10:50,121{GMT}	INFO	[jepsen worker 0] jepsen.util: 0	:ok	:broadcast	103
2024-05-28 18:10:50,322{GMT}	INFO	[jepsen worker 0] jepsen.util: 0	:invoke	:broadcast	104
2024-05-28 18:10:50,329{GMT}	INFO	[jepsen worker 0] jepsen.util: 0	:ok	:broadcast	104
2024-05-28 18:10:50,330{GMT}	INFO	[jepsen worker nemesis] jepsen.generator.interpreter: Waiting for recovery...
2024-05-28 18:11:00,333{GMT}	INFO	[jepsen worker 0] jepsen.util: 0	:invoke	:read	nil
2024-05-28 18:11:00,335{GMT}	INFO	[jepsen worker 0] jepsen.util: 0	:ok	:read	[4 101 52 69 2 15 61 71 92 8 35 0 41 75 47 70 16 66 82 83 22 60 68 7 24 55 81 97 84 87 95 25 74 37 40 65 23 98 34 36 73 5 11 54 72 93 14 28 64 79 100 19 102 78 26 49 88 43 48 67 27 42 56 77 99 20 63 58 17 31 33 45 50 59 96 3 6 32 9 13 76 89 29 104 18 57 90 91 85 38 39 46 1 10 12 62 21 30 86 94 103 80 44 51 53]
2024-05-28 18:11:00,356{GMT}	INFO	[jepsen test runner] jepsen.core: Run complete, writing
2024-05-28 18:11:00,417{GMT}	INFO	[jepsen node n0] maelstrom.db: Tearing down n0
2024-05-28 18:11:02,317{GMT}	INFO	[jepsen node n0] maelstrom.net: Shutting down Maelstrom network
2024-05-28 18:11:02,318{GMT}	INFO	[jepsen test runner] jepsen.core: Analyzing...
2024-05-28 18:11:02,734{GMT}	INFO	[jepsen test runner] jepsen.core: Analysis complete
2024-05-28 18:11:02,746{GMT}	INFO	[jepsen results] jepsen.store: Wrote /Users/garrettbodley/Code/gossip-glomers/maelstrom/store/broadcast/20240528T181028.559-0400/results.edn
2024-05-28 18:11:02,766{GMT}	INFO	[jepsen test runner] jepsen.core: {:perf {:latency-graph {:valid? true},
        :rate-graph {:valid? true},
        :valid? true},
 :timeline {:valid? true},
 :exceptions {:valid? true},
 :stats {:valid? true,
         :count 196,
         :ok-count 196,
         :fail-count 0,
         :info-count 0,
         :by-f {:broadcast {:valid? true,
                            :count 105,
                            :ok-count 105,
                            :fail-count 0,
                            :info-count 0},
                :read {:valid? true,
                       :count 91,
                       :ok-count 91,
                       :fail-count 0,
                       :info-count 0}}},
 :availability {:valid? true, :ok-fraction 1.0},
 :net {:all {:send-count 396,
             :recv-count 396,
             :msg-count 396,
             :msgs-per-op 2.0204082},
       :clients {:send-count 396, :recv-count 396, :msg-count 396},
       :servers {:send-count 0,
                 :recv-count 0,
                 :msg-count 0,
                 :msgs-per-op 0.0},
       :valid? true},
 :workload {:worst-stale (),
            :duplicated-count 0,
            :valid? true,
            :lost-count 0,
            :lost (),
            :stable-count 105,
            :stale-count 0,
            :stale (),
            :never-read-count 0,
            :stable-latencies {0 0, 0.5 0, 0.95 0, 0.99 0, 1 0},
            :attempt-count 105,
            :never-read (),
            :duplicated {}},
 :valid? true}


Everything looks good! (`)
