2024/05/28 18:10:30 Received {c0 n0 {"type":"init","node_id":"n0","node_ids":["n0"],"msg_id":1}}
2024/05/28 18:10:30 Node n0 initialized
2024/05/28 18:10:30 Sent {"src":"n0","dest":"c0","body":{"in_reply_to":1,"type":"init_ok"}}
2024/05/28 18:10:30 Received {c1 n0 {"type":"topology","topology":{"n0":[]},"msg_id":1}}
2024/05/28 18:10:30 Sent {"src":"n0","dest":"c1","body":{"in_reply_to":1,"type":"topology_ok"}}
2024/05/28 18:10:30 Received {c2 n0 {"type":"read","msg_id":1}}
2024/05/28 18:10:30 Sent {"src":"n0","dest":"c2","body":{"in_reply_to":1,"messages":[],"type":"read_ok"}}
2024/05/28 18:10:30 Received {c2 n0 {"type":"read","msg_id":2}}
2024/05/28 18:10:30 Sent {"src":"n0","dest":"c2","body":{"in_reply_to":2,"messages":[],"type":"read_ok"}}
2024/05/28 18:10:30 Received {c2 n0 {"type":"broadcast","message":0,"msg_id":3}}
2024/05/28 18:10:30 Sent {"src":"n0","dest":"c2","body":{"in_reply_to":3,"type":"broadcast_ok"}}
2024/05/28 18:10:30 Received {c2 n0 {"type":"read","msg_id":4}}
2024/05/28 18:10:30 Sent {"src":"n0","dest":"c2","body":{"in_reply_to":4,"messages":[0],"type":"read_ok"}}
2024/05/28 18:10:30 Received {c2 n0 {"type":"broadcast","message":1,"msg_id":5}}
2024/05/28 18:10:30 Sent {"src":"n0","dest":"c2","body":{"in_reply_to":5,"type":"broadcast_ok"}}
2024/05/28 18:10:31 Received {c2 n0 {"type":"broadcast","message":2,"msg_id":6}}
2024/05/28 18:10:31 Sent {"src":"n0","dest":"c2","body":{"in_reply_to":6,"type":"broadcast_ok"}}
2024/05/28 18:10:31 Received {c2 n0 {"type":"read","msg_id":7}}
2024/05/28 18:10:31 Sent {"src":"n0","dest":"c2","body":{"in_reply_to":7,"messages":[0,1,2],"type":"read_ok"}}
2024/05/28 18:10:31 Received {c2 n0 {"type":"read","msg_id":8}}
2024/05/28 18:10:31 Sent {"src":"n0","dest":"c2","body":{"in_reply_to":8,"messages":[0,1,2],"type":"read_ok"}}
2024/05/28 18:10:31 Received {c2 n0 {"type":"read","msg_id":9}}
2024/05/28 18:10:31 Sent {"src":"n0","dest":"c2","body":{"in_reply_to":9,"messages":[2,0,1],"type":"read_ok"}}
2024/05/28 18:10:31 Received {c2 n0 {"type":"broadcast","message":3,"msg_id":10}}
2024/05/28 18:10:31 Sent {"src":"n0","dest":"c2","body":{"in_reply_to":10,"type":"broadcast_ok"}}
2024/05/28 18:10:31 Received {c2 n0 {"type":"broadcast","message":4,"msg_id":11}}
2024/05/28 18:10:31 Sent {"src":"n0","dest":"c2","body":{"in_reply_to":11,"type":"broadcast_ok"}}
2024/05/28 18:10:31 Received {c2 n0 {"type":"broadcast","message":5,"msg_id":12}}
2024/05/28 18:10:31 Sent {"src":"n0","dest":"c2","body":{"in_reply_to":12,"type":"broadcast_ok"}}
2024/05/28 18:10:31 Received {c2 n0 {"type":"broadcast","message":6,"msg_id":13}}
2024/05/28 18:10:31 Sent {"src":"n0","dest":"c2","body":{"in_reply_to":13,"type":"broadcast_ok"}}
2024/05/28 18:10:31 Received {c2 n0 {"type":"read","msg_id":14}}
2024/05/28 18:10:31 Sent {"src":"n0","dest":"c2","body":{"in_reply_to":14,"messages":[0,1,2,3,4,5,6],"type":"read_ok"}}
2024/05/28 18:10:32 Received {c2 n0 {"type":"broadcast","message":7,"msg_id":15}}
2024/05/28 18:10:32 Sent {"src":"n0","dest":"c2","body":{"in_reply_to":15,"type":"broadcast_ok"}}
2024/05/28 18:10:32 Received {c2 n0 {"type":"read","msg_id":16}}
2024/05/28 18:10:32 Sent {"src":"n0","dest":"c2","body":{"in_reply_to":16,"messages":[0,1,2,3,4,5,6,7],"type":"read_ok"}}
2024/05/28 18:10:32 Received {c2 n0 {"type":"broadcast","message":8,"msg_id":17}}
2024/05/28 18:10:32 Sent {"src":"n0","dest":"c2","body":{"in_reply_to":17,"type":"broadcast_ok"}}
2024/05/28 18:10:32 Received {c2 n0 {"type":"broadcast","message":9,"msg_id":18}}
2024/05/28 18:10:32 Sent {"src":"n0","dest":"c2","body":{"in_reply_to":18,"type":"broadcast_ok"}}
2024/05/28 18:10:32 Received {c2 n0 {"type":"broadcast","message":10,"msg_id":19}}
2024/05/28 18:10:32 Sent {"src":"n0","dest":"c2","body":{"in_reply_to":19,"type":"broadcast_ok"}}
2024/05/28 18:10:32 Received {c2 n0 {"type":"read","msg_id":20}}
2024/05/28 18:10:32 Sent {"src":"n0","dest":"c2","body":{"in_reply_to":20,"messages":[10,1,8,9,4,5,6,7,0,2,3],"type":"read_ok"}}
2024/05/28 18:10:32 Received {c2 n0 {"type":"broadcast","message":11,"msg_id":21}}
2024/05/28 18:10:32 Sent {"src":"n0","dest":"c2","body":{"in_reply_to":21,"type":"broadcast_ok"}}
2024/05/28 18:10:33 Received {c2 n0 {"type":"read","msg_id":22}}
2024/05/28 18:10:33 Sent {"src":"n0","dest":"c2","body":{"in_reply_to":22,"messages":[1,8,9,10,7,11,0,2,3,4,5,6],"type":"read_ok"}}
2024/05/28 18:10:33 Received {c2 n0 {"type":"broadcast","message":12,"msg_id":23}}
2024/05/28 18:10:33 Sent {"src":"n0","dest":"c2","body":{"in_reply_to":23,"type":"broadcast_ok"}}
2024/05/28 18:10:33 Received {c2 n0 {"type":"read","msg_id":24}}
2024/05/28 18:10:33 Sent {"src":"n0","dest":"c2","body":{"in_reply_to":24,"messages":[12,1,8,9,10,5,6,7,11,0,2,3,4],"type":"read_ok"}}
2024/05/28 18:10:33 Received {c2 n0 {"type":"read","msg_id":25}}
2024/05/28 18:10:33 Sent {"src":"n0","dest":"c2","body":{"in_reply_to":25,"messages":[2,3,4,5,6,7,11,0,8,9,10,12,1],"type":"read_ok"}}
2024/05/28 18:10:33 Received {c2 n0 {"type":"broadcast","message":13,"msg_id":26}}
2024/05/28 18:10:33 Sent {"src":"n0","dest":"c2","body":{"in_reply_to":26,"type":"broadcast_ok"}}
2024/05/28 18:10:33 Received {c2 n0 {"type":"read","msg_id":27}}
2024/05/28 18:10:33 Sent {"src":"n0","dest":"c2","body":{"in_reply_to":27,"messages":[3,4,6,0,9,10,12,13,1,5,7,11,2,8],"type":"read_ok"}}
2024/05/28 18:10:33 Received {c2 n0 {"type":"read","msg_id":28}}
2024/05/28 18:10:33 Sent {"src":"n0","dest":"c2","body":{"in_reply_to":28,"messages":[0,3,4,6,1,9,10,12,13,2,5,7,11,8],"type":"read_ok"}}
2024/05/28 18:10:33 Received {c2 n0 {"type":"broadcast","message":14,"msg_id":29}}
2024/05/28 18:10:33 Sent {"src":"n0","dest":"c2","body":{"in_reply_to":29,"type":"broadcast_ok"}}
2024/05/28 18:10:34 Received {c2 n0 {"type":"read","msg_id":30}}
2024/05/28 18:10:34 Sent {"src":"n0","dest":"c2","body":{"in_reply_to":30,"messages":[10,12,13,1,9,7,11,2,5,8,14,4,6,0,3],"type":"read_ok"}}
2024/05/28 18:10:34 Received {c2 n0 {"type":"broadcast","message":15,"msg_id":31}}
2024/05/28 18:10:34 Sent {"src":"n0","dest":"c2","body":{"in_reply_to":31,"type":"broadcast_ok"}}
2024/05/28 18:10:34 Received {c2 n0 {"type":"broadcast","message":16,"msg_id":32}}
2024/05/28 18:10:34 Sent {"src":"n0","dest":"c2","body":{"in_reply_to":32,"type":"broadcast_ok"}}
2024/05/28 18:10:34 Received {c2 n0 {"type":"read","msg_id":33}}
2024/05/28 18:10:34 Sent {"src":"n0","dest":"c2","body":{"in_reply_to":33,"messages":[1,9,10,12,13,2,5,7,11,15,16,8,14,0,3,4,6],"type":"read_ok"}}
2024/05/28 18:10:34 Received {c2 n0 {"type":"broadcast","message":17,"msg_id":34}}
2024/05/28 18:10:34 Sent {"src":"n0","dest":"c2","body":{"in_reply_to":34,"type":"broadcast_ok"}}
2024/05/28 18:10:34 Received {c2 n0 {"type":"read","msg_id":35}}
2024/05/28 18:10:34 Sent {"src":"n0","dest":"c2","body":{"in_reply_to":35,"messages":[4,6,0,3,10,12,13,1,9,7,11,15,16,17,2,5,8,14],"type":"read_ok"}}
2024/05/28 18:10:34 Received {c2 n0 {"type":"broadcast","message":18,"msg_id":36}}
2024/05/28 18:10:34 Sent {"src":"n0","dest":"c2","body":{"in_reply_to":36,"type":"broadcast_ok"}}
2024/05/28 18:10:34 Received {c2 n0 {"type":"read","msg_id":37}}
2024/05/28 18:10:34 Sent {"src":"n0","dest":"c2","body":{"in_reply_to":37,"messages":[0,3,4,6,1,9,10,12,13,2,5,7,11,15,16,17,8,14,18],"type":"read_ok"}}
2024/05/28 18:10:35 Received {c2 n0 {"type":"broadcast","message":19,"msg_id":38}}
2024/05/28 18:10:35 Sent {"src":"n0","dest":"c2","body":{"in_reply_to":38,"type":"broadcast_ok"}}
2024/05/28 18:10:35 Received {c2 n0 {"type":"broadcast","message":20,"msg_id":39}}
2024/05/28 18:10:35 Sent {"src":"n0","dest":"c2","body":{"in_reply_to":39,"type":"broadcast_ok"}}
2024/05/28 18:10:35 Received {c2 n0 {"type":"broadcast","message":21,"msg_id":40}}
2024/05/28 18:10:35 Sent {"src":"n0","dest":"c2","body":{"in_reply_to":40,"type":"broadcast_ok"}}
2024/05/28 18:10:35 Received {c2 n0 {"type":"read","msg_id":41}}
2024/05/28 18:10:35 Sent {"src":"n0","dest":"c2","body":{"in_reply_to":41,"messages":[1,9,10,12,13,19,20,2,5,7,11,15,16,17,21,8,14,18,0,3,4,6],"type":"read_ok"}}
2024/05/28 18:10:35 Received {c2 n0 {"type":"broadcast","message":22,"msg_id":42}}
2024/05/28 18:10:35 Sent {"src":"n0","dest":"c2","body":{"in_reply_to":42,"type":"broadcast_ok"}}
2024/05/28 18:10:35 Received {c2 n0 {"type":"broadcast","message":23,"msg_id":43}}
2024/05/28 18:10:35 Sent {"src":"n0","dest":"c2","body":{"in_reply_to":43,"type":"broadcast_ok"}}
2024/05/28 18:10:35 Received {c2 n0 {"type":"read","msg_id":44}}
2024/05/28 18:10:35 Sent {"src":"n0","dest":"c2","body":{"in_reply_to":44,"messages":[6,22,0,3,4,12,13,19,20,23,1,9,10,11,15,16,17,21,2,5,7,8,14,18],"type":"read_ok"}}
2024/05/28 18:10:35 Received {c2 n0 {"type":"read","msg_id":45}}
2024/05/28 18:10:35 Sent {"src":"n0","dest":"c2","body":{"in_reply_to":45,"messages":[10,12,13,19,20,23,1,9,7,11,15,16,17,21,2,5,18,8,14,4,6,22,0,3],"type":"read_ok"}}
2024/05/28 18:10:35 Received {c2 n0 {"type":"read","msg_id":46}}
2024/05/28 18:10:35 Sent {"src":"n0","dest":"c2","body":{"in_reply_to":46,"messages":[22,0,3,4,6,13,19,20,23,1,9,10,12,15,16,17,21,2,5,7,11,8,14,18],"type":"read_ok"}}
2024/05/28 18:10:35 Received {c2 n0 {"type":"broadcast","message":24,"msg_id":47}}
2024/05/28 18:10:35 Sent {"src":"n0","dest":"c2","body":{"in_reply_to":47,"type":"broadcast_ok"}}
2024/05/28 18:10:36 Received {c2 n0 {"type":"broadcast","message":25,"msg_id":48}}
2024/05/28 18:10:36 Sent {"src":"n0","dest":"c2","body":{"in_reply_to":48,"type":"broadcast_ok"}}
2024/05/28 18:10:36 Received {c2 n0 {"type":"broadcast","message":26,"msg_id":49}}
2024/05/28 18:10:36 Sent {"src":"n0","dest":"c2","body":{"in_reply_to":49,"type":"broadcast_ok"}}
2024/05/28 18:10:36 Received {c2 n0 {"type":"broadcast","message":27,"msg_id":50}}
2024/05/28 18:10:36 Sent {"src":"n0","dest":"c2","body":{"in_reply_to":50,"type":"broadcast_ok"}}
2024/05/28 18:10:36 Received {c2 n0 {"type":"read","msg_id":51}}
2024/05/28 18:10:36 Sent {"src":"n0","dest":"c2","body":{"in_reply_to":51,"messages":[2,7,15,24,26,8,18,0,25,27,1,10,12,20,23,5,11,16,17,21,14,3,4,6,22,9,13,19],"type":"read_ok"}}
2024/05/28 18:10:36 Received {c2 n0 {"type":"broadcast","message":28,"msg_id":52}}
2024/05/28 18:10:36 Sent {"src":"n0","dest":"c2","body":{"in_reply_to":52,"type":"broadcast_ok"}}
2024/05/28 18:10:36 Received {c2 n0 {"type":"broadcast","message":29,"msg_id":53}}
2024/05/28 18:10:36 Sent {"src":"n0","dest":"c2","body":{"in_reply_to":53,"type":"broadcast_ok"}}
2024/05/28 18:10:36 Received {c2 n0 {"type":"broadcast","message":30,"msg_id":54}}
2024/05/28 18:10:36 Sent {"src":"n0","dest":"c2","body":{"in_reply_to":54,"type":"broadcast_ok"}}
2024/05/28 18:10:36 Received {c2 n0 {"type":"read","msg_id":55}}
2024/05/28 18:10:36 Sent {"src":"n0","dest":"c2","body":{"in_reply_to":55,"messages":[27,0,25,12,20,23,1,10,16,17,21,30,5,11,14,6,22,28,3,4,19,9,13,15,24,26,29,2,7,8,18],"type":"read_ok"}}
2024/05/28 18:10:36 Received {c2 n0 {"type":"read","msg_id":56}}
2024/05/28 18:10:36 Sent {"src":"n0","dest":"c2","body":{"in_reply_to":56,"messages":[8,18,0,25,27,1,10,12,20,23,5,11,16,17,21,30,14,3,4,6,22,28,9,13,19,2,7,15,24,26,29],"type":"read_ok"}}
2024/05/28 18:10:37 Received {c2 n0 {"type":"broadcast","message":31,"msg_id":57}}
2024/05/28 18:10:37 Sent {"src":"n0","dest":"c2","body":{"in_reply_to":57,"type":"broadcast_ok"}}
2024/05/28 18:10:37 Received {c2 n0 {"type":"read","msg_id":58}}
2024/05/28 18:10:37 Sent {"src":"n0","dest":"c2","body":{"in_reply_to":58,"messages":[14,3,4,6,22,28,9,13,19,2,7,15,24,26,29,8,18,0,25,27,1,10,12,20,23,5,11,16,17,21,30,31],"type":"read_ok"}}
2024/05/28 18:10:37 Received {c2 n0 {"type":"read","msg_id":59}}
2024/05/28 18:10:37 Sent {"src":"n0","dest":"c2","body":{"in_reply_to":59,"messages":[2,7,15,24,26,29,8,18,0,25,27,1,10,12,20,23,5,11,16,17,21,30,31,14,3,4,6,22,28,9,13,19],"type":"read_ok"}}
2024/05/28 18:10:37 Received {c2 n0 {"type":"broadcast","message":32,"msg_id":60}}
2024/05/28 18:10:37 Sent {"src":"n0","dest":"c2","body":{"in_reply_to":60,"type":"broadcast_ok"}}
2024/05/28 18:10:37 Received {c2 n0 {"type":"broadcast","message":33,"msg_id":61}}
2024/05/28 18:10:37 Sent {"src":"n0","dest":"c2","body":{"in_reply_to":61,"type":"broadcast_ok"}}
2024/05/28 18:10:37 Received {c2 n0 {"type":"broadcast","message":34,"msg_id":62}}
2024/05/28 18:10:37 Sent {"src":"n0","dest":"c2","body":{"in_reply_to":62,"type":"broadcast_ok"}}
2024/05/28 18:10:37 Received {c2 n0 {"type":"read","msg_id":63}}
2024/05/28 18:10:37 Sent {"src":"n0","dest":"c2","body":{"in_reply_to":63,"messages":[14,3,4,6,22,28,32,9,13,19,2,7,15,24,26,29,8,18,0,25,27,1,10,12,20,23,5,11,16,17,21,30,31,33,34],"type":"read_ok"}}
2024/05/28 18:10:37 Received {c2 n0 {"type":"broadcast","message":35,"msg_id":64}}
2024/05/28 18:10:37 Sent {"src":"n0","dest":"c2","body":{"in_reply_to":64,"type":"broadcast_ok"}}
2024/05/28 18:10:37 Received {c2 n0 {"type":"broadcast","message":36,"msg_id":65}}
2024/05/28 18:10:37 Sent {"src":"n0","dest":"c2","body":{"in_reply_to":65,"type":"broadcast_ok"}}
2024/05/28 18:10:38 Received {c2 n0 {"type":"read","msg_id":66}}
2024/05/28 18:10:38 Sent {"src":"n0","dest":"c2","body":{"in_reply_to":66,"messages":[13,19,9,7,15,24,26,29,2,18,35,8,25,27,0,10,12,20,23,1,11,16,17,21,30,31,33,5,36,34,14,4,6,22,28,32,3],"type":"read_ok"}}
2024/05/28 18:10:38 Received {c2 n0 {"type":"broadcast","message":37,"msg_id":67}}
2024/05/28 18:10:38 Sent {"src":"n0","dest":"c2","body":{"in_reply_to":67,"type":"broadcast_ok"}}
2024/05/28 18:10:38 Received {c2 n0 {"type":"read","msg_id":68}}
2024/05/28 18:10:38 Sent {"src":"n0","dest":"c2","body":{"in_reply_to":68,"messages":[27,0,25,12,20,23,37,1,10,16,17,21,30,31,33,5,11,34,36,14,6,22,28,32,3,4,19,9,13,15,24,26,29,2,7,35,8,18],"type":"read_ok"}}
2024/05/28 18:10:38 Received {c2 n0 {"type":"broadcast","message":38,"msg_id":69}}
2024/05/28 18:10:38 Sent {"src":"n0","dest":"c2","body":{"in_reply_to":69,"type":"broadcast_ok"}}
2024/05/28 18:10:38 Received {c2 n0 {"type":"read","msg_id":70}}
2024/05/28 18:10:38 Sent {"src":"n0","dest":"c2","body":{"in_reply_to":70,"messages":[8,18,35,0,25,27,38,37,1,10,12,20,23,30,31,33,5,11,16,17,21,34,36,14,32,3,4,6,22,28,9,13,19,29,2,7,15,24,26],"type":"read_ok"}}
2024/05/28 18:10:38 Received {c2 n0 {"type":"broadcast","message":39,"msg_id":71}}
2024/05/28 18:10:38 Sent {"src":"n0","dest":"c2","body":{"in_reply_to":71,"type":"broadcast_ok"}}
2024/05/28 18:10:38 Received {c2 n0 {"type":"read","msg_id":72}}
2024/05/28 18:10:38 Sent {"src":"n0","dest":"c2","body":{"in_reply_to":72,"messages":[26,29,2,7,15,24,8,18,35,39,0,25,27,38,23,37,1,10,12,20,21,30,31,33,5,11,16,17,34,36,14,28,32,3,4,6,22,9,13,19],"type":"read_ok"}}
2024/05/28 18:10:38 Received {c2 n0 {"type":"broadcast","message":40,"msg_id":73}}
2024/05/28 18:10:38 Sent {"src":"n0","dest":"c2","body":{"in_reply_to":73,"type":"broadcast_ok"}}
2024/05/28 18:10:38 Received {c2 n0 {"type":"broadcast","message":41,"msg_id":74}}
2024/05/28 18:10:38 Sent {"src":"n0","dest":"c2","body":{"in_reply_to":74,"type":"broadcast_ok"}}
2024/05/28 18:10:39 Received {c2 n0 {"type":"read","msg_id":75}}
2024/05/28 18:10:39 Sent {"src":"n0","dest":"c2","body":{"in_reply_to":75,"messages":[14,3,4,6,22,28,32,9,13,19,2,7,15,24,26,29,8,18,35,0,25,27,38,39,1,10,12,20,23,37,40,41,5,11,16,17,21,30,31,33,34,36],"type":"read_ok"}}
2024/05/28 18:10:39 Received {c2 n0 {"type":"broadcast","message":42,"msg_id":76}}
2024/05/28 18:10:39 Sent {"src":"n0","dest":"c2","body":{"in_reply_to":76,"type":"broadcast_ok"}}
2024/05/28 18:10:39 Received {c2 n0 {"type":"broadcast","message":43,"msg_id":77}}
2024/05/28 18:10:39 Sent {"src":"n0","dest":"c2","body":{"in_reply_to":77,"type":"broadcast_ok"}}
2024/05/28 18:10:39 Received {c2 n0 {"type":"broadcast","message":44,"msg_id":78}}
2024/05/28 18:10:39 Sent {"src":"n0","dest":"c2","body":{"in_reply_to":78,"type":"broadcast_ok"}}
2024/05/28 18:10:39 Received {c2 n0 {"type":"broadcast","message":45,"msg_id":79}}
2024/05/28 18:10:39 Sent {"src":"n0","dest":"c2","body":{"in_reply_to":79,"type":"broadcast_ok"}}
2024/05/28 18:10:39 Received {c2 n0 {"type":"broadcast","message":46,"msg_id":80}}
2024/05/28 18:10:39 Sent {"src":"n0","dest":"c2","body":{"in_reply_to":80,"type":"broadcast_ok"}}
2024/05/28 18:10:39 Received {c2 n0 {"type":"broadcast","message":47,"msg_id":81}}
2024/05/28 18:10:39 Sent {"src":"n0","dest":"c2","body":{"in_reply_to":81,"type":"broadcast_ok"}}
2024/05/28 18:10:39 Received {c2 n0 {"type":"read","msg_id":82}}
2024/05/28 18:10:39 Sent {"src":"n0","dest":"c2","body":{"in_reply_to":82,"messages":[14,44,45,22,28,32,3,4,6,9,13,19,24,26,29,2,7,15,43,8,18,35,38,39,42,0,25,27,20,23,37,40,41,1,10,12,46,17,21,30,31,33,5,11,16,34,36,47],"type":"read_ok"}}
2024/05/28 18:10:39 Received {c2 n0 {"type":"read","msg_id":83}}
2024/05/28 18:10:39 Sent {"src":"n0","dest":"c2","body":{"in_reply_to":83,"messages":[3,4,6,22,28,32,9,13,19,2,7,15,24,26,29,8,18,35,43,0,25,27,38,39,42,41,1,10,12,20,23,37,40,46,33,5,11,16,17,21,30,31,34,36,47,14,44,45],"type":"read_ok"}}
2024/05/28 18:10:39 Received {c2 n0 {"type":"broadcast","message":48,"msg_id":84}}
2024/05/28 18:10:39 Sent {"src":"n0","dest":"c2","body":{"in_reply_to":84,"type":"broadcast_ok"}}
2024/05/28 18:10:39 Received {c2 n0 {"type":"broadcast","message":49,"msg_id":85}}
2024/05/28 18:10:39 Sent {"src":"n0","dest":"c2","body":{"in_reply_to":85,"type":"broadcast_ok"}}
2024/05/28 18:10:40 Received {c2 n0 {"type":"read","msg_id":86}}
2024/05/28 18:10:40 Sent {"src":"n0","dest":"c2","body":{"in_reply_to":86,"messages":[9,13,19,2,7,15,24,26,29,49,8,18,35,43,48,0,25,27,38,39,42,1,10,12,20,23,37,40,41,46,5,11,16,17,21,30,31,33,34,36,47,14,44,45,3,4,6,22,28,32],"type":"read_ok"}}
2024/05/28 18:10:40 Received {c2 n0 {"type":"read","msg_id":87}}
2024/05/28 18:10:40 Sent {"src":"n0","dest":"c2","body":{"in_reply_to":87,"messages":[9,13,19,2,7,15,24,26,29,49,8,18,35,43,48,0,25,27,38,39,42,41,1,10,12,20,23,37,40,46,33,5,11,16,17,21,30,31,34,36,47,14,44,45,3,4,6,22,28,32],"type":"read_ok"}}
2024/05/28 18:10:40 Received {c2 n0 {"type":"broadcast","message":50,"msg_id":88}}
2024/05/28 18:10:40 Sent {"src":"n0","dest":"c2","body":{"in_reply_to":88,"type":"broadcast_ok"}}
2024/05/28 18:10:40 Received {c2 n0 {"type":"read","msg_id":89}}
2024/05/28 18:10:40 Sent {"src":"n0","dest":"c2","body":{"in_reply_to":89,"messages":[40,41,1,10,12,20,23,37,46,31,33,5,11,16,17,21,30,34,36,47,14,44,45,50,3,4,6,22,28,32,9,13,19,49,2,7,15,24,26,29,8,18,35,43,48,0,25,27,38,39,42],"type":"read_ok"}}
2024/05/28 18:10:40 Received {c2 n0 {"type":"broadcast","message":51,"msg_id":90}}
2024/05/28 18:10:40 Sent {"src":"n0","dest":"c2","body":{"in_reply_to":90,"type":"broadcast_ok"}}
2024/05/28 18:10:40 Received {c2 n0 {"type":"broadcast","message":52,"msg_id":91}}
2024/05/28 18:10:40 Sent {"src":"n0","dest":"c2","body":{"in_reply_to":91,"type":"broadcast_ok"}}
2024/05/28 18:10:40 Received {c2 n0 {"type":"read","msg_id":92}}
2024/05/28 18:10:40 Sent {"src":"n0","dest":"c2","body":{"in_reply_to":92,"messages":[27,42,0,20,41,16,17,31,33,47,45,50,6,22,32,3,13,9,24,29,7,18,25,38,39,10,12,23,37,40,1,46,11,21,30,5,36,34,44,51,14,28,4,19,15,26,49,52,2,35,43,48,8],"type":"read_ok"}}
2024/05/28 18:10:40 Received {c2 n0 {"type":"read","msg_id":93}}
2024/05/28 18:10:40 Sent {"src":"n0","dest":"c2","body":{"in_reply_to":93,"messages":[3,6,22,32,9,13,7,24,29,18,25,38,39,40,1,10,12,23,37,46,5,11,21,30,34,36,14,44,51,4,28,19,2,15,26,49,52,8,35,43,48,0,27,42,41,20,31,33,16,17,47,45,50],"type":"read_ok"}}
2024/05/28 18:10:40 Received {c2 n0 {"type":"broadcast","message":53,"msg_id":94}}
2024/05/28 18:10:40 Sent {"src":"n0","dest":"c2","body":{"in_reply_to":94,"type":"broadcast_ok"}}
2024/05/28 18:10:40 Received {c2 n0 {"type":"read","msg_id":95}}
2024/05/28 18:10:40 Sent {"src":"n0","dest":"c2","body":{"in_reply_to":95,"messages":[8,35,43,48,0,27,42,41,20,33,16,17,31,47,45,50,3,6,22,32,9,13,7,24,29,18,25,38,39,1,10,12,23,37,40,46,5,11,21,30,34,36,14,44,51,53,4,28,19,2,15,26,49,52],"type":"read_ok"}}
2024/05/28 18:10:40 Received {c2 n0 {"type":"broadcast","message":54,"msg_id":96}}
2024/05/28 18:10:40 Sent {"src":"n0","dest":"c2","body":{"in_reply_to":96,"type":"broadcast_ok"}}
2024/05/28 18:10:40 Received {c2 n0 {"type":"broadcast","message":55,"msg_id":97}}
2024/05/28 18:10:40 Sent {"src":"n0","dest":"c2","body":{"in_reply_to":97,"type":"broadcast_ok"}}
2024/05/28 18:10:41 Received {c2 n0 {"type":"read","msg_id":98}}
2024/05/28 18:10:41 Sent {"src":"n0","dest":"c2","body":{"in_reply_to":98,"messages":[3,6,22,32,9,13,7,24,29,55,18,25,38,39,1,10,12,23,37,40,46,5,11,21,30,34,36,14,44,51,53,54,4,28,19,2,15,26,49,52,8,35,43,48,0,27,42,41,20,33,16,17,31,47,45,50],"type":"read_ok"}}
2024/05/28 18:10:41 Received {c2 n0 {"type":"read","msg_id":99}}
2024/05/28 18:10:41 Sent {"src":"n0","dest":"c2","body":{"in_reply_to":99,"messages":[54,14,44,51,53,4,28,19,52,2,15,26,49,8,35,43,48,0,27,42,41,20,31,33,16,17,47,45,50,3,6,22,32,9,13,7,24,29,55,18,25,38,39,23,37,40,1,10,12,46,21,30,5,11,34,36],"type":"read_ok"}}
2024/05/28 18:10:41 Received {c2 n0 {"type":"read","msg_id":100}}
2024/05/28 18:10:41 Sent {"src":"n0","dest":"c2","body":{"in_reply_to":100,"messages":[43,48,8,35,42,0,27,20,41,16,17,31,33,47,45,50,22,32,3,6,9,13,29,55,7,24,18,39,25,38,12,23,37,40,1,10,46,21,30,5,11,34,36,51,53,54,14,44,4,28,19,26,49,52,2,15],"type":"read_ok"}}
2024/05/28 18:10:41 Received {c2 n0 {"type":"read","msg_id":101}}
2024/05/28 18:10:41 Sent {"src":"n0","dest":"c2","body":{"in_reply_to":101,"messages":[20,41,16,17,31,33,47,45,50,3,6,22,32,9,13,7,24,29,55,18,25,38,39,1,10,12,23,37,40,46,5,11,21,30,34,36,14,44,51,53,54,4,28,19,2,15,26,49,52,8,35,43,48,0,27,42],"type":"read_ok"}}
2024/05/28 18:10:41 Received {c2 n0 {"type":"broadcast","message":56,"msg_id":102}}
2024/05/28 18:10:41 Sent {"src":"n0","dest":"c2","body":{"in_reply_to":102,"type":"broadcast_ok"}}
2024/05/28 18:10:41 Received {c2 n0 {"type":"read","msg_id":103}}
2024/05/28 18:10:41 Sent {"src":"n0","dest":"c2","body":{"in_reply_to":103,"messages":[46,1,10,12,23,37,40,5,11,21,30,34,36,14,44,51,53,54,4,28,19,2,15,26,49,52,8,35,43,48,0,27,42,56,20,41,31,33,16,17,47,45,50,3,6,22,32,9,13,7,24,29,55,18,25,38,39],"type":"read_ok"}}
2024/05/28 18:10:41 Received {c2 n0 {"type":"read","msg_id":104}}
2024/05/28 18:10:41 Sent {"src":"n0","dest":"c2","body":{"in_reply_to":104,"messages":[9,13,7,24,29,55,18,25,38,39,40,46,1,10,12,23,37,30,5,11,21,34,36,14,44,51,53,54,4,28,19,2,15,26,49,52,8,35,43,48,0,27,42,56,20,41,31,33,16,17,47,45,50,3,6,22,32],"type":"read_ok"}}
2024/05/28 18:10:41 Received {c2 n0 {"type":"broadcast","message":57,"msg_id":105}}
2024/05/28 18:10:41 Sent {"src":"n0","dest":"c2","body":{"in_reply_to":105,"type":"broadcast_ok"}}
2024/05/28 18:10:41 Received {c2 n0 {"type":"read","msg_id":106}}
2024/05/28 18:10:41 Sent {"src":"n0","dest":"c2","body":{"in_reply_to":106,"messages":[19,52,2,15,26,49,8,35,43,48,0,27,42,56,20,41,47,16,17,31,33,45,50,3,6,22,32,9,13,7,24,29,55,18,57,25,38,39,37,40,46,1,10,12,23,34,36,5,11,21,30,54,14,44,51,53,4,28],"type":"read_ok"}}
2024/05/28 18:10:42 Received {c2 n0 {"type":"read","msg_id":107}}
2024/05/28 18:10:42 Sent {"src":"n0","dest":"c2","body":{"in_reply_to":107,"messages":[3,6,22,32,9,13,7,24,29,55,18,57,25,38,39,1,10,12,23,37,40,46,5,11,21,30,34,36,14,44,51,53,54,4,28,19,2,15,26,49,52,8,35,43,48,0,27,42,56,20,41,16,17,31,33,47,45,50],"type":"read_ok"}}
2024/05/28 18:10:42 Received {c2 n0 {"type":"broadcast","message":58,"msg_id":108}}
2024/05/28 18:10:42 Sent {"src":"n0","dest":"c2","body":{"in_reply_to":108,"type":"broadcast_ok"}}
2024/05/28 18:10:42 Received {c2 n0 {"type":"broadcast","message":59,"msg_id":109}}
2024/05/28 18:10:42 Sent {"src":"n0","dest":"c2","body":{"in_reply_to":109,"type":"broadcast_ok"}}
2024/05/28 18:10:42 Received {c2 n0 {"type":"broadcast","message":60,"msg_id":110}}
2024/05/28 18:10:42 Sent {"src":"n0","dest":"c2","body":{"in_reply_to":110,"type":"broadcast_ok"}}
2024/05/28 18:10:42 Received {c2 n0 {"type":"broadcast","message":61,"msg_id":111}}
2024/05/28 18:10:42 Sent {"src":"n0","dest":"c2","body":{"in_reply_to":111,"type":"broadcast_ok"}}
2024/05/28 18:10:42 Received {c2 n0 {"type":"read","msg_id":112}}
2024/05/28 18:10:42 Sent {"src":"n0","dest":"c2","body":{"in_reply_to":112,"messages":[4,28,19,2,15,26,49,52,8,35,43,48,61,0,27,42,56,20,41,16,17,31,33,47,58,45,50,59,3,6,22,32,9,13,60,7,24,29,55,18,57,25,38,39,46,1,10,12,23,37,40,5,11,21,30,34,36,14,44,51,53,54],"type":"read_ok"}}
2024/05/28 18:10:42 Received {c2 n0 {"type":"read","msg_id":113}}
2024/05/28 18:10:42 Sent {"src":"n0","dest":"c2","body":{"in_reply_to":113,"messages":[18,57,25,38,39,37,40,46,1,10,12,23,34,36,5,11,21,30,54,14,44,51,53,4,28,19,52,2,15,26,49,61,8,35,43,48,0,27,42,56,20,41,47,58,16,17,31,33,45,50,59,3,6,22,32,9,13,60,7,24,29,55],"type":"read_ok"}}
2024/05/28 18:10:42 Received {c2 n0 {"type":"broadcast","message":62,"msg_id":114}}
2024/05/28 18:10:42 Sent {"src":"n0","dest":"c2","body":{"in_reply_to":114,"type":"broadcast_ok"}}
2024/05/28 18:10:42 Received {c2 n0 {"type":"broadcast","message":63,"msg_id":115}}
2024/05/28 18:10:42 Sent {"src":"n0","dest":"c2","body":{"in_reply_to":115,"type":"broadcast_ok"}}
2024/05/28 18:10:42 Received {c2 n0 {"type":"broadcast","message":64,"msg_id":116}}
2024/05/28 18:10:42 Sent {"src":"n0","dest":"c2","body":{"in_reply_to":116,"type":"broadcast_ok"}}
2024/05/28 18:10:42 Received {c2 n0 {"type":"broadcast","message":65,"msg_id":117}}
2024/05/28 18:10:42 Sent {"src":"n0","dest":"c2","body":{"in_reply_to":117,"type":"broadcast_ok"}}
2024/05/28 18:10:43 Received {c2 n0 {"type":"broadcast","message":66,"msg_id":118}}
2024/05/28 18:10:43 Sent {"src":"n0","dest":"c2","body":{"in_reply_to":118,"type":"broadcast_ok"}}
2024/05/28 18:10:43 Received {c2 n0 {"type":"read","msg_id":119}}
2024/05/28 18:10:43 Sent {"src":"n0","dest":"c2","body":{"in_reply_to":119,"messages":[8,35,43,48,61,0,27,42,56,20,41,63,16,17,31,33,47,58,45,50,59,3,6,22,32,66,9,13,60,7,24,29,55,18,57,25,38,39,1,10,12,23,37,40,46,65,5,11,21,30,34,36,62,14,44,51,53,54,4,28,64,19,2,15,26,49,52],"type":"read_ok"}}
2024/05/28 18:10:43 Received {c2 n0 {"type":"broadcast","message":67,"msg_id":120}}
2024/05/28 18:10:43 Sent {"src":"n0","dest":"c2","body":{"in_reply_to":120,"type":"broadcast_ok"}}
2024/05/28 18:10:43 Received {c2 n0 {"type":"read","msg_id":121}}
2024/05/28 18:10:43 Sent {"src":"n0","dest":"c2","body":{"in_reply_to":121,"messages":[9,13,60,7,24,29,55,18,57,25,38,39,65,1,10,12,23,37,40,46,5,11,21,30,34,36,62,14,44,51,53,54,4,28,64,19,2,15,26,49,52,8,35,43,48,61,0,27,42,56,67,20,41,63,16,17,31,33,47,58,45,50,59,3,6,22,32,66],"type":"read_ok"}}
2024/05/28 18:10:43 Received {c2 n0 {"type":"broadcast","message":68,"msg_id":122}}
2024/05/28 18:10:43 Sent {"src":"n0","dest":"c2","body":{"in_reply_to":122,"type":"broadcast_ok"}}
2024/05/28 18:10:43 Received {c2 n0 {"type":"read","msg_id":123}}
2024/05/28 18:10:43 Sent {"src":"n0","dest":"c2","body":{"in_reply_to":123,"messages":[19,49,52,2,15,26,48,61,8,35,43,56,67,0,27,42,20,41,63,33,47,58,16,17,31,45,50,59,32,66,3,6,22,9,13,60,55,68,7,24,29,18,57,25,38,39,23,37,40,46,65,1,10,12,30,34,36,62,5,11,21,53,54,14,44,51,4,28,64],"type":"read_ok"}}
2024/05/28 18:10:43 Received {c2 n0 {"type":"read","msg_id":124}}
2024/05/28 18:10:43 Sent {"src":"n0","dest":"c2","body":{"in_reply_to":124,"messages":[18,57,25,38,39,37,40,46,65,1,10,12,23,34,36,62,5,11,21,30,54,14,44,51,53,4,28,64,19,52,2,15,26,49,61,8,35,43,48,67,0,27,42,56,20,41,63,47,58,16,17,31,33,45,50,59,66,3,6,22,32,9,13,60,68,7,24,29,55],"type":"read_ok"}}
2024/05/28 18:10:43 Received {c2 n0 {"type":"read","msg_id":125}}
2024/05/28 18:10:43 Sent {"src":"n0","dest":"c2","body":{"in_reply_to":125,"messages":[32,66,3,6,22,9,13,60,55,68,7,24,29,18,57,25,38,39,23,37,40,46,65,1,10,12,30,34,36,62,5,11,21,53,54,14,44,51,4,28,64,19,49,52,2,15,26,48,61,8,35,43,56,67,0,27,42,20,41,63,33,47,58,16,17,31,45,50,59],"type":"read_ok"}}
2024/05/28 18:10:43 Received {c2 n0 {"type":"broadcast","message":69,"msg_id":126}}
2024/05/28 18:10:43 Sent {"src":"n0","dest":"c2","body":{"in_reply_to":126,"type":"broadcast_ok"}}
2024/05/28 18:10:43 Received {c2 n0 {"type":"read","msg_id":127}}
2024/05/28 18:10:43 Sent {"src":"n0","dest":"c2","body":{"in_reply_to":127,"messages":[16,17,31,33,47,58,45,50,59,3,6,22,32,66,9,13,60,7,24,29,55,68,18,57,25,38,39,46,65,1,10,12,23,37,40,62,5,11,21,30,34,36,14,44,51,53,54,4,28,64,19,2,15,26,49,52,69,8,35,43,48,61,0,27,42,56,67,20,41,63],"type":"read_ok"}}
2024/05/28 18:10:43 Received {c2 n0 {"type":"read","msg_id":128}}
2024/05/28 18:10:43 Sent {"src":"n0","dest":"c2","body":{"in_reply_to":128,"messages":[59,45,50,22,32,66,3,6,60,9,13,29,55,68,7,24,18,57,39,25,38,12,23,37,40,46,65,1,10,21,30,34,36,62,5,11,51,53,54,14,44,64,4,28,19,26,49,52,69,2,15,43,48,61,8,35,42,56,67,0,27,63,20,41,31,33,47,58,16,17],"type":"read_ok"}}
2024/05/28 18:10:43 Received {c2 n0 {"type":"broadcast","message":70,"msg_id":129}}
2024/05/28 18:10:43 Sent {"src":"n0","dest":"c2","body":{"in_reply_to":129,"type":"broadcast_ok"}}
2024/05/28 18:10:43 Received {c2 n0 {"type":"broadcast","message":71,"msg_id":130}}
2024/05/28 18:10:43 Sent {"src":"n0","dest":"c2","body":{"in_reply_to":130,"type":"broadcast_ok"}}
2024/05/28 18:10:44 Received {c2 n0 {"type":"broadcast","message":72,"msg_id":131}}
2024/05/28 18:10:44 Sent {"src":"n0","dest":"c2","body":{"in_reply_to":131,"type":"broadcast_ok"}}
2024/05/28 18:10:44 Received {c2 n0 {"type":"read","msg_id":132}}
2024/05/28 18:10:44 Sent {"src":"n0","dest":"c2","body":{"in_reply_to":132,"messages":[55,68,7,24,29,18,57,25,38,39,23,37,40,46,65,1,10,12,30,34,36,62,5,11,21,53,54,72,14,44,51,4,28,64,19,49,52,69,2,15,26,48,61,71,8,35,43,56,67,0,27,42,20,41,63,33,47,58,70,16,17,31,45,50,59,32,66,3,6,22,9,13,60],"type":"read_ok"}}
2024/05/28 18:10:44 Received {c2 n0 {"type":"read","msg_id":133}}
2024/05/28 18:10:44 Sent {"src":"n0","dest":"c2","body":{"in_reply_to":133,"messages":[46,65,1,10,12,23,37,40,62,5,11,21,30,34,36,14,44,51,53,54,72,4,28,64,19,2,15,26,49,52,69,8,35,43,48,61,71,0,27,42,56,67,20,41,63,70,16,17,31,33,47,58,45,50,59,3,6,22,32,66,9,13,60,7,24,29,55,68,18,57,25,38,39],"type":"read_ok"}}
2024/05/28 18:10:44 Received {c2 n0 {"type":"read","msg_id":134}}
2024/05/28 18:10:44 Sent {"src":"n0","dest":"c2","body":{"in_reply_to":134,"messages":[4,28,64,19,69,2,15,26,49,52,71,8,35,43,48,61,0,27,42,56,67,20,41,63,58,70,16,17,31,33,47,45,50,59,3,6,22,32,66,9,13,60,7,24,29,55,68,18,57,25,38,39,40,46,65,1,10,12,23,37,36,62,5,11,21,30,34,72,14,44,51,53,54],"type":"read_ok"}}
2024/05/28 18:10:44 Received {c2 n0 {"type":"broadcast","message":73,"msg_id":135}}
2024/05/28 18:10:44 Sent {"src":"n0","dest":"c2","body":{"in_reply_to":135,"type":"broadcast_ok"}}
2024/05/28 18:10:44 Received {c2 n0 {"type":"read","msg_id":136}}
2024/05/28 18:10:44 Sent {"src":"n0","dest":"c2","body":{"in_reply_to":136,"messages":[6,22,32,66,3,13,60,9,24,29,55,68,7,57,18,38,39,25,10,12,23,37,40,46,65,1,11,21,30,34,36,62,73,5,44,51,53,54,72,14,28,64,4,19,15,26,49,52,69,2,35,43,48,61,71,8,27,42,56,67,0,41,63,20,17,31,33,47,58,70,16,50,59,45],"type":"read_ok"}}
2024/05/28 18:10:44 Received {c2 n0 {"type":"broadcast","message":74,"msg_id":137}}
2024/05/28 18:10:44 Sent {"src":"n0","dest":"c2","body":{"in_reply_to":137,"type":"broadcast_ok"}}
2024/05/28 18:10:44 Received {c2 n0 {"type":"broadcast","message":75,"msg_id":138}}
2024/05/28 18:10:44 Sent {"src":"n0","dest":"c2","body":{"in_reply_to":138,"type":"broadcast_ok"}}
2024/05/28 18:10:44 Received {c2 n0 {"type":"read","msg_id":139}}
2024/05/28 18:10:44 Sent {"src":"n0","dest":"c2","body":{"in_reply_to":139,"messages":[68,7,24,29,55,18,57,25,38,39,74,37,40,46,65,1,10,12,23,34,36,62,73,5,11,21,30,54,72,14,44,51,53,4,28,64,19,52,69,2,15,26,49,61,71,8,35,43,48,67,0,27,42,56,20,41,63,75,47,58,70,16,17,31,33,45,50,59,66,3,6,22,32,9,13,60],"type":"read_ok"}}
2024/05/28 18:10:44 Received {c2 n0 {"type":"read","msg_id":140}}
2024/05/28 18:10:44 Sent {"src":"n0","dest":"c2","body":{"in_reply_to":140,"messages":[37,40,46,65,1,10,12,23,34,36,62,73,5,11,21,30,54,72,14,44,51,53,4,28,64,19,52,69,2,15,26,49,61,71,8,35,43,48,67,0,27,42,56,20,41,63,75,47,58,70,16,17,31,33,45,50,59,66,3,6,22,32,9,13,60,68,7,24,29,55,18,57,25,38,39,74],"type":"read_ok"}}
2024/05/28 18:10:45 Received {c2 n0 {"type":"broadcast","message":76,"msg_id":141}}
2024/05/28 18:10:45 Sent {"src":"n0","dest":"c2","body":{"in_reply_to":141,"type":"broadcast_ok"}}
2024/05/28 18:10:45 Received {c2 n0 {"type":"read","msg_id":142}}
2024/05/28 18:10:45 Sent {"src":"n0","dest":"c2","body":{"in_reply_to":142,"messages":[24,29,55,68,76,7,57,18,38,39,74,25,10,12,23,37,40,46,65,1,11,21,30,34,36,62,73,5,44,51,53,54,72,14,28,64,4,19,15,26,49,52,69,2,35,43,48,61,71,8,27,42,56,67,0,41,63,75,20,17,31,33,47,58,70,16,50,59,45,6,22,32,66,3,13,60,9],"type":"read_ok"}}
2024/05/28 18:10:45 Received {c2 n0 {"type":"broadcast","message":77,"msg_id":143}}
2024/05/28 18:10:45 Sent {"src":"n0","dest":"c2","body":{"in_reply_to":143,"type":"broadcast_ok"}}
2024/05/28 18:10:45 Received {c2 n0 {"type":"broadcast","message":78,"msg_id":144}}
2024/05/28 18:10:45 Sent {"src":"n0","dest":"c2","body":{"in_reply_to":144,"type":"broadcast_ok"}}
2024/05/28 18:10:45 Received {c2 n0 {"type":"broadcast","message":79,"msg_id":145}}
2024/05/28 18:10:45 Sent {"src":"n0","dest":"c2","body":{"in_reply_to":145,"type":"broadcast_ok"}}
2024/05/28 18:10:45 Received {c2 n0 {"type":"read","msg_id":146}}
2024/05/28 18:10:45 Sent {"src":"n0","dest":"c2","body":{"in_reply_to":146,"messages":[8,35,43,48,61,71,0,27,42,56,67,20,41,63,75,77,16,17,31,33,47,58,70,45,50,59,3,6,22,32,66,9,13,60,7,24,29,55,68,76,18,57,25,38,39,74,1,10,12,23,37,40,46,65,5,11,21,30,34,36,62,73,14,44,51,53,54,72,4,28,64,79,19,2,15,26,49,52,69,78],"type":"read_ok"}}
2024/05/28 18:10:45 Received {c2 n0 {"type":"broadcast","message":80,"msg_id":147}}
2024/05/28 18:10:45 Sent {"src":"n0","dest":"c2","body":{"in_reply_to":147,"type":"broadcast_ok"}}
2024/05/28 18:10:45 Received {c2 n0 {"type":"broadcast","message":81,"msg_id":148}}
2024/05/28 18:10:45 Sent {"src":"n0","dest":"c2","body":{"in_reply_to":148,"type":"broadcast_ok"}}
2024/05/28 18:10:45 Received {c2 n0 {"type":"read","msg_id":149}}
2024/05/28 18:10:45 Sent {"src":"n0","dest":"c2","body":{"in_reply_to":149,"messages":[19,49,52,69,78,2,15,26,48,61,71,8,35,43,56,67,0,27,42,75,77,20,41,63,33,47,58,70,16,17,31,45,50,59,32,66,3,6,22,9,13,60,55,68,76,7,24,29,18,57,81,74,25,38,39,23,37,40,46,65,1,10,12,30,34,36,62,73,5,11,21,53,54,72,80,14,44,51,79,4,28,64],"type":"read_ok"}}
2024/05/28 18:10:45 Received {c2 n0 {"type":"read","msg_id":150}}
2024/05/28 18:10:45 Sent {"src":"n0","dest":"c2","body":{"in_reply_to":150,"messages":[74,25,38,39,23,37,40,46,65,1,10,12,30,34,36,62,73,5,11,21,53,54,72,80,14,44,51,79,4,28,64,19,49,52,69,78,2,15,26,48,61,71,8,35,43,56,67,0,27,42,75,77,20,41,63,33,47,58,70,16,17,31,45,50,59,32,66,3,6,22,9,13,60,55,68,76,7,24,29,18,57,81],"type":"read_ok"}}
2024/05/28 18:10:45 Received {c2 n0 {"type":"read","msg_id":151}}
2024/05/28 18:10:45 Sent {"src":"n0","dest":"c2","body":{"in_reply_to":151,"messages":[55,68,76,7,24,29,18,57,81,74,25,38,39,23,37,40,46,65,1,10,12,30,34,36,62,73,5,11,21,53,54,72,80,14,44,51,79,4,28,64,19,49,52,69,78,2,15,26,48,61,71,8,35,43,56,67,0,27,42,75,77,20,41,63,33,47,58,70,16,17,31,45,50,59,32,66,3,6,22,9,13,60],"type":"read_ok"}}
2024/05/28 18:10:45 Received {c2 n0 {"type":"read","msg_id":152}}
2024/05/28 18:10:45 Sent {"src":"n0","dest":"c2","body":{"in_reply_to":152,"messages":[48,61,71,8,35,43,56,67,0,27,42,75,77,20,41,63,33,47,58,70,16,17,31,45,50,59,32,66,3,6,22,9,13,60,55,68,76,7,24,29,18,57,81,74,25,38,39,23,37,40,46,65,1,10,12,30,34,36,62,73,5,11,21,53,54,72,80,14,44,51,79,4,28,64,19,49,52,69,78,2,15,26],"type":"read_ok"}}
2024/05/28 18:10:45 Received {c2 n0 {"type":"broadcast","message":82,"msg_id":153}}
2024/05/28 18:10:45 Sent {"src":"n0","dest":"c2","body":{"in_reply_to":153,"type":"broadcast_ok"}}
2024/05/28 18:10:46 Received {c2 n0 {"type":"read","msg_id":154}}
2024/05/28 18:10:46 Sent {"src":"n0","dest":"c2","body":{"in_reply_to":154,"messages":[78,2,15,26,49,52,69,8,35,43,48,61,71,0,27,42,56,67,20,41,63,75,77,70,16,17,31,33,47,58,45,50,59,3,6,22,32,66,82,9,13,60,7,24,29,55,68,76,18,57,81,25,38,39,74,46,65,1,10,12,23,37,40,62,73,5,11,21,30,34,36,80,14,44,51,53,54,72,4,28,64,79,19],"type":"read_ok"}}
2024/05/28 18:10:46 Received {c2 n0 {"type":"broadcast","message":83,"msg_id":155}}
2024/05/28 18:10:46 Sent {"src":"n0","dest":"c2","body":{"in_reply_to":155,"type":"broadcast_ok"}}
2024/05/28 18:10:46 Received {c2 n0 {"type":"read","msg_id":156}}
2024/05/28 18:10:46 Sent {"src":"n0","dest":"c2","body":{"in_reply_to":156,"messages":[16,17,31,33,47,58,70,45,50,59,3,6,22,32,66,82,83,9,13,60,7,24,29,55,68,76,18,57,81,25,38,39,74,65,1,10,12,23,37,40,46,73,5,11,21,30,34,36,62,14,44,51,53,54,72,80,4,28,64,79,19,2,15,26,49,52,69,78,8,35,43,48,61,71,0,27,42,56,67,20,41,63,75,77],"type":"read_ok"}}
2024/05/28 18:10:46 Received {c2 n0 {"type":"broadcast","message":84,"msg_id":157}}
2024/05/28 18:10:46 Sent {"src":"n0","dest":"c2","body":{"in_reply_to":157,"type":"broadcast_ok"}}
2024/05/28 18:10:46 Received {c2 n0 {"type":"read","msg_id":158}}
2024/05/28 18:10:46 Sent {"src":"n0","dest":"c2","body":{"in_reply_to":158,"messages":[15,26,49,52,69,78,2,35,43,48,61,71,8,27,42,56,67,0,41,63,75,77,20,17,31,33,47,58,70,16,50,59,45,6,22,32,66,82,83,3,13,60,9,24,29,55,68,76,7,57,81,18,38,39,74,84,25,10,12,23,37,40,46,65,1,11,21,30,34,36,62,73,5,44,51,53,54,72,80,14,28,64,79,4,19],"type":"read_ok"}}
2024/05/28 18:10:46 Received {c2 n0 {"type":"read","msg_id":159}}
2024/05/28 18:10:46 Sent {"src":"n0","dest":"c2","body":{"in_reply_to":159,"messages":[14,44,51,53,54,72,80,4,28,64,79,19,2,15,26,49,52,69,78,8,35,43,48,61,71,0,27,42,56,67,20,41,63,75,77,16,17,31,33,47,58,70,45,50,59,3,6,22,32,66,82,83,9,13,60,7,24,29,55,68,76,18,57,81,25,38,39,74,84,65,1,10,12,23,37,40,46,73,5,11,21,30,34,36,62],"type":"read_ok"}}
2024/05/28 18:10:47 Received {c2 n0 {"type":"broadcast","message":85,"msg_id":160}}
2024/05/28 18:10:47 Sent {"src":"n0","dest":"c2","body":{"in_reply_to":160,"type":"broadcast_ok"}}
2024/05/28 18:10:47 Received {c2 n0 {"type":"read","msg_id":161}}
2024/05/28 18:10:47 Sent {"src":"n0","dest":"c2","body":{"in_reply_to":161,"messages":[47,58,70,16,17,31,33,45,50,59,66,82,83,3,6,22,32,9,13,60,68,76,7,24,29,55,18,57,81,84,85,25,38,39,74,37,40,46,65,1,10,12,23,34,36,62,73,5,11,21,30,54,72,80,14,44,51,53,4,28,64,79,19,52,69,78,2,15,26,49,61,71,8,35,43,48,67,0,27,42,56,77,20,41,63,75],"type":"read_ok"}}
2024/05/28 18:10:47 Received {c2 n0 {"type":"broadcast","message":86,"msg_id":162}}
2024/05/28 18:10:47 Sent {"src":"n0","dest":"c2","body":{"in_reply_to":162,"type":"broadcast_ok"}}
2024/05/28 18:10:47 Received {c2 n0 {"type":"read","msg_id":163}}
2024/05/28 18:10:47 Sent {"src":"n0","dest":"c2","body":{"in_reply_to":163,"messages":[32,66,82,83,3,6,22,9,13,60,55,68,76,7,24,29,18,57,81,74,84,85,25,38,39,23,37,40,46,65,1,10,12,30,34,36,62,73,5,11,21,86,53,54,72,80,14,44,51,79,4,28,64,19,49,52,69,78,2,15,26,48,61,71,8,35,43,56,67,0,27,42,75,77,20,41,63,33,47,58,70,16,17,31,45,50,59],"type":"read_ok"}}
2024/05/28 18:10:47 Received {c2 n0 {"type":"broadcast","message":87,"msg_id":164}}
2024/05/28 18:10:47 Sent {"src":"n0","dest":"c2","body":{"in_reply_to":164,"type":"broadcast_ok"}}
2024/05/28 18:10:47 Received {c2 n0 {"type":"broadcast","message":88,"msg_id":165}}
2024/05/28 18:10:47 Sent {"src":"n0","dest":"c2","body":{"in_reply_to":165,"type":"broadcast_ok"}}
2024/05/28 18:10:47 Received {c2 n0 {"type":"read","msg_id":166}}
2024/05/28 18:10:47 Sent {"src":"n0","dest":"c2","body":{"in_reply_to":166,"messages":[9,13,60,7,24,29,55,68,76,18,57,81,87,25,38,39,74,84,85,46,65,1,10,12,23,37,40,62,73,5,11,21,30,34,36,86,80,14,44,51,53,54,72,4,28,64,79,19,78,2,15,26,49,52,69,88,8,35,43,48,61,71,0,27,42,56,67,20,41,63,75,77,70,16,17,31,33,47,58,45,50,59,83,3,6,22,32,66,82],"type":"read_ok"}}
2024/05/28 18:10:47 Received {c2 n0 {"type":"broadcast","message":89,"msg_id":167}}
2024/05/28 18:10:47 Sent {"src":"n0","dest":"c2","body":{"in_reply_to":167,"type":"broadcast_ok"}}
2024/05/28 18:10:48 Received {c2 n0 {"type":"read","msg_id":168}}
2024/05/28 18:10:48 Sent {"src":"n0","dest":"c2","body":{"in_reply_to":168,"messages":[28,64,79,4,19,15,26,49,52,69,78,2,35,43,48,61,71,88,8,27,42,56,67,0,41,63,75,77,20,17,31,33,47,58,70,16,50,59,45,6,22,32,66,82,83,3,13,60,9,24,29,55,68,76,89,7,57,81,18,38,39,74,84,85,87,25,10,12,23,37,40,46,65,1,11,21,30,34,36,62,73,5,86,44,51,53,54,72,80,14],"type":"read_ok"}}
2024/05/28 18:10:48 Received {c2 n0 {"type":"broadcast","message":90,"msg_id":169}}
2024/05/28 18:10:48 Sent {"src":"n0","dest":"c2","body":{"in_reply_to":169,"type":"broadcast_ok"}}
2024/05/28 18:10:48 Received {c2 n0 {"type":"broadcast","message":91,"msg_id":170}}
2024/05/28 18:10:48 Sent {"src":"n0","dest":"c2","body":{"in_reply_to":170,"type":"broadcast_ok"}}
2024/05/28 18:10:48 Received {c2 n0 {"type":"broadcast","message":92,"msg_id":171}}
2024/05/28 18:10:48 Sent {"src":"n0","dest":"c2","body":{"in_reply_to":171,"type":"broadcast_ok"}}
2024/05/28 18:10:48 Received {c2 n0 {"type":"broadcast","message":93,"msg_id":172}}
2024/05/28 18:10:48 Sent {"src":"n0","dest":"c2","body":{"in_reply_to":172,"type":"broadcast_ok"}}
2024/05/28 18:10:48 Received {c2 n0 {"type":"broadcast","message":94,"msg_id":173}}
2024/05/28 18:10:48 Sent {"src":"n0","dest":"c2","body":{"in_reply_to":173,"type":"broadcast_ok"}}
2024/05/28 18:10:48 Received {c2 n0 {"type":"broadcast","message":95,"msg_id":174}}
2024/05/28 18:10:48 Sent {"src":"n0","dest":"c2","body":{"in_reply_to":174,"type":"broadcast_ok"}}
2024/05/28 18:10:48 Received {c2 n0 {"type":"broadcast","message":96,"msg_id":175}}
2024/05/28 18:10:48 Sent {"src":"n0","dest":"c2","body":{"in_reply_to":175,"type":"broadcast_ok"}}
2024/05/28 18:10:48 Received {c2 n0 {"type":"broadcast","message":97,"msg_id":176}}
2024/05/28 18:10:48 Sent {"src":"n0","dest":"c2","body":{"in_reply_to":176,"type":"broadcast_ok"}}
2024/05/28 18:10:49 Received {c2 n0 {"type":"read","msg_id":177}}
2024/05/28 18:10:49 Sent {"src":"n0","dest":"c2","body":{"in_reply_to":177,"messages":[90,91,97,18,57,81,74,84,85,87,95,25,38,39,23,37,40,46,65,1,10,12,30,34,36,62,73,5,11,21,86,94,53,54,72,80,93,14,44,51,79,4,28,64,19,49,52,69,78,2,15,26,48,61,71,88,92,8,35,43,56,67,0,27,42,75,77,20,41,63,33,47,58,70,16,17,31,96,45,50,59,32,66,82,83,3,6,22,9,13,60,55,68,76,89,7,24,29],"type":"read_ok"}}
2024/05/28 18:10:49 Received {c2 n0 {"type":"read","msg_id":178}}
2024/05/28 18:10:49 Sent {"src":"n0","dest":"c2","body":{"in_reply_to":178,"messages":[60,9,13,29,55,68,76,89,7,24,81,90,91,97,18,57,39,74,84,85,87,95,25,38,12,23,37,40,46,65,1,10,21,30,34,36,62,73,5,11,86,94,51,53,54,72,80,93,14,44,64,79,4,28,19,26,49,52,69,78,2,15,43,48,61,71,88,92,8,35,42,56,67,0,27,63,75,77,20,41,31,33,47,58,70,16,17,59,96,45,50,22,32,66,82,83,3,6],"type":"read_ok"}}
2024/05/28 18:10:49 Received {c2 n0 {"type":"read","msg_id":179}}
2024/05/28 18:10:49 Sent {"src":"n0","dest":"c2","body":{"in_reply_to":179,"messages":[28,64,79,4,19,15,26,49,52,69,78,2,35,43,48,61,71,88,92,8,27,42,56,67,0,41,63,75,77,20,17,31,33,47,58,70,16,50,59,96,45,6,22,32,66,82,83,3,13,60,9,24,29,55,68,76,89,7,57,81,90,91,97,18,38,39,74,84,85,87,95,25,10,12,23,37,40,46,65,1,11,21,30,34,36,62,73,5,94,86,44,51,53,54,72,80,93,14],"type":"read_ok"}}
2024/05/28 18:10:49 Received {c2 n0 {"type":"broadcast","message":98,"msg_id":180}}
2024/05/28 18:10:49 Sent {"src":"n0","dest":"c2","body":{"in_reply_to":180,"type":"broadcast_ok"}}
2024/05/28 18:10:49 Received {c2 n0 {"type":"read","msg_id":181}}
2024/05/28 18:10:49 Sent {"src":"n0","dest":"c2","body":{"in_reply_to":181,"messages":[97,18,57,81,90,91,85,87,95,25,38,39,74,84,40,46,65,1,10,12,23,37,98,36,62,73,5,11,21,30,34,86,94,72,80,93,14,44,51,53,54,4,28,64,79,19,69,78,2,15,26,49,52,71,88,92,8,35,43,48,61,0,27,42,56,67,20,41,63,75,77,58,70,16,17,31,33,47,45,50,59,96,82,83,3,6,22,32,66,9,13,60,76,89,7,24,29,55,68],"type":"read_ok"}}
2024/05/28 18:10:49 Received {c2 n0 {"type":"read","msg_id":182}}
2024/05/28 18:10:49 Sent {"src":"n0","dest":"c2","body":{"in_reply_to":182,"messages":[45,50,59,96,3,6,22,32,66,82,83,9,13,60,7,24,29,55,68,76,89,18,57,81,90,91,97,25,38,39,74,84,85,87,95,1,10,12,23,37,40,46,65,98,5,11,21,30,34,36,62,73,86,94,14,44,51,53,54,72,80,93,4,28,64,79,19,2,15,26,49,52,69,78,8,35,43,48,61,71,88,92,0,27,42,56,67,20,41,63,75,77,16,17,31,33,47,58,70],"type":"read_ok"}}
2024/05/28 18:10:49 Received {c2 n0 {"type":"broadcast","message":99,"msg_id":183}}
2024/05/28 18:10:49 Sent {"src":"n0","dest":"c2","body":{"in_reply_to":183,"type":"broadcast_ok"}}
2024/05/28 18:10:49 Received {c2 n0 {"type":"broadcast","message":100,"msg_id":184}}
2024/05/28 18:10:49 Sent {"src":"n0","dest":"c2","body":{"in_reply_to":184,"type":"broadcast_ok"}}
2024/05/28 18:10:49 Received {c2 n0 {"type":"read","msg_id":185}}
2024/05/28 18:10:49 Sent {"src":"n0","dest":"c2","body":{"in_reply_to":185,"messages":[7,24,29,55,68,76,89,18,57,81,90,91,97,25,38,39,74,84,85,87,95,1,10,12,23,37,40,46,65,98,5,11,21,30,34,36,62,73,86,94,14,44,51,53,54,72,80,93,4,28,64,79,100,19,2,15,26,49,52,69,78,8,35,43,48,61,71,88,92,0,27,42,56,67,20,41,63,75,77,99,16,17,31,33,47,58,70,45,50,59,96,3,6,22,32,66,82,83,9,13,60],"type":"read_ok"}}
2024/05/28 18:10:49 Received {c2 n0 {"type":"read","msg_id":186}}
2024/05/28 18:10:49 Sent {"src":"n0","dest":"c2","body":{"in_reply_to":186,"messages":[9,13,60,89,7,24,29,55,68,76,18,57,81,90,91,97,87,95,25,38,39,74,84,85,46,65,1,10,12,23,37,40,98,62,73,5,11,21,30,34,36,86,94,80,93,14,44,51,53,54,72,4,28,64,79,100,19,78,2,15,26,49,52,69,88,92,8,35,43,48,61,71,0,27,42,56,67,20,41,63,75,77,99,70,16,17,31,33,47,58,45,50,59,96,83,3,6,22,32,66,82],"type":"read_ok"}}
2024/05/28 18:10:49 Received {c2 n0 {"type":"read","msg_id":187}}
2024/05/28 18:10:49 Sent {"src":"n0","dest":"c2","body":{"in_reply_to":187,"messages":[7,24,29,55,68,76,89,18,57,81,90,91,97,25,38,39,74,84,85,87,95,1,10,12,23,37,40,46,65,98,5,11,21,30,34,36,62,73,86,94,14,44,51,53,54,72,80,93,4,28,64,79,100,19,2,15,26,49,52,69,78,8,35,43,48,61,71,88,92,0,27,42,56,67,20,41,63,75,77,99,16,17,31,33,47,58,70,45,50,59,96,3,6,22,32,66,82,83,9,13,60],"type":"read_ok"}}
2024/05/28 18:10:49 Received {c2 n0 {"type":"broadcast","message":101,"msg_id":188}}
2024/05/28 18:10:49 Sent {"src":"n0","dest":"c2","body":{"in_reply_to":188,"type":"broadcast_ok"}}
2024/05/28 18:10:49 Received {c2 n0 {"type":"broadcast","message":102,"msg_id":189}}
2024/05/28 18:10:49 Sent {"src":"n0","dest":"c2","body":{"in_reply_to":189,"type":"broadcast_ok"}}
2024/05/28 18:10:49 Received {c2 n0 {"type":"read","msg_id":190}}
2024/05/28 18:10:49 Sent {"src":"n0","dest":"c2","body":{"in_reply_to":190,"messages":[32,66,82,83,3,6,22,9,13,60,55,68,76,89,7,24,29,90,91,97,18,57,81,74,84,85,87,95,25,38,39,23,37,40,46,65,1,10,12,98,30,34,36,62,73,5,11,21,86,94,53,54,72,80,93,14,44,51,79,100,4,28,64,19,101,102,49,52,69,78,2,15,26,48,61,71,88,92,8,35,43,56,67,0,27,42,75,77,99,20,41,63,33,47,58,70,16,17,31,96,45,50,59],"type":"read_ok"}}
2024/05/28 18:10:49 Received {c2 n0 {"type":"read","msg_id":191}}
2024/05/28 18:10:49 Sent {"src":"n0","dest":"c2","body":{"in_reply_to":191,"messages":[64,79,100,4,28,102,19,101,26,49,52,69,78,2,15,43,48,61,71,88,92,8,35,42,56,67,0,27,63,75,77,99,20,41,31,33,47,58,70,16,17,59,96,45,50,22,32,66,82,83,3,6,60,9,13,29,55,68,76,89,7,24,81,90,91,97,18,57,39,74,84,85,87,95,25,38,12,23,37,40,46,65,1,10,98,21,30,34,36,62,73,5,11,86,94,51,53,54,72,80,93,14,44],"type":"read_ok"}}
2024/05/28 18:10:50 Received {c2 n0 {"type":"read","msg_id":192}}
2024/05/28 18:10:50 Sent {"src":"n0","dest":"c2","body":{"in_reply_to":192,"messages":[4,28,64,79,100,19,101,102,2,15,26,49,52,69,78,92,8,35,43,48,61,71,88,0,27,42,56,67,20,41,63,75,77,99,16,17,31,33,47,58,70,45,50,59,96,3,6,22,32,66,82,83,9,13,60,7,24,29,55,68,76,89,18,57,81,90,91,97,95,25,38,39,74,84,85,87,65,1,10,12,23,37,40,46,98,73,5,11,21,30,34,36,62,86,94,93,14,44,51,53,54,72,80],"type":"read_ok"}}
2024/05/28 18:10:50 Received {c2 n0 {"type":"read","msg_id":193}}
2024/05/28 18:10:50 Sent {"src":"n0","dest":"c2","body":{"in_reply_to":193,"messages":[45,50,59,96,83,3,6,22,32,66,82,9,13,60,89,7,24,29,55,68,76,18,57,81,90,91,97,87,95,25,38,39,74,84,85,46,65,1,10,12,23,37,40,98,62,73,5,11,21,30,34,36,86,94,80,93,14,44,51,53,54,72,4,28,64,79,100,19,101,102,78,2,15,26,49,52,69,88,92,8,35,43,48,61,71,0,27,42,56,67,20,41,63,75,77,99,70,16,17,31,33,47,58],"type":"read_ok"}}
2024/05/28 18:10:50 Received {c2 n0 {"type":"broadcast","message":103,"msg_id":194}}
2024/05/28 18:10:50 Sent {"src":"n0","dest":"c2","body":{"in_reply_to":194,"type":"broadcast_ok"}}
2024/05/28 18:10:50 Received {c2 n0 {"type":"broadcast","message":104,"msg_id":195}}
2024/05/28 18:10:50 Sent {"src":"n0","dest":"c2","body":{"in_reply_to":195,"type":"broadcast_ok"}}
2024/05/28 18:11:00 Received {c2 n0 {"type":"read","msg_id":196}}
2024/05/28 18:11:00 Sent {"src":"n0","dest":"c2","body":{"in_reply_to":196,"messages":[4,101,52,69,2,15,61,71,92,8,35,0,41,75,47,70,16,66,82,83,22,60,68,7,24,55,81,97,84,87,95,25,74,37,40,65,23,98,34,36,73,5,11,54,72,93,14,28,64,79,100,19,102,78,26,49,88,43,48,67,27,42,56,77,99,20,63,58,17,31,33,45,50,59,96,3,6,32,9,13,76,89,29,104,18,57,90,91,85,38,39,46,1,10,12,62,21,30,86,94,103,80,44,51,53],"type":"read_ok"}}
