2024/05/28 18:09:21 Received {c0 n0 {"type":"init","node_id":"n0","node_ids":["n0"],"msg_id":1}}
2024/05/28 18:09:21 Node n0 initialized
2024/05/28 18:09:21 Sent {"src":"n0","dest":"c0","body":{"in_reply_to":1,"type":"init_ok"}}
2024/05/28 18:09:21 Received {c1 n0 {"type":"topology","topology":{"n0":[]},"msg_id":1}}
2024/05/28 18:09:21 Sent {"src":"n0","dest":"c1","body":{"in_reply_to":1,"type":"topology_ok"}}
2024/05/28 18:09:21 Received {c2 n0 {"type":"read","msg_id":1}}
2024/05/28 18:09:21 Sent {"src":"n0","dest":"c2","body":{"in_reply_to":1,"messages":[],"type":"read_ok"}}
2024/05/28 18:09:21 Received {c2 n0 {"type":"broadcast","message":0,"msg_id":2}}
2024/05/28 18:09:21 Src: c2
2024/05/28 18:09:21 Dest: n0
2024/05/28 18:09:21 Sent {"src":"n0","dest":"c2","body":{"in_reply_to":2,"type":"broadcast_ok"}}
2024/05/28 18:09:21 Received {c2 n0 {"type":"broadcast","message":1,"msg_id":3}}
2024/05/28 18:09:21 Src: c2
2024/05/28 18:09:21 Dest: n0
2024/05/28 18:09:21 Sent {"src":"n0","dest":"c2","body":{"in_reply_to":3,"type":"broadcast_ok"}}
2024/05/28 18:09:21 Received {c2 n0 {"type":"read","msg_id":4}}
2024/05/28 18:09:21 Sent {"src":"n0","dest":"c2","body":{"in_reply_to":4,"messages":[0,1],"type":"read_ok"}}
2024/05/28 18:09:21 Received {c2 n0 {"type":"broadcast","message":2,"msg_id":5}}
2024/05/28 18:09:21 Src: c2
2024/05/28 18:09:21 Dest: n0
2024/05/28 18:09:21 Sent {"src":"n0","dest":"c2","body":{"in_reply_to":5,"type":"broadcast_ok"}}
2024/05/28 18:09:22 Received {c2 n0 {"type":"read","msg_id":6}}
2024/05/28 18:09:22 Sent {"src":"n0","dest":"c2","body":{"in_reply_to":6,"messages":[0,1,2],"type":"read_ok"}}
2024/05/28 18:09:22 Received {c2 n0 {"type":"read","msg_id":7}}
2024/05/28 18:09:22 Sent {"src":"n0","dest":"c2","body":{"in_reply_to":7,"messages":[0,1,2],"type":"read_ok"}}
2024/05/28 18:09:22 Received {c2 n0 {"type":"read","msg_id":8}}
2024/05/28 18:09:22 Sent {"src":"n0","dest":"c2","body":{"in_reply_to":8,"messages":[0,1,2],"type":"read_ok"}}
2024/05/28 18:09:22 Received {c2 n0 {"type":"read","msg_id":9}}
2024/05/28 18:09:22 Sent {"src":"n0","dest":"c2","body":{"in_reply_to":9,"messages":[0,1,2],"type":"read_ok"}}
2024/05/28 18:09:22 Received {c2 n0 {"type":"broadcast","message":3,"msg_id":10}}
2024/05/28 18:09:22 Src: c2
2024/05/28 18:09:22 Dest: n0
2024/05/28 18:09:22 Sent {"src":"n0","dest":"c2","body":{"in_reply_to":10,"type":"broadcast_ok"}}
2024/05/28 18:09:22 Received {c2 n0 {"type":"read","msg_id":11}}
2024/05/28 18:09:22 Sent {"src":"n0","dest":"c2","body":{"in_reply_to":11,"messages":[1,2,3,0],"type":"read_ok"}}
2024/05/28 18:09:22 Received {c2 n0 {"type":"read","msg_id":12}}
2024/05/28 18:09:22 Sent {"src":"n0","dest":"c2","body":{"in_reply_to":12,"messages":[0,1,2,3],"type":"read_ok"}}
2024/05/28 18:09:22 Received {c2 n0 {"type":"read","msg_id":13}}
2024/05/28 18:09:22 Sent {"src":"n0","dest":"c2","body":{"in_reply_to":13,"messages":[0,1,2,3],"type":"read_ok"}}
2024/05/28 18:09:22 Received {c2 n0 {"type":"read","msg_id":14}}
2024/05/28 18:09:22 Sent {"src":"n0","dest":"c2","body":{"in_reply_to":14,"messages":[2,3,0,1],"type":"read_ok"}}
2024/05/28 18:09:23 Received {c2 n0 {"type":"broadcast","message":4,"msg_id":15}}
2024/05/28 18:09:23 Src: c2
2024/05/28 18:09:23 Dest: n0
2024/05/28 18:09:23 Sent {"src":"n0","dest":"c2","body":{"in_reply_to":15,"type":"broadcast_ok"}}
2024/05/28 18:09:23 Received {c2 n0 {"type":"broadcast","message":5,"msg_id":16}}
2024/05/28 18:09:23 Src: c2
2024/05/28 18:09:23 Dest: n0
2024/05/28 18:09:23 Sent {"src":"n0","dest":"c2","body":{"in_reply_to":16,"type":"broadcast_ok"}}
2024/05/28 18:09:23 Received {c2 n0 {"type":"broadcast","message":6,"msg_id":17}}
2024/05/28 18:09:23 Src: c2
2024/05/28 18:09:23 Dest: n0
2024/05/28 18:09:23 Sent {"src":"n0","dest":"c2","body":{"in_reply_to":17,"type":"broadcast_ok"}}
2024/05/28 18:09:23 Received {c2 n0 {"type":"read","msg_id":18}}
2024/05/28 18:09:23 Sent {"src":"n0","dest":"c2","body":{"in_reply_to":18,"messages":[2,3,4,5,6,0,1],"type":"read_ok"}}
2024/05/28 18:09:23 Received {c2 n0 {"type":"read","msg_id":19}}
2024/05/28 18:09:23 Sent {"src":"n0","dest":"c2","body":{"in_reply_to":19,"messages":[1,2,3,4,5,6,0],"type":"read_ok"}}
2024/05/28 18:09:23 Received {c2 n0 {"type":"broadcast","message":7,"msg_id":20}}
2024/05/28 18:09:23 Src: c2
2024/05/28 18:09:23 Dest: n0
2024/05/28 18:09:23 Sent {"src":"n0","dest":"c2","body":{"in_reply_to":20,"type":"broadcast_ok"}}
2024/05/28 18:09:23 Received {c2 n0 {"type":"broadcast","message":8,"msg_id":21}}
2024/05/28 18:09:23 Src: c2
2024/05/28 18:09:23 Dest: n0
2024/05/28 18:09:23 Sent {"src":"n0","dest":"c2","body":{"in_reply_to":21,"type":"broadcast_ok"}}
2024/05/28 18:09:23 Received {c2 n0 {"type":"read","msg_id":22}}
2024/05/28 18:09:23 Sent {"src":"n0","dest":"c2","body":{"in_reply_to":22,"messages":[1,3,4,6,8,0,2,5,7],"type":"read_ok"}}
2024/05/28 18:09:23 Received {c2 n0 {"type":"read","msg_id":23}}
2024/05/28 18:09:23 Sent {"src":"n0","dest":"c2","body":{"in_reply_to":23,"messages":[1,3,4,6,8,0,2,5,7],"type":"read_ok"}}
2024/05/28 18:09:23 Received {c2 n0 {"type":"read","msg_id":24}}
2024/05/28 18:09:23 Sent {"src":"n0","dest":"c2","body":{"in_reply_to":24,"messages":[0,2,5,7,1,3,4,6,8],"type":"read_ok"}}
2024/05/28 18:09:24 Received {c2 n0 {"type":"broadcast","message":9,"msg_id":25}}
2024/05/28 18:09:24 Src: c2
2024/05/28 18:09:24 Dest: n0
2024/05/28 18:09:24 Sent {"src":"n0","dest":"c2","body":{"in_reply_to":25,"type":"broadcast_ok"}}
2024/05/28 18:09:24 Received {c2 n0 {"type":"broadcast","message":10,"msg_id":26}}
2024/05/28 18:09:24 Src: c2
2024/05/28 18:09:24 Dest: n0
2024/05/28 18:09:24 Sent {"src":"n0","dest":"c2","body":{"in_reply_to":26,"type":"broadcast_ok"}}
2024/05/28 18:09:24 Received {c2 n0 {"type":"read","msg_id":27}}
2024/05/28 18:09:24 Sent {"src":"n0","dest":"c2","body":{"in_reply_to":27,"messages":[1,3,4,6,8,0,2,5,7,9,10],"type":"read_ok"}}
2024/05/28 18:09:24 Received {c2 n0 {"type":"read","msg_id":28}}
2024/05/28 18:09:24 Sent {"src":"n0","dest":"c2","body":{"in_reply_to":28,"messages":[0,2,5,7,9,10,1,3,4,6,8],"type":"read_ok"}}
2024/05/28 18:09:24 Received {c2 n0 {"type":"read","msg_id":29}}
2024/05/28 18:09:24 Sent {"src":"n0","dest":"c2","body":{"in_reply_to":29,"messages":[0,2,5,7,9,10,1,3,4,6,8],"type":"read_ok"}}
2024/05/28 18:09:24 Received {c2 n0 {"type":"read","msg_id":30}}
2024/05/28 18:09:24 Sent {"src":"n0","dest":"c2","body":{"in_reply_to":30,"messages":[9,10,0,2,5,7,8,1,3,4,6],"type":"read_ok"}}
2024/05/28 18:09:24 Received {c2 n0 {"type":"broadcast","message":11,"msg_id":31}}
2024/05/28 18:09:24 Src: c2
2024/05/28 18:09:24 Dest: n0
2024/05/28 18:09:24 Sent {"src":"n0","dest":"c2","body":{"in_reply_to":31,"type":"broadcast_ok"}}
2024/05/28 18:09:24 Received {c2 n0 {"type":"read","msg_id":32}}
2024/05/28 18:09:24 Sent {"src":"n0","dest":"c2","body":{"in_reply_to":32,"messages":[1,3,4,6,8,11,0,2,5,7,9,10],"type":"read_ok"}}
2024/05/28 18:09:24 Received {c2 n0 {"type":"broadcast","message":12,"msg_id":33}}
2024/05/28 18:09:24 Src: c2
2024/05/28 18:09:24 Dest: n0
2024/05/28 18:09:24 Sent {"src":"n0","dest":"c2","body":{"in_reply_to":33,"type":"broadcast_ok"}}
2024/05/28 18:09:25 Received {c2 n0 {"type":"read","msg_id":34}}
2024/05/28 18:09:25 Sent {"src":"n0","dest":"c2","body":{"in_reply_to":34,"messages":[9,10,12,0,2,5,7,8,11,1,3,4,6],"type":"read_ok"}}
2024/05/28 18:09:25 Received {c2 n0 {"type":"broadcast","message":13,"msg_id":35}}
2024/05/28 18:09:25 Src: c2
2024/05/28 18:09:25 Dest: n0
2024/05/28 18:09:25 Sent {"src":"n0","dest":"c2","body":{"in_reply_to":35,"type":"broadcast_ok"}}
2024/05/28 18:09:25 Received {c2 n0 {"type":"broadcast","message":14,"msg_id":36}}
2024/05/28 18:09:25 Src: c2
2024/05/28 18:09:25 Dest: n0
2024/05/28 18:09:25 Sent {"src":"n0","dest":"c2","body":{"in_reply_to":36,"type":"broadcast_ok"}}
2024/05/28 18:09:25 Received {c2 n0 {"type":"read","msg_id":37}}
2024/05/28 18:09:25 Sent {"src":"n0","dest":"c2","body":{"in_reply_to":37,"messages":[10,12,0,5,7,1,6,11,2,9,14,13,3,4,8],"type":"read_ok"}}
2024/05/28 18:09:25 Received {c2 n0 {"type":"broadcast","message":15,"msg_id":38}}
2024/05/28 18:09:25 Src: c2
2024/05/28 18:09:25 Dest: n0
2024/05/28 18:09:25 Sent {"src":"n0","dest":"c2","body":{"in_reply_to":38,"type":"broadcast_ok"}}
2024/05/28 18:09:25 Received {c2 n0 {"type":"read","msg_id":39}}
2024/05/28 18:09:25 Sent {"src":"n0","dest":"c2","body":{"in_reply_to":39,"messages":[3,4,8,13,0,5,7,10,12,15,1,6,11,2,9,14],"type":"read_ok"}}
2024/05/28 18:09:25 Received {c2 n0 {"type":"read","msg_id":40}}
2024/05/28 18:09:25 Sent {"src":"n0","dest":"c2","body":{"in_reply_to":40,"messages":[2,9,14,3,4,8,13,0,5,7,10,12,15,1,6,11],"type":"read_ok"}}
2024/05/28 18:09:25 Received {c2 n0 {"type":"read","msg_id":41}}
2024/05/28 18:09:25 Sent {"src":"n0","dest":"c2","body":{"in_reply_to":41,"messages":[2,9,14,3,4,8,13,0,5,7,10,12,15,1,6,11],"type":"read_ok"}}
2024/05/28 18:09:25 Received {c2 n0 {"type":"broadcast","message":16,"msg_id":42}}
2024/05/28 18:09:25 Src: c2
2024/05/28 18:09:25 Dest: n0
2024/05/28 18:09:25 Sent {"src":"n0","dest":"c2","body":{"in_reply_to":42,"type":"broadcast_ok"}}
2024/05/28 18:09:25 Received {c2 n0 {"type":"read","msg_id":43}}
2024/05/28 18:09:25 Sent {"src":"n0","dest":"c2","body":{"in_reply_to":43,"messages":[1,6,11,16,2,9,14,3,4,8,13,0,5,7,10,12,15],"type":"read_ok"}}
2024/05/28 18:09:26 Received {c2 n0 {"type":"read","msg_id":44}}
2024/05/28 18:09:26 Sent {"src":"n0","dest":"c2","body":{"in_reply_to":44,"messages":[15,0,5,7,10,12,1,6,11,16,2,9,14,3,4,8,13],"type":"read_ok"}}
2024/05/28 18:09:26 Received {c2 n0 {"type":"read","msg_id":45}}
2024/05/28 18:09:26 Sent {"src":"n0","dest":"c2","body":{"in_reply_to":45,"messages":[1,6,11,16,2,9,14,3,4,8,13,0,5,7,10,12,15],"type":"read_ok"}}
2024/05/28 18:09:26 Received {c2 n0 {"type":"read","msg_id":46}}
2024/05/28 18:09:26 Sent {"src":"n0","dest":"c2","body":{"in_reply_to":46,"messages":[7,10,12,15,0,5,11,16,1,6,14,2,9,8,13,3,4],"type":"read_ok"}}
2024/05/28 18:09:26 Received {c2 n0 {"type":"read","msg_id":47}}
2024/05/28 18:09:26 Sent {"src":"n0","dest":"c2","body":{"in_reply_to":47,"messages":[3,4,8,13,15,0,5,7,10,12,1,6,11,16,2,9,14],"type":"read_ok"}}
2024/05/28 18:09:26 Received {c2 n0 {"type":"read","msg_id":48}}
2024/05/28 18:09:26 Sent {"src":"n0","dest":"c2","body":{"in_reply_to":48,"messages":[2,9,14,3,4,8,13,0,5,7,10,12,15,1,6,11,16],"type":"read_ok"}}
2024/05/28 18:09:26 Received {c2 n0 {"type":"read","msg_id":49}}
2024/05/28 18:09:26 Sent {"src":"n0","dest":"c2","body":{"in_reply_to":49,"messages":[3,4,8,13,15,0,5,7,10,12,1,6,11,16,2,9,14],"type":"read_ok"}}
2024/05/28 18:09:26 Received {c2 n0 {"type":"broadcast","message":17,"msg_id":50}}
2024/05/28 18:09:26 Src: c2
2024/05/28 18:09:26 Dest: n0
2024/05/28 18:09:26 Sent {"src":"n0","dest":"c2","body":{"in_reply_to":50,"type":"broadcast_ok"}}
2024/05/28 18:09:26 Received {c2 n0 {"type":"broadcast","message":18,"msg_id":51}}
2024/05/28 18:09:26 Src: c2
2024/05/28 18:09:26 Dest: n0
2024/05/28 18:09:26 Sent {"src":"n0","dest":"c2","body":{"in_reply_to":51,"type":"broadcast_ok"}}
2024/05/28 18:09:27 Received {c2 n0 {"type":"read","msg_id":52}}
2024/05/28 18:09:27 Sent {"src":"n0","dest":"c2","body":{"in_reply_to":52,"messages":[3,4,8,13,15,17,18,0,5,7,10,12,1,6,11,16,2,9,14],"type":"read_ok"}}
2024/05/28 18:09:27 Received {c2 n0 {"type":"broadcast","message":19,"msg_id":53}}
2024/05/28 18:09:27 Src: c2
2024/05/28 18:09:27 Dest: n0
2024/05/28 18:09:27 Sent {"src":"n0","dest":"c2","body":{"in_reply_to":53,"type":"broadcast_ok"}}
2024/05/28 18:09:27 Received {c2 n0 {"type":"read","msg_id":54}}
2024/05/28 18:09:27 Sent {"src":"n0","dest":"c2","body":{"in_reply_to":54,"messages":[1,6,11,16,2,9,14,3,4,8,13,19,0,5,7,10,12,15,17,18],"type":"read_ok"}}
2024/05/28 18:09:27 Received {c2 n0 {"type":"broadcast","message":20,"msg_id":55}}
2024/05/28 18:09:27 Src: c2
2024/05/28 18:09:27 Dest: n0
2024/05/28 18:09:27 Sent {"src":"n0","dest":"c2","body":{"in_reply_to":55,"type":"broadcast_ok"}}
2024/05/28 18:09:27 Received {c2 n0 {"type":"broadcast","message":21,"msg_id":56}}
2024/05/28 18:09:27 Src: c2
2024/05/28 18:09:27 Dest: n0
2024/05/28 18:09:27 Sent {"src":"n0","dest":"c2","body":{"in_reply_to":56,"type":"broadcast_ok"}}
2024/05/28 18:09:27 Received {c2 n0 {"type":"broadcast","message":22,"msg_id":57}}
2024/05/28 18:09:27 Src: c2
2024/05/28 18:09:27 Dest: n0
2024/05/28 18:09:27 Sent {"src":"n0","dest":"c2","body":{"in_reply_to":57,"type":"broadcast_ok"}}
2024/05/28 18:09:27 Received {c2 n0 {"type":"read","msg_id":58}}
2024/05/28 18:09:27 Sent {"src":"n0","dest":"c2","body":{"in_reply_to":58,"messages":[18,0,5,7,10,12,15,17,21,22,1,6,11,16,20,2,9,14,3,4,8,13,19],"type":"read_ok"}}
2024/05/28 18:09:27 Received {c2 n0 {"type":"read","msg_id":59}}
2024/05/28 18:09:27 Sent {"src":"n0","dest":"c2","body":{"in_reply_to":59,"messages":[15,17,18,0,5,7,10,12,21,22,1,6,11,16,20,2,9,14,3,4,8,13,19],"type":"read_ok"}}
2024/05/28 18:09:27 Received {c2 n0 {"type":"broadcast","message":23,"msg_id":60}}
2024/05/28 18:09:27 Src: c2
2024/05/28 18:09:27 Dest: n0
2024/05/28 18:09:27 Sent {"src":"n0","dest":"c2","body":{"in_reply_to":60,"type":"broadcast_ok"}}
2024/05/28 18:09:27 Received {c2 n0 {"type":"broadcast","message":24,"msg_id":61}}
2024/05/28 18:09:27 Src: c2
2024/05/28 18:09:27 Dest: n0
2024/05/28 18:09:27 Sent {"src":"n0","dest":"c2","body":{"in_reply_to":61,"type":"broadcast_ok"}}
2024/05/28 18:09:27 Received {c2 n0 {"type":"broadcast","message":25,"msg_id":62}}
2024/05/28 18:09:27 Src: c2
2024/05/28 18:09:27 Dest: n0
2024/05/28 18:09:27 Sent {"src":"n0","dest":"c2","body":{"in_reply_to":62,"type":"broadcast_ok"}}
2024/05/28 18:09:28 Received {c2 n0 {"type":"read","msg_id":63}}
2024/05/28 18:09:28 Sent {"src":"n0","dest":"c2","body":{"in_reply_to":63,"messages":[25,3,4,8,13,19,24,17,18,0,5,7,10,12,15,21,22,1,6,11,16,20,2,9,14,23],"type":"read_ok"}}
2024/05/28 18:09:28 Received {c2 n0 {"type":"broadcast","message":26,"msg_id":64}}
2024/05/28 18:09:28 Src: c2
2024/05/28 18:09:28 Dest: n0
2024/05/28 18:09:28 Sent {"src":"n0","dest":"c2","body":{"in_reply_to":64,"type":"broadcast_ok"}}
2024/05/28 18:09:28 Received {c2 n0 {"type":"read","msg_id":65}}
2024/05/28 18:09:28 Sent {"src":"n0","dest":"c2","body":{"in_reply_to":65,"messages":[6,2,9,14,23,4,8,24,25,17,0,10,12,22,1,11,16,20,3,13,19,26,18,5,7,15,21],"type":"read_ok"}}
2024/05/28 18:09:28 Received {c2 n0 {"type":"read","msg_id":66}}
2024/05/28 18:09:28 Sent {"src":"n0","dest":"c2","body":{"in_reply_to":66,"messages":[4,8,24,25,0,10,12,17,22,1,11,16,20,3,13,19,26,18,5,7,15,21,6,2,9,14,23],"type":"read_ok"}}
2024/05/28 18:09:28 Received {c2 n0 {"type":"broadcast","message":27,"msg_id":67}}
2024/05/28 18:09:28 Src: c2
2024/05/28 18:09:28 Dest: n0
2024/05/28 18:09:28 Sent {"src":"n0","dest":"c2","body":{"in_reply_to":67,"type":"broadcast_ok"}}
2024/05/28 18:09:28 Received {c2 n0 {"type":"read","msg_id":68}}
2024/05/28 18:09:28 Sent {"src":"n0","dest":"c2","body":{"in_reply_to":68,"messages":[4,8,24,25,22,0,10,12,17,20,1,11,16,27,3,13,19,26,21,5,7,15,18,6,2,9,14,23],"type":"read_ok"}}
2024/05/28 18:09:28 Received {c2 n0 {"type":"broadcast","message":28,"msg_id":69}}
2024/05/28 18:09:28 Src: c2
2024/05/28 18:09:28 Dest: n0
2024/05/28 18:09:28 Sent {"src":"n0","dest":"c2","body":{"in_reply_to":69,"type":"broadcast_ok"}}
2024/05/28 18:09:28 Received {c2 n0 {"type":"read","msg_id":70}}
2024/05/28 18:09:28 Sent {"src":"n0","dest":"c2","body":{"in_reply_to":70,"messages":[6,2,9,14,23,4,8,24,25,22,0,10,12,17,1,11,16,20,28,27,3,13,19,26,21,5,7,15,18],"type":"read_ok"}}
2024/05/28 18:09:28 Received {c2 n0 {"type":"broadcast","message":29,"msg_id":71}}
2024/05/28 18:09:28 Src: c2
2024/05/28 18:09:28 Dest: n0
2024/05/28 18:09:28 Sent {"src":"n0","dest":"c2","body":{"in_reply_to":71,"type":"broadcast_ok"}}
2024/05/28 18:09:28 Received {c2 n0 {"type":"read","msg_id":72}}
2024/05/28 18:09:28 Sent {"src":"n0","dest":"c2","body":{"in_reply_to":72,"messages":[9,14,23,29,2,8,24,25,4,10,12,17,22,0,11,16,20,1,28,13,19,26,27,3,7,15,18,21,5,6],"type":"read_ok"}}
2024/05/28 18:09:28 Received {c2 n0 {"type":"broadcast","message":30,"msg_id":73}}
2024/05/28 18:09:28 Src: c2
2024/05/28 18:09:28 Dest: n0
2024/05/28 18:09:28 Sent {"src":"n0","dest":"c2","body":{"in_reply_to":73,"type":"broadcast_ok"}}
2024/05/28 18:09:28 Received {c2 n0 {"type":"broadcast","message":31,"msg_id":74}}
2024/05/28 18:09:28 Src: c2
2024/05/28 18:09:28 Dest: n0
2024/05/28 18:09:28 Sent {"src":"n0","dest":"c2","body":{"in_reply_to":74,"type":"broadcast_ok"}}
2024/05/28 18:09:28 Received {c2 n0 {"type":"read","msg_id":75}}
2024/05/28 18:09:28 Sent {"src":"n0","dest":"c2","body":{"in_reply_to":75,"messages":[2,9,14,23,29,4,8,24,25,0,10,12,17,22,1,11,16,20,31,28,3,13,19,26,27,5,7,15,18,21,6,30],"type":"read_ok"}}
2024/05/28 18:09:28 Received {c2 n0 {"type":"read","msg_id":76}}
2024/05/28 18:09:28 Sent {"src":"n0","dest":"c2","body":{"in_reply_to":76,"messages":[0,10,12,17,22,1,11,16,20,31,28,3,13,19,26,27,5,7,15,18,21,6,30,2,9,14,23,29,4,8,24,25],"type":"read_ok"}}
2024/05/28 18:09:29 Received {c2 n0 {"type":"read","msg_id":77}}
2024/05/28 18:09:29 Sent {"src":"n0","dest":"c2","body":{"in_reply_to":77,"messages":[28,19,26,27,3,13,15,18,21,5,7,6,30,14,23,29,2,9,24,25,4,8,12,17,22,0,10,16,20,31,1,11],"type":"read_ok"}}
2024/05/28 18:09:29 Received {c2 n0 {"type":"read","msg_id":78}}
2024/05/28 18:09:29 Sent {"src":"n0","dest":"c2","body":{"in_reply_to":78,"messages":[10,12,17,22,0,11,16,20,31,1,28,13,19,26,27,3,7,15,18,21,5,30,6,9,14,23,29,2,8,24,25,4],"type":"read_ok"}}
2024/05/28 18:09:29 Received {c2 n0 {"type":"broadcast","message":32,"msg_id":79}}
2024/05/28 18:09:29 Src: c2
2024/05/28 18:09:29 Dest: n0
2024/05/28 18:09:29 Sent {"src":"n0","dest":"c2","body":{"in_reply_to":79,"type":"broadcast_ok"}}
2024/05/28 18:09:29 Received {c2 n0 {"type":"read","msg_id":80}}
2024/05/28 18:09:29 Sent {"src":"n0","dest":"c2","body":{"in_reply_to":80,"messages":[12,17,22,0,10,16,20,31,1,11,28,19,26,27,3,13,15,18,21,32,5,7,6,30,14,23,29,2,9,24,25,4,8],"type":"read_ok"}}
2024/05/28 18:09:29 Received {c2 n0 {"type":"broadcast","message":33,"msg_id":81}}
2024/05/28 18:09:29 Src: c2
2024/05/28 18:09:29 Dest: n0
2024/05/28 18:09:29 Sent {"src":"n0","dest":"c2","body":{"in_reply_to":81,"type":"broadcast_ok"}}
2024/05/28 18:09:29 Received {c2 n0 {"type":"broadcast","message":34,"msg_id":82}}
2024/05/28 18:09:29 Src: c2
2024/05/28 18:09:29 Dest: n0
2024/05/28 18:09:29 Sent {"src":"n0","dest":"c2","body":{"in_reply_to":82,"type":"broadcast_ok"}}
2024/05/28 18:09:29 Received {c2 n0 {"type":"read","msg_id":83}}
2024/05/28 18:09:29 Sent {"src":"n0","dest":"c2","body":{"in_reply_to":83,"messages":[8,24,25,4,10,12,17,22,0,11,16,20,31,1,28,13,19,26,27,33,3,7,15,18,21,32,34,5,30,6,9,14,23,29,2],"type":"read_ok"}}
2024/05/28 18:09:29 Received {c2 n0 {"type":"broadcast","message":35,"msg_id":84}}
2024/05/28 18:09:29 Src: c2
2024/05/28 18:09:29 Dest: n0
2024/05/28 18:09:29 Sent {"src":"n0","dest":"c2","body":{"in_reply_to":84,"type":"broadcast_ok"}}
2024/05/28 18:09:30 Received {c2 n0 {"type":"broadcast","message":36,"msg_id":85}}
2024/05/28 18:09:30 Src: c2
2024/05/28 18:09:30 Dest: n0
2024/05/28 18:09:30 Sent {"src":"n0","dest":"c2","body":{"in_reply_to":85,"type":"broadcast_ok"}}
2024/05/28 18:09:30 Received {c2 n0 {"type":"broadcast","message":37,"msg_id":86}}
2024/05/28 18:09:30 Src: c2
2024/05/28 18:09:30 Dest: n0
2024/05/28 18:09:30 Sent {"src":"n0","dest":"c2","body":{"in_reply_to":86,"type":"broadcast_ok"}}
2024/05/28 18:09:30 Received {c2 n0 {"type":"broadcast","message":38,"msg_id":87}}
2024/05/28 18:09:30 Src: c2
2024/05/28 18:09:30 Dest: n0
2024/05/28 18:09:30 Sent {"src":"n0","dest":"c2","body":{"in_reply_to":87,"type":"broadcast_ok"}}
2024/05/28 18:09:30 Received {c2 n0 {"type":"read","msg_id":88}}
2024/05/28 18:09:30 Sent {"src":"n0","dest":"c2","body":{"in_reply_to":88,"messages":[36,5,7,15,18,21,32,34,6,30,38,2,9,14,23,29,37,4,8,24,25,0,10,12,17,22,1,11,16,20,31,28,35,3,13,19,26,27,33],"type":"read_ok"}}
2024/05/28 18:09:30 Received {c2 n0 {"type":"read","msg_id":89}}
2024/05/28 18:09:30 Sent {"src":"n0","dest":"c2","body":{"in_reply_to":89,"messages":[28,35,33,3,13,19,26,27,32,34,36,5,7,15,18,21,6,30,38,37,2,9,14,23,29,4,8,24,25,0,10,12,17,22,1,11,16,20,31],"type":"read_ok"}}
2024/05/28 18:09:30 Received {c2 n0 {"type":"broadcast","message":39,"msg_id":90}}
2024/05/28 18:09:30 Src: c2
2024/05/28 18:09:30 Dest: n0
2024/05/28 18:09:30 Sent {"src":"n0","dest":"c2","body":{"in_reply_to":90,"type":"broadcast_ok"}}
2024/05/28 18:09:30 Received {c2 n0 {"type":"broadcast","message":40,"msg_id":91}}
2024/05/28 18:09:30 Src: c2
2024/05/28 18:09:30 Dest: n0
2024/05/28 18:09:30 Sent {"src":"n0","dest":"c2","body":{"in_reply_to":91,"type":"broadcast_ok"}}
2024/05/28 18:09:30 Received {c2 n0 {"type":"read","msg_id":92}}
2024/05/28 18:09:30 Sent {"src":"n0","dest":"c2","body":{"in_reply_to":92,"messages":[28,35,39,27,33,40,3,13,19,26,21,32,34,36,5,7,15,18,6,30,38,29,37,2,9,14,23,4,8,24,25,22,0,10,12,17,31,1,11,16,20],"type":"read_ok"}}
2024/05/28 18:09:30 Received {c2 n0 {"type":"broadcast","message":41,"msg_id":93}}
2024/05/28 18:09:30 Src: c2
2024/05/28 18:09:30 Dest: n0
2024/05/28 18:09:30 Sent {"src":"n0","dest":"c2","body":{"in_reply_to":93,"type":"broadcast_ok"}}
2024/05/28 18:09:30 Received {c2 n0 {"type":"broadcast","message":42,"msg_id":94}}
2024/05/28 18:09:30 Src: c2
2024/05/28 18:09:30 Dest: n0
2024/05/28 18:09:30 Sent {"src":"n0","dest":"c2","body":{"in_reply_to":94,"type":"broadcast_ok"}}
2024/05/28 18:09:31 Received {c2 n0 {"type":"read","msg_id":95}}
2024/05/28 18:09:31 Sent {"src":"n0","dest":"c2","body":{"in_reply_to":95,"messages":[25,4,8,24,17,22,41,0,10,12,20,31,1,11,16,28,35,39,26,27,33,40,42,3,13,19,18,21,32,34,36,5,7,15,6,30,38,23,29,37,2,9,14],"type":"read_ok"}}
2024/05/28 18:09:31 Received {c2 n0 {"type":"broadcast","message":43,"msg_id":96}}
2024/05/28 18:09:31 Src: c2
2024/05/28 18:09:31 Dest: n0
2024/05/28 18:09:31 Sent {"src":"n0","dest":"c2","body":{"in_reply_to":96,"type":"broadcast_ok"}}
2024/05/28 18:09:31 Received {c2 n0 {"type":"broadcast","message":44,"msg_id":97}}
2024/05/28 18:09:31 Src: c2
2024/05/28 18:09:31 Dest: n0
2024/05/28 18:09:31 Sent {"src":"n0","dest":"c2","body":{"in_reply_to":97,"type":"broadcast_ok"}}
2024/05/28 18:09:31 Received {c2 n0 {"type":"read","msg_id":98}}
2024/05/28 18:09:31 Sent {"src":"n0","dest":"c2","body":{"in_reply_to":98,"messages":[23,29,37,2,9,14,25,4,8,24,17,22,41,0,10,12,20,31,43,1,11,16,44,28,35,39,26,27,33,40,42,3,13,19,18,21,32,34,36,5,7,15,6,30,38],"type":"read_ok"}}
2024/05/28 18:09:31 Received {c2 n0 {"type":"read","msg_id":99}}
2024/05/28 18:09:31 Sent {"src":"n0","dest":"c2","body":{"in_reply_to":99,"messages":[4,8,24,25,0,10,12,17,22,41,1,11,16,20,31,43,28,35,39,44,40,42,3,13,19,26,27,33,34,36,5,7,15,18,21,32,6,30,38,2,9,14,23,29,37],"type":"read_ok"}}
2024/05/28 18:09:31 Received {c2 n0 {"type":"broadcast","message":45,"msg_id":100}}
2024/05/28 18:09:31 Src: c2
2024/05/28 18:09:31 Dest: n0
2024/05/28 18:09:31 Sent {"src":"n0","dest":"c2","body":{"in_reply_to":100,"type":"broadcast_ok"}}
2024/05/28 18:09:31 Received {c2 n0 {"type":"broadcast","message":46,"msg_id":101}}
2024/05/28 18:09:31 Src: c2
2024/05/28 18:09:31 Dest: n0
2024/05/28 18:09:31 Sent {"src":"n0","dest":"c2","body":{"in_reply_to":101,"type":"broadcast_ok"}}
2024/05/28 18:09:31 Received {c2 n0 {"type":"read","msg_id":102}}
2024/05/28 18:09:31 Sent {"src":"n0","dest":"c2","body":{"in_reply_to":102,"messages":[37,2,9,14,23,29,4,8,24,25,45,41,0,10,12,17,22,43,1,11,16,20,31,28,35,39,44,33,40,42,3,13,19,26,27,32,34,36,5,7,15,18,21,46,6,30,38],"type":"read_ok"}}
2024/05/28 18:09:31 Received {c2 n0 {"type":"broadcast","message":47,"msg_id":103}}
2024/05/28 18:09:31 Src: c2
2024/05/28 18:09:31 Dest: n0
2024/05/28 18:09:31 Sent {"src":"n0","dest":"c2","body":{"in_reply_to":103,"type":"broadcast_ok"}}
2024/05/28 18:09:31 Received {c2 n0 {"type":"read","msg_id":104}}
2024/05/28 18:09:31 Sent {"src":"n0","dest":"c2","body":{"in_reply_to":104,"messages":[40,42,3,13,19,26,27,33,34,36,5,7,15,18,21,32,46,6,30,38,2,9,14,23,29,37,4,8,24,25,45,47,0,10,12,17,22,41,1,11,16,20,31,43,28,35,39,44],"type":"read_ok"}}
2024/05/28 18:09:31 Received {c2 n0 {"type":"read","msg_id":105}}
2024/05/28 18:09:32 Sent {"src":"n0","dest":"c2","body":{"in_reply_to":105,"messages":[1,11,16,20,31,43,28,35,39,44,42,3,13,19,26,27,33,40,36,5,7,15,18,21,32,34,46,6,30,38,2,9,14,23,29,37,4,8,24,25,45,0,10,12,17,22,41,47],"type":"read_ok"}}
2024/05/28 18:09:32 Received {c2 n0 {"type":"broadcast","message":48,"msg_id":106}}
2024/05/28 18:09:32 Src: c2
2024/05/28 18:09:32 Dest: n0
2024/05/28 18:09:32 Sent {"src":"n0","dest":"c2","body":{"in_reply_to":106,"type":"broadcast_ok"}}
2024/05/28 18:09:32 Received {c2 n0 {"type":"broadcast","message":49,"msg_id":107}}
2024/05/28 18:09:32 Src: c2
2024/05/28 18:09:32 Dest: n0
2024/05/28 18:09:32 Sent {"src":"n0","dest":"c2","body":{"in_reply_to":107,"type":"broadcast_ok"}}
2024/05/28 18:09:32 Received {c2 n0 {"type":"broadcast","message":50,"msg_id":108}}
2024/05/28 18:09:32 Src: c2
2024/05/28 18:09:32 Dest: n0
2024/05/28 18:09:32 Sent {"src":"n0","dest":"c2","body":{"in_reply_to":108,"type":"broadcast_ok"}}
2024/05/28 18:09:32 Received {c2 n0 {"type":"broadcast","message":51,"msg_id":109}}
2024/05/28 18:09:32 Src: c2
2024/05/28 18:09:32 Dest: n0
2024/05/28 18:09:32 Sent {"src":"n0","dest":"c2","body":{"in_reply_to":109,"type":"broadcast_ok"}}
2024/05/28 18:09:32 Received {c2 n0 {"type":"broadcast","message":52,"msg_id":110}}
2024/05/28 18:09:32 Src: c2
2024/05/28 18:09:32 Dest: n0
2024/05/28 18:09:32 Sent {"src":"n0","dest":"c2","body":{"in_reply_to":110,"type":"broadcast_ok"}}
2024/05/28 18:09:32 Received {c2 n0 {"type":"read","msg_id":111}}
2024/05/28 18:09:32 Sent {"src":"n0","dest":"c2","body":{"in_reply_to":111,"messages":[28,40,42,3,19,27,50,46,7,15,21,32,36,6,30,14,23,4,24,41,47,22,49,1,11,16,20,35,39,44,33,13,26,5,18,34,48,52,38,2,9,29,37,8,25,45,51,0,10,12,17,43,31],"type":"read_ok"}}
2024/05/28 18:09:32 Received {c2 n0 {"type":"broadcast","message":53,"msg_id":112}}
2024/05/28 18:09:32 Src: c2
2024/05/28 18:09:32 Dest: n0
2024/05/28 18:09:32 Sent {"src":"n0","dest":"c2","body":{"in_reply_to":112,"type":"broadcast_ok"}}
2024/05/28 18:09:32 Received {c2 n0 {"type":"broadcast","message":54,"msg_id":113}}
2024/05/28 18:09:32 Src: c2
2024/05/28 18:09:32 Dest: n0
2024/05/28 18:09:32 Sent {"src":"n0","dest":"c2","body":{"in_reply_to":113,"type":"broadcast_ok"}}
2024/05/28 18:09:32 Received {c2 n0 {"type":"read","msg_id":114}}
2024/05/28 18:09:32 Sent {"src":"n0","dest":"c2","body":{"in_reply_to":114,"messages":[16,20,49,1,11,39,44,35,26,33,13,34,48,52,5,18,38,29,37,2,9,45,8,25,12,17,51,54,0,10,31,43,28,19,27,40,42,3,50,21,32,36,46,7,15,53,6,30,14,23,4,24,47,22,41],"type":"read_ok"}}
2024/05/28 18:09:32 Received {c2 n0 {"type":"broadcast","message":55,"msg_id":115}}
2024/05/28 18:09:32 Src: c2
2024/05/28 18:09:32 Dest: n0
2024/05/28 18:09:32 Sent {"src":"n0","dest":"c2","body":{"in_reply_to":115,"type":"broadcast_ok"}}
2024/05/28 18:09:33 Received {c2 n0 {"type":"broadcast","message":56,"msg_id":116}}
2024/05/28 18:09:33 Src: c2
2024/05/28 18:09:33 Dest: n0
2024/05/28 18:09:33 Sent {"src":"n0","dest":"c2","body":{"in_reply_to":116,"type":"broadcast_ok"}}
2024/05/28 18:09:33 Received {c2 n0 {"type":"read","msg_id":117}}
2024/05/28 18:09:33 Sent {"src":"n0","dest":"c2","body":{"in_reply_to":117,"messages":[36,46,7,15,21,32,6,30,53,14,23,4,24,56,22,41,47,49,55,1,11,16,20,35,39,44,13,26,33,52,5,18,34,48,38,2,9,29,37,8,25,45,51,54,0,10,12,17,31,43,28,42,50,3,19,27,40],"type":"read_ok"}}
2024/05/28 18:09:33 Received {c2 n0 {"type":"broadcast","message":57,"msg_id":118}}
2024/05/28 18:09:33 Src: c2
2024/05/28 18:09:33 Dest: n0
2024/05/28 18:09:33 Sent {"src":"n0","dest":"c2","body":{"in_reply_to":118,"type":"broadcast_ok"}}
2024/05/28 18:09:33 Received {c2 n0 {"type":"read","msg_id":119}}
2024/05/28 18:09:33 Sent {"src":"n0","dest":"c2","body":{"in_reply_to":119,"messages":[28,3,19,27,40,42,50,7,15,21,32,36,46,6,30,53,14,23,4,24,56,22,41,47,1,11,16,20,49,55,35,39,44,13,26,33,5,18,34,48,52,38,2,9,29,37,8,25,45,0,10,12,17,51,54,31,43,57],"type":"read_ok"}}
2024/05/28 18:09:33 Received {c2 n0 {"type":"read","msg_id":120}}
2024/05/28 18:09:33 Sent {"src":"n0","dest":"c2","body":{"in_reply_to":120,"messages":[42,50,3,19,27,40,36,46,7,15,21,32,6,30,53,14,23,4,24,56,22,41,47,49,55,1,11,16,20,35,39,44,13,26,33,52,5,18,34,48,38,2,9,29,37,8,25,45,51,54,0,10,12,17,31,43,57,28],"type":"read_ok"}}
2024/05/28 18:09:33 Received {c2 n0 {"type":"read","msg_id":121}}
2024/05/28 18:09:33 Sent {"src":"n0","dest":"c2","body":{"in_reply_to":121,"messages":[6,30,53,14,23,4,24,56,22,41,47,1,11,16,20,49,55,35,39,44,13,26,33,5,18,34,48,52,38,2,9,29,37,8,25,45,0,10,12,17,51,54,31,43,57,28,3,19,27,40,42,50,7,15,21,32,36,46],"type":"read_ok"}}
2024/05/28 18:09:33 Received {c2 n0 {"type":"broadcast","message":58,"msg_id":122}}
2024/05/28 18:09:33 Src: c2
2024/05/28 18:09:33 Dest: n0
2024/05/28 18:09:33 Sent {"src":"n0","dest":"c2","body":{"in_reply_to":122,"type":"broadcast_ok"}}
2024/05/28 18:09:33 Received {c2 n0 {"type":"broadcast","message":59,"msg_id":123}}
2024/05/28 18:09:33 Src: c2
2024/05/28 18:09:33 Dest: n0
2024/05/28 18:09:33 Sent {"src":"n0","dest":"c2","body":{"in_reply_to":123,"type":"broadcast_ok"}}
2024/05/28 18:09:33 Received {c2 n0 {"type":"read","msg_id":124}}
2024/05/28 18:09:33 Sent {"src":"n0","dest":"c2","body":{"in_reply_to":124,"messages":[47,22,41,16,20,49,55,1,11,44,35,39,33,13,26,34,48,52,5,18,38,58,29,37,2,9,45,8,25,12,17,51,54,0,10,57,31,43,28,27,40,42,50,3,19,21,32,36,46,7,15,53,6,30,14,23,56,59,4,24],"type":"read_ok"}}
2024/05/28 18:09:33 Received {c2 n0 {"type":"broadcast","message":60,"msg_id":125}}
2024/05/28 18:09:33 Src: c2
2024/05/28 18:09:33 Dest: n0
2024/05/28 18:09:33 Sent {"src":"n0","dest":"c2","body":{"in_reply_to":125,"type":"broadcast_ok"}}
2024/05/28 18:09:33 Received {c2 n0 {"type":"broadcast","message":61,"msg_id":126}}
2024/05/28 18:09:33 Src: c2
2024/05/28 18:09:33 Dest: n0
2024/05/28 18:09:33 Sent {"src":"n0","dest":"c2","body":{"in_reply_to":126,"type":"broadcast_ok"}}
2024/05/28 18:09:33 Received {c2 n0 {"type":"read","msg_id":127}}
2024/05/28 18:09:33 Sent {"src":"n0","dest":"c2","body":{"in_reply_to":127,"messages":[31,43,57,28,42,50,3,19,27,40,36,46,7,15,21,32,6,30,53,14,23,4,24,56,59,22,41,47,49,55,1,11,16,20,35,39,44,13,26,33,52,61,5,18,34,48,38,58,60,2,9,29,37,8,25,45,51,54,0,10,12,17],"type":"read_ok"}}
2024/05/28 18:09:33 Received {c2 n0 {"type":"read","msg_id":128}}
2024/05/28 18:09:33 Sent {"src":"n0","dest":"c2","body":{"in_reply_to":128,"messages":[28,3,19,27,40,42,50,7,15,21,32,36,46,6,30,53,14,23,4,24,56,59,22,41,47,1,11,16,20,49,55,35,39,44,13,26,33,5,18,34,48,52,61,38,58,2,9,29,37,60,8,25,45,0,10,12,17,51,54,31,43,57],"type":"read_ok"}}
2024/05/28 18:09:34 Received {c2 n0 {"type":"broadcast","message":62,"msg_id":129}}
2024/05/28 18:09:34 Src: c2
2024/05/28 18:09:34 Dest: n0
2024/05/28 18:09:34 Sent {"src":"n0","dest":"c2","body":{"in_reply_to":129,"type":"broadcast_ok"}}
2024/05/28 18:09:34 Received {c2 n0 {"type":"read","msg_id":130}}
2024/05/28 18:09:34 Sent {"src":"n0","dest":"c2","body":{"in_reply_to":130,"messages":[20,49,55,1,11,16,35,39,44,13,26,33,48,52,61,5,18,34,38,58,37,60,2,9,29,8,25,45,17,51,54,0,10,12,31,43,57,28,40,42,50,3,19,27,32,36,46,62,7,15,21,6,30,53,14,23,59,4,24,56,22,41,47],"type":"read_ok"}}
2024/05/28 18:09:34 Received {c2 n0 {"type":"broadcast","message":63,"msg_id":131}}
2024/05/28 18:09:34 Src: c2
2024/05/28 18:09:34 Dest: n0
2024/05/28 18:09:34 Sent {"src":"n0","dest":"c2","body":{"in_reply_to":131,"type":"broadcast_ok"}}
2024/05/28 18:09:34 Received {c2 n0 {"type":"broadcast","message":64,"msg_id":132}}
2024/05/28 18:09:34 Src: c2
2024/05/28 18:09:34 Dest: n0
2024/05/28 18:09:34 Sent {"src":"n0","dest":"c2","body":{"in_reply_to":132,"type":"broadcast_ok"}}
2024/05/28 18:09:34 Received {c2 n0 {"type":"broadcast","message":65,"msg_id":133}}
2024/05/28 18:09:34 Src: c2
2024/05/28 18:09:34 Dest: n0
2024/05/28 18:09:34 Sent {"src":"n0","dest":"c2","body":{"in_reply_to":133,"type":"broadcast_ok"}}
2024/05/28 18:09:34 Received {c2 n0 {"type":"read","msg_id":134}}
2024/05/28 18:09:34 Sent {"src":"n0","dest":"c2","body":{"in_reply_to":134,"messages":[5,18,34,48,52,61,38,58,2,9,29,37,60,8,25,45,0,10,12,17,51,54,31,43,57,65,28,3,19,27,40,42,50,7,15,21,32,36,46,62,6,30,53,14,23,4,24,56,59,64,22,41,47,1,11,16,20,49,55,63,35,39,44,13,26,33],"type":"read_ok"}}
2024/05/28 18:09:34 Received {c2 n0 {"type":"read","msg_id":135}}
2024/05/28 18:09:34 Sent {"src":"n0","dest":"c2","body":{"in_reply_to":135,"messages":[1,11,16,20,49,55,63,35,39,44,13,26,33,5,18,34,48,52,61,38,58,2,9,29,37,60,8,25,45,0,10,12,17,51,54,31,43,57,65,28,3,19,27,40,42,50,7,15,21,32,36,46,62,6,30,53,14,23,4,24,56,59,64,22,41,47],"type":"read_ok"}}
2024/05/28 18:09:34 Received {c2 n0 {"type":"broadcast","message":66,"msg_id":136}}
2024/05/28 18:09:34 Src: c2
2024/05/28 18:09:34 Dest: n0
2024/05/28 18:09:34 Sent {"src":"n0","dest":"c2","body":{"in_reply_to":136,"type":"broadcast_ok"}}
2024/05/28 18:09:34 Received {c2 n0 {"type":"read","msg_id":137}}
2024/05/28 18:09:34 Sent {"src":"n0","dest":"c2","body":{"in_reply_to":137,"messages":[19,27,40,42,50,3,15,21,32,36,46,62,7,30,53,6,23,14,24,56,59,64,4,41,47,22,11,16,20,49,55,63,1,39,44,35,26,33,13,18,34,48,52,61,5,58,38,9,29,37,60,2,25,45,8,10,12,17,51,54,0,43,57,65,66,31,28],"type":"read_ok"}}
2024/05/28 18:09:34 Received {c2 n0 {"type":"read","msg_id":138}}
2024/05/28 18:09:34 Sent {"src":"n0","dest":"c2","body":{"in_reply_to":138,"messages":[37,60,2,9,29,8,25,45,17,51,54,0,10,12,65,66,31,43,57,28,40,42,50,3,19,27,32,36,46,62,7,15,21,6,30,53,14,23,59,64,4,24,56,22,41,47,20,49,55,63,1,11,16,35,39,44,13,26,33,48,52,61,5,18,34,38,58],"type":"read_ok"}}
2024/05/28 18:09:34 Received {c2 n0 {"type":"read","msg_id":139}}
2024/05/28 18:09:34 Sent {"src":"n0","dest":"c2","body":{"in_reply_to":139,"messages":[28,40,42,50,3,19,27,32,36,46,62,7,15,21,6,30,53,14,23,59,64,4,24,56,22,41,47,20,49,55,63,1,11,16,35,39,44,13,26,33,48,52,61,5,18,34,38,58,37,60,2,9,29,8,25,45,17,51,54,0,10,12,65,66,31,43,57],"type":"read_ok"}}
2024/05/28 18:09:35 Received {c2 n0 {"type":"read","msg_id":140}}
2024/05/28 18:09:35 Sent {"src":"n0","dest":"c2","body":{"in_reply_to":140,"messages":[15,21,32,36,46,62,7,30,53,6,23,14,24,56,59,64,4,41,47,22,11,16,20,49,55,63,1,39,44,35,26,33,13,18,34,48,52,61,5,58,38,9,29,37,60,2,25,45,8,10,12,17,51,54,0,43,57,65,66,31,28,19,27,40,42,50,3],"type":"read_ok"}}
2024/05/28 18:09:35 Received {c2 n0 {"type":"broadcast","message":67,"msg_id":141}}
2024/05/28 18:09:35 Src: c2
2024/05/28 18:09:35 Dest: n0
2024/05/28 18:09:35 Sent {"src":"n0","dest":"c2","body":{"in_reply_to":141,"type":"broadcast_ok"}}
2024/05/28 18:09:35 Received {c2 n0 {"type":"broadcast","message":68,"msg_id":142}}
2024/05/28 18:09:35 Src: c2
2024/05/28 18:09:35 Dest: n0
2024/05/28 18:09:35 Sent {"src":"n0","dest":"c2","body":{"in_reply_to":142,"type":"broadcast_ok"}}
2024/05/28 18:09:35 Received {c2 n0 {"type":"broadcast","message":69,"msg_id":143}}
2024/05/28 18:09:35 Src: c2
2024/05/28 18:09:35 Dest: n0
2024/05/28 18:09:35 Sent {"src":"n0","dest":"c2","body":{"in_reply_to":143,"type":"broadcast_ok"}}
2024/05/28 18:09:35 Received {c2 n0 {"type":"read","msg_id":144}}
2024/05/28 18:09:35 Sent {"src":"n0","dest":"c2","body":{"in_reply_to":144,"messages":[33,13,26,34,48,52,61,5,18,38,58,29,37,60,2,9,45,8,25,12,17,51,54,0,10,57,65,66,68,31,43,28,27,40,42,50,69,3,19,21,32,36,46,62,7,15,53,6,30,14,23,56,59,64,4,24,47,22,41,16,20,49,55,63,1,11,44,67,35,39],"type":"read_ok"}}
2024/05/28 18:09:35 Received {c2 n0 {"type":"read","msg_id":145}}
2024/05/28 18:09:35 Sent {"src":"n0","dest":"c2","body":{"in_reply_to":145,"messages":[61,5,18,34,48,52,38,58,2,9,29,37,60,8,25,45,54,0,10,12,17,51,68,31,43,57,65,66,28,50,69,3,19,27,40,42,46,62,7,15,21,32,36,6,30,53,14,23,4,24,56,59,64,22,41,47,55,63,1,11,16,20,49,35,39,44,67,13,26,33],"type":"read_ok"}}
2024/05/28 18:09:35 Received {c2 n0 {"type":"read","msg_id":146}}
2024/05/28 18:09:35 Sent {"src":"n0","dest":"c2","body":{"in_reply_to":146,"messages":[5,18,34,48,52,61,38,58,2,9,29,37,60,8,25,45,0,10,12,17,51,54,31,43,57,65,66,68,28,69,3,19,27,40,42,50,62,7,15,21,32,36,46,6,30,53,14,23,4,24,56,59,64,22,41,47,63,1,11,16,20,49,55,35,39,44,67,13,26,33],"type":"read_ok"}}
2024/05/28 18:09:35 Received {c2 n0 {"type":"broadcast","message":70,"msg_id":147}}
2024/05/28 18:09:35 Src: c2
2024/05/28 18:09:35 Dest: n0
2024/05/28 18:09:35 Sent {"src":"n0","dest":"c2","body":{"in_reply_to":147,"type":"broadcast_ok"}}
2024/05/28 18:09:35 Received {c2 n0 {"type":"broadcast","message":71,"msg_id":148}}
2024/05/28 18:09:35 Src: c2
2024/05/28 18:09:35 Dest: n0
2024/05/28 18:09:35 Sent {"src":"n0","dest":"c2","body":{"in_reply_to":148,"type":"broadcast_ok"}}
2024/05/28 18:09:35 Received {c2 n0 {"type":"broadcast","message":72,"msg_id":149}}
2024/05/28 18:09:35 Src: c2
2024/05/28 18:09:35 Dest: n0
2024/05/28 18:09:35 Sent {"src":"n0","dest":"c2","body":{"in_reply_to":149,"type":"broadcast_ok"}}
2024/05/28 18:09:36 Received {c2 n0 {"type":"broadcast","message":73,"msg_id":150}}
2024/05/28 18:09:36 Src: c2
2024/05/28 18:09:36 Dest: n0
2024/05/28 18:09:36 Sent {"src":"n0","dest":"c2","body":{"in_reply_to":150,"type":"broadcast_ok"}}
2024/05/28 18:09:36 Received {c2 n0 {"type":"broadcast","message":74,"msg_id":151}}
2024/05/28 18:09:36 Src: c2
2024/05/28 18:09:36 Dest: n0
2024/05/28 18:09:36 Sent {"src":"n0","dest":"c2","body":{"in_reply_to":151,"type":"broadcast_ok"}}
2024/05/28 18:09:36 Received {c2 n0 {"type":"broadcast","message":75,"msg_id":152}}
2024/05/28 18:09:36 Src: c2
2024/05/28 18:09:36 Dest: n0
2024/05/28 18:09:36 Sent {"src":"n0","dest":"c2","body":{"in_reply_to":152,"type":"broadcast_ok"}}
2024/05/28 18:09:36 Received {c2 n0 {"type":"read","msg_id":153}}
2024/05/28 18:09:36 Sent {"src":"n0","dest":"c2","body":{"in_reply_to":153,"messages":[73,4,24,56,59,64,72,22,41,47,63,74,1,11,16,20,49,55,35,39,44,67,13,26,33,71,5,18,34,48,52,61,38,58,2,9,29,37,60,75,8,25,45,70,0,10,12,17,51,54,31,43,57,65,66,68,28,69,3,19,27,40,42,50,62,7,15,21,32,36,46,6,30,53,14,23],"type":"read_ok"}}
2024/05/28 18:09:36 Received {c2 n0 {"type":"read","msg_id":154}}
2024/05/28 18:09:36 Sent {"src":"n0","dest":"c2","body":{"in_reply_to":154,"messages":[47,22,41,16,20,49,55,63,74,1,11,44,67,35,39,33,71,13,26,34,48,52,61,5,18,38,58,29,37,60,75,2,9,45,70,8,25,12,17,51,54,0,10,57,65,66,68,31,43,28,27,40,42,50,69,3,19,21,32,36,46,62,7,15,53,6,30,14,23,56,59,64,72,73,4,24],"type":"read_ok"}}
2024/05/28 18:09:36 Received {c2 n0 {"type":"broadcast","message":76,"msg_id":155}}
2024/05/28 18:09:36 Src: c2
2024/05/28 18:09:36 Dest: n0
2024/05/28 18:09:36 Sent {"src":"n0","dest":"c2","body":{"in_reply_to":155,"type":"broadcast_ok"}}
2024/05/28 18:09:36 Received {c2 n0 {"type":"broadcast","message":77,"msg_id":156}}
2024/05/28 18:09:36 Src: c2
2024/05/28 18:09:36 Dest: n0
2024/05/28 18:09:36 Sent {"src":"n0","dest":"c2","body":{"in_reply_to":156,"type":"broadcast_ok"}}
2024/05/28 18:09:36 Received {c2 n0 {"type":"broadcast","message":78,"msg_id":157}}
2024/05/28 18:09:36 Src: c2
2024/05/28 18:09:36 Dest: n0
2024/05/28 18:09:36 Sent {"src":"n0","dest":"c2","body":{"in_reply_to":157,"type":"broadcast_ok"}}
2024/05/28 18:09:36 Received {c2 n0 {"type":"broadcast","message":79,"msg_id":158}}
2024/05/28 18:09:36 Src: c2
2024/05/28 18:09:36 Dest: n0
2024/05/28 18:09:36 Sent {"src":"n0","dest":"c2","body":{"in_reply_to":158,"type":"broadcast_ok"}}
2024/05/28 18:09:36 Received {c2 n0 {"type":"broadcast","message":80,"msg_id":159}}
2024/05/28 18:09:36 Src: c2
2024/05/28 18:09:36 Dest: n0
2024/05/28 18:09:36 Sent {"src":"n0","dest":"c2","body":{"in_reply_to":159,"type":"broadcast_ok"}}
2024/05/28 18:09:37 Received {c2 n0 {"type":"broadcast","message":81,"msg_id":160}}
2024/05/28 18:09:37 Src: c2
2024/05/28 18:09:37 Dest: n0
2024/05/28 18:09:37 Sent {"src":"n0","dest":"c2","body":{"in_reply_to":160,"type":"broadcast_ok"}}
2024/05/28 18:09:37 Received {c2 n0 {"type":"broadcast","message":82,"msg_id":161}}
2024/05/28 18:09:37 Src: c2
2024/05/28 18:09:37 Dest: n0
2024/05/28 18:09:37 Sent {"src":"n0","dest":"c2","body":{"in_reply_to":161,"type":"broadcast_ok"}}
2024/05/28 18:09:37 Received {c2 n0 {"type":"read","msg_id":162}}
2024/05/28 18:09:37 Sent {"src":"n0","dest":"c2","body":{"in_reply_to":162,"messages":[58,38,9,29,37,60,75,82,2,25,45,70,77,8,10,12,17,51,54,79,0,43,57,65,66,68,31,28,19,27,40,42,50,69,78,3,15,21,32,36,46,62,7,30,53,81,6,23,14,24,56,59,64,72,73,4,41,47,22,11,16,20,49,55,63,74,1,39,44,67,80,35,26,33,71,76,13,18,34,48,52,61,5],"type":"read_ok"}}
2024/05/28 18:09:37 Received {c2 n0 {"type":"broadcast","message":83,"msg_id":163}}
2024/05/28 18:09:37 Src: c2
2024/05/28 18:09:37 Dest: n0
2024/05/28 18:09:37 Sent {"src":"n0","dest":"c2","body":{"in_reply_to":163,"type":"broadcast_ok"}}
2024/05/28 18:09:37 Received {c2 n0 {"type":"read","msg_id":164}}
2024/05/28 18:09:37 Sent {"src":"n0","dest":"c2","body":{"in_reply_to":164,"messages":[30,53,81,6,23,14,24,56,59,64,72,73,4,41,47,22,11,16,20,49,55,63,74,1,39,44,67,80,35,26,33,71,76,13,18,34,48,52,61,83,5,58,38,9,29,37,60,75,82,2,25,45,70,77,8,10,12,17,51,54,79,0,43,57,65,66,68,31,28,19,27,40,42,50,69,78,3,15,21,32,36,46,62,7],"type":"read_ok"}}
2024/05/28 18:09:37 Received {c2 n0 {"type":"broadcast","message":84,"msg_id":165}}
2024/05/28 18:09:37 Src: c2
2024/05/28 18:09:37 Dest: n0
2024/05/28 18:09:37 Sent {"src":"n0","dest":"c2","body":{"in_reply_to":165,"type":"broadcast_ok"}}
2024/05/28 18:09:37 Received {c2 n0 {"type":"read","msg_id":166}}
2024/05/28 18:09:37 Sent {"src":"n0","dest":"c2","body":{"in_reply_to":166,"messages":[30,53,81,6,23,14,24,56,59,64,72,73,4,41,47,22,11,16,20,49,55,63,74,1,39,44,67,80,35,26,33,71,76,13,18,34,48,52,61,83,5,58,38,9,29,37,60,75,82,2,25,45,70,77,84,8,10,12,17,51,54,79,0,43,57,65,66,68,31,28,19,27,40,42,50,69,78,3,15,21,32,36,46,62,7],"type":"read_ok"}}
2024/05/28 18:09:37 Received {c2 n0 {"type":"read","msg_id":167}}
2024/05/28 18:09:37 Sent {"src":"n0","dest":"c2","body":{"in_reply_to":167,"messages":[57,65,66,68,31,43,28,27,40,42,50,69,78,3,19,21,32,36,46,62,7,15,53,81,6,30,14,23,56,59,64,72,73,4,24,47,22,41,16,20,49,55,63,74,1,11,44,67,80,35,39,33,71,76,13,26,34,48,52,61,83,5,18,38,58,29,37,60,75,82,2,9,45,70,77,84,8,25,12,17,51,54,79,0,10],"type":"read_ok"}}
2024/05/28 18:09:37 Received {c2 n0 {"type":"broadcast","message":85,"msg_id":168}}
2024/05/28 18:09:37 Src: c2
2024/05/28 18:09:37 Dest: n0
2024/05/28 18:09:37 Sent {"src":"n0","dest":"c2","body":{"in_reply_to":168,"type":"broadcast_ok"}}
2024/05/28 18:09:38 Received {c2 n0 {"type":"broadcast","message":86,"msg_id":169}}
2024/05/28 18:09:38 Src: c2
2024/05/28 18:09:38 Dest: n0
2024/05/28 18:09:38 Sent {"src":"n0","dest":"c2","body":{"in_reply_to":169,"type":"broadcast_ok"}}
2024/05/28 18:09:38 Received {c2 n0 {"type":"read","msg_id":170}}
2024/05/28 18:09:38 Sent {"src":"n0","dest":"c2","body":{"in_reply_to":170,"messages":[13,26,33,71,76,83,5,18,34,48,52,61,38,58,82,2,9,29,37,60,75,8,25,45,70,77,84,79,0,10,12,17,51,54,31,43,57,65,66,68,28,69,78,3,19,27,40,42,50,62,7,15,21,32,36,46,6,30,53,81,85,14,23,73,4,24,56,59,64,72,22,41,47,86,63,74,1,11,16,20,49,55,35,39,44,67,80],"type":"read_ok"}}
2024/05/28 18:09:38 Received {c2 n0 {"type":"read","msg_id":171}}
2024/05/28 18:09:38 Sent {"src":"n0","dest":"c2","body":{"in_reply_to":171,"messages":[65,66,68,31,43,57,28,40,42,50,69,78,3,19,27,32,36,46,62,7,15,21,81,85,6,30,53,14,23,59,64,72,73,4,24,56,86,22,41,47,20,49,55,63,74,1,11,16,67,80,35,39,44,71,76,13,26,33,48,52,61,83,5,18,34,38,58,37,60,75,82,2,9,29,70,77,84,8,25,45,17,51,54,79,0,10,12],"type":"read_ok"}}
2024/05/28 18:09:38 Received {c2 n0 {"type":"read","msg_id":172}}
2024/05/28 18:09:38 Sent {"src":"n0","dest":"c2","body":{"in_reply_to":172,"messages":[13,26,33,71,76,5,18,34,48,52,61,83,38,58,2,9,29,37,60,75,82,8,25,45,70,77,84,0,10,12,17,51,54,79,31,43,57,65,66,68,28,3,19,27,40,42,50,69,78,7,15,21,32,36,46,62,6,30,53,81,85,14,23,4,24,56,59,64,72,73,22,41,47,86,1,11,16,20,49,55,63,74,35,39,44,67,80],"type":"read_ok"}}
2024/05/28 18:09:38 Received {c2 n0 {"type":"broadcast","message":87,"msg_id":173}}
2024/05/28 18:09:38 Src: c2
2024/05/28 18:09:38 Dest: n0
2024/05/28 18:09:38 Sent {"src":"n0","dest":"c2","body":{"in_reply_to":173,"type":"broadcast_ok"}}
2024/05/28 18:09:38 Received {c2 n0 {"type":"read","msg_id":174}}
2024/05/28 18:09:38 Sent {"src":"n0","dest":"c2","body":{"in_reply_to":174,"messages":[32,36,46,62,7,15,21,81,85,6,30,53,14,23,59,64,72,73,4,24,56,86,22,41,47,20,49,55,63,74,1,11,16,67,80,35,39,44,71,76,13,26,33,48,52,61,83,5,18,34,38,58,37,60,75,82,2,9,29,70,77,84,8,25,45,17,51,54,79,0,10,12,65,66,68,31,43,57,28,87,40,42,50,69,78,3,19,27],"type":"read_ok"}}
2024/05/28 18:09:38 Received {c2 n0 {"type":"broadcast","message":88,"msg_id":175}}
2024/05/28 18:09:38 Src: c2
2024/05/28 18:09:38 Dest: n0
2024/05/28 18:09:38 Sent {"src":"n0","dest":"c2","body":{"in_reply_to":175,"type":"broadcast_ok"}}
2024/05/28 18:09:38 Received {c2 n0 {"type":"broadcast","message":89,"msg_id":176}}
2024/05/28 18:09:38 Src: c2
2024/05/28 18:09:38 Dest: n0
2024/05/28 18:09:38 Sent {"src":"n0","dest":"c2","body":{"in_reply_to":176,"type":"broadcast_ok"}}
2024/05/28 18:09:38 Received {c2 n0 {"type":"broadcast","message":90,"msg_id":177}}
2024/05/28 18:09:38 Src: c2
2024/05/28 18:09:38 Dest: n0
2024/05/28 18:09:38 Sent {"src":"n0","dest":"c2","body":{"in_reply_to":177,"type":"broadcast_ok"}}
2024/05/28 18:09:39 Received {c2 n0 {"type":"read","msg_id":178}}
2024/05/28 18:09:39 Sent {"src":"n0","dest":"c2","body":{"in_reply_to":178,"messages":[73,90,4,24,56,59,64,72,22,41,47,86,63,74,1,11,16,20,49,55,35,39,44,67,80,13,26,33,71,76,83,5,18,34,48,52,61,38,58,82,2,9,29,37,60,75,8,25,45,70,77,84,79,0,10,12,17,51,54,88,31,43,57,65,66,68,28,87,69,78,3,19,27,40,42,50,62,7,15,21,32,36,46,6,30,53,81,85,14,23,89],"type":"read_ok"}}
2024/05/28 18:09:39 Received {c2 n0 {"type":"read","msg_id":179}}
2024/05/28 18:09:39 Sent {"src":"n0","dest":"c2","body":{"in_reply_to":179,"messages":[14,23,89,73,90,4,24,56,59,64,72,22,41,47,86,63,74,1,11,16,20,49,55,35,39,44,67,80,13,26,33,71,76,83,5,18,34,48,52,61,38,58,82,2,9,29,37,60,75,8,25,45,70,77,84,79,0,10,12,17,51,54,88,31,43,57,65,66,68,28,87,69,78,3,19,27,40,42,50,62,7,15,21,32,36,46,6,30,53,81,85],"type":"read_ok"}}
2024/05/28 18:09:39 Received {c2 n0 {"type":"read","msg_id":180}}
2024/05/28 18:09:39 Sent {"src":"n0","dest":"c2","body":{"in_reply_to":180,"messages":[68,88,31,43,57,65,66,28,87,50,69,78,3,19,27,40,42,46,62,7,15,21,32,36,6,30,53,81,85,14,23,89,72,73,90,4,24,56,59,64,22,41,47,86,55,63,74,1,11,16,20,49,35,39,44,67,80,13,26,33,71,76,61,83,5,18,34,48,52,38,58,75,82,2,9,29,37,60,84,8,25,45,70,77,54,79,0,10,12,17,51],"type":"read_ok"}}
2024/05/28 18:09:39 Received {c2 n0 {"type":"broadcast","message":91,"msg_id":181}}
2024/05/28 18:09:39 Src: c2
2024/05/28 18:09:39 Dest: n0
2024/05/28 18:09:39 Sent {"src":"n0","dest":"c2","body":{"in_reply_to":181,"type":"broadcast_ok"}}
2024/05/28 18:09:39 Received {c2 n0 {"type":"broadcast","message":92,"msg_id":182}}
2024/05/28 18:09:39 Src: c2
2024/05/28 18:09:39 Dest: n0
2024/05/28 18:09:39 Sent {"src":"n0","dest":"c2","body":{"in_reply_to":182,"type":"broadcast_ok"}}
2024/05/28 18:09:39 Received {c2 n0 {"type":"broadcast","message":93,"msg_id":183}}
2024/05/28 18:09:39 Src: c2
2024/05/28 18:09:39 Dest: n0
2024/05/28 18:09:39 Sent {"src":"n0","dest":"c2","body":{"in_reply_to":183,"type":"broadcast_ok"}}
2024/05/28 18:09:39 Received {c2 n0 {"type":"read","msg_id":184}}
2024/05/28 18:09:39 Sent {"src":"n0","dest":"c2","body":{"in_reply_to":184,"messages":[13,26,33,71,76,61,83,5,18,34,48,52,38,58,91,75,82,2,9,29,37,60,84,8,25,45,70,77,54,79,0,10,12,17,51,68,88,31,43,57,65,66,28,87,50,69,78,3,19,27,40,42,46,62,7,15,21,32,36,92,6,30,53,81,85,14,23,89,93,72,73,90,4,24,56,59,64,22,41,47,86,55,63,74,1,11,16,20,49,35,39,44,67,80],"type":"read_ok"}}
2024/05/28 18:09:39 Received {c2 n0 {"type":"broadcast","message":94,"msg_id":185}}
2024/05/28 18:09:39 Src: c2
2024/05/28 18:09:39 Dest: n0
2024/05/28 18:09:39 Sent {"src":"n0","dest":"c2","body":{"in_reply_to":185,"type":"broadcast_ok"}}
2024/05/28 18:09:39 Received {c2 n0 {"type":"read","msg_id":186}}
2024/05/28 18:09:39 Sent {"src":"n0","dest":"c2","body":{"in_reply_to":186,"messages":[93,14,23,89,59,64,72,73,90,4,24,56,86,22,41,47,20,49,55,63,74,1,11,16,67,80,35,39,44,71,76,13,26,33,48,52,61,83,5,18,34,94,38,58,91,37,60,75,82,2,9,29,70,77,84,8,25,45,17,51,54,79,0,10,12,65,66,68,88,31,43,57,28,87,40,42,50,69,78,3,19,27,32,36,46,62,7,15,21,81,85,92,6,30,53],"type":"read_ok"}}
2024/05/28 18:09:39 Received {c2 n0 {"type":"read","msg_id":187}}
2024/05/28 18:09:39 Sent {"src":"n0","dest":"c2","body":{"in_reply_to":187,"messages":[78,3,19,27,40,42,50,69,7,15,21,32,36,46,62,6,30,53,81,85,92,14,23,89,93,90,4,24,56,59,64,72,73,22,41,47,86,74,1,11,16,20,49,55,63,35,39,44,67,80,13,26,33,71,76,5,18,34,48,52,61,83,38,58,91,94,2,9,29,37,60,75,82,8,25,45,70,77,84,0,10,12,17,51,54,79,31,43,57,65,66,68,88,28,87],"type":"read_ok"}}
2024/05/28 18:09:39 Received {c2 n0 {"type":"broadcast","message":95,"msg_id":188}}
2024/05/28 18:09:39 Src: c2
2024/05/28 18:09:39 Dest: n0
2024/05/28 18:09:39 Sent {"src":"n0","dest":"c2","body":{"in_reply_to":188,"type":"broadcast_ok"}}
2024/05/28 18:09:39 Received {c2 n0 {"type":"read","msg_id":189}}
2024/05/28 18:09:39 Sent {"src":"n0","dest":"c2","body":{"in_reply_to":189,"messages":[50,69,78,3,19,27,40,42,46,62,7,15,21,32,36,92,6,30,53,81,85,14,23,89,93,72,73,90,4,24,56,59,64,22,41,47,86,55,63,74,1,11,16,20,49,35,39,44,67,80,13,26,33,71,76,61,83,95,5,18,34,48,52,38,58,91,94,75,82,2,9,29,37,60,84,8,25,45,70,77,54,79,0,10,12,17,51,68,88,31,43,57,65,66,28,87],"type":"read_ok"}}
2024/05/28 18:09:40 Received {c2 n0 {"type":"read","msg_id":190}}
2024/05/28 18:09:40 Sent {"src":"n0","dest":"c2","body":{"in_reply_to":190,"messages":[91,94,38,58,29,37,60,75,82,2,9,45,70,77,84,8,25,12,17,51,54,79,0,10,57,65,66,68,88,31,43,28,87,27,40,42,50,69,78,3,19,21,32,36,46,62,7,15,53,81,85,92,6,30,89,93,14,23,56,59,64,72,73,90,4,24,47,86,22,41,16,20,49,55,63,74,1,11,44,67,80,35,39,33,71,76,13,26,34,48,52,61,83,95,5,18],"type":"read_ok"}}
2024/05/28 18:09:40 Received {c2 n0 {"type":"broadcast","message":96,"msg_id":191}}
2024/05/28 18:09:40 Src: c2
2024/05/28 18:09:40 Dest: n0
2024/05/28 18:09:40 Sent {"src":"n0","dest":"c2","body":{"in_reply_to":191,"type":"broadcast_ok"}}
2024/05/28 18:09:40 Received {c2 n0 {"type":"broadcast","message":97,"msg_id":192}}
2024/05/28 18:09:40 Src: c2
2024/05/28 18:09:40 Dest: n0
2024/05/28 18:09:40 Sent {"src":"n0","dest":"c2","body":{"in_reply_to":192,"type":"broadcast_ok"}}
2024/05/28 18:09:40 Received {c2 n0 {"type":"read","msg_id":193}}
2024/05/28 18:09:40 Sent {"src":"n0","dest":"c2","body":{"in_reply_to":193,"messages":[28,87,42,50,69,78,3,19,27,40,36,46,62,7,15,21,32,85,92,6,30,53,81,14,23,89,93,64,72,73,90,4,24,56,59,22,41,47,86,49,55,63,74,1,11,16,20,80,35,39,44,67,76,13,26,33,71,52,61,83,95,5,18,34,48,96,38,58,91,94,60,75,82,2,9,29,37,77,84,97,8,25,45,70,51,54,79,0,10,12,17,66,68,88,31,43,57,65],"type":"read_ok"}}
2024/05/28 18:09:40 Received {c2 n0 {"type":"read","msg_id":194}}
2024/05/28 18:09:40 Sent {"src":"n0","dest":"c2","body":{"in_reply_to":194,"messages":[4,24,56,59,64,72,73,90,22,41,47,86,1,11,16,20,49,55,63,74,35,39,44,67,80,13,26,33,71,76,5,18,34,48,52,61,83,95,38,58,91,94,96,2,9,29,37,60,75,82,8,25,45,70,77,84,97,0,10,12,17,51,54,79,31,43,57,65,66,68,88,28,87,3,19,27,40,42,50,69,78,7,15,21,32,36,46,62,6,30,53,81,85,92,14,23,89,93],"type":"read_ok"}}
2024/05/28 18:09:40 Received {c2 n0 {"type":"read","msg_id":195}}
2024/05/28 18:09:40 Sent {"src":"n0","dest":"c2","body":{"in_reply_to":195,"messages":[78,3,19,27,40,42,50,69,7,15,21,32,36,46,62,6,30,53,81,85,92,14,23,89,93,90,4,24,56,59,64,72,73,22,41,47,86,74,1,11,16,20,49,55,63,35,39,44,67,80,13,26,33,71,76,95,5,18,34,48,52,61,83,38,58,91,94,96,2,9,29,37,60,75,82,8,25,45,70,77,84,97,0,10,12,17,51,54,79,31,43,57,65,66,68,88,28,87],"type":"read_ok"}}
2024/05/28 18:09:40 Received {c2 n0 {"type":"read","msg_id":196}}
2024/05/28 18:09:40 Sent {"src":"n0","dest":"c2","body":{"in_reply_to":196,"messages":[6,30,53,81,85,92,14,23,89,93,4,24,56,59,64,72,73,90,22,41,47,86,1,11,16,20,49,55,63,74,35,39,44,67,80,13,26,33,71,76,5,18,34,48,52,61,83,95,38,58,91,94,96,2,9,29,37,60,75,82,8,25,45,70,77,84,97,0,10,12,17,51,54,79,31,43,57,65,66,68,88,28,87,3,19,27,40,42,50,69,78,7,15,21,32,36,46,62],"type":"read_ok"}}
2024/05/28 18:09:40 Received {c2 n0 {"type":"read","msg_id":197}}
2024/05/28 18:09:40 Sent {"src":"n0","dest":"c2","body":{"in_reply_to":197,"messages":[6,30,53,81,85,92,14,23,89,93,4,24,56,59,64,72,73,90,22,41,47,86,1,11,16,20,49,55,63,74,35,39,44,67,80,13,26,33,71,76,5,18,34,48,52,61,83,95,38,58,91,94,96,2,9,29,37,60,75,82,8,25,45,70,77,84,97,0,10,12,17,51,54,79,31,43,57,65,66,68,88,28,87,3,19,27,40,42,50,69,78,7,15,21,32,36,46,62],"type":"read_ok"}}
2024/05/28 18:09:40 Received {c2 n0 {"type":"broadcast","message":98,"msg_id":198}}
2024/05/28 18:09:40 Src: c2
2024/05/28 18:09:40 Dest: n0
2024/05/28 18:09:40 Sent {"src":"n0","dest":"c2","body":{"in_reply_to":198,"type":"broadcast_ok"}}
2024/05/28 18:09:41 Received {c2 n0 {"type":"broadcast","message":99,"msg_id":199}}
2024/05/28 18:09:41 Src: c2
2024/05/28 18:09:41 Dest: n0
2024/05/28 18:09:41 Sent {"src":"n0","dest":"c2","body":{"in_reply_to":199,"type":"broadcast_ok"}}
2024/05/28 18:09:41 Received {c2 n0 {"type":"read","msg_id":200}}
2024/05/28 18:09:41 Sent {"src":"n0","dest":"c2","body":{"in_reply_to":200,"messages":[5,18,34,48,52,61,83,95,38,58,91,94,96,2,9,29,37,60,75,82,99,8,25,45,70,77,84,97,0,10,12,17,51,54,79,31,43,57,65,66,68,88,28,87,98,3,19,27,40,42,50,69,78,7,15,21,32,36,46,62,6,30,53,81,85,92,14,23,89,93,4,24,56,59,64,72,73,90,22,41,47,86,1,11,16,20,49,55,63,74,35,39,44,67,80,13,26,33,71,76],"type":"read_ok"}}
2024/05/28 18:09:41 Received {c2 n0 {"type":"broadcast","message":100,"msg_id":201}}
2024/05/28 18:09:41 Src: c2
2024/05/28 18:09:41 Dest: n0
2024/05/28 18:09:41 Sent {"src":"n0","dest":"c2","body":{"in_reply_to":201,"type":"broadcast_ok"}}
2024/05/28 18:09:41 Received {c2 n0 {"type":"broadcast","message":101,"msg_id":202}}
2024/05/28 18:09:41 Src: c2
2024/05/28 18:09:41 Dest: n0
2024/05/28 18:09:41 Sent {"src":"n0","dest":"c2","body":{"in_reply_to":202,"type":"broadcast_ok"}}
2024/05/28 18:09:51 Received {c2 n0 {"type":"read","msg_id":203}}
2024/05/28 18:09:51 Sent {"src":"n0","dest":"c2","body":{"in_reply_to":203,"messages":[74,1,11,16,20,49,55,63,35,39,44,67,80,13,26,33,71,76,95,5,18,34,48,52,61,83,38,58,91,94,96,99,2,9,29,37,60,75,82,8,25,45,70,77,84,97,0,10,12,17,51,54,79,31,43,57,65,66,68,88,28,87,98,78,3,19,27,40,42,50,69,7,15,21,32,36,46,62,6,30,53,81,85,92,14,23,89,93,101,90,4,24,56,59,64,72,73,100,22,41,47,86],"type":"read_ok"}}
