2024/05/28 17:44:25 Received {c4 n0 {"type":"init","node_id":"n0","node_ids":["n0","n1","n2","n3","n4"],"msg_id":1}}
2024/05/28 17:44:25 Node n0 initialized
2024/05/28 17:44:25 Sent {"src":"n0","dest":"c4","body":{"in_reply_to":1,"type":"init_ok"}}
2024/05/28 17:44:25 Received {c5 n0 {"type":"topology","topology":{"n0":["n3","n1"],"n1":["n4","n2","n0"],"n2":["n1"],"n3":["n0","n4"],"n4":["n1","n3"]},"msg_id":1}}
2024/05/28 17:44:25 Sent {"src":"n0","dest":"c5","body":{"in_reply_to":1,"type":"topology_ok"}}
2024/05/28 17:44:25 Received {c10 n0 {"type":"read","msg_id":1}}
2024/05/28 17:44:25 ID: n0
2024/05/28 17:44:25 Sent {"src":"n0","dest":"c10","body":{"in_reply_to":1,"messages":[],"type":"read_ok"}}
2024/05/28 17:44:26 Received {c10 n0 {"type":"broadcast","message":3,"msg_id":2}}
2024/05/28 17:44:26 Sent {"src":"n0","dest":"c10","body":{"in_reply_to":2,"type":"broadcast_ok"}}
2024/05/28 17:44:26 Received {c10 n0 {"type":"broadcast","message":4,"msg_id":3}}
2024/05/28 17:44:26 Sent {"src":"n0","dest":"c10","body":{"in_reply_to":3,"type":"broadcast_ok"}}
2024/05/28 17:44:26 Received {c10 n0 {"type":"read","msg_id":4}}
2024/05/28 17:44:26 ID: n0
2024/05/28 17:44:26 Sent {"src":"n0","dest":"c10","body":{"in_reply_to":4,"messages":[3,4],"type":"read_ok"}}
2024/05/28 17:44:26 Received {c10 n0 {"type":"broadcast","message":7,"msg_id":5}}
2024/05/28 17:44:26 Sent {"src":"n0","dest":"c10","body":{"in_reply_to":5,"type":"broadcast_ok"}}
2024/05/28 17:44:27 Received {c10 n0 {"type":"broadcast","message":11,"msg_id":6}}
2024/05/28 17:44:27 Sent {"src":"n0","dest":"c10","body":{"in_reply_to":6,"type":"broadcast_ok"}}
2024/05/28 17:44:27 Received {c10 n0 {"type":"broadcast","message":12,"msg_id":7}}
2024/05/28 17:44:27 Sent {"src":"n0","dest":"c10","body":{"in_reply_to":7,"type":"broadcast_ok"}}
2024/05/28 17:44:27 Received {c10 n0 {"type":"read","msg_id":8}}
2024/05/28 17:44:27 ID: n0
2024/05/28 17:44:27 Sent {"src":"n0","dest":"c10","body":{"in_reply_to":8,"messages":[3,4,7,11,12],"type":"read_ok"}}
2024/05/28 17:44:28 Received {c10 n0 {"type":"broadcast","message":15,"msg_id":9}}
2024/05/28 17:44:28 Sent {"src":"n0","dest":"c10","body":{"in_reply_to":9,"type":"broadcast_ok"}}
2024/05/28 17:44:28 Received {c10 n0 {"type":"broadcast","message":16,"msg_id":10}}
2024/05/28 17:44:28 Sent {"src":"n0","dest":"c10","body":{"in_reply_to":10,"type":"broadcast_ok"}}
2024/05/28 17:44:28 Received {c10 n0 {"type":"broadcast","message":18,"msg_id":11}}
2024/05/28 17:44:28 Sent {"src":"n0","dest":"c10","body":{"in_reply_to":11,"type":"broadcast_ok"}}
2024/05/28 17:44:28 Received {c10 n0 {"type":"read","msg_id":12}}
2024/05/28 17:44:28 ID: n0
2024/05/28 17:44:28 Sent {"src":"n0","dest":"c10","body":{"in_reply_to":12,"messages":[18,3,4,7,11,12,15,16],"type":"read_ok"}}
2024/05/28 17:44:29 Received {c10 n0 {"type":"read","msg_id":13}}
2024/05/28 17:44:29 ID: n0
2024/05/28 17:44:29 Sent {"src":"n0","dest":"c10","body":{"in_reply_to":13,"messages":[3,4,7,11,12,15,16,18],"type":"read_ok"}}
2024/05/28 17:44:29 Received {c10 n0 {"type":"read","msg_id":14}}
2024/05/28 17:44:29 ID: n0
2024/05/28 17:44:29 Sent {"src":"n0","dest":"c10","body":{"in_reply_to":14,"messages":[15,16,18,3,4,7,11,12],"type":"read_ok"}}
2024/05/28 17:44:30 Received {c10 n0 {"type":"read","msg_id":15}}
2024/05/28 17:44:30 ID: n0
2024/05/28 17:44:30 Sent {"src":"n0","dest":"c10","body":{"in_reply_to":15,"messages":[15,16,18,3,4,7,11,12],"type":"read_ok"}}
2024/05/28 17:44:30 Received {c10 n0 {"type":"broadcast","message":21,"msg_id":16}}
2024/05/28 17:44:30 Sent {"src":"n0","dest":"c10","body":{"in_reply_to":16,"type":"broadcast_ok"}}
2024/05/28 17:44:30 Received {c10 n0 {"type":"broadcast","message":25,"msg_id":17}}
2024/05/28 17:44:30 Sent {"src":"n0","dest":"c10","body":{"in_reply_to":17,"type":"broadcast_ok"}}
2024/05/28 17:44:30 Received {c10 n0 {"type":"broadcast","message":26,"msg_id":18}}
2024/05/28 17:44:30 Sent {"src":"n0","dest":"c10","body":{"in_reply_to":18,"type":"broadcast_ok"}}
2024/05/28 17:44:31 Received {c10 n0 {"type":"read","msg_id":19}}
2024/05/28 17:44:31 ID: n0
2024/05/28 17:44:31 Sent {"src":"n0","dest":"c10","body":{"in_reply_to":19,"messages":[18,21,25,26,3,4,15,16,7,11,12],"type":"read_ok"}}
2024/05/28 17:44:31 Received {c10 n0 {"type":"read","msg_id":20}}
2024/05/28 17:44:31 ID: n0
2024/05/28 17:44:31 Sent {"src":"n0","dest":"c10","body":{"in_reply_to":20,"messages":[15,16,18,21,25,26,3,4,12,7,11],"type":"read_ok"}}
2024/05/28 17:44:32 Received {c10 n0 {"type":"broadcast","message":29,"msg_id":21}}
2024/05/28 17:44:32 Sent {"src":"n0","dest":"c10","body":{"in_reply_to":21,"type":"broadcast_ok"}}
2024/05/28 17:44:32 Received {c10 n0 {"type":"read","msg_id":22}}
2024/05/28 17:44:32 ID: n0
2024/05/28 17:44:32 Sent {"src":"n0","dest":"c10","body":{"in_reply_to":22,"messages":[15,16,18,21,25,26,3,4,12,29,7,11],"type":"read_ok"}}
2024/05/28 17:44:32 Received {c10 n0 {"type":"broadcast","message":32,"msg_id":23}}
2024/05/28 17:44:32 Sent {"src":"n0","dest":"c10","body":{"in_reply_to":23,"type":"broadcast_ok"}}
2024/05/28 17:44:32 Received {c10 n0 {"type":"read","msg_id":24}}
2024/05/28 17:44:32 ID: n0
2024/05/28 17:44:32 Sent {"src":"n0","dest":"c10","body":{"in_reply_to":24,"messages":[16,18,21,25,26,3,4,15,29,32,7,11,12],"type":"read_ok"}}
2024/05/28 17:44:33 Received {c10 n0 {"type":"broadcast","message":35,"msg_id":25}}
2024/05/28 17:44:33 Sent {"src":"n0","dest":"c10","body":{"in_reply_to":25,"type":"broadcast_ok"}}
2024/05/28 17:44:33 Received {c10 n0 {"type":"read","msg_id":26}}
2024/05/28 17:44:33 ID: n0
2024/05/28 17:44:33 Sent {"src":"n0","dest":"c10","body":{"in_reply_to":26,"messages":[3,4,15,26,7,11,32,35,16,18,21,25,12,29],"type":"read_ok"}}
2024/05/28 17:44:34 Received {c10 n0 {"type":"broadcast","message":38,"msg_id":27}}
2024/05/28 17:44:34 Sent {"src":"n0","dest":"c10","body":{"in_reply_to":27,"type":"broadcast_ok"}}
2024/05/28 17:44:34 Received {c10 n0 {"type":"broadcast","message":39,"msg_id":28}}
2024/05/28 17:44:34 Sent {"src":"n0","dest":"c10","body":{"in_reply_to":28,"type":"broadcast_ok"}}
2024/05/28 17:44:34 Received {c10 n0 {"type":"broadcast","message":42,"msg_id":29}}
2024/05/28 17:44:34 Sent {"src":"n0","dest":"c10","body":{"in_reply_to":29,"type":"broadcast_ok"}}
2024/05/28 17:44:35 Received {c10 n0 {"type":"read","msg_id":30}}
2024/05/28 17:44:35 ID: n0
2024/05/28 17:44:35 Sent {"src":"n0","dest":"c10","body":{"in_reply_to":30,"messages":[7,11,32,16,18,21,25,35,38,12,29,3,4,15,26,39,42],"type":"read_ok"}}
2024/05/28 17:44:35 Received {c10 n0 {"type":"broadcast","message":46,"msg_id":31}}
2024/05/28 17:44:35 Sent {"src":"n0","dest":"c10","body":{"in_reply_to":31,"type":"broadcast_ok"}}
2024/05/28 17:44:35 Received {c10 n0 {"type":"broadcast","message":47,"msg_id":32}}
2024/05/28 17:44:35 Sent {"src":"n0","dest":"c10","body":{"in_reply_to":32,"type":"broadcast_ok"}}
2024/05/28 17:44:35 Received {c10 n0 {"type":"read","msg_id":33}}
2024/05/28 17:44:35 ID: n0
2024/05/28 17:44:35 Sent {"src":"n0","dest":"c10","body":{"in_reply_to":33,"messages":[16,18,21,25,35,38,47,12,29,3,4,15,26,39,42,46,7,11,32],"type":"read_ok"}}
2024/05/28 17:44:35 Received {c10 n0 {"type":"broadcast","message":51,"msg_id":34}}
2024/05/28 17:44:35 Sent {"src":"n0","dest":"c10","body":{"in_reply_to":34,"type":"broadcast_ok"}}
2024/05/28 17:44:36 Received {c10 n0 {"type":"broadcast","message":54,"msg_id":35}}
2024/05/28 17:44:36 Sent {"src":"n0","dest":"c10","body":{"in_reply_to":35,"type":"broadcast_ok"}}
2024/05/28 17:44:36 Received {c10 n0 {"type":"broadcast","message":55,"msg_id":36}}
2024/05/28 17:44:36 Sent {"src":"n0","dest":"c10","body":{"in_reply_to":36,"type":"broadcast_ok"}}
2024/05/28 17:44:37 Received {c10 n0 {"type":"read","msg_id":37}}
2024/05/28 17:44:37 ID: n0
2024/05/28 17:44:37 Sent {"src":"n0","dest":"c10","body":{"in_reply_to":37,"messages":[21,25,35,38,47,51,16,18,55,12,29,15,26,39,42,46,54,3,4,32,7,11],"type":"read_ok"}}
2024/05/28 17:44:37 Received {c10 n0 {"type":"broadcast","message":59,"msg_id":38}}
2024/05/28 17:44:37 Sent {"src":"n0","dest":"c10","body":{"in_reply_to":38,"type":"broadcast_ok"}}
2024/05/28 17:44:37 Received {c10 n0 {"type":"read","msg_id":39}}
2024/05/28 17:44:37 ID: n0
2024/05/28 17:44:37 Sent {"src":"n0","dest":"c10","body":{"in_reply_to":39,"messages":[39,42,46,54,3,4,15,26,7,11,32,59,35,38,47,51,16,18,21,25,55,12,29],"type":"read_ok"}}
2024/05/28 17:44:37 Received {c10 n0 {"type":"read","msg_id":40}}
2024/05/28 17:44:37 ID: n0
2024/05/28 17:44:37 Sent {"src":"n0","dest":"c10","body":{"in_reply_to":40,"messages":[7,11,32,59,16,18,21,25,35,38,47,51,55,12,29,3,4,15,26,39,42,46,54],"type":"read_ok"}}
2024/05/28 17:44:38 Received {c10 n0 {"type":"broadcast","message":63,"msg_id":41}}
2024/05/28 17:44:38 Sent {"src":"n0","dest":"c10","body":{"in_reply_to":41,"type":"broadcast_ok"}}
2024/05/28 17:44:38 Received {c10 n0 {"type":"broadcast","message":64,"msg_id":42}}
2024/05/28 17:44:38 Sent {"src":"n0","dest":"c10","body":{"in_reply_to":42,"type":"broadcast_ok"}}
2024/05/28 17:44:39 Received {c10 n0 {"type":"read","msg_id":43}}
2024/05/28 17:44:39 ID: n0
2024/05/28 17:44:39 Sent {"src":"n0","dest":"c10","body":{"in_reply_to":43,"messages":[12,29,54,3,4,15,26,39,42,46,7,11,32,59,64,51,16,18,21,25,35,38,47,55,63],"type":"read_ok"}}
2024/05/28 17:44:39 Received {c10 n0 {"type":"broadcast","message":68,"msg_id":44}}
2024/05/28 17:44:39 Sent {"src":"n0","dest":"c10","body":{"in_reply_to":44,"type":"broadcast_ok"}}
2024/05/28 17:44:39 Received {c10 n0 {"type":"broadcast","message":72,"msg_id":45}}
2024/05/28 17:44:39 Sent {"src":"n0","dest":"c10","body":{"in_reply_to":45,"type":"broadcast_ok"}}
2024/05/28 17:44:39 Received {c10 n0 {"type":"read","msg_id":46}}
2024/05/28 17:44:39 ID: n0
2024/05/28 17:44:39 Sent {"src":"n0","dest":"c10","body":{"in_reply_to":46,"messages":[54,3,15,26,42,46,7,32,47,16,18,35,55,63,72,4,39,11,59,64,38,51,21,25,68,12,29],"type":"read_ok"}}
2024/05/28 17:44:40 Received {c10 n0 {"type":"broadcast","message":75,"msg_id":47}}
2024/05/28 17:44:40 Sent {"src":"n0","dest":"c10","body":{"in_reply_to":47,"type":"broadcast_ok"}}
2024/05/28 17:44:40 Received {c10 n0 {"type":"broadcast","message":76,"msg_id":48}}
2024/05/28 17:44:40 Sent {"src":"n0","dest":"c10","body":{"in_reply_to":48,"type":"broadcast_ok"}}
2024/05/28 17:44:41 Received {c10 n0 {"type":"broadcast","message":81,"msg_id":49}}
2024/05/28 17:44:41 Sent {"src":"n0","dest":"c10","body":{"in_reply_to":49,"type":"broadcast_ok"}}
2024/05/28 17:44:41 Received {c10 n0 {"type":"broadcast","message":82,"msg_id":50}}
2024/05/28 17:44:41 Sent {"src":"n0","dest":"c10","body":{"in_reply_to":50,"type":"broadcast_ok"}}
2024/05/28 17:44:41 Received {c10 n0 {"type":"broadcast","message":85,"msg_id":51}}
2024/05/28 17:44:41 Sent {"src":"n0","dest":"c10","body":{"in_reply_to":51,"type":"broadcast_ok"}}
2024/05/28 17:44:41 Received {c10 n0 {"type":"read","msg_id":52}}
2024/05/28 17:44:41 ID: n0
2024/05/28 17:44:41 Sent {"src":"n0","dest":"c10","body":{"in_reply_to":52,"messages":[72,4,39,81,85,11,59,64,76,68,21,25,38,51,12,29,46,54,75,3,15,26,42,7,32,55,63,82,16,18,35,47],"type":"read_ok"}}
2024/05/28 17:44:42 Received {c10 n0 {"type":"read","msg_id":53}}
2024/05/28 17:44:42 ID: n0
2024/05/28 17:44:42 Sent {"src":"n0","dest":"c10","body":{"in_reply_to":53,"messages":[21,25,38,51,68,12,29,75,3,15,26,42,46,54,7,32,82,16,18,35,47,55,63,72,4,39,81,11,59,64,76,85],"type":"read_ok"}}
2024/05/28 17:44:42 Received {c10 n0 {"type":"broadcast","message":87,"msg_id":54}}
2024/05/28 17:44:42 Sent {"src":"n0","dest":"c10","body":{"in_reply_to":54,"type":"broadcast_ok"}}
2024/05/28 17:44:42 Received {c10 n0 {"type":"read","msg_id":55}}
2024/05/28 17:44:42 ID: n0
2024/05/28 17:44:42 Sent {"src":"n0","dest":"c10","body":{"in_reply_to":55,"messages":[4,39,81,85,11,59,64,76,68,21,25,38,51,12,29,87,46,54,75,3,15,26,42,7,32,55,63,82,16,18,35,47,72],"type":"read_ok"}}
2024/05/28 17:44:43 Received {c10 n0 {"type":"broadcast","message":91,"msg_id":56}}
2024/05/28 17:44:43 Sent {"src":"n0","dest":"c10","body":{"in_reply_to":56,"type":"broadcast_ok"}}
2024/05/28 17:44:43 Received {c10 n0 {"type":"read","msg_id":57}}
2024/05/28 17:44:43 ID: n0
2024/05/28 17:44:43 Sent {"src":"n0","dest":"c10","body":{"in_reply_to":57,"messages":[11,59,64,76,85,91,21,25,38,51,68,12,29,87,75,3,15,26,42,46,54,7,32,82,16,18,35,47,55,63,72,4,39,81],"type":"read_ok"}}
2024/05/28 17:44:43 Received {c10 n0 {"type":"broadcast","message":95,"msg_id":58}}
2024/05/28 17:44:43 Sent {"src":"n0","dest":"c10","body":{"in_reply_to":58,"type":"broadcast_ok"}}
2024/05/28 17:44:43 Received {c10 n0 {"type":"broadcast","message":98,"msg_id":59}}
2024/05/28 17:44:43 Sent {"src":"n0","dest":"c10","body":{"in_reply_to":59,"type":"broadcast_ok"}}
2024/05/28 17:44:44 Received {c10 n0 {"type":"broadcast","message":99,"msg_id":60}}
2024/05/28 17:44:44 Sent {"src":"n0","dest":"c10","body":{"in_reply_to":60,"type":"broadcast_ok"}}
2024/05/28 17:44:44 Received {c10 n0 {"type":"read","msg_id":61}}
2024/05/28 17:44:44 ID: n0
2024/05/28 17:44:44 Sent {"src":"n0","dest":"c10","body":{"in_reply_to":61,"messages":[21,25,38,51,68,12,29,87,3,15,26,42,46,54,75,7,32,98,16,18,35,47,55,63,82,72,99,4,39,81,11,59,64,76,85,91,95],"type":"read_ok"}}
2024/05/28 17:44:44 Received {c10 n0 {"type":"broadcast","message":103,"msg_id":62}}
2024/05/28 17:44:44 Sent {"src":"n0","dest":"c10","body":{"in_reply_to":62,"type":"broadcast_ok"}}
2024/05/28 17:44:45 Received {c10 n0 {"type":"broadcast","message":105,"msg_id":63}}
2024/05/28 17:44:45 Sent {"src":"n0","dest":"c10","body":{"in_reply_to":63,"type":"broadcast_ok"}}
2024/05/28 17:44:45 Received {c10 n0 {"type":"broadcast","message":106,"msg_id":64}}
2024/05/28 17:44:45 Sent {"src":"n0","dest":"c10","body":{"in_reply_to":64,"type":"broadcast_ok"}}
2024/05/28 17:44:55 Received {c10 n0 {"type":"read","msg_id":65}}
2024/05/28 17:44:55 ID: n0
2024/05/28 17:44:55 Sent {"src":"n0","dest":"c10","body":{"in_reply_to":65,"messages":[12,29,87,54,75,3,15,26,42,46,7,32,103,63,82,98,16,18,35,47,55,106,72,99,4,39,81,91,95,105,11,59,64,76,85,21,25,38,51,68],"type":"read_ok"}}
