2024/05/28 17:44:25 Received {c3 n1 {"type":"init","node_id":"n1","node_ids":["n0","n1","n2","n3","n4"],"msg_id":1}}
2024/05/28 17:44:25 Node n1 initialized
2024/05/28 17:44:25 Sent {"src":"n1","dest":"c3","body":{"in_reply_to":1,"type":"init_ok"}}
2024/05/28 17:44:25 Received {c6 n1 {"type":"topology","topology":{"n0":["n3","n1"],"n1":["n4","n2","n0"],"n2":["n1"],"n3":["n0","n4"],"n4":["n1","n3"]},"msg_id":1}}
2024/05/28 17:44:25 Sent {"src":"n1","dest":"c6","body":{"in_reply_to":1,"type":"topology_ok"}}
2024/05/28 17:44:25 Received {c11 n1 {"type":"broadcast","message":0,"msg_id":1}}
2024/05/28 17:44:25 Sent {"src":"n1","dest":"c11","body":{"in_reply_to":1,"type":"broadcast_ok"}}
2024/05/28 17:44:26 Received {c11 n1 {"type":"read","msg_id":2}}
2024/05/28 17:44:26 ID: n1
2024/05/28 17:44:26 Sent {"src":"n1","dest":"c11","body":{"in_reply_to":2,"messages":[0],"type":"read_ok"}}
2024/05/28 17:44:26 Received {c11 n1 {"type":"broadcast","message":8,"msg_id":3}}
2024/05/28 17:44:26 Sent {"src":"n1","dest":"c11","body":{"in_reply_to":3,"type":"broadcast_ok"}}
2024/05/28 17:44:27 Received {c11 n1 {"type":"broadcast","message":13,"msg_id":4}}
2024/05/28 17:44:27 Sent {"src":"n1","dest":"c11","body":{"in_reply_to":4,"type":"broadcast_ok"}}
2024/05/28 17:44:27 Received {c11 n1 {"type":"read","msg_id":5}}
2024/05/28 17:44:27 ID: n1
2024/05/28 17:44:27 Sent {"src":"n1","dest":"c11","body":{"in_reply_to":5,"messages":[0,8,13],"type":"read_ok"}}
2024/05/28 17:44:27 Received {c11 n1 {"type":"read","msg_id":6}}
2024/05/28 17:44:27 ID: n1
2024/05/28 17:44:27 Sent {"src":"n1","dest":"c11","body":{"in_reply_to":6,"messages":[0,8,13],"type":"read_ok"}}
2024/05/28 17:44:28 Received {c11 n1 {"type":"read","msg_id":7}}
2024/05/28 17:44:28 ID: n1
2024/05/28 17:44:28 Sent {"src":"n1","dest":"c11","body":{"in_reply_to":7,"messages":[0,8,13],"type":"read_ok"}}
2024/05/28 17:44:29 Received {c11 n1 {"type":"read","msg_id":8}}
2024/05/28 17:44:29 ID: n1
2024/05/28 17:44:29 Sent {"src":"n1","dest":"c11","body":{"in_reply_to":8,"messages":[0,8,13],"type":"read_ok"}}
2024/05/28 17:44:29 Received {c11 n1 {"type":"read","msg_id":9}}
2024/05/28 17:44:29 ID: n1
2024/05/28 17:44:29 Sent {"src":"n1","dest":"c11","body":{"in_reply_to":9,"messages":[0,8,13],"type":"read_ok"}}
2024/05/28 17:44:30 Received {c11 n1 {"type":"broadcast","message":22,"msg_id":10}}
2024/05/28 17:44:30 Sent {"src":"n1","dest":"c11","body":{"in_reply_to":10,"type":"broadcast_ok"}}
2024/05/28 17:44:30 Received {c11 n1 {"type":"read","msg_id":11}}
2024/05/28 17:44:30 ID: n1
2024/05/28 17:44:30 Sent {"src":"n1","dest":"c11","body":{"in_reply_to":11,"messages":[0,8,13,22],"type":"read_ok"}}
2024/05/28 17:44:31 Received {c11 n1 {"type":"read","msg_id":12}}
2024/05/28 17:44:31 ID: n1
2024/05/28 17:44:31 Sent {"src":"n1","dest":"c11","body":{"in_reply_to":12,"messages":[8,13,22,0],"type":"read_ok"}}
2024/05/28 17:44:32 Received {c11 n1 {"type":"broadcast","message":30,"msg_id":13}}
2024/05/28 17:44:32 Sent {"src":"n1","dest":"c11","body":{"in_reply_to":13,"type":"broadcast_ok"}}
2024/05/28 17:44:33 Received {c11 n1 {"type":"read","msg_id":14}}
2024/05/28 17:44:33 ID: n1
2024/05/28 17:44:33 Sent {"src":"n1","dest":"c11","body":{"in_reply_to":14,"messages":[0,8,13,22,30],"type":"read_ok"}}
2024/05/28 17:44:33 Received {c11 n1 {"type":"broadcast","message":36,"msg_id":15}}
2024/05/28 17:44:33 Sent {"src":"n1","dest":"c11","body":{"in_reply_to":15,"type":"broadcast_ok"}}
2024/05/28 17:44:34 Received {c11 n1 {"type":"read","msg_id":16}}
2024/05/28 17:44:34 ID: n1
2024/05/28 17:44:34 Sent {"src":"n1","dest":"c11","body":{"in_reply_to":16,"messages":[30,36,0,8,13,22],"type":"read_ok"}}
2024/05/28 17:44:35 Received {c11 n1 {"type":"read","msg_id":17}}
2024/05/28 17:44:35 ID: n1
2024/05/28 17:44:35 Sent {"src":"n1","dest":"c11","body":{"in_reply_to":17,"messages":[8,13,22,30,36,0],"type":"read_ok"}}
2024/05/28 17:44:35 Received {c11 n1 {"type":"broadcast","message":48,"msg_id":18}}
2024/05/28 17:44:35 Sent {"src":"n1","dest":"c11","body":{"in_reply_to":18,"type":"broadcast_ok"}}
2024/05/28 17:44:36 Received {c11 n1 {"type":"broadcast","message":52,"msg_id":19}}
2024/05/28 17:44:36 Sent {"src":"n1","dest":"c11","body":{"in_reply_to":19,"type":"broadcast_ok"}}
2024/05/28 17:44:36 Received {c11 n1 {"type":"broadcast","message":56,"msg_id":20}}
2024/05/28 17:44:36 Sent {"src":"n1","dest":"c11","body":{"in_reply_to":20,"type":"broadcast_ok"}}
2024/05/28 17:44:37 Received {c11 n1 {"type":"read","msg_id":21}}
2024/05/28 17:44:37 ID: n1
2024/05/28 17:44:37 Sent {"src":"n1","dest":"c11","body":{"in_reply_to":21,"messages":[13,22,30,48,52,56,0,36,8],"type":"read_ok"}}
2024/05/28 17:44:38 Received {c11 n1 {"type":"read","msg_id":22}}
2024/05/28 17:44:38 ID: n1
2024/05/28 17:44:38 Sent {"src":"n1","dest":"c11","body":{"in_reply_to":22,"messages":[8,36,48,52,56,0,13,22,30],"type":"read_ok"}}
2024/05/28 17:44:38 Received {c11 n1 {"type":"broadcast","message":65,"msg_id":23}}
2024/05/28 17:44:38 Sent {"src":"n1","dest":"c11","body":{"in_reply_to":23,"type":"broadcast_ok"}}
2024/05/28 17:44:39 Received {c11 n1 {"type":"broadcast","message":69,"msg_id":24}}
2024/05/28 17:44:39 Sent {"src":"n1","dest":"c11","body":{"in_reply_to":24,"type":"broadcast_ok"}}
2024/05/28 17:44:40 Received {c11 n1 {"type":"broadcast","message":73,"msg_id":25}}
2024/05/28 17:44:40 Sent {"src":"n1","dest":"c11","body":{"in_reply_to":25,"type":"broadcast_ok"}}
2024/05/28 17:44:40 Received {c11 n1 {"type":"broadcast","message":77,"msg_id":26}}
2024/05/28 17:44:40 Sent {"src":"n1","dest":"c11","body":{"in_reply_to":26,"type":"broadcast_ok"}}
2024/05/28 17:44:41 Received {c11 n1 {"type":"read","msg_id":27}}
2024/05/28 17:44:41 ID: n1
2024/05/28 17:44:41 Sent {"src":"n1","dest":"c11","body":{"in_reply_to":27,"messages":[8,36,77,56,65,0,13,22,30,48,52,69,73],"type":"read_ok"}}
2024/05/28 17:44:41 Received {c11 n1 {"type":"read","msg_id":28}}
2024/05/28 17:44:41 ID: n1
2024/05/28 17:44:41 Sent {"src":"n1","dest":"c11","body":{"in_reply_to":28,"messages":[56,65,0,13,22,30,48,52,69,73,8,36,77],"type":"read_ok"}}
2024/05/28 17:44:42 Received {c11 n1 {"type":"read","msg_id":29}}
2024/05/28 17:44:42 ID: n1
2024/05/28 17:44:42 Sent {"src":"n1","dest":"c11","body":{"in_reply_to":29,"messages":[30,48,52,56,65,0,13,22,69,73,8,36,77],"type":"read_ok"}}
2024/05/28 17:44:43 Received {c11 n1 {"type":"broadcast","message":92,"msg_id":30}}
2024/05/28 17:44:43 Sent {"src":"n1","dest":"c11","body":{"in_reply_to":30,"type":"broadcast_ok"}}
2024/05/28 17:44:43 Received {c11 n1 {"type":"broadcast","message":96,"msg_id":31}}
2024/05/28 17:44:43 Sent {"src":"n1","dest":"c11","body":{"in_reply_to":31,"type":"broadcast_ok"}}
2024/05/28 17:44:44 Received {c11 n1 {"type":"read","msg_id":32}}
2024/05/28 17:44:44 ID: n1
2024/05/28 17:44:44 Sent {"src":"n1","dest":"c11","body":{"in_reply_to":32,"messages":[77,73,92,13,22,30,56,65,69,96,8,36,0,48,52],"type":"read_ok"}}
2024/05/28 17:44:44 Received {c11 n1 {"type":"broadcast","message":104,"msg_id":33}}
2024/05/28 17:44:44 Sent {"src":"n1","dest":"c11","body":{"in_reply_to":33,"type":"broadcast_ok"}}
2024/05/28 17:44:45 Received {c11 n1 {"type":"broadcast","message":107,"msg_id":34}}
2024/05/28 17:44:45 Sent {"src":"n1","dest":"c11","body":{"in_reply_to":34,"type":"broadcast_ok"}}
2024/05/28 17:44:55 Received {c11 n1 {"type":"read","msg_id":35}}
2024/05/28 17:44:55 ID: n1
2024/05/28 17:44:55 Sent {"src":"n1","dest":"c11","body":{"in_reply_to":35,"messages":[77,104,13,22,30,56,65,69,73,92,96,107,8,36,0,48,52],"type":"read_ok"}}
