2024/05/28 17:44:25 Received {c2 n2 {"type":"init","node_id":"n2","node_ids":["n0","n1","n2","n3","n4"],"msg_id":1}}
2024/05/28 17:44:25 Node n2 initialized
2024/05/28 17:44:25 Sent {"src":"n2","dest":"c2","body":{"in_reply_to":1,"type":"init_ok"}}
2024/05/28 17:44:25 Received {c7 n2 {"type":"topology","topology":{"n0":["n3","n1"],"n1":["n4","n2","n0"],"n2":["n1"],"n3":["n0","n4"],"n4":["n1","n3"]},"msg_id":1}}
2024/05/28 17:44:25 Sent {"src":"n2","dest":"c7","body":{"in_reply_to":1,"type":"topology_ok"}}
2024/05/28 17:44:25 Received {c12 n2 {"type":"read","msg_id":1}}
2024/05/28 17:44:25 ID: n2
2024/05/28 17:44:25 Sent {"src":"n2","dest":"c12","body":{"in_reply_to":1,"messages":[],"type":"read_ok"}}
2024/05/28 17:44:26 Received {c12 n2 {"type":"broadcast","message":5,"msg_id":2}}
2024/05/28 17:44:26 Sent {"src":"n2","dest":"c12","body":{"in_reply_to":2,"type":"broadcast_ok"}}
2024/05/28 17:44:27 Received {c12 n2 {"type":"broadcast","message":9,"msg_id":3}}
2024/05/28 17:44:27 Sent {"src":"n2","dest":"c12","body":{"in_reply_to":3,"type":"broadcast_ok"}}
2024/05/28 17:44:27 Received {c12 n2 {"type":"broadcast","message":14,"msg_id":4}}
2024/05/28 17:44:27 Sent {"src":"n2","dest":"c12","body":{"in_reply_to":4,"type":"broadcast_ok"}}
2024/05/28 17:44:27 Received {c12 n2 {"type":"read","msg_id":5}}
2024/05/28 17:44:27 ID: n2
2024/05/28 17:44:27 Sent {"src":"n2","dest":"c12","body":{"in_reply_to":5,"messages":[5,9,14],"type":"read_ok"}}
2024/05/28 17:44:28 Received {c12 n2 {"type":"read","msg_id":6}}
2024/05/28 17:44:28 ID: n2
2024/05/28 17:44:28 Sent {"src":"n2","dest":"c12","body":{"in_reply_to":6,"messages":[14,5,9],"type":"read_ok"}}
2024/05/28 17:44:29 Received {c12 n2 {"type":"read","msg_id":7}}
2024/05/28 17:44:29 ID: n2
2024/05/28 17:44:29 Sent {"src":"n2","dest":"c12","body":{"in_reply_to":7,"messages":[5,9,14],"type":"read_ok"}}
2024/05/28 17:44:29 Received {c12 n2 {"type":"read","msg_id":8}}
2024/05/28 17:44:29 ID: n2
2024/05/28 17:44:29 Sent {"src":"n2","dest":"c12","body":{"in_reply_to":8,"messages":[14,5,9],"type":"read_ok"}}
2024/05/28 17:44:30 Received {c12 n2 {"type":"read","msg_id":9}}
2024/05/28 17:44:30 ID: n2
2024/05/28 17:44:30 Sent {"src":"n2","dest":"c12","body":{"in_reply_to":9,"messages":[5,9,14],"type":"read_ok"}}
2024/05/28 17:44:31 Received {c12 n2 {"type":"broadcast","message":27,"msg_id":10}}
2024/05/28 17:44:31 Sent {"src":"n2","dest":"c12","body":{"in_reply_to":10,"type":"broadcast_ok"}}
2024/05/28 17:44:31 Received {c12 n2 {"type":"broadcast","message":28,"msg_id":11}}
2024/05/28 17:44:31 Sent {"src":"n2","dest":"c12","body":{"in_reply_to":11,"type":"broadcast_ok"}}
2024/05/28 17:44:32 Received {c12 n2 {"type":"read","msg_id":12}}
2024/05/28 17:44:32 ID: n2
2024/05/28 17:44:32 Sent {"src":"n2","dest":"c12","body":{"in_reply_to":12,"messages":[5,9,14,27,28],"type":"read_ok"}}
2024/05/28 17:44:33 Received {c12 n2 {"type":"broadcast","message":33,"msg_id":13}}
2024/05/28 17:44:33 Sent {"src":"n2","dest":"c12","body":{"in_reply_to":13,"type":"broadcast_ok"}}
2024/05/28 17:44:33 Received {c12 n2 {"type":"read","msg_id":14}}
2024/05/28 17:44:33 ID: n2
2024/05/28 17:44:33 Sent {"src":"n2","dest":"c12","body":{"in_reply_to":14,"messages":[33,5,9,14,27,28],"type":"read_ok"}}
2024/05/28 17:44:34 Received {c12 n2 {"type":"broadcast","message":40,"msg_id":15}}
2024/05/28 17:44:34 Sent {"src":"n2","dest":"c12","body":{"in_reply_to":15,"type":"broadcast_ok"}}
2024/05/28 17:44:35 Received {c12 n2 {"type":"broadcast","message":43,"msg_id":16}}
2024/05/28 17:44:35 Sent {"src":"n2","dest":"c12","body":{"in_reply_to":16,"type":"broadcast_ok"}}
2024/05/28 17:44:35 Received {c12 n2 {"type":"broadcast","message":49,"msg_id":17}}
2024/05/28 17:44:35 Sent {"src":"n2","dest":"c12","body":{"in_reply_to":17,"type":"broadcast_ok"}}
2024/05/28 17:44:36 Received {c12 n2 {"type":"broadcast","message":53,"msg_id":18}}
2024/05/28 17:44:36 Sent {"src":"n2","dest":"c12","body":{"in_reply_to":18,"type":"broadcast_ok"}}
2024/05/28 17:44:36 Received {c12 n2 {"type":"broadcast","message":57,"msg_id":19}}
2024/05/28 17:44:36 Sent {"src":"n2","dest":"c12","body":{"in_reply_to":19,"type":"broadcast_ok"}}
2024/05/28 17:44:37 Received {c12 n2 {"type":"broadcast","message":60,"msg_id":20}}
2024/05/28 17:44:37 Sent {"src":"n2","dest":"c12","body":{"in_reply_to":20,"type":"broadcast_ok"}}
2024/05/28 17:44:38 Received {c12 n2 {"type":"broadcast","message":61,"msg_id":21}}
2024/05/28 17:44:38 Sent {"src":"n2","dest":"c12","body":{"in_reply_to":21,"type":"broadcast_ok"}}
2024/05/28 17:44:38 Received {c12 n2 {"type":"broadcast","message":66,"msg_id":22}}
2024/05/28 17:44:38 Sent {"src":"n2","dest":"c12","body":{"in_reply_to":22,"type":"broadcast_ok"}}
2024/05/28 17:44:39 Received {c12 n2 {"type":"read","msg_id":23}}
2024/05/28 17:44:39 ID: n2
2024/05/28 17:44:39 Sent {"src":"n2","dest":"c12","body":{"in_reply_to":23,"messages":[40,49,53,28,60,61,33,43,5,9,14,27,57,66],"type":"read_ok"}}
2024/05/28 17:44:40 Received {c12 n2 {"type":"read","msg_id":24}}
2024/05/28 17:44:40 ID: n2
2024/05/28 17:44:40 Sent {"src":"n2","dest":"c12","body":{"in_reply_to":24,"messages":[40,49,53,28,60,61,5,9,14,27,33,43,57,66],"type":"read_ok"}}
2024/05/28 17:44:40 Received {c12 n2 {"type":"broadcast","message":78,"msg_id":25}}
2024/05/28 17:44:40 Sent {"src":"n2","dest":"c12","body":{"in_reply_to":25,"type":"broadcast_ok"}}
2024/05/28 17:44:41 Received {c12 n2 {"type":"read","msg_id":26}}
2024/05/28 17:44:41 ID: n2
2024/05/28 17:44:41 Sent {"src":"n2","dest":"c12","body":{"in_reply_to":26,"messages":[5,9,14,27,33,43,57,66,78,40,49,53,28,60,61],"type":"read_ok"}}
2024/05/28 17:44:41 Received {c12 n2 {"type":"read","msg_id":27}}
2024/05/28 17:44:41 ID: n2
2024/05/28 17:44:41 Sent {"src":"n2","dest":"c12","body":{"in_reply_to":27,"messages":[33,43,5,9,14,27,57,66,78,40,49,53,28,60,61],"type":"read_ok"}}
2024/05/28 17:44:42 Received {c12 n2 {"type":"broadcast","message":88,"msg_id":28}}
2024/05/28 17:44:42 Sent {"src":"n2","dest":"c12","body":{"in_reply_to":28,"type":"broadcast_ok"}}
2024/05/28 17:44:43 Received {c12 n2 {"type":"read","msg_id":29}}
2024/05/28 17:44:43 ID: n2
2024/05/28 17:44:43 Sent {"src":"n2","dest":"c12","body":{"in_reply_to":29,"messages":[40,49,53,28,60,61,27,33,43,5,9,14,88,57,66,78],"type":"read_ok"}}
2024/05/28 17:44:43 Received {c12 n2 {"type":"read","msg_id":30}}
2024/05/28 17:44:43 ID: n2
2024/05/28 17:44:43 Sent {"src":"n2","dest":"c12","body":{"in_reply_to":30,"messages":[57,66,78,88,40,49,53,28,60,61,5,9,14,27,33,43],"type":"read_ok"}}
2024/05/28 17:44:44 Received {c12 n2 {"type":"broadcast","message":100,"msg_id":31}}
2024/05/28 17:44:44 Sent {"src":"n2","dest":"c12","body":{"in_reply_to":31,"type":"broadcast_ok"}}
2024/05/28 17:44:45 Received {c12 n2 {"type":"read","msg_id":32}}
2024/05/28 17:44:45 ID: n2
2024/05/28 17:44:45 Sent {"src":"n2","dest":"c12","body":{"in_reply_to":32,"messages":[40,49,53,100,28,60,61,5,9,14,27,33,43,57,66,78,88],"type":"read_ok"}}
2024/05/28 17:44:55 Received {c12 n2 {"type":"read","msg_id":33}}
2024/05/28 17:44:55 ID: n2
2024/05/28 17:44:55 Sent {"src":"n2","dest":"c12","body":{"in_reply_to":33,"messages":[53,100,40,49,61,28,60,14,27,33,43,5,9,78,88,57,66],"type":"read_ok"}}
