2024/05/28 17:44:25 Received {c0 n4 {"type":"init","node_id":"n4","node_ids":["n0","n1","n2","n3","n4"],"msg_id":1}}
2024/05/28 17:44:25 Node n4 initialized
2024/05/28 17:44:25 Sent {"src":"n4","dest":"c0","body":{"in_reply_to":1,"type":"init_ok"}}
2024/05/28 17:44:25 Received {c8 n4 {"type":"topology","topology":{"n0":["n3","n1"],"n1":["n4","n2","n0"],"n2":["n1"],"n3":["n0","n4"],"n4":["n1","n3"]},"msg_id":1}}
2024/05/28 17:44:25 Sent {"src":"n4","dest":"c8","body":{"in_reply_to":1,"type":"topology_ok"}}
2024/05/28 17:44:25 Received {c14 n4 {"type":"broadcast","message":2,"msg_id":1}}
2024/05/28 17:44:25 Sent {"src":"n4","dest":"c14","body":{"in_reply_to":1,"type":"broadcast_ok"}}
2024/05/28 17:44:26 Received {c14 n4 {"type":"broadcast","message":6,"msg_id":2}}
2024/05/28 17:44:26 Sent {"src":"n4","dest":"c14","body":{"in_reply_to":2,"type":"broadcast_ok"}}
2024/05/28 17:44:27 Received {c14 n4 {"type":"read","msg_id":3}}
2024/05/28 17:44:27 ID: n4
2024/05/28 17:44:27 Sent {"src":"n4","dest":"c14","body":{"in_reply_to":3,"messages":[2,6],"type":"read_ok"}}
2024/05/28 17:44:27 Received {c14 n4 {"type":"read","msg_id":4}}
2024/05/28 17:44:27 ID: n4
2024/05/28 17:44:27 Sent {"src":"n4","dest":"c14","body":{"in_reply_to":4,"messages":[2,6],"type":"read_ok"}}
2024/05/28 17:44:28 Received {c14 n4 {"type":"read","msg_id":5}}
2024/05/28 17:44:28 ID: n4
2024/05/28 17:44:28 Sent {"src":"n4","dest":"c14","body":{"in_reply_to":5,"messages":[2,6],"type":"read_ok"}}
2024/05/28 17:44:28 Received {c14 n4 {"type":"read","msg_id":6}}
2024/05/28 17:44:28 ID: n4
2024/05/28 17:44:28 Sent {"src":"n4","dest":"c14","body":{"in_reply_to":6,"messages":[2,6],"type":"read_ok"}}
2024/05/28 17:44:29 Received {c14 n4 {"type":"read","msg_id":7}}
2024/05/28 17:44:29 ID: n4
2024/05/28 17:44:29 Sent {"src":"n4","dest":"c14","body":{"in_reply_to":7,"messages":[2,6],"type":"read_ok"}}
2024/05/28 17:44:30 Received {c14 n4 {"type":"broadcast","message":20,"msg_id":8}}
2024/05/28 17:44:30 Sent {"src":"n4","dest":"c14","body":{"in_reply_to":8,"type":"broadcast_ok"}}
2024/05/28 17:44:30 Received {c14 n4 {"type":"broadcast","message":24,"msg_id":9}}
2024/05/28 17:44:30 Sent {"src":"n4","dest":"c14","body":{"in_reply_to":9,"type":"broadcast_ok"}}
2024/05/28 17:44:31 Received {c14 n4 {"type":"read","msg_id":10}}
2024/05/28 17:44:31 ID: n4
2024/05/28 17:44:31 Sent {"src":"n4","dest":"c14","body":{"in_reply_to":10,"messages":[2,6,20,24],"type":"read_ok"}}
2024/05/28 17:44:31 Received {c14 n4 {"type":"read","msg_id":11}}
2024/05/28 17:44:31 ID: n4
2024/05/28 17:44:31 Sent {"src":"n4","dest":"c14","body":{"in_reply_to":11,"messages":[24,2,6,20],"type":"read_ok"}}
2024/05/28 17:44:32 Received {c14 n4 {"type":"read","msg_id":12}}
2024/05/28 17:44:32 ID: n4
2024/05/28 17:44:32 Sent {"src":"n4","dest":"c14","body":{"in_reply_to":12,"messages":[2,6,20,24],"type":"read_ok"}}
2024/05/28 17:44:33 Received {c14 n4 {"type":"broadcast","message":34,"msg_id":13}}
2024/05/28 17:44:33 Sent {"src":"n4","dest":"c14","body":{"in_reply_to":13,"type":"broadcast_ok"}}
2024/05/28 17:44:34 Received {c14 n4 {"type":"read","msg_id":14}}
2024/05/28 17:44:34 ID: n4
2024/05/28 17:44:34 Sent {"src":"n4","dest":"c14","body":{"in_reply_to":14,"messages":[20,24,34,2,6],"type":"read_ok"}}
2024/05/28 17:44:34 Received {c14 n4 {"type":"broadcast","message":41,"msg_id":15}}
2024/05/28 17:44:34 Sent {"src":"n4","dest":"c14","body":{"in_reply_to":15,"type":"broadcast_ok"}}
2024/05/28 17:44:35 Received {c14 n4 {"type":"broadcast","message":45,"msg_id":16}}
2024/05/28 17:44:35 Sent {"src":"n4","dest":"c14","body":{"in_reply_to":16,"type":"broadcast_ok"}}
2024/05/28 17:44:35 Received {c14 n4 {"type":"read","msg_id":17}}
2024/05/28 17:44:35 ID: n4
2024/05/28 17:44:35 Sent {"src":"n4","dest":"c14","body":{"in_reply_to":17,"messages":[6,20,24,34,41,45,2],"type":"read_ok"}}
2024/05/28 17:44:36 Received {c14 n4 {"type":"read","msg_id":18}}
2024/05/28 17:44:36 ID: n4
2024/05/28 17:44:36 Sent {"src":"n4","dest":"c14","body":{"in_reply_to":18,"messages":[2,6,20,24,34,41,45],"type":"read_ok"}}
2024/05/28 17:44:37 Received {c14 n4 {"type":"read","msg_id":19}}
2024/05/28 17:44:37 ID: n4
2024/05/28 17:44:37 Sent {"src":"n4","dest":"c14","body":{"in_reply_to":19,"messages":[20,24,34,41,45,2,6],"type":"read_ok"}}
2024/05/28 17:44:37 Received {c14 n4 {"type":"read","msg_id":20}}
2024/05/28 17:44:37 ID: n4
2024/05/28 17:44:37 Sent {"src":"n4","dest":"c14","body":{"in_reply_to":20,"messages":[6,20,24,34,41,45,2],"type":"read_ok"}}
2024/05/28 17:44:38 Received {c14 n4 {"type":"broadcast","message":62,"msg_id":21}}
2024/05/28 17:44:38 Sent {"src":"n4","dest":"c14","body":{"in_reply_to":21,"type":"broadcast_ok"}}
2024/05/28 17:44:38 Received {c14 n4 {"type":"read","msg_id":22}}
2024/05/28 17:44:38 ID: n4
2024/05/28 17:44:38 Sent {"src":"n4","dest":"c14","body":{"in_reply_to":22,"messages":[20,24,34,41,45,62,2,6],"type":"read_ok"}}
2024/05/28 17:44:39 Received {c14 n4 {"type":"broadcast","message":71,"msg_id":23}}
2024/05/28 17:44:39 Sent {"src":"n4","dest":"c14","body":{"in_reply_to":23,"type":"broadcast_ok"}}
2024/05/28 17:44:40 Received {c14 n4 {"type":"broadcast","message":74,"msg_id":24}}
2024/05/28 17:44:40 Sent {"src":"n4","dest":"c14","body":{"in_reply_to":24,"type":"broadcast_ok"}}
2024/05/28 17:44:40 Received {c14 n4 {"type":"broadcast","message":80,"msg_id":25}}
2024/05/28 17:44:40 Sent {"src":"n4","dest":"c14","body":{"in_reply_to":25,"type":"broadcast_ok"}}
2024/05/28 17:44:41 Received {c14 n4 {"type":"broadcast","message":84,"msg_id":26}}
2024/05/28 17:44:41 Sent {"src":"n4","dest":"c14","body":{"in_reply_to":26,"type":"broadcast_ok"}}
2024/05/28 17:44:42 Received {c14 n4 {"type":"broadcast","message":86,"msg_id":27}}
2024/05/28 17:44:42 Sent {"src":"n4","dest":"c14","body":{"in_reply_to":27,"type":"broadcast_ok"}}
2024/05/28 17:44:42 Received {c14 n4 {"type":"broadcast","message":90,"msg_id":28}}
2024/05/28 17:44:42 Sent {"src":"n4","dest":"c14","body":{"in_reply_to":28,"type":"broadcast_ok"}}
2024/05/28 17:44:43 Received {c14 n4 {"type":"broadcast","message":94,"msg_id":29}}
2024/05/28 17:44:43 Sent {"src":"n4","dest":"c14","body":{"in_reply_to":29,"type":"broadcast_ok"}}
2024/05/28 17:44:43 Received {c14 n4 {"type":"broadcast","message":97,"msg_id":30}}
2024/05/28 17:44:43 Sent {"src":"n4","dest":"c14","body":{"in_reply_to":30,"type":"broadcast_ok"}}
2024/05/28 17:44:44 Received {c14 n4 {"type":"broadcast","message":102,"msg_id":31}}
2024/05/28 17:44:44 Sent {"src":"n4","dest":"c14","body":{"in_reply_to":31,"type":"broadcast_ok"}}
2024/05/28 17:44:45 Received {c14 n4 {"type":"read","msg_id":32}}
2024/05/28 17:44:45 ID: n4
2024/05/28 17:44:45 Sent {"src":"n4","dest":"c14","body":{"in_reply_to":32,"messages":[24,34,41,80,97,20,74,84,90,6,62,71,86,94,2,45,102],"type":"read_ok"}}
2024/05/28 17:44:55 Received {c14 n4 {"type":"read","msg_id":33}}
2024/05/28 17:44:55 ID: n4
2024/05/28 17:44:55 Sent {"src":"n4","dest":"c14","body":{"in_reply_to":33,"messages":[84,90,20,74,71,86,94,6,62,102,2,45,41,80,97,24,34],"type":"read_ok"}}
